[0.873s] Invoking command in '/home/spider/ros2_ws/src/py_srvcli': PYTHONPATH=/home/spider/ros2_ws/build/py_srvcli/prefix_override:/home/spider/ros2_ws/install/py_srvcli/lib/python3.10/site-packages:${PYTHONPATH} /usr/bin/python3 setup.py egg_info --egg-base ../../build/py_srvcli build --build-base /home/spider/ros2_ws/build/py_srvcli/build install --record /home/spider/ros2_ws/build/py_srvcli/install.log --single-version-externally-managed
[1.140s] running egg_info
[1.141s] writing ../../build/py_srvcli/py_srvcli.egg-info/PKG-INFO
[1.141s] writing dependency_links to ../../build/py_srvcli/py_srvcli.egg-info/dependency_links.txt
[1.141s] writing entry points to ../../build/py_srvcli/py_srvcli.egg-info/entry_points.txt
[1.141s] writing requirements to ../../build/py_srvcli/py_srvcli.egg-info/requires.txt
[1.141s] writing top-level names to ../../build/py_srvcli/py_srvcli.egg-info/top_level.txt
[1.143s] reading manifest file '../../build/py_srvcli/py_srvcli.egg-info/SOURCES.txt'
[1.144s] writing manifest file '../../build/py_srvcli/py_srvcli.egg-info/SOURCES.txt'
[1.144s] running build
[1.144s] running build_py
[1.144s] running install
[1.145s] /usr/lib/python3/dist-packages/setuptools/command/install.py:34: SetuptoolsDeprecationWarning: setup.py install is deprecated. Use build and pip and other standards-based tools.
[1.145s]   warnings.warn(
[1.145s] running install_lib
[1.146s] running install_data
[1.147s] running install_egg_info
[1.148s] removing '/home/spider/ros2_ws/install/py_srvcli/lib/python3.10/site-packages/py_srvcli-0.0.0-py3.10.egg-info' (and everything under it)
[1.148s] Copying ../../build/py_srvcli/py_srvcli.egg-info to /home/spider/ros2_ws/install/py_srvcli/lib/python3.10/site-packages/py_srvcli-0.0.0-py3.10.egg-info
[1.150s] running install_scripts
[1.171s] Installing client script to /home/spider/ros2_ws/install/py_srvcli/lib/py_srvcli
[1.171s] Installing service script to /home/spider/ros2_ws/install/py_srvcli/lib/py_srvcli
[1.171s] Installing talker script to /home/spider/ros2_ws/install/py_srvcli/lib/py_srvcli
[1.172s] Installing talker2 script to /home/spider/ros2_ws/install/py_srvcli/lib/py_srvcli
[1.172s] writing list of installed files to '/home/spider/ros2_ws/build/py_srvcli/install.log'
[1.441s] Invoked command in '/home/spider/ros2_ws/src/py_srvcli' returned '0': PYTHONPATH=/home/spider/ros2_ws/build/py_srvcli/prefix_override:/home/spider/ros2_ws/install/py_srvcli/lib/python3.10/site-packages:${PYTHONPATH} /usr/bin/python3 setup.py egg_info --egg-base ../../build/py_srvcli build --build-base /home/spider/ros2_ws/build/py_srvcli/build install --record /home/spider/ros2_ws/build/py_srvcli/install.log --single-version-externally-managed
