[2.312s] Invoking command in '/home/spiderpi/ros2_ws/src/flask_server': AMENT_PREFIX_PATH=/home/spiderpi/ros2_ws/install/my_service_interfaces CMAKE_PREFIX_PATH=/home/spiderpi/ros2_ws/install/my_service_interfaces LD_LIBRARY_PATH=/home/spiderpi/ros2_ws/install/my_service_interfaces/lib PYTHONPATH=/home/spiderpi/ros2_ws/build/flask_server/prefix_override:/home/spiderpi/ros2_ws/install/flask_server/lib/python3.10/site-packages:/home/spiderpi/ros2_ws/install/my_service_interfaces/local/lib/python3.10/dist-packages /usr/bin/python3 setup.py egg_info --egg-base ../../build/flask_server build --build-base /home/spiderpi/ros2_ws/build/flask_server/build install --record /home/spiderpi/ros2_ws/build/flask_server/install.log --single-version-externally-managed
[3.131s] running egg_info
[3.134s] writing ../../build/flask_server/flask_server.egg-info/PKG-INFO
[3.135s] writing dependency_links to ../../build/flask_server/flask_server.egg-info/dependency_links.txt
[3.136s] writing entry points to ../../build/flask_server/flask_server.egg-info/entry_points.txt
[3.136s] writing requirements to ../../build/flask_server/flask_server.egg-info/requires.txt
[3.137s] writing top-level names to ../../build/flask_server/flask_server.egg-info/top_level.txt
[3.149s] reading manifest file '../../build/flask_server/flask_server.egg-info/SOURCES.txt'
[3.153s] writing manifest file '../../build/flask_server/flask_server.egg-info/SOURCES.txt'
[3.153s] running build
[3.154s] running build_py
[3.154s] copying flask_server/__init__.py -> /home/spiderpi/ros2_ws/build/flask_server/build/lib/flask_server
[3.155s] running install
[3.156s] /usr/lib/python3/dist-packages/setuptools/command/install.py:34: SetuptoolsDeprecationWarning: setup.py install is deprecated. Use build and pip and other standards-based tools.
[3.156s]   warnings.warn(
[3.157s] running install_lib
[3.161s] copying /home/spiderpi/ros2_ws/build/flask_server/build/lib/flask_server/__init__.py -> /home/spiderpi/ros2_ws/install/flask_server/lib/python3.10/site-packages/flask_server
[3.163s] byte-compiling /home/spiderpi/ros2_ws/install/flask_server/lib/python3.10/site-packages/flask_server/__init__.py to __init__.cpython-310.pyc
[3.165s] running install_data
[3.167s] copying resource/flask_server -> /home/spiderpi/ros2_ws/install/flask_server/share/ament_index/resource_index/packages
[3.168s] copying package.xml -> /home/spiderpi/ros2_ws/install/flask_server/share/flask_server
[3.168s] running install_egg_info
[3.175s] removing '/home/spiderpi/ros2_ws/install/flask_server/lib/python3.10/site-packages/flask_server-0.0.0-py3.10.egg-info' (and everything under it)
[3.177s] Copying ../../build/flask_server/flask_server.egg-info to /home/spiderpi/ros2_ws/install/flask_server/lib/python3.10/site-packages/flask_server-0.0.0-py3.10.egg-info
[3.183s] running install_scripts
[3.263s] writing list of installed files to '/home/spiderpi/ros2_ws/build/flask_server/install.log'
[3.383s] Invoked command in '/home/spiderpi/ros2_ws/src/flask_server' returned '0': AMENT_PREFIX_PATH=/home/spiderpi/ros2_ws/install/my_service_interfaces CMAKE_PREFIX_PATH=/home/spiderpi/ros2_ws/install/my_service_interfaces LD_LIBRARY_PATH=/home/spiderpi/ros2_ws/install/my_service_interfaces/lib PYTHONPATH=/home/spiderpi/ros2_ws/build/flask_server/prefix_override:/home/spiderpi/ros2_ws/install/flask_server/lib/python3.10/site-packages:/home/spiderpi/ros2_ws/install/my_service_interfaces/local/lib/python3.10/dist-packages /usr/bin/python3 setup.py egg_info --egg-base ../../build/flask_server build --build-base /home/spiderpi/ros2_ws/build/flask_server/build install --record /home/spiderpi/ros2_ws/build/flask_server/install.log --single-version-externally-managed
