[1.598s] DEBUG:colcon:Command line arguments: ['/usr/bin/colcon', 'build']
[1.598s] DEBUG:colcon:Parsed command line arguments: Namespace(log_base=None, log_level=None, verb_name='build', build_base='build', install_base='install', merge_install=False, symlink_install=False, test_result_base=None, continue_on_error=False, executor='parallel', parallel_workers=4, event_handlers=None, ignore_user_meta=False, metas=['./colcon.meta'], base_paths=['.'], packages_ignore=None, packages_ignore_regex=None, paths=None, packages_up_to=None, packages_up_to_regex=None, packages_above=None, packages_above_and_dependencies=None, packages_above_depth=None, packages_select_by_dep=None, packages_skip_by_dep=None, packages_skip_up_to=None, packages_select_build_failed=False, packages_skip_build_finished=False, packages_select_test_failures=False, packages_skip_test_passed=False, packages_select=None, packages_skip=None, packages_select_regex=None, packages_skip_regex=None, packages_start=None, packages_end=None, allow_overriding=[], cmake_args=None, cmake_target=None, cmake_target_skip_unavailable=False, cmake_clean_cache=False, cmake_clean_first=False, cmake_force_configure=False, ament_cmake_args=None, catkin_cmake_args=None, catkin_skip_building_tests=False, verb_parser=<colcon_defaults.argument_parser.defaults.DefaultArgumentsDecorator object at 0xffff83f0cb80>, verb_extension=<colcon_core.verb.build.BuildVerb object at 0xffff847c7910>, main=<bound method BuildVerb.main of <colcon_core.verb.build.BuildVerb object at 0xffff847c7910>>)
[1.787s] Level 1:colcon.colcon_core.package_discovery:discover_packages(colcon_meta) check parameters
[1.787s] Level 1:colcon.colcon_core.package_discovery:discover_packages(recursive) check parameters
[1.788s] Level 1:colcon.colcon_core.package_discovery:discover_packages(ignore) check parameters
[1.788s] Level 1:colcon.colcon_core.package_discovery:discover_packages(path) check parameters
[1.788s] Level 1:colcon.colcon_core.package_discovery:discover_packages(colcon_meta) discover
[1.788s] Level 1:colcon.colcon_core.package_discovery:discover_packages(recursive) discover
[1.789s] INFO:colcon.colcon_core.package_discovery:Crawling recursively for packages in '/home/spiderpi/ros2_ws'
[1.789s] Level 1:colcon.colcon_core.package_identification:_identify(.) by extensions ['ignore', 'ignore_ament_install']
[1.790s] Level 1:colcon.colcon_core.package_identification:_identify(.) by extension 'ignore'
[1.791s] Level 1:colcon.colcon_core.package_identification:_identify(.) by extension 'ignore_ament_install'
[1.791s] Level 1:colcon.colcon_core.package_identification:_identify(.) by extensions ['colcon_pkg']
[1.791s] Level 1:colcon.colcon_core.package_identification:_identify(.) by extension 'colcon_pkg'
[1.792s] Level 1:colcon.colcon_core.package_identification:_identify(.) by extensions ['colcon_meta']
[1.792s] Level 1:colcon.colcon_core.package_identification:_identify(.) by extension 'colcon_meta'
[1.792s] Level 1:colcon.colcon_core.package_identification:_identify(.) by extensions ['ros']
[1.792s] Level 1:colcon.colcon_core.package_identification:_identify(.) by extension 'ros'
[1.854s] Level 1:colcon.colcon_core.package_identification:_identify(.) by extensions ['cmake', 'python']
[1.855s] Level 1:colcon.colcon_core.package_identification:_identify(.) by extension 'cmake'
[1.855s] Level 1:colcon.colcon_core.package_identification:_identify(.) by extension 'python'
[1.856s] Level 1:colcon.colcon_core.package_identification:_identify(.) by extensions ['python_setup_py']
[1.857s] Level 1:colcon.colcon_core.package_identification:_identify(.) by extension 'python_setup_py'
[1.858s] Level 1:colcon.colcon_core.package_identification:_identify(build) by extensions ['ignore', 'ignore_ament_install']
[1.859s] Level 1:colcon.colcon_core.package_identification:_identify(build) by extension 'ignore'
[1.860s] Level 1:colcon.colcon_core.package_identification:_identify(build) ignored
[1.861s] Level 1:colcon.colcon_core.package_identification:_identify(install) by extensions ['ignore', 'ignore_ament_install']
[1.862s] Level 1:colcon.colcon_core.package_identification:_identify(install) by extension 'ignore'
[1.863s] Level 1:colcon.colcon_core.package_identification:_identify(install) ignored
[1.869s] Level 1:colcon.colcon_core.package_identification:_identify(log) by extensions ['ignore', 'ignore_ament_install']
[1.870s] Level 1:colcon.colcon_core.package_identification:_identify(log) by extension 'ignore'
[1.870s] Level 1:colcon.colcon_core.package_identification:_identify(log) ignored
[1.872s] Level 1:colcon.colcon_core.package_identification:_identify(src) by extensions ['ignore', 'ignore_ament_install']
[1.872s] Level 1:colcon.colcon_core.package_identification:_identify(src) by extension 'ignore'
[1.873s] Level 1:colcon.colcon_core.package_identification:_identify(src) by extension 'ignore_ament_install'
[1.874s] Level 1:colcon.colcon_core.package_identification:_identify(src) by extensions ['colcon_pkg']
[1.875s] Level 1:colcon.colcon_core.package_identification:_identify(src) by extension 'colcon_pkg'
[1.875s] Level 1:colcon.colcon_core.package_identification:_identify(src) by extensions ['colcon_meta']
[1.876s] Level 1:colcon.colcon_core.package_identification:_identify(src) by extension 'colcon_meta'
[1.877s] Level 1:colcon.colcon_core.package_identification:_identify(src) by extensions ['ros']
[1.877s] Level 1:colcon.colcon_core.package_identification:_identify(src) by extension 'ros'
[1.878s] Level 1:colcon.colcon_core.package_identification:_identify(src) by extensions ['cmake', 'python']
[1.878s] Level 1:colcon.colcon_core.package_identification:_identify(src) by extension 'cmake'
[1.879s] Level 1:colcon.colcon_core.package_identification:_identify(src) by extension 'python'
[1.879s] Level 1:colcon.colcon_core.package_identification:_identify(src) by extensions ['python_setup_py']
[1.879s] Level 1:colcon.colcon_core.package_identification:_identify(src) by extension 'python_setup_py'
[1.880s] Level 1:colcon.colcon_core.package_identification:_identify(src/flask_server) by extensions ['ignore', 'ignore_ament_install']
[1.881s] Level 1:colcon.colcon_core.package_identification:_identify(src/flask_server) by extension 'ignore'
[1.882s] Level 1:colcon.colcon_core.package_identification:_identify(src/flask_server) by extension 'ignore_ament_install'
[1.883s] Level 1:colcon.colcon_core.package_identification:_identify(src/flask_server) by extensions ['colcon_pkg']
[1.883s] Level 1:colcon.colcon_core.package_identification:_identify(src/flask_server) by extension 'colcon_pkg'
[1.883s] Level 1:colcon.colcon_core.package_identification:_identify(src/flask_server) by extensions ['colcon_meta']
[1.884s] Level 1:colcon.colcon_core.package_identification:_identify(src/flask_server) by extension 'colcon_meta'
[1.884s] Level 1:colcon.colcon_core.package_identification:_identify(src/flask_server) by extensions ['ros']
[1.885s] Level 1:colcon.colcon_core.package_identification:_identify(src/flask_server) by extension 'ros'
[1.899s] DEBUG:colcon.colcon_core.package_identification:Package 'src/flask_server' with type 'ros.ament_python' and name 'flask_server'
[1.900s] Level 1:colcon.colcon_core.package_identification:_identify(src/gwpspider_interfaces) by extensions ['ignore', 'ignore_ament_install']
[1.901s] Level 1:colcon.colcon_core.package_identification:_identify(src/gwpspider_interfaces) by extension 'ignore'
[1.902s] Level 1:colcon.colcon_core.package_identification:_identify(src/gwpspider_interfaces) by extension 'ignore_ament_install'
[1.902s] Level 1:colcon.colcon_core.package_identification:_identify(src/gwpspider_interfaces) by extensions ['colcon_pkg']
[1.903s] Level 1:colcon.colcon_core.package_identification:_identify(src/gwpspider_interfaces) by extension 'colcon_pkg'
[1.903s] Level 1:colcon.colcon_core.package_identification:_identify(src/gwpspider_interfaces) by extensions ['colcon_meta']
[1.903s] Level 1:colcon.colcon_core.package_identification:_identify(src/gwpspider_interfaces) by extension 'colcon_meta'
[1.904s] Level 1:colcon.colcon_core.package_identification:_identify(src/gwpspider_interfaces) by extensions ['ros']
[1.904s] Level 1:colcon.colcon_core.package_identification:_identify(src/gwpspider_interfaces) by extension 'ros'
[1.908s] DEBUG:colcon.colcon_core.package_identification:Package 'src/gwpspider_interfaces' with type 'ros.ament_cmake' and name 'gwpspider_interfaces'
[1.909s] Level 1:colcon.colcon_core.package_identification:_identify(src/my_service_interfaces) by extensions ['ignore', 'ignore_ament_install']
[1.909s] Level 1:colcon.colcon_core.package_identification:_identify(src/my_service_interfaces) by extension 'ignore'
[1.910s] Level 1:colcon.colcon_core.package_identification:_identify(src/my_service_interfaces) by extension 'ignore_ament_install'
[1.910s] Level 1:colcon.colcon_core.package_identification:_identify(src/my_service_interfaces) by extensions ['colcon_pkg']
[1.911s] Level 1:colcon.colcon_core.package_identification:_identify(src/my_service_interfaces) by extension 'colcon_pkg'
[1.911s] Level 1:colcon.colcon_core.package_identification:_identify(src/my_service_interfaces) by extensions ['colcon_meta']
[1.911s] Level 1:colcon.colcon_core.package_identification:_identify(src/my_service_interfaces) by extension 'colcon_meta'
[1.912s] Level 1:colcon.colcon_core.package_identification:_identify(src/my_service_interfaces) by extensions ['ros']
[1.912s] Level 1:colcon.colcon_core.package_identification:_identify(src/my_service_interfaces) by extension 'ros'
[1.915s] DEBUG:colcon.colcon_core.package_identification:Package 'src/my_service_interfaces' with type 'ros.ament_cmake' and name 'my_service_interfaces'
[1.916s] Level 1:colcon.colcon_core.package_identification:_identify(src/py_node_test) by extensions ['ignore', 'ignore_ament_install']
[1.916s] Level 1:colcon.colcon_core.package_identification:_identify(src/py_node_test) by extension 'ignore'
[1.917s] Level 1:colcon.colcon_core.package_identification:_identify(src/py_node_test) by extension 'ignore_ament_install'
[1.917s] Level 1:colcon.colcon_core.package_identification:_identify(src/py_node_test) by extensions ['colcon_pkg']
[1.918s] Level 1:colcon.colcon_core.package_identification:_identify(src/py_node_test) by extension 'colcon_pkg'
[1.918s] Level 1:colcon.colcon_core.package_identification:_identify(src/py_node_test) by extensions ['colcon_meta']
[1.918s] Level 1:colcon.colcon_core.package_identification:_identify(src/py_node_test) by extension 'colcon_meta'
[1.919s] Level 1:colcon.colcon_core.package_identification:_identify(src/py_node_test) by extensions ['ros']
[1.919s] Level 1:colcon.colcon_core.package_identification:_identify(src/py_node_test) by extension 'ros'
[1.923s] DEBUG:colcon.colcon_core.package_identification:Package 'src/py_node_test' with type 'ros.ament_python' and name 'py_node_test'
[1.924s] Level 1:colcon.colcon_core.package_identification:_identify(src/py_srvcli) by extensions ['ignore', 'ignore_ament_install']
[1.925s] Level 1:colcon.colcon_core.package_identification:_identify(src/py_srvcli) by extension 'ignore'
[1.925s] Level 1:colcon.colcon_core.package_identification:_identify(src/py_srvcli) by extension 'ignore_ament_install'
[1.926s] Level 1:colcon.colcon_core.package_identification:_identify(src/py_srvcli) by extensions ['colcon_pkg']
[1.926s] Level 1:colcon.colcon_core.package_identification:_identify(src/py_srvcli) by extension 'colcon_pkg'
[1.927s] Level 1:colcon.colcon_core.package_identification:_identify(src/py_srvcli) by extensions ['colcon_meta']
[1.927s] Level 1:colcon.colcon_core.package_identification:_identify(src/py_srvcli) by extension 'colcon_meta'
[1.927s] Level 1:colcon.colcon_core.package_identification:_identify(src/py_srvcli) by extensions ['ros']
[1.927s] Level 1:colcon.colcon_core.package_identification:_identify(src/py_srvcli) by extension 'ros'
[1.931s] DEBUG:colcon.colcon_core.package_identification:Package 'src/py_srvcli' with type 'ros.ament_python' and name 'py_srvcli'
[1.931s] Level 1:colcon.colcon_core.package_discovery:discover_packages(recursive) using defaults
[1.932s] Level 1:colcon.colcon_core.package_discovery:discover_packages(ignore) discover
[1.932s] Level 1:colcon.colcon_core.package_discovery:discover_packages(ignore) using defaults
[1.932s] Level 1:colcon.colcon_core.package_discovery:discover_packages(path) discover
[1.932s] Level 1:colcon.colcon_core.package_discovery:discover_packages(path) using defaults
[2.050s] Level 1:colcon.colcon_core.package_discovery:discover_packages(prefix_path) check parameters
[2.050s] Level 1:colcon.colcon_core.package_discovery:discover_packages(prefix_path) discover
[2.062s] Level 1:colcon.colcon_core.package_discovery:discover_packages(prefix_path) using defaults
[2.080s] Level 5:colcon.colcon_core.verb:set package 'gwpspider_interfaces' build argument 'cmake_args' from command line to 'None'
[2.080s] Level 5:colcon.colcon_core.verb:set package 'gwpspider_interfaces' build argument 'cmake_target' from command line to 'None'
[2.081s] Level 5:colcon.colcon_core.verb:set package 'gwpspider_interfaces' build argument 'cmake_target_skip_unavailable' from command line to 'False'
[2.081s] Level 5:colcon.colcon_core.verb:set package 'gwpspider_interfaces' build argument 'cmake_clean_cache' from command line to 'False'
[2.081s] Level 5:colcon.colcon_core.verb:set package 'gwpspider_interfaces' build argument 'cmake_clean_first' from command line to 'False'
[2.082s] Level 5:colcon.colcon_core.verb:set package 'gwpspider_interfaces' build argument 'cmake_force_configure' from command line to 'False'
[2.082s] Level 5:colcon.colcon_core.verb:set package 'gwpspider_interfaces' build argument 'ament_cmake_args' from command line to 'None'
[2.082s] Level 5:colcon.colcon_core.verb:set package 'gwpspider_interfaces' build argument 'catkin_cmake_args' from command line to 'None'
[2.082s] Level 5:colcon.colcon_core.verb:set package 'gwpspider_interfaces' build argument 'catkin_skip_building_tests' from command line to 'False'
[2.083s] DEBUG:colcon.colcon_core.verb:Building package 'gwpspider_interfaces' with the following arguments: {'ament_cmake_args': None, 'build_base': '/home/spiderpi/ros2_ws/build/gwpspider_interfaces', 'catkin_cmake_args': None, 'catkin_skip_building_tests': False, 'cmake_args': None, 'cmake_clean_cache': False, 'cmake_clean_first': False, 'cmake_force_configure': False, 'cmake_target': None, 'cmake_target_skip_unavailable': False, 'install_base': '/home/spiderpi/ros2_ws/install/gwpspider_interfaces', 'merge_install': False, 'path': '/home/spiderpi/ros2_ws/src/gwpspider_interfaces', 'symlink_install': False, 'test_result_base': None}
[2.089s] Level 5:colcon.colcon_core.verb:set package 'my_service_interfaces' build argument 'cmake_args' from command line to 'None'
[2.090s] Level 5:colcon.colcon_core.verb:set package 'my_service_interfaces' build argument 'cmake_target' from command line to 'None'
[2.090s] Level 5:colcon.colcon_core.verb:set package 'my_service_interfaces' build argument 'cmake_target_skip_unavailable' from command line to 'False'
[2.091s] Level 5:colcon.colcon_core.verb:set package 'my_service_interfaces' build argument 'cmake_clean_cache' from command line to 'False'
[2.091s] Level 5:colcon.colcon_core.verb:set package 'my_service_interfaces' build argument 'cmake_clean_first' from command line to 'False'
[2.091s] Level 5:colcon.colcon_core.verb:set package 'my_service_interfaces' build argument 'cmake_force_configure' from command line to 'False'
[2.092s] Level 5:colcon.colcon_core.verb:set package 'my_service_interfaces' build argument 'ament_cmake_args' from command line to 'None'
[2.092s] Level 5:colcon.colcon_core.verb:set package 'my_service_interfaces' build argument 'catkin_cmake_args' from command line to 'None'
[2.092s] Level 5:colcon.colcon_core.verb:set package 'my_service_interfaces' build argument 'catkin_skip_building_tests' from command line to 'False'
[2.093s] DEBUG:colcon.colcon_core.verb:Building package 'my_service_interfaces' with the following arguments: {'ament_cmake_args': None, 'build_base': '/home/spiderpi/ros2_ws/build/my_service_interfaces', 'catkin_cmake_args': None, 'catkin_skip_building_tests': False, 'cmake_args': None, 'cmake_clean_cache': False, 'cmake_clean_first': False, 'cmake_force_configure': False, 'cmake_target': None, 'cmake_target_skip_unavailable': False, 'install_base': '/home/spiderpi/ros2_ws/install/my_service_interfaces', 'merge_install': False, 'path': '/home/spiderpi/ros2_ws/src/my_service_interfaces', 'symlink_install': False, 'test_result_base': None}
[2.100s] Level 5:colcon.colcon_core.verb:set package 'flask_server' build argument 'cmake_args' from command line to 'None'
[2.101s] Level 5:colcon.colcon_core.verb:set package 'flask_server' build argument 'cmake_target' from command line to 'None'
[2.103s] Level 5:colcon.colcon_core.verb:set package 'flask_server' build argument 'cmake_target_skip_unavailable' from command line to 'False'
[2.103s] Level 5:colcon.colcon_core.verb:set package 'flask_server' build argument 'cmake_clean_cache' from command line to 'False'
[2.103s] Level 5:colcon.colcon_core.verb:set package 'flask_server' build argument 'cmake_clean_first' from command line to 'False'
[2.104s] Level 5:colcon.colcon_core.verb:set package 'flask_server' build argument 'cmake_force_configure' from command line to 'False'
[2.104s] Level 5:colcon.colcon_core.verb:set package 'flask_server' build argument 'ament_cmake_args' from command line to 'None'
[2.104s] Level 5:colcon.colcon_core.verb:set package 'flask_server' build argument 'catkin_cmake_args' from command line to 'None'
[2.105s] Level 5:colcon.colcon_core.verb:set package 'flask_server' build argument 'catkin_skip_building_tests' from command line to 'False'
[2.105s] DEBUG:colcon.colcon_core.verb:Building package 'flask_server' with the following arguments: {'ament_cmake_args': None, 'build_base': '/home/spiderpi/ros2_ws/build/flask_server', 'catkin_cmake_args': None, 'catkin_skip_building_tests': False, 'cmake_args': None, 'cmake_clean_cache': False, 'cmake_clean_first': False, 'cmake_force_configure': False, 'cmake_target': None, 'cmake_target_skip_unavailable': False, 'install_base': '/home/spiderpi/ros2_ws/install/flask_server', 'merge_install': False, 'path': '/home/spiderpi/ros2_ws/src/flask_server', 'symlink_install': False, 'test_result_base': None}
[2.110s] Level 5:colcon.colcon_core.verb:set package 'py_node_test' build argument 'cmake_args' from command line to 'None'
[2.111s] Level 5:colcon.colcon_core.verb:set package 'py_node_test' build argument 'cmake_target' from command line to 'None'
[2.112s] Level 5:colcon.colcon_core.verb:set package 'py_node_test' build argument 'cmake_target_skip_unavailable' from command line to 'False'
[2.112s] Level 5:colcon.colcon_core.verb:set package 'py_node_test' build argument 'cmake_clean_cache' from command line to 'False'
[2.113s] Level 5:colcon.colcon_core.verb:set package 'py_node_test' build argument 'cmake_clean_first' from command line to 'False'
[2.114s] Level 5:colcon.colcon_core.verb:set package 'py_node_test' build argument 'cmake_force_configure' from command line to 'False'
[2.115s] Level 5:colcon.colcon_core.verb:set package 'py_node_test' build argument 'ament_cmake_args' from command line to 'None'
[2.115s] Level 5:colcon.colcon_core.verb:set package 'py_node_test' build argument 'catkin_cmake_args' from command line to 'None'
[2.116s] Level 5:colcon.colcon_core.verb:set package 'py_node_test' build argument 'catkin_skip_building_tests' from command line to 'False'
[2.116s] DEBUG:colcon.colcon_core.verb:Building package 'py_node_test' with the following arguments: {'ament_cmake_args': None, 'build_base': '/home/spiderpi/ros2_ws/build/py_node_test', 'catkin_cmake_args': None, 'catkin_skip_building_tests': False, 'cmake_args': None, 'cmake_clean_cache': False, 'cmake_clean_first': False, 'cmake_force_configure': False, 'cmake_target': None, 'cmake_target_skip_unavailable': False, 'install_base': '/home/spiderpi/ros2_ws/install/py_node_test', 'merge_install': False, 'path': '/home/spiderpi/ros2_ws/src/py_node_test', 'symlink_install': False, 'test_result_base': None}
[2.124s] Level 5:colcon.colcon_core.verb:set package 'py_srvcli' build argument 'cmake_args' from command line to 'None'
[2.124s] Level 5:colcon.colcon_core.verb:set package 'py_srvcli' build argument 'cmake_target' from command line to 'None'
[2.125s] Level 5:colcon.colcon_core.verb:set package 'py_srvcli' build argument 'cmake_target_skip_unavailable' from command line to 'False'
[2.126s] Level 5:colcon.colcon_core.verb:set package 'py_srvcli' build argument 'cmake_clean_cache' from command line to 'False'
[2.126s] Level 5:colcon.colcon_core.verb:set package 'py_srvcli' build argument 'cmake_clean_first' from command line to 'False'
[2.126s] Level 5:colcon.colcon_core.verb:set package 'py_srvcli' build argument 'cmake_force_configure' from command line to 'False'
[2.126s] Level 5:colcon.colcon_core.verb:set package 'py_srvcli' build argument 'ament_cmake_args' from command line to 'None'
[2.127s] Level 5:colcon.colcon_core.verb:set package 'py_srvcli' build argument 'catkin_cmake_args' from command line to 'None'
[2.127s] Level 5:colcon.colcon_core.verb:set package 'py_srvcli' build argument 'catkin_skip_building_tests' from command line to 'False'
[2.127s] DEBUG:colcon.colcon_core.verb:Building package 'py_srvcli' with the following arguments: {'ament_cmake_args': None, 'build_base': '/home/spiderpi/ros2_ws/build/py_srvcli', 'catkin_cmake_args': None, 'catkin_skip_building_tests': False, 'cmake_args': None, 'cmake_clean_cache': False, 'cmake_clean_first': False, 'cmake_force_configure': False, 'cmake_target': None, 'cmake_target_skip_unavailable': False, 'install_base': '/home/spiderpi/ros2_ws/install/py_srvcli', 'merge_install': False, 'path': '/home/spiderpi/ros2_ws/src/py_srvcli', 'symlink_install': False, 'test_result_base': None}
[2.131s] INFO:colcon.colcon_core.executor:Executing jobs using 'parallel' executor
[2.151s] DEBUG:colcon.colcon_parallel_executor.executor.parallel:run_until_complete
[2.152s] INFO:colcon.colcon_ros.task.ament_cmake.build:Building ROS package in '/home/spiderpi/ros2_ws/src/my_service_interfaces' with build type 'ament_cmake'
[2.155s] INFO:colcon.colcon_cmake.task.cmake.build:Building CMake package in '/home/spiderpi/ros2_ws/src/my_service_interfaces'
[2.181s] INFO:colcon.colcon_core.plugin_system:Skipping extension 'colcon_core.shell.bat': Not used on non-Windows systems
[2.183s] INFO:colcon.colcon_core.shell:Skip shell extension 'powershell' for command environment: Not usable outside of PowerShell
[2.183s] DEBUG:colcon.colcon_core.shell:Skip shell extension 'dsv' for command environment
[2.193s] INFO:colcon.colcon_ros.task.ament_cmake.build:Building ROS package in '/home/spiderpi/ros2_ws/src/gwpspider_interfaces' with build type 'ament_cmake'
[2.194s] INFO:colcon.colcon_cmake.task.cmake.build:Building CMake package in '/home/spiderpi/ros2_ws/src/gwpspider_interfaces'
[2.202s] INFO:colcon.colcon_core.shell:Skip shell extension 'powershell' for command environment: Not usable outside of PowerShell
[2.204s] DEBUG:colcon.colcon_core.shell:Skip shell extension 'dsv' for command environment
[2.242s] DEBUG:colcon.colcon_core.event_handler.log_command:Invoking command in '/home/spiderpi/ros2_ws/build/my_service_interfaces': /usr/bin/cmake /home/spiderpi/ros2_ws/src/my_service_interfaces -DCMAKE_INSTALL_PREFIX=/home/spiderpi/ros2_ws/install/my_service_interfaces
[2.300s] DEBUG:colcon.colcon_core.event_handler.log_command:Invoking command in '/home/spiderpi/ros2_ws/build/gwpspider_interfaces': /usr/bin/cmake /home/spiderpi/ros2_ws/src/gwpspider_interfaces -DCMAKE_INSTALL_PREFIX=/home/spiderpi/ros2_ws/install/gwpspider_interfaces
[5.124s] DEBUG:colcon.colcon_core.event_handler.log_command:Invoked command in '/home/spiderpi/ros2_ws/build/gwpspider_interfaces' returned '1': /usr/bin/cmake /home/spiderpi/ros2_ws/src/gwpspider_interfaces -DCMAKE_INSTALL_PREFIX=/home/spiderpi/ros2_ws/install/gwpspider_interfaces
[5.125s] DEBUG:colcon.colcon_core.event_handler.log_command:Invoked command in '/home/spiderpi/ros2_ws/build/my_service_interfaces' returned '1': /usr/bin/cmake /home/spiderpi/ros2_ws/src/my_service_interfaces -DCMAKE_INSTALL_PREFIX=/home/spiderpi/ros2_ws/install/my_service_interfaces
[5.141s] Level 1:colcon.colcon_core.environment:create_environment_scripts_only(gwpspider_interfaces)
[5.164s] Level 1:colcon.colcon_core.environment:checking '/home/spiderpi/ros2_ws/install/gwpspider_interfaces' for CMake module files
[5.166s] Level 1:colcon.colcon_core.environment:checking '/home/spiderpi/ros2_ws/install/gwpspider_interfaces' for CMake config files
[5.168s] Level 1:colcon.colcon_core.environment:checking '/home/spiderpi/ros2_ws/install/gwpspider_interfaces/bin'
[5.168s] Level 1:colcon.colcon_core.environment:checking '/home/spiderpi/ros2_ws/install/gwpspider_interfaces/lib/pkgconfig/gwpspider_interfaces.pc'
[5.176s] Level 1:colcon.colcon_core.environment:checking '/home/spiderpi/ros2_ws/install/gwpspider_interfaces/lib/python3.10/site-packages'
[5.177s] Level 1:colcon.colcon_core.environment:checking '/home/spiderpi/ros2_ws/install/gwpspider_interfaces/bin'
[5.181s] INFO:colcon.colcon_core.shell:Creating package script '/home/spiderpi/ros2_ws/install/gwpspider_interfaces/share/gwpspider_interfaces/package.ps1'
[5.186s] INFO:colcon.colcon_core.shell:Creating package descriptor '/home/spiderpi/ros2_ws/install/gwpspider_interfaces/share/gwpspider_interfaces/package.dsv'
[5.188s] INFO:colcon.colcon_core.shell:Creating package script '/home/spiderpi/ros2_ws/install/gwpspider_interfaces/share/gwpspider_interfaces/package.sh'
[5.191s] INFO:colcon.colcon_core.shell:Creating package script '/home/spiderpi/ros2_ws/install/gwpspider_interfaces/share/gwpspider_interfaces/package.bash'
[5.194s] INFO:colcon.colcon_core.shell:Creating package script '/home/spiderpi/ros2_ws/install/gwpspider_interfaces/share/gwpspider_interfaces/package.zsh'
[5.196s] Level 1:colcon.colcon_core.environment:create_file_with_runtime_dependencies(/home/spiderpi/ros2_ws/install/gwpspider_interfaces/share/colcon-core/packages/gwpspider_interfaces)
[5.211s] DEBUG:colcon.colcon_parallel_executor.executor.parallel:closing loop
[5.212s] DEBUG:colcon.colcon_parallel_executor.executor.parallel:loop closed
[5.213s] DEBUG:colcon.colcon_parallel_executor.executor.parallel:run_until_complete finished with '1'
[5.213s] DEBUG:colcon.colcon_core.event_reactor:joining thread
[5.243s] INFO:colcon.colcon_core.plugin_system:Skipping extension 'colcon_notification.desktop_notification.terminal_notifier': Not used on non-Darwin systems
[5.243s] INFO:colcon.colcon_core.plugin_system:Skipping extension 'colcon_notification.desktop_notification.win32': Not used on non-Windows systems
[5.243s] INFO:colcon.colcon_notification.desktop_notification:Sending desktop notification using 'notify2'
[5.295s] DEBUG:colcon.colcon_core.event_reactor:joined thread
[5.300s] INFO:colcon.colcon_core.shell:Creating prefix script '/home/spiderpi/ros2_ws/install/local_setup.ps1'
[5.305s] INFO:colcon.colcon_core.shell:Creating prefix util module '/home/spiderpi/ros2_ws/install/_local_setup_util_ps1.py'
[5.312s] INFO:colcon.colcon_core.shell:Creating prefix chain script '/home/spiderpi/ros2_ws/install/setup.ps1'
[5.316s] INFO:colcon.colcon_core.shell:Creating prefix script '/home/spiderpi/ros2_ws/install/local_setup.sh'
[5.319s] INFO:colcon.colcon_core.shell:Creating prefix util module '/home/spiderpi/ros2_ws/install/_local_setup_util_sh.py'
[5.322s] INFO:colcon.colcon_core.shell:Creating prefix chain script '/home/spiderpi/ros2_ws/install/setup.sh'
[5.328s] INFO:colcon.colcon_core.shell:Creating prefix script '/home/spiderpi/ros2_ws/install/local_setup.bash'
[5.331s] INFO:colcon.colcon_core.shell:Creating prefix chain script '/home/spiderpi/ros2_ws/install/setup.bash'
[5.335s] INFO:colcon.colcon_core.shell:Creating prefix script '/home/spiderpi/ros2_ws/install/local_setup.zsh'
[5.337s] INFO:colcon.colcon_core.shell:Creating prefix chain script '/home/spiderpi/ros2_ws/install/setup.zsh'
