[0.753s] Invoking command in '/home/spider/ros2_ws/src/py_srvcli': PYTHONPATH=/home/spider/ros2_ws/build/py_srvcli/prefix_override:/home/spider/ros2_ws/install/py_srvcli/lib/python3.10/site-packages:${PYTHONPATH} /usr/bin/python3 setup.py egg_info --egg-base ../../build/py_srvcli build --build-base /home/spider/ros2_ws/build/py_srvcli/build install --record /home/spider/ros2_ws/build/py_srvcli/install.log --single-version-externally-managed
[1.029s] running egg_info
[1.029s] writing ../../build/py_srvcli/py_srvcli.egg-info/PKG-INFO
[1.030s] writing dependency_links to ../../build/py_srvcli/py_srvcli.egg-info/dependency_links.txt
[1.030s] writing entry points to ../../build/py_srvcli/py_srvcli.egg-info/entry_points.txt
[1.030s] writing requirements to ../../build/py_srvcli/py_srvcli.egg-info/requires.txt
[1.030s] writing top-level names to ../../build/py_srvcli/py_srvcli.egg-info/top_level.txt
[1.032s] reading manifest file '../../build/py_srvcli/py_srvcli.egg-info/SOURCES.txt'
[1.033s] writing manifest file '../../build/py_srvcli/py_srvcli.egg-info/SOURCES.txt'
[1.033s] running build
[1.033s] running build_py
[1.033s] copying py_srvcli/publicher.py -> /home/spider/ros2_ws/build/py_srvcli/build/lib/py_srvcli
[1.034s] running install
[1.034s] /usr/lib/python3/dist-packages/setuptools/command/install.py:34: SetuptoolsDeprecationWarning: setup.py install is deprecated. Use build and pip and other standards-based tools.
[1.034s]   warnings.warn(
[1.034s] running install_lib
[1.035s] copying /home/spider/ros2_ws/build/py_srvcli/build/lib/py_srvcli/publicher.py -> /home/spider/ros2_ws/install/py_srvcli/lib/python3.10/site-packages/py_srvcli
[1.036s] byte-compiling /home/spider/ros2_ws/install/py_srvcli/lib/python3.10/site-packages/py_srvcli/publicher.py to publicher.cpython-310.pyc
[1.036s] running install_data
[1.037s] running install_egg_info
[1.039s] removing '/home/spider/ros2_ws/install/py_srvcli/lib/python3.10/site-packages/py_srvcli-0.0.0-py3.10.egg-info' (and everything under it)
[1.039s] Copying ../../build/py_srvcli/py_srvcli.egg-info to /home/spider/ros2_ws/install/py_srvcli/lib/python3.10/site-packages/py_srvcli-0.0.0-py3.10.egg-info
[1.040s] running install_scripts
[1.062s] Installing client script to /home/spider/ros2_ws/install/py_srvcli/lib/py_srvcli
[1.062s] Installing service script to /home/spider/ros2_ws/install/py_srvcli/lib/py_srvcli
[1.062s] Installing talker script to /home/spider/ros2_ws/install/py_srvcli/lib/py_srvcli
[1.062s] Installing talker2 script to /home/spider/ros2_ws/install/py_srvcli/lib/py_srvcli
[1.062s] writing list of installed files to '/home/spider/ros2_ws/build/py_srvcli/install.log'
[1.087s] Invoked command in '/home/spider/ros2_ws/src/py_srvcli' returned '0': PYTHONPATH=/home/spider/ros2_ws/build/py_srvcli/prefix_override:/home/spider/ros2_ws/install/py_srvcli/lib/python3.10/site-packages:${PYTHONPATH} /usr/bin/python3 setup.py egg_info --egg-base ../../build/py_srvcli build --build-base /home/spider/ros2_ws/build/py_srvcli/build install --record /home/spider/ros2_ws/build/py_srvcli/install.log --single-version-externally-managed
