[1.180s] Invoking command in '/home/spider/ros2_ws/src/py_srvcli': PYTHONPATH=/home/spider/ros2_ws/build/py_srvcli/prefix_override:/home/spider/ros2_ws/install/py_srvcli/lib/python3.10/site-packages:${PYTHONPATH} /usr/bin/python3 setup.py egg_info --egg-base ../../build/py_srvcli build --build-base /home/spider/ros2_ws/build/py_srvcli/build install --record /home/spider/ros2_ws/build/py_srvcli/install.log --single-version-externally-managed
[1.439s] running egg_info
[1.440s] writing ../../build/py_srvcli/py_srvcli.egg-info/PKG-INFO
[1.440s] writing dependency_links to ../../build/py_srvcli/py_srvcli.egg-info/dependency_links.txt
[1.440s] writing entry points to ../../build/py_srvcli/py_srvcli.egg-info/entry_points.txt
[1.440s] writing requirements to ../../build/py_srvcli/py_srvcli.egg-info/requires.txt
[1.440s] writing top-level names to ../../build/py_srvcli/py_srvcli.egg-info/top_level.txt
[1.443s] reading manifest file '../../build/py_srvcli/py_srvcli.egg-info/SOURCES.txt'
[1.444s] writing manifest file '../../build/py_srvcli/py_srvcli.egg-info/SOURCES.txt'
[1.444s] running build
[1.445s] running build_py
[1.445s] running install
[1.445s] /usr/lib/python3/dist-packages/setuptools/command/install.py:34: SetuptoolsDeprecationWarning: setup.py install is deprecated. Use build and pip and other standards-based tools.
[1.445s]   warnings.warn(
[1.446s] running install_lib
[1.447s] running install_data
[1.447s] running install_egg_info
[1.449s] removing '/home/spider/ros2_ws/install/py_srvcli/lib/python3.10/site-packages/py_srvcli-0.0.0-py3.10.egg-info' (and everything under it)
[1.449s] Copying ../../build/py_srvcli/py_srvcli.egg-info to /home/spider/ros2_ws/install/py_srvcli/lib/python3.10/site-packages/py_srvcli-0.0.0-py3.10.egg-info
[1.450s] running install_scripts
[1.474s] Installing client script to /home/spider/ros2_ws/install/py_srvcli/lib/py_srvcli
[1.474s] Installing service script to /home/spider/ros2_ws/install/py_srvcli/lib/py_srvcli
[1.474s] Installing talker script to /home/spider/ros2_ws/install/py_srvcli/lib/py_srvcli
[1.475s] writing list of installed files to '/home/spider/ros2_ws/build/py_srvcli/install.log'
[1.540s] Invoked command in '/home/spider/ros2_ws/src/py_srvcli' returned '0': PYTHONPATH=/home/spider/ros2_ws/build/py_srvcli/prefix_override:/home/spider/ros2_ws/install/py_srvcli/lib/python3.10/site-packages:${PYTHONPATH} /usr/bin/python3 setup.py egg_info --egg-base ../../build/py_srvcli build --build-base /home/spider/ros2_ws/build/py_srvcli/build install --record /home/spider/ros2_ws/build/py_srvcli/install.log --single-version-externally-managed
