[0.017s] Invoking command in '/home/spider/ros2_ws/build/my_service_interfaces': CMAKE_PREFIX_PATH=${CMAKE_PREFIX_PATH}:/home/spider/ros2_ws/install/py_srvcli:/home/spider/ros2_ws/install/py_node_test:/home/spider/ros2_ws/install/flask_server:/opt/ros/humble /usr/bin/cmake --build /home/spider/ros2_ws/build/my_service_interfaces -- -j8 -l8
[0.068s] [ 10%] Built target my_service_interfaces__rosidl_generator_c
[0.069s] [ 12%] Built target my_service_interfaces__cpp
[0.083s] [ 12%] Built target ament_cmake_python_copy_my_service_interfaces
[0.101s] [ 23%] Built target my_service_interfaces__rosidl_typesupport_c
[0.107s] [ 33%] Built target my_service_interfaces__rosidl_typesupport_introspection_c
[0.110s] [ 43%] Built target my_service_interfaces__rosidl_typesupport_fastrtps_c
[0.114s] [ 53%] Built target my_service_interfaces__rosidl_typesupport_fastrtps_cpp
[0.117s] [ 64%] Built target my_service_interfaces__rosidl_typesupport_introspection_cpp
[0.118s] [ 74%] Built target my_service_interfaces__rosidl_typesupport_cpp
[0.148s] [ 74%] Built target my_service_interfaces
[0.178s] [ 76%] Built target my_service_interfaces__py
[0.207s] [ 84%] Built target my_service_interfaces__rosidl_generator_py
[0.234s] [ 89%] Built target my_service_interfaces__rosidl_typesupport_fastrtps_c__pyext
[0.239s] [ 94%] Built target my_service_interfaces__rosidl_typesupport_introspection_c__pyext
[0.239s] [100%] Built target my_service_interfaces__rosidl_typesupport_c__pyext
[0.371s] running egg_info
[0.371s] writing my_service_interfaces.egg-info/PKG-INFO
[0.372s] writing dependency_links to my_service_interfaces.egg-info/dependency_links.txt
[0.372s] writing top-level names to my_service_interfaces.egg-info/top_level.txt
[0.373s] reading manifest file 'my_service_interfaces.egg-info/SOURCES.txt'
[0.374s] writing manifest file 'my_service_interfaces.egg-info/SOURCES.txt'
[0.401s] [100%] Built target ament_cmake_python_build_my_service_interfaces_egg
[0.414s] Invoked command in '/home/spider/ros2_ws/build/my_service_interfaces' returned '0': CMAKE_PREFIX_PATH=${CMAKE_PREFIX_PATH}:/home/spider/ros2_ws/install/py_srvcli:/home/spider/ros2_ws/install/py_node_test:/home/spider/ros2_ws/install/flask_server:/opt/ros/humble /usr/bin/cmake --build /home/spider/ros2_ws/build/my_service_interfaces -- -j8 -l8
[0.504s] Invoking command in '/home/spider/ros2_ws/build/my_service_interfaces': CMAKE_PREFIX_PATH=${CMAKE_PREFIX_PATH}:/home/spider/ros2_ws/install/py_srvcli:/home/spider/ros2_ws/install/py_node_test:/home/spider/ros2_ws/install/flask_server:/opt/ros/humble /usr/bin/cmake --install /home/spider/ros2_ws/build/my_service_interfaces
[0.512s] -- Install configuration: ""
[0.512s] -- Installing: /home/spider/ros2_ws/install/my_service_interfaces/share/ament_index/resource_index/rosidl_interfaces/my_service_interfaces
[0.512s] -- Installing: /home/spider/ros2_ws/install/my_service_interfaces/include/my_service_interfaces/my_service_interfaces
[0.512s] -- Installing: /home/spider/ros2_ws/install/my_service_interfaces/include/my_service_interfaces/my_service_interfaces/msg
[0.512s] -- Installing: /home/spider/ros2_ws/install/my_service_interfaces/include/my_service_interfaces/my_service_interfaces/msg/rosidl_generator_c__visibility_control.h
[0.513s] -- Installing: /home/spider/ros2_ws/install/my_service_interfaces/include/my_service_interfaces/my_service_interfaces/msg/target_coordinates.h
[0.513s] -- Installing: /home/spider/ros2_ws/install/my_service_interfaces/include/my_service_interfaces/my_service_interfaces/msg/detail
[0.513s] -- Installing: /home/spider/ros2_ws/install/my_service_interfaces/include/my_service_interfaces/my_service_interfaces/msg/detail/target_coordinates__functions.c
[0.513s] -- Installing: /home/spider/ros2_ws/install/my_service_interfaces/include/my_service_interfaces/my_service_interfaces/msg/detail/target_coordinates__type_support.h
[0.514s] -- Installing: /home/spider/ros2_ws/install/my_service_interfaces/include/my_service_interfaces/my_service_interfaces/msg/detail/target_coordinates__struct.h
[0.514s] -- Installing: /home/spider/ros2_ws/install/my_service_interfaces/include/my_service_interfaces/my_service_interfaces/msg/detail/target_coordinates__functions.h
[0.514s] -- Installing: /home/spider/ros2_ws/install/my_service_interfaces/include/my_service_interfaces/my_service_interfaces/srv
[0.514s] -- Installing: /home/spider/ros2_ws/install/my_service_interfaces/include/my_service_interfaces/my_service_interfaces/srv/detail
[0.514s] -- Installing: /home/spider/ros2_ws/install/my_service_interfaces/include/my_service_interfaces/my_service_interfaces/srv/detail/spider_goal__type_support.h
[0.515s] -- Installing: /home/spider/ros2_ws/install/my_service_interfaces/include/my_service_interfaces/my_service_interfaces/srv/detail/set_value__struct.h
[0.515s] -- Installing: /home/spider/ros2_ws/install/my_service_interfaces/include/my_service_interfaces/my_service_interfaces/srv/detail/spider_goal__struct.h
[0.515s] -- Installing: /home/spider/ros2_ws/install/my_service_interfaces/include/my_service_interfaces/my_service_interfaces/srv/detail/set_value__functions.h
[0.515s] -- Installing: /home/spider/ros2_ws/install/my_service_interfaces/include/my_service_interfaces/my_service_interfaces/srv/detail/set_value__functions.c
[0.515s] -- Installing: /home/spider/ros2_ws/install/my_service_interfaces/include/my_service_interfaces/my_service_interfaces/srv/detail/set_value__type_support.h
[0.515s] -- Installing: /home/spider/ros2_ws/install/my_service_interfaces/include/my_service_interfaces/my_service_interfaces/srv/detail/spider_goal__functions.h
[0.516s] -- Installing: /home/spider/ros2_ws/install/my_service_interfaces/include/my_service_interfaces/my_service_interfaces/srv/detail/spider_goal__functions.c
[0.516s] -- Installing: /home/spider/ros2_ws/install/my_service_interfaces/include/my_service_interfaces/my_service_interfaces/srv/spider_goal.h
[0.516s] -- Installing: /home/spider/ros2_ws/install/my_service_interfaces/include/my_service_interfaces/my_service_interfaces/srv/set_value.h
[0.516s] -- Installing: /home/spider/ros2_ws/install/my_service_interfaces/share/my_service_interfaces/environment/library_path.sh
[0.516s] -- Installing: /home/spider/ros2_ws/install/my_service_interfaces/share/my_service_interfaces/environment/library_path.dsv
[0.516s] -- Installing: /home/spider/ros2_ws/install/my_service_interfaces/lib/libmy_service_interfaces__rosidl_generator_c.so
[0.516s] -- Set runtime path of "/home/spider/ros2_ws/install/my_service_interfaces/lib/libmy_service_interfaces__rosidl_generator_c.so" to ""
[0.517s] -- Up-to-date: /home/spider/ros2_ws/install/my_service_interfaces/include/my_service_interfaces/my_service_interfaces
[0.517s] -- Up-to-date: /home/spider/ros2_ws/install/my_service_interfaces/include/my_service_interfaces/my_service_interfaces/msg
[0.517s] -- Up-to-date: /home/spider/ros2_ws/install/my_service_interfaces/include/my_service_interfaces/my_service_interfaces/msg/detail
[0.517s] -- Installing: /home/spider/ros2_ws/install/my_service_interfaces/include/my_service_interfaces/my_service_interfaces/msg/detail/target_coordinates__rosidl_typesupport_fastrtps_c.h
[0.517s] -- Installing: /home/spider/ros2_ws/install/my_service_interfaces/include/my_service_interfaces/my_service_interfaces/msg/rosidl_typesupport_fastrtps_c__visibility_control.h
[0.517s] -- Up-to-date: /home/spider/ros2_ws/install/my_service_interfaces/include/my_service_interfaces/my_service_interfaces/srv
[0.517s] -- Up-to-date: /home/spider/ros2_ws/install/my_service_interfaces/include/my_service_interfaces/my_service_interfaces/srv/detail
[0.518s] -- Installing: /home/spider/ros2_ws/install/my_service_interfaces/include/my_service_interfaces/my_service_interfaces/srv/detail/spider_goal__rosidl_typesupport_fastrtps_c.h
[0.518s] -- Installing: /home/spider/ros2_ws/install/my_service_interfaces/include/my_service_interfaces/my_service_interfaces/srv/detail/set_value__rosidl_typesupport_fastrtps_c.h
[0.518s] -- Installing: /home/spider/ros2_ws/install/my_service_interfaces/lib/libmy_service_interfaces__rosidl_typesupport_fastrtps_c.so
[0.518s] -- Set runtime path of "/home/spider/ros2_ws/install/my_service_interfaces/lib/libmy_service_interfaces__rosidl_typesupport_fastrtps_c.so" to ""
[0.518s] -- Up-to-date: /home/spider/ros2_ws/install/my_service_interfaces/include/my_service_interfaces/my_service_interfaces
[0.518s] -- Up-to-date: /home/spider/ros2_ws/install/my_service_interfaces/include/my_service_interfaces/my_service_interfaces/msg
[0.518s] -- Installing: /home/spider/ros2_ws/install/my_service_interfaces/include/my_service_interfaces/my_service_interfaces/msg/rosidl_typesupport_introspection_c__visibility_control.h
[0.519s] -- Up-to-date: /home/spider/ros2_ws/install/my_service_interfaces/include/my_service_interfaces/my_service_interfaces/msg/detail
[0.519s] -- Installing: /home/spider/ros2_ws/install/my_service_interfaces/include/my_service_interfaces/my_service_interfaces/msg/detail/target_coordinates__type_support.c
[0.519s] -- Installing: /home/spider/ros2_ws/install/my_service_interfaces/include/my_service_interfaces/my_service_interfaces/msg/detail/target_coordinates__rosidl_typesupport_introspection_c.h
[0.519s] -- Up-to-date: /home/spider/ros2_ws/install/my_service_interfaces/include/my_service_interfaces/my_service_interfaces/srv
[0.519s] -- Up-to-date: /home/spider/ros2_ws/install/my_service_interfaces/include/my_service_interfaces/my_service_interfaces/srv/detail
[0.519s] -- Installing: /home/spider/ros2_ws/install/my_service_interfaces/include/my_service_interfaces/my_service_interfaces/srv/detail/spider_goal__rosidl_typesupport_introspection_c.h
[0.519s] -- Installing: /home/spider/ros2_ws/install/my_service_interfaces/include/my_service_interfaces/my_service_interfaces/srv/detail/set_value__type_support.c
[0.519s] -- Installing: /home/spider/ros2_ws/install/my_service_interfaces/include/my_service_interfaces/my_service_interfaces/srv/detail/set_value__rosidl_typesupport_introspection_c.h
[0.519s] -- Installing: /home/spider/ros2_ws/install/my_service_interfaces/include/my_service_interfaces/my_service_interfaces/srv/detail/spider_goal__type_support.c
[0.519s] -- Installing: /home/spider/ros2_ws/install/my_service_interfaces/lib/libmy_service_interfaces__rosidl_typesupport_introspection_c.so
[0.520s] -- Set runtime path of "/home/spider/ros2_ws/install/my_service_interfaces/lib/libmy_service_interfaces__rosidl_typesupport_introspection_c.so" to ""
[0.520s] -- Installing: /home/spider/ros2_ws/install/my_service_interfaces/lib/libmy_service_interfaces__rosidl_typesupport_c.so
[0.520s] -- Set runtime path of "/home/spider/ros2_ws/install/my_service_interfaces/lib/libmy_service_interfaces__rosidl_typesupport_c.so" to ""
[0.520s] -- Up-to-date: /home/spider/ros2_ws/install/my_service_interfaces/include/my_service_interfaces/my_service_interfaces
[0.521s] -- Up-to-date: /home/spider/ros2_ws/install/my_service_interfaces/include/my_service_interfaces/my_service_interfaces/msg
[0.521s] -- Up-to-date: /home/spider/ros2_ws/install/my_service_interfaces/include/my_service_interfaces/my_service_interfaces/msg/detail
[0.521s] -- Installing: /home/spider/ros2_ws/install/my_service_interfaces/include/my_service_interfaces/my_service_interfaces/msg/detail/target_coordinates__struct.hpp
[0.521s] -- Installing: /home/spider/ros2_ws/install/my_service_interfaces/include/my_service_interfaces/my_service_interfaces/msg/detail/target_coordinates__traits.hpp
[0.521s] -- Installing: /home/spider/ros2_ws/install/my_service_interfaces/include/my_service_interfaces/my_service_interfaces/msg/detail/target_coordinates__builder.hpp
[0.521s] -- Installing: /home/spider/ros2_ws/install/my_service_interfaces/include/my_service_interfaces/my_service_interfaces/msg/target_coordinates.hpp
[0.521s] -- Up-to-date: /home/spider/ros2_ws/install/my_service_interfaces/include/my_service_interfaces/my_service_interfaces/srv
[0.521s] -- Up-to-date: /home/spider/ros2_ws/install/my_service_interfaces/include/my_service_interfaces/my_service_interfaces/srv/detail
[0.521s] -- Installing: /home/spider/ros2_ws/install/my_service_interfaces/include/my_service_interfaces/my_service_interfaces/srv/detail/spider_goal__builder.hpp
[0.522s] -- Installing: /home/spider/ros2_ws/install/my_service_interfaces/include/my_service_interfaces/my_service_interfaces/srv/detail/set_value__struct.hpp
[0.522s] -- Installing: /home/spider/ros2_ws/install/my_service_interfaces/include/my_service_interfaces/my_service_interfaces/srv/detail/set_value__builder.hpp
[0.522s] -- Installing: /home/spider/ros2_ws/install/my_service_interfaces/include/my_service_interfaces/my_service_interfaces/srv/detail/set_value__traits.hpp
[0.522s] -- Installing: /home/spider/ros2_ws/install/my_service_interfaces/include/my_service_interfaces/my_service_interfaces/srv/detail/spider_goal__struct.hpp
[0.522s] -- Installing: /home/spider/ros2_ws/install/my_service_interfaces/include/my_service_interfaces/my_service_interfaces/srv/detail/spider_goal__traits.hpp
[0.522s] -- Installing: /home/spider/ros2_ws/install/my_service_interfaces/include/my_service_interfaces/my_service_interfaces/srv/set_value.hpp
[0.522s] -- Installing: /home/spider/ros2_ws/install/my_service_interfaces/include/my_service_interfaces/my_service_interfaces/srv/spider_goal.hpp
[0.523s] -- Up-to-date: /home/spider/ros2_ws/install/my_service_interfaces/include/my_service_interfaces/my_service_interfaces
[0.523s] -- Up-to-date: /home/spider/ros2_ws/install/my_service_interfaces/include/my_service_interfaces/my_service_interfaces/msg
[0.523s] -- Up-to-date: /home/spider/ros2_ws/install/my_service_interfaces/include/my_service_interfaces/my_service_interfaces/msg/detail
[0.523s] -- Installing: /home/spider/ros2_ws/install/my_service_interfaces/include/my_service_interfaces/my_service_interfaces/msg/detail/target_coordinates__rosidl_typesupport_fastrtps_cpp.hpp
[0.523s] -- Installing: /home/spider/ros2_ws/install/my_service_interfaces/include/my_service_interfaces/my_service_interfaces/msg/detail/dds_fastrtps
[0.523s] -- Installing: /home/spider/ros2_ws/install/my_service_interfaces/include/my_service_interfaces/my_service_interfaces/msg/rosidl_typesupport_fastrtps_cpp__visibility_control.h
[0.523s] -- Up-to-date: /home/spider/ros2_ws/install/my_service_interfaces/include/my_service_interfaces/my_service_interfaces/srv
[0.524s] -- Up-to-date: /home/spider/ros2_ws/install/my_service_interfaces/include/my_service_interfaces/my_service_interfaces/srv/detail
[0.524s] -- Installing: /home/spider/ros2_ws/install/my_service_interfaces/include/my_service_interfaces/my_service_interfaces/srv/detail/set_value__rosidl_typesupport_fastrtps_cpp.hpp
[0.524s] -- Installing: /home/spider/ros2_ws/install/my_service_interfaces/include/my_service_interfaces/my_service_interfaces/srv/detail/spider_goal__rosidl_typesupport_fastrtps_cpp.hpp
[0.524s] -- Installing: /home/spider/ros2_ws/install/my_service_interfaces/include/my_service_interfaces/my_service_interfaces/srv/detail/dds_fastrtps
[0.524s] -- Installing: /home/spider/ros2_ws/install/my_service_interfaces/lib/libmy_service_interfaces__rosidl_typesupport_fastrtps_cpp.so
[0.524s] -- Set runtime path of "/home/spider/ros2_ws/install/my_service_interfaces/lib/libmy_service_interfaces__rosidl_typesupport_fastrtps_cpp.so" to ""
[0.524s] -- Up-to-date: /home/spider/ros2_ws/install/my_service_interfaces/include/my_service_interfaces/my_service_interfaces
[0.524s] -- Up-to-date: /home/spider/ros2_ws/install/my_service_interfaces/include/my_service_interfaces/my_service_interfaces/msg
[0.525s] -- Up-to-date: /home/spider/ros2_ws/install/my_service_interfaces/include/my_service_interfaces/my_service_interfaces/msg/detail
[0.525s] -- Installing: /home/spider/ros2_ws/install/my_service_interfaces/include/my_service_interfaces/my_service_interfaces/msg/detail/target_coordinates__type_support.cpp
[0.525s] -- Installing: /home/spider/ros2_ws/install/my_service_interfaces/include/my_service_interfaces/my_service_interfaces/msg/detail/target_coordinates__rosidl_typesupport_introspection_cpp.hpp
[0.525s] -- Up-to-date: /home/spider/ros2_ws/install/my_service_interfaces/include/my_service_interfaces/my_service_interfaces/srv
[0.525s] -- Up-to-date: /home/spider/ros2_ws/install/my_service_interfaces/include/my_service_interfaces/my_service_interfaces/srv/detail
[0.525s] -- Installing: /home/spider/ros2_ws/install/my_service_interfaces/include/my_service_interfaces/my_service_interfaces/srv/detail/set_value__type_support.cpp
[0.525s] -- Installing: /home/spider/ros2_ws/install/my_service_interfaces/include/my_service_interfaces/my_service_interfaces/srv/detail/set_value__rosidl_typesupport_introspection_cpp.hpp
[0.526s] -- Installing: /home/spider/ros2_ws/install/my_service_interfaces/include/my_service_interfaces/my_service_interfaces/srv/detail/spider_goal__rosidl_typesupport_introspection_cpp.hpp
[0.526s] -- Installing: /home/spider/ros2_ws/install/my_service_interfaces/include/my_service_interfaces/my_service_interfaces/srv/detail/spider_goal__type_support.cpp
[0.526s] -- Installing: /home/spider/ros2_ws/install/my_service_interfaces/lib/libmy_service_interfaces__rosidl_typesupport_introspection_cpp.so
[0.526s] -- Set runtime path of "/home/spider/ros2_ws/install/my_service_interfaces/lib/libmy_service_interfaces__rosidl_typesupport_introspection_cpp.so" to ""
[0.526s] -- Installing: /home/spider/ros2_ws/install/my_service_interfaces/lib/libmy_service_interfaces__rosidl_typesupport_cpp.so
[0.526s] -- Set runtime path of "/home/spider/ros2_ws/install/my_service_interfaces/lib/libmy_service_interfaces__rosidl_typesupport_cpp.so" to ""
[0.526s] -- Installing: /home/spider/ros2_ws/install/my_service_interfaces/share/my_service_interfaces/environment/pythonpath.sh
[0.526s] -- Installing: /home/spider/ros2_ws/install/my_service_interfaces/share/my_service_interfaces/environment/pythonpath.dsv
[0.526s] -- Installing: /home/spider/ros2_ws/install/my_service_interfaces/local/lib/python3.10/dist-packages/my_service_interfaces-0.0.0-py3.10.egg-info
[0.527s] -- Installing: /home/spider/ros2_ws/install/my_service_interfaces/local/lib/python3.10/dist-packages/my_service_interfaces-0.0.0-py3.10.egg-info/PKG-INFO
[0.527s] -- Installing: /home/spider/ros2_ws/install/my_service_interfaces/local/lib/python3.10/dist-packages/my_service_interfaces-0.0.0-py3.10.egg-info/top_level.txt
[0.527s] -- Installing: /home/spider/ros2_ws/install/my_service_interfaces/local/lib/python3.10/dist-packages/my_service_interfaces-0.0.0-py3.10.egg-info/dependency_links.txt
[0.527s] -- Installing: /home/spider/ros2_ws/install/my_service_interfaces/local/lib/python3.10/dist-packages/my_service_interfaces-0.0.0-py3.10.egg-info/SOURCES.txt
[0.527s] -- Installing: /home/spider/ros2_ws/install/my_service_interfaces/local/lib/python3.10/dist-packages/my_service_interfaces
[0.527s] -- Installing: /home/spider/ros2_ws/install/my_service_interfaces/local/lib/python3.10/dist-packages/my_service_interfaces/my_service_interfaces_s__rosidl_typesupport_c.cpython-310-x86_64-linux-gnu.so
[0.528s] -- Installing: /home/spider/ros2_ws/install/my_service_interfaces/local/lib/python3.10/dist-packages/my_service_interfaces/my_service_interfaces_s__rosidl_typesupport_fastrtps_c.cpython-310-x86_64-linux-gnu.so
[0.528s] -- Installing: /home/spider/ros2_ws/install/my_service_interfaces/local/lib/python3.10/dist-packages/my_service_interfaces/msg
[0.528s] -- Installing: /home/spider/ros2_ws/install/my_service_interfaces/local/lib/python3.10/dist-packages/my_service_interfaces/msg/_target_coordinates_s.c
[0.528s] -- Installing: /home/spider/ros2_ws/install/my_service_interfaces/local/lib/python3.10/dist-packages/my_service_interfaces/msg/__init__.py
[0.528s] -- Installing: /home/spider/ros2_ws/install/my_service_interfaces/local/lib/python3.10/dist-packages/my_service_interfaces/msg/_target_coordinates.py
[0.528s] -- Installing: /home/spider/ros2_ws/install/my_service_interfaces/local/lib/python3.10/dist-packages/my_service_interfaces/_my_service_interfaces_s.ep.rosidl_typesupport_introspection_c.c
[0.528s] -- Installing: /home/spider/ros2_ws/install/my_service_interfaces/local/lib/python3.10/dist-packages/my_service_interfaces/_my_service_interfaces_s.ep.rosidl_typesupport_c.c
[0.529s] -- Installing: /home/spider/ros2_ws/install/my_service_interfaces/local/lib/python3.10/dist-packages/my_service_interfaces/srv
[0.529s] -- Installing: /home/spider/ros2_ws/install/my_service_interfaces/local/lib/python3.10/dist-packages/my_service_interfaces/srv/_set_value.py
[0.529s] -- Installing: /home/spider/ros2_ws/install/my_service_interfaces/local/lib/python3.10/dist-packages/my_service_interfaces/srv/_spider_goal.py
[0.529s] -- Installing: /home/spider/ros2_ws/install/my_service_interfaces/local/lib/python3.10/dist-packages/my_service_interfaces/srv/_spider_goal_s.c
[0.529s] -- Installing: /home/spider/ros2_ws/install/my_service_interfaces/local/lib/python3.10/dist-packages/my_service_interfaces/srv/_set_value_s.c
[0.529s] -- Installing: /home/spider/ros2_ws/install/my_service_interfaces/local/lib/python3.10/dist-packages/my_service_interfaces/srv/__init__.py
[0.529s] -- Installing: /home/spider/ros2_ws/install/my_service_interfaces/local/lib/python3.10/dist-packages/my_service_interfaces/__init__.py
[0.529s] -- Installing: /home/spider/ros2_ws/install/my_service_interfaces/local/lib/python3.10/dist-packages/my_service_interfaces/_my_service_interfaces_s.ep.rosidl_typesupport_fastrtps_c.c
[0.530s] -- Installing: /home/spider/ros2_ws/install/my_service_interfaces/local/lib/python3.10/dist-packages/my_service_interfaces/libmy_service_interfaces__rosidl_generator_py.so
[0.530s] -- Installing: /home/spider/ros2_ws/install/my_service_interfaces/local/lib/python3.10/dist-packages/my_service_interfaces/my_service_interfaces_s__rosidl_typesupport_introspection_c.cpython-310-x86_64-linux-gnu.so
[0.567s] Listing '/home/spider/ros2_ws/install/my_service_interfaces/local/lib/python3.10/dist-packages/my_service_interfaces'...
[0.568s] Compiling '/home/spider/ros2_ws/install/my_service_interfaces/local/lib/python3.10/dist-packages/my_service_interfaces/__init__.py'...
[0.568s] Listing '/home/spider/ros2_ws/install/my_service_interfaces/local/lib/python3.10/dist-packages/my_service_interfaces/msg'...
[0.568s] Compiling '/home/spider/ros2_ws/install/my_service_interfaces/local/lib/python3.10/dist-packages/my_service_interfaces/msg/__init__.py'...
[0.568s] Compiling '/home/spider/ros2_ws/install/my_service_interfaces/local/lib/python3.10/dist-packages/my_service_interfaces/msg/_target_coordinates.py'...
[0.568s] Listing '/home/spider/ros2_ws/install/my_service_interfaces/local/lib/python3.10/dist-packages/my_service_interfaces/srv'...
[0.568s] Compiling '/home/spider/ros2_ws/install/my_service_interfaces/local/lib/python3.10/dist-packages/my_service_interfaces/srv/__init__.py'...
[0.568s] Compiling '/home/spider/ros2_ws/install/my_service_interfaces/local/lib/python3.10/dist-packages/my_service_interfaces/srv/_set_value.py'...
[0.568s] Compiling '/home/spider/ros2_ws/install/my_service_interfaces/local/lib/python3.10/dist-packages/my_service_interfaces/srv/_spider_goal.py'...
[0.573s] -- Installing: /home/spider/ros2_ws/install/my_service_interfaces/local/lib/python3.10/dist-packages/my_service_interfaces/my_service_interfaces_s__rosidl_typesupport_fastrtps_c.cpython-310-x86_64-linux-gnu.so
[0.573s] -- Set runtime path of "/home/spider/ros2_ws/install/my_service_interfaces/local/lib/python3.10/dist-packages/my_service_interfaces/my_service_interfaces_s__rosidl_typesupport_fastrtps_c.cpython-310-x86_64-linux-gnu.so" to ""
[0.573s] -- Installing: /home/spider/ros2_ws/install/my_service_interfaces/local/lib/python3.10/dist-packages/my_service_interfaces/my_service_interfaces_s__rosidl_typesupport_introspection_c.cpython-310-x86_64-linux-gnu.so
[0.574s] -- Set runtime path of "/home/spider/ros2_ws/install/my_service_interfaces/local/lib/python3.10/dist-packages/my_service_interfaces/my_service_interfaces_s__rosidl_typesupport_introspection_c.cpython-310-x86_64-linux-gnu.so" to ""
[0.574s] -- Installing: /home/spider/ros2_ws/install/my_service_interfaces/local/lib/python3.10/dist-packages/my_service_interfaces/my_service_interfaces_s__rosidl_typesupport_c.cpython-310-x86_64-linux-gnu.so
[0.574s] -- Set runtime path of "/home/spider/ros2_ws/install/my_service_interfaces/local/lib/python3.10/dist-packages/my_service_interfaces/my_service_interfaces_s__rosidl_typesupport_c.cpython-310-x86_64-linux-gnu.so" to ""
[0.575s] -- Installing: /home/spider/ros2_ws/install/my_service_interfaces/lib/libmy_service_interfaces__rosidl_generator_py.so
[0.575s] -- Set runtime path of "/home/spider/ros2_ws/install/my_service_interfaces/lib/libmy_service_interfaces__rosidl_generator_py.so" to ""
[0.575s] -- Installing: /home/spider/ros2_ws/install/my_service_interfaces/share/my_service_interfaces/msg/TargetCoordinates.idl
[0.575s] -- Installing: /home/spider/ros2_ws/install/my_service_interfaces/share/my_service_interfaces/srv/SetValue.idl
[0.575s] -- Installing: /home/spider/ros2_ws/install/my_service_interfaces/share/my_service_interfaces/msg/TargetCoordinates.msg
[0.576s] -- Installing: /home/spider/ros2_ws/install/my_service_interfaces/share/my_service_interfaces/srv/SetValue.srv
[0.576s] -- Installing: /home/spider/ros2_ws/install/my_service_interfaces/share/my_service_interfaces/srv/SetValue_Request.msg
[0.576s] -- Installing: /home/spider/ros2_ws/install/my_service_interfaces/share/my_service_interfaces/srv/SetValue_Response.msg
[0.576s] -- Installing: /home/spider/ros2_ws/install/my_service_interfaces/share/ament_index/resource_index/package_run_dependencies/my_service_interfaces
[0.576s] -- Installing: /home/spider/ros2_ws/install/my_service_interfaces/share/ament_index/resource_index/parent_prefix_path/my_service_interfaces
[0.576s] -- Installing: /home/spider/ros2_ws/install/my_service_interfaces/share/my_service_interfaces/environment/ament_prefix_path.sh
[0.576s] -- Installing: /home/spider/ros2_ws/install/my_service_interfaces/share/my_service_interfaces/environment/ament_prefix_path.dsv
[0.577s] -- Installing: /home/spider/ros2_ws/install/my_service_interfaces/share/my_service_interfaces/environment/path.sh
[0.577s] -- Installing: /home/spider/ros2_ws/install/my_service_interfaces/share/my_service_interfaces/environment/path.dsv
[0.577s] -- Installing: /home/spider/ros2_ws/install/my_service_interfaces/share/my_service_interfaces/local_setup.bash
[0.577s] -- Installing: /home/spider/ros2_ws/install/my_service_interfaces/share/my_service_interfaces/local_setup.sh
[0.577s] -- Installing: /home/spider/ros2_ws/install/my_service_interfaces/share/my_service_interfaces/local_setup.zsh
[0.578s] -- Installing: /home/spider/ros2_ws/install/my_service_interfaces/share/my_service_interfaces/local_setup.dsv
[0.578s] -- Installing: /home/spider/ros2_ws/install/my_service_interfaces/share/my_service_interfaces/package.dsv
[0.578s] -- Installing: /home/spider/ros2_ws/install/my_service_interfaces/share/ament_index/resource_index/packages/my_service_interfaces
[0.578s] -- Installing: /home/spider/ros2_ws/install/my_service_interfaces/share/my_service_interfaces/cmake/export_my_service_interfaces__rosidl_generator_cExport.cmake
[0.578s] -- Installing: /home/spider/ros2_ws/install/my_service_interfaces/share/my_service_interfaces/cmake/export_my_service_interfaces__rosidl_generator_cExport-noconfig.cmake
[0.578s] -- Installing: /home/spider/ros2_ws/install/my_service_interfaces/share/my_service_interfaces/cmake/export_my_service_interfaces__rosidl_typesupport_fastrtps_cExport.cmake
[0.579s] -- Installing: /home/spider/ros2_ws/install/my_service_interfaces/share/my_service_interfaces/cmake/export_my_service_interfaces__rosidl_typesupport_fastrtps_cExport-noconfig.cmake
[0.579s] -- Installing: /home/spider/ros2_ws/install/my_service_interfaces/share/my_service_interfaces/cmake/my_service_interfaces__rosidl_typesupport_introspection_cExport.cmake
[0.579s] -- Installing: /home/spider/ros2_ws/install/my_service_interfaces/share/my_service_interfaces/cmake/my_service_interfaces__rosidl_typesupport_introspection_cExport-noconfig.cmake
[0.579s] -- Installing: /home/spider/ros2_ws/install/my_service_interfaces/share/my_service_interfaces/cmake/my_service_interfaces__rosidl_typesupport_cExport.cmake
[0.579s] -- Installing: /home/spider/ros2_ws/install/my_service_interfaces/share/my_service_interfaces/cmake/my_service_interfaces__rosidl_typesupport_cExport-noconfig.cmake
[0.579s] -- Installing: /home/spider/ros2_ws/install/my_service_interfaces/share/my_service_interfaces/cmake/export_my_service_interfaces__rosidl_generator_cppExport.cmake
[0.580s] -- Installing: /home/spider/ros2_ws/install/my_service_interfaces/share/my_service_interfaces/cmake/export_my_service_interfaces__rosidl_typesupport_fastrtps_cppExport.cmake
[0.580s] -- Installing: /home/spider/ros2_ws/install/my_service_interfaces/share/my_service_interfaces/cmake/export_my_service_interfaces__rosidl_typesupport_fastrtps_cppExport-noconfig.cmake
[0.580s] -- Installing: /home/spider/ros2_ws/install/my_service_interfaces/share/my_service_interfaces/cmake/my_service_interfaces__rosidl_typesupport_introspection_cppExport.cmake
[0.580s] -- Installing: /home/spider/ros2_ws/install/my_service_interfaces/share/my_service_interfaces/cmake/my_service_interfaces__rosidl_typesupport_introspection_cppExport-noconfig.cmake
[0.580s] -- Installing: /home/spider/ros2_ws/install/my_service_interfaces/share/my_service_interfaces/cmake/my_service_interfaces__rosidl_typesupport_cppExport.cmake
[0.580s] -- Installing: /home/spider/ros2_ws/install/my_service_interfaces/share/my_service_interfaces/cmake/my_service_interfaces__rosidl_typesupport_cppExport-noconfig.cmake
[0.581s] -- Installing: /home/spider/ros2_ws/install/my_service_interfaces/share/my_service_interfaces/cmake/export_my_service_interfaces__rosidl_generator_pyExport.cmake
[0.581s] -- Installing: /home/spider/ros2_ws/install/my_service_interfaces/share/my_service_interfaces/cmake/export_my_service_interfaces__rosidl_generator_pyExport-noconfig.cmake
[0.581s] -- Installing: /home/spider/ros2_ws/install/my_service_interfaces/share/my_service_interfaces/cmake/rosidl_cmake-extras.cmake
[0.581s] -- Installing: /home/spider/ros2_ws/install/my_service_interfaces/share/my_service_interfaces/cmake/ament_cmake_export_dependencies-extras.cmake
[0.581s] -- Installing: /home/spider/ros2_ws/install/my_service_interfaces/share/my_service_interfaces/cmake/ament_cmake_export_include_directories-extras.cmake
[0.581s] -- Installing: /home/spider/ros2_ws/install/my_service_interfaces/share/my_service_interfaces/cmake/ament_cmake_export_libraries-extras.cmake
[0.582s] -- Installing: /home/spider/ros2_ws/install/my_service_interfaces/share/my_service_interfaces/cmake/ament_cmake_export_targets-extras.cmake
[0.582s] -- Installing: /home/spider/ros2_ws/install/my_service_interfaces/share/my_service_interfaces/cmake/rosidl_cmake_export_typesupport_targets-extras.cmake
[0.582s] -- Installing: /home/spider/ros2_ws/install/my_service_interfaces/share/my_service_interfaces/cmake/rosidl_cmake_export_typesupport_libraries-extras.cmake
[0.582s] -- Installing: /home/spider/ros2_ws/install/my_service_interfaces/share/my_service_interfaces/cmake/my_service_interfacesConfig.cmake
[0.582s] -- Installing: /home/spider/ros2_ws/install/my_service_interfaces/share/my_service_interfaces/cmake/my_service_interfacesConfig-version.cmake
[0.582s] -- Installing: /home/spider/ros2_ws/install/my_service_interfaces/share/my_service_interfaces/package.xml
[0.585s] Invoked command in '/home/spider/ros2_ws/build/my_service_interfaces' returned '0': CMAKE_PREFIX_PATH=${CMAKE_PREFIX_PATH}:/home/spider/ros2_ws/install/py_srvcli:/home/spider/ros2_ws/install/py_node_test:/home/spider/ros2_ws/install/flask_server:/opt/ros/humble /usr/bin/cmake --install /home/spider/ros2_ws/build/my_service_interfaces
