[0.016s] Invoking command in '/home/spider/ros2_ws/build/gwpspider_interfaces': CMAKE_PREFIX_PATH=${CMAKE_PREFIX_PATH}:/home/spider/ros2_ws/install/py_srvcli:/home/spider/ros2_ws/install/py_node_test:/home/spider/ros2_ws/install/flask_server:/opt/ros/humble /usr/bin/cmake --build /home/spider/ros2_ws/build/gwpspider_interfaces -- -j8 -l8
[0.109s] [  0%] Built target gwpspider_interfaces__cpp
[0.115s] [  0%] Built target ament_cmake_python_copy_gwpspider_interfaces
[0.128s] [ 14%] Built target gwpspider_interfaces__rosidl_generator_c
[0.186s] [ 29%] Built target gwpspider_interfaces__rosidl_typesupport_cpp
[0.189s] [ 57%] Built target gwpspider_interfaces__rosidl_typesupport_introspection_cpp
[0.189s] [ 58%] Built target gwpspider_interfaces__rosidl_typesupport_fastrtps_cpp
[0.199s] [ 72%] Built target gwpspider_interfaces__rosidl_typesupport_introspection_c
[0.200s] [ 86%] Built target gwpspider_interfaces__rosidl_typesupport_c
[0.207s] [100%] Built target gwpspider_interfaces__rosidl_typesupport_fastrtps_c
[0.229s] [100%] Built target gwpspider_interfaces
[0.452s] running egg_info
[0.453s] writing gwpspider_interfaces.egg-info/PKG-INFO
[0.454s] writing dependency_links to gwpspider_interfaces.egg-info/dependency_links.txt
[0.454s] writing top-level names to gwpspider_interfaces.egg-info/top_level.txt
[0.458s] reading manifest file 'gwpspider_interfaces.egg-info/SOURCES.txt'
[0.460s] writing manifest file 'gwpspider_interfaces.egg-info/SOURCES.txt'
[0.497s] [100%] Built target ament_cmake_python_build_gwpspider_interfaces_egg
[0.511s] Invoked command in '/home/spider/ros2_ws/build/gwpspider_interfaces' returned '0': CMAKE_PREFIX_PATH=${CMAKE_PREFIX_PATH}:/home/spider/ros2_ws/install/py_srvcli:/home/spider/ros2_ws/install/py_node_test:/home/spider/ros2_ws/install/flask_server:/opt/ros/humble /usr/bin/cmake --build /home/spider/ros2_ws/build/gwpspider_interfaces -- -j8 -l8
[1.057s] Invoking command in '/home/spider/ros2_ws/build/gwpspider_interfaces': CMAKE_PREFIX_PATH=${CMAKE_PREFIX_PATH}:/home/spider/ros2_ws/install/py_srvcli:/home/spider/ros2_ws/install/py_node_test:/home/spider/ros2_ws/install/flask_server:/opt/ros/humble /usr/bin/cmake --install /home/spider/ros2_ws/build/gwpspider_interfaces
[1.317s] -- Install configuration: ""
[1.318s] -- Up-to-date: /home/spider/ros2_ws/install/gwpspider_interfaces/share/ament_index/resource_index/rosidl_interfaces/gwpspider_interfaces
[1.318s] -- Up-to-date: /home/spider/ros2_ws/install/gwpspider_interfaces/include/gwpspider_interfaces/gwpspider_interfaces
[1.318s] -- Up-to-date: /home/spider/ros2_ws/install/gwpspider_interfaces/include/gwpspider_interfaces/gwpspider_interfaces/msg
[1.318s] -- Up-to-date: /home/spider/ros2_ws/install/gwpspider_interfaces/include/gwpspider_interfaces/gwpspider_interfaces/msg/rosidl_generator_c__visibility_control.h
[1.318s] -- Up-to-date: /home/spider/ros2_ws/install/gwpspider_interfaces/include/gwpspider_interfaces/gwpspider_interfaces/msg/bno_data.h
[1.318s] -- Up-to-date: /home/spider/ros2_ws/install/gwpspider_interfaces/include/gwpspider_interfaces/gwpspider_interfaces/msg/gripper_state.h
[1.318s] -- Up-to-date: /home/spider/ros2_ws/install/gwpspider_interfaces/include/gwpspider_interfaces/gwpspider_interfaces/msg/water_pump_command.h
[1.318s] -- Up-to-date: /home/spider/ros2_ws/install/gwpspider_interfaces/include/gwpspider_interfaces/gwpspider_interfaces/msg/legs_states.h
[1.318s] -- Up-to-date: /home/spider/ros2_ws/install/gwpspider_interfaces/include/gwpspider_interfaces/gwpspider_interfaces/msg/gripper_command.h
[1.319s] -- Up-to-date: /home/spider/ros2_ws/install/gwpspider_interfaces/include/gwpspider_interfaces/gwpspider_interfaces/msg/detail
[1.319s] -- Up-to-date: /home/spider/ros2_ws/install/gwpspider_interfaces/include/gwpspider_interfaces/gwpspider_interfaces/msg/detail/gripper_state__type_support.h
[1.319s] -- Up-to-date: /home/spider/ros2_ws/install/gwpspider_interfaces/include/gwpspider_interfaces/gwpspider_interfaces/msg/detail/water_pump_command__type_support.h
[1.319s] -- Up-to-date: /home/spider/ros2_ws/install/gwpspider_interfaces/include/gwpspider_interfaces/gwpspider_interfaces/msg/detail/grippers_states__type_support.h
[1.319s] -- Up-to-date: /home/spider/ros2_ws/install/gwpspider_interfaces/include/gwpspider_interfaces/gwpspider_interfaces/msg/detail/dynamixel_motors_data__functions.c
[1.320s] -- Up-to-date: /home/spider/ros2_ws/install/gwpspider_interfaces/include/gwpspider_interfaces/gwpspider_interfaces/msg/detail/legs_states__functions.h
[1.320s] -- Up-to-date: /home/spider/ros2_ws/install/gwpspider_interfaces/include/gwpspider_interfaces/gwpspider_interfaces/msg/detail/bno_data__type_support.h
[1.320s] -- Up-to-date: /home/spider/ros2_ws/install/gwpspider_interfaces/include/gwpspider_interfaces/gwpspider_interfaces/msg/detail/gripper_command__struct.h
[1.320s] -- Up-to-date: /home/spider/ros2_ws/install/gwpspider_interfaces/include/gwpspider_interfaces/gwpspider_interfaces/msg/detail/bno_data__functions.h
[1.320s] -- Up-to-date: /home/spider/ros2_ws/install/gwpspider_interfaces/include/gwpspider_interfaces/gwpspider_interfaces/msg/detail/water_pump_command__functions.h
[1.321s] -- Up-to-date: /home/spider/ros2_ws/install/gwpspider_interfaces/include/gwpspider_interfaces/gwpspider_interfaces/msg/detail/walking_instructions__type_support.h
[1.322s] -- Up-to-date: /home/spider/ros2_ws/install/gwpspider_interfaces/include/gwpspider_interfaces/gwpspider_interfaces/msg/detail/walking_instructions__functions.h
[1.323s] -- Up-to-date: /home/spider/ros2_ws/install/gwpspider_interfaces/include/gwpspider_interfaces/gwpspider_interfaces/msg/detail/dynamixel_motors_data__type_support.h
[1.323s] -- Up-to-date: /home/spider/ros2_ws/install/gwpspider_interfaces/include/gwpspider_interfaces/gwpspider_interfaces/msg/detail/bno_data__struct.h
[1.323s] -- Up-to-date: /home/spider/ros2_ws/install/gwpspider_interfaces/include/gwpspider_interfaces/gwpspider_interfaces/msg/detail/water_pump_command__functions.c
[1.323s] -- Up-to-date: /home/spider/ros2_ws/install/gwpspider_interfaces/include/gwpspider_interfaces/gwpspider_interfaces/msg/detail/gripper_command__functions.c
[1.323s] -- Up-to-date: /home/spider/ros2_ws/install/gwpspider_interfaces/include/gwpspider_interfaces/gwpspider_interfaces/msg/detail/grippers_states__functions.c
[1.324s] -- Up-to-date: /home/spider/ros2_ws/install/gwpspider_interfaces/include/gwpspider_interfaces/gwpspider_interfaces/msg/detail/gripper_state__functions.h
[1.324s] -- Up-to-date: /home/spider/ros2_ws/install/gwpspider_interfaces/include/gwpspider_interfaces/gwpspider_interfaces/msg/detail/leg_trajectory__struct.h
[1.324s] -- Up-to-date: /home/spider/ros2_ws/install/gwpspider_interfaces/include/gwpspider_interfaces/gwpspider_interfaces/msg/detail/leg_trajectory__type_support.h
[1.324s] -- Up-to-date: /home/spider/ros2_ws/install/gwpspider_interfaces/include/gwpspider_interfaces/gwpspider_interfaces/msg/detail/legs_states__type_support.h
[1.324s] -- Up-to-date: /home/spider/ros2_ws/install/gwpspider_interfaces/include/gwpspider_interfaces/gwpspider_interfaces/msg/detail/legs_states__functions.c
[1.324s] -- Up-to-date: /home/spider/ros2_ws/install/gwpspider_interfaces/include/gwpspider_interfaces/gwpspider_interfaces/msg/detail/gripper_state__functions.c
[1.324s] -- Up-to-date: /home/spider/ros2_ws/install/gwpspider_interfaces/include/gwpspider_interfaces/gwpspider_interfaces/msg/detail/bno_data__functions.c
[1.325s] -- Up-to-date: /home/spider/ros2_ws/install/gwpspider_interfaces/include/gwpspider_interfaces/gwpspider_interfaces/msg/detail/leg_trajectory__functions.c
[1.325s] -- Up-to-date: /home/spider/ros2_ws/install/gwpspider_interfaces/include/gwpspider_interfaces/gwpspider_interfaces/msg/detail/water_pump_command__struct.h
[1.325s] -- Up-to-date: /home/spider/ros2_ws/install/gwpspider_interfaces/include/gwpspider_interfaces/gwpspider_interfaces/msg/detail/legs_states__struct.h
[1.327s] -- Up-to-date: /home/spider/ros2_ws/install/gwpspider_interfaces/include/gwpspider_interfaces/gwpspider_interfaces/msg/detail/gripper_state__struct.h
[1.327s] -- Up-to-date: /home/spider/ros2_ws/install/gwpspider_interfaces/include/gwpspider_interfaces/gwpspider_interfaces/msg/detail/grippers_states__struct.h
[1.327s] -- Up-to-date: /home/spider/ros2_ws/install/gwpspider_interfaces/include/gwpspider_interfaces/gwpspider_interfaces/msg/detail/walking_instructions__struct.h
[1.327s] -- Up-to-date: /home/spider/ros2_ws/install/gwpspider_interfaces/include/gwpspider_interfaces/gwpspider_interfaces/msg/detail/gripper_command__type_support.h
[1.328s] -- Up-to-date: /home/spider/ros2_ws/install/gwpspider_interfaces/include/gwpspider_interfaces/gwpspider_interfaces/msg/detail/gripper_command__functions.h
[1.328s] -- Up-to-date: /home/spider/ros2_ws/install/gwpspider_interfaces/include/gwpspider_interfaces/gwpspider_interfaces/msg/detail/grippers_states__functions.h
[1.328s] -- Up-to-date: /home/spider/ros2_ws/install/gwpspider_interfaces/include/gwpspider_interfaces/gwpspider_interfaces/msg/detail/leg_trajectory__functions.h
[1.329s] -- Up-to-date: /home/spider/ros2_ws/install/gwpspider_interfaces/include/gwpspider_interfaces/gwpspider_interfaces/msg/detail/dynamixel_motors_data__struct.h
[1.329s] -- Up-to-date: /home/spider/ros2_ws/install/gwpspider_interfaces/include/gwpspider_interfaces/gwpspider_interfaces/msg/detail/dynamixel_motors_data__functions.h
[1.329s] -- Up-to-date: /home/spider/ros2_ws/install/gwpspider_interfaces/include/gwpspider_interfaces/gwpspider_interfaces/msg/detail/walking_instructions__functions.c
[1.329s] -- Up-to-date: /home/spider/ros2_ws/install/gwpspider_interfaces/include/gwpspider_interfaces/gwpspider_interfaces/msg/walking_instructions.h
[1.329s] -- Up-to-date: /home/spider/ros2_ws/install/gwpspider_interfaces/include/gwpspider_interfaces/gwpspider_interfaces/msg/grippers_states.h
[1.329s] -- Up-to-date: /home/spider/ros2_ws/install/gwpspider_interfaces/include/gwpspider_interfaces/gwpspider_interfaces/msg/dynamixel_motors_data.h
[1.329s] -- Up-to-date: /home/spider/ros2_ws/install/gwpspider_interfaces/include/gwpspider_interfaces/gwpspider_interfaces/msg/leg_trajectory.h
[1.329s] -- Up-to-date: /home/spider/ros2_ws/install/gwpspider_interfaces/include/gwpspider_interfaces/gwpspider_interfaces/srv
[1.330s] -- Up-to-date: /home/spider/ros2_ws/install/gwpspider_interfaces/include/gwpspider_interfaces/gwpspider_interfaces/srv/move_gripper.h
[1.330s] -- Up-to-date: /home/spider/ros2_ws/install/gwpspider_interfaces/include/gwpspider_interfaces/gwpspider_interfaces/srv/get_leg_trajectory.h
[1.330s] -- Up-to-date: /home/spider/ros2_ws/install/gwpspider_interfaces/include/gwpspider_interfaces/gwpspider_interfaces/srv/init_bno.h
[1.330s] -- Up-to-date: /home/spider/ros2_ws/install/gwpspider_interfaces/include/gwpspider_interfaces/gwpspider_interfaces/srv/toggle_motors_torque.h
[1.330s] -- Up-to-date: /home/spider/ros2_ws/install/gwpspider_interfaces/include/gwpspider_interfaces/gwpspider_interfaces/srv/reboot_motors.h
[1.330s] -- Up-to-date: /home/spider/ros2_ws/install/gwpspider_interfaces/include/gwpspider_interfaces/gwpspider_interfaces/srv/control_water_pump.h
[1.330s] -- Up-to-date: /home/spider/ros2_ws/install/gwpspider_interfaces/include/gwpspider_interfaces/gwpspider_interfaces/srv/get_spider_pose.h
[1.330s] -- Up-to-date: /home/spider/ros2_ws/install/gwpspider_interfaces/include/gwpspider_interfaces/gwpspider_interfaces/srv/apply_force_leg.h
[1.331s] -- Up-to-date: /home/spider/ros2_ws/install/gwpspider_interfaces/include/gwpspider_interfaces/gwpspider_interfaces/srv/get_modified_walking_instructions.h
[1.331s] -- Up-to-date: /home/spider/ros2_ws/install/gwpspider_interfaces/include/gwpspider_interfaces/gwpspider_interfaces/srv/toggle_controller.h
[1.331s] -- Up-to-date: /home/spider/ros2_ws/install/gwpspider_interfaces/include/gwpspider_interfaces/gwpspider_interfaces/srv/detail
[1.331s] -- Up-to-date: /home/spider/ros2_ws/install/gwpspider_interfaces/include/gwpspider_interfaces/gwpspider_interfaces/srv/detail/get_walking_instructions__functions.h
[1.331s] -- Up-to-date: /home/spider/ros2_ws/install/gwpspider_interfaces/include/gwpspider_interfaces/gwpspider_interfaces/srv/detail/spider_goal__type_support.h
[1.332s] -- Up-to-date: /home/spider/ros2_ws/install/gwpspider_interfaces/include/gwpspider_interfaces/gwpspider_interfaces/srv/detail/toggle_controller__functions.c
[1.332s] -- Up-to-date: /home/spider/ros2_ws/install/gwpspider_interfaces/include/gwpspider_interfaces/gwpspider_interfaces/srv/detail/move_leg_velocity_mode__functions.c
[1.332s] -- Up-to-date: /home/spider/ros2_ws/install/gwpspider_interfaces/include/gwpspider_interfaces/gwpspider_interfaces/srv/detail/reboot_motors__type_support.h
[1.332s] -- Up-to-date: /home/spider/ros2_ws/install/gwpspider_interfaces/include/gwpspider_interfaces/gwpspider_interfaces/srv/detail/get_walking_instructions__functions.c
[1.333s] -- Up-to-date: /home/spider/ros2_ws/install/gwpspider_interfaces/include/gwpspider_interfaces/gwpspider_interfaces/srv/detail/move_gripper__functions.h
[1.333s] -- Up-to-date: /home/spider/ros2_ws/install/gwpspider_interfaces/include/gwpspider_interfaces/gwpspider_interfaces/srv/detail/toggle_motors_torque__functions.c
[1.333s] -- Up-to-date: /home/spider/ros2_ws/install/gwpspider_interfaces/include/gwpspider_interfaces/gwpspider_interfaces/srv/detail/set_bus_watchdog__functions.c
[1.333s] -- Up-to-date: /home/spider/ros2_ws/install/gwpspider_interfaces/include/gwpspider_interfaces/gwpspider_interfaces/srv/detail/control_water_pump__functions.h
[1.333s] -- Up-to-date: /home/spider/ros2_ws/install/gwpspider_interfaces/include/gwpspider_interfaces/gwpspider_interfaces/srv/detail/move_gripper__struct.h
[1.333s] -- Up-to-date: /home/spider/ros2_ws/install/gwpspider_interfaces/include/gwpspider_interfaces/gwpspider_interfaces/srv/detail/distribute_forces__struct.h
[1.333s] -- Up-to-date: /home/spider/ros2_ws/install/gwpspider_interfaces/include/gwpspider_interfaces/gwpspider_interfaces/srv/detail/distribute_forces__functions.c
[1.334s] -- Up-to-date: /home/spider/ros2_ws/install/gwpspider_interfaces/include/gwpspider_interfaces/gwpspider_interfaces/srv/detail/control_water_pump__functions.c
[1.335s] -- Up-to-date: /home/spider/ros2_ws/install/gwpspider_interfaces/include/gwpspider_interfaces/gwpspider_interfaces/srv/detail/init_bno__struct.h
[1.336s] -- Up-to-date: /home/spider/ros2_ws/install/gwpspider_interfaces/include/gwpspider_interfaces/gwpspider_interfaces/srv/detail/toggle_additional_controller_mode__functions.h
[1.336s] -- Up-to-date: /home/spider/ros2_ws/install/gwpspider_interfaces/include/gwpspider_interfaces/gwpspider_interfaces/srv/detail/get_modified_walking_instructions__functions.c
[1.336s] -- Up-to-date: /home/spider/ros2_ws/install/gwpspider_interfaces/include/gwpspider_interfaces/gwpspider_interfaces/srv/detail/toggle_additional_controller_mode__struct.h
[1.336s] -- Up-to-date: /home/spider/ros2_ws/install/gwpspider_interfaces/include/gwpspider_interfaces/gwpspider_interfaces/srv/detail/get_walking_instructions__type_support.h
[1.336s] -- Up-to-date: /home/spider/ros2_ws/install/gwpspider_interfaces/include/gwpspider_interfaces/gwpspider_interfaces/srv/detail/spider_goal__struct.h
[1.336s] -- Up-to-date: /home/spider/ros2_ws/install/gwpspider_interfaces/include/gwpspider_interfaces/gwpspider_interfaces/srv/detail/toggle_controller__functions.h
[1.337s] -- Up-to-date: /home/spider/ros2_ws/install/gwpspider_interfaces/include/gwpspider_interfaces/gwpspider_interfaces/srv/detail/move_leg_velocity_mode__struct.h
[1.337s] -- Up-to-date: /home/spider/ros2_ws/install/gwpspider_interfaces/include/gwpspider_interfaces/gwpspider_interfaces/srv/detail/toggle_motors_torque__type_support.h
[1.337s] -- Up-to-date: /home/spider/ros2_ws/install/gwpspider_interfaces/include/gwpspider_interfaces/gwpspider_interfaces/srv/detail/reboot_motors__struct.h
[1.337s] -- Up-to-date: /home/spider/ros2_ws/install/gwpspider_interfaces/include/gwpspider_interfaces/gwpspider_interfaces/srv/detail/get_leg_trajectory__functions.h
[1.337s] -- Up-to-date: /home/spider/ros2_ws/install/gwpspider_interfaces/include/gwpspider_interfaces/gwpspider_interfaces/srv/detail/reboot_motors__functions.h
[1.337s] -- Up-to-date: /home/spider/ros2_ws/install/gwpspider_interfaces/include/gwpspider_interfaces/gwpspider_interfaces/srv/detail/move_gripper__type_support.h
[1.337s] -- Up-to-date: /home/spider/ros2_ws/install/gwpspider_interfaces/include/gwpspider_interfaces/gwpspider_interfaces/srv/detail/get_spider_pose__functions.h
[1.337s] -- Up-to-date: /home/spider/ros2_ws/install/gwpspider_interfaces/include/gwpspider_interfaces/gwpspider_interfaces/srv/detail/toggle_controller__type_support.h
[1.338s] -- Up-to-date: /home/spider/ros2_ws/install/gwpspider_interfaces/include/gwpspider_interfaces/gwpspider_interfaces/srv/detail/reboot_motors__functions.c
[1.338s] -- Up-to-date: /home/spider/ros2_ws/install/gwpspider_interfaces/include/gwpspider_interfaces/gwpspider_interfaces/srv/detail/move_spider__type_support.h
[1.338s] -- Up-to-date: /home/spider/ros2_ws/install/gwpspider_interfaces/include/gwpspider_interfaces/gwpspider_interfaces/srv/detail/apply_force_leg__type_support.h
[1.338s] -- Up-to-date: /home/spider/ros2_ws/install/gwpspider_interfaces/include/gwpspider_interfaces/gwpspider_interfaces/srv/detail/apply_force_leg__functions.c
[1.338s] -- Up-to-date: /home/spider/ros2_ws/install/gwpspider_interfaces/include/gwpspider_interfaces/gwpspider_interfaces/srv/detail/get_spider_pose__struct.h
[1.338s] -- Up-to-date: /home/spider/ros2_ws/install/gwpspider_interfaces/include/gwpspider_interfaces/gwpspider_interfaces/srv/detail/move_leg__functions.h
[1.338s] -- Up-to-date: /home/spider/ros2_ws/install/gwpspider_interfaces/include/gwpspider_interfaces/gwpspider_interfaces/srv/detail/get_spider_pose__functions.c
[1.339s] -- Up-to-date: /home/spider/ros2_ws/install/gwpspider_interfaces/include/gwpspider_interfaces/gwpspider_interfaces/srv/detail/set_bus_watchdog__functions.h
[1.339s] -- Up-to-date: /home/spider/ros2_ws/install/gwpspider_interfaces/include/gwpspider_interfaces/gwpspider_interfaces/srv/detail/apply_force_leg__functions.h
[1.339s] -- Up-to-date: /home/spider/ros2_ws/install/gwpspider_interfaces/include/gwpspider_interfaces/gwpspider_interfaces/srv/detail/get_leg_trajectory__struct.h
[1.339s] -- Up-to-date: /home/spider/ros2_ws/install/gwpspider_interfaces/include/gwpspider_interfaces/gwpspider_interfaces/srv/detail/get_spider_pose__type_support.h
[1.339s] -- Up-to-date: /home/spider/ros2_ws/install/gwpspider_interfaces/include/gwpspider_interfaces/gwpspider_interfaces/srv/detail/set_bus_watchdog__struct.h
[1.340s] -- Up-to-date: /home/spider/ros2_ws/install/gwpspider_interfaces/include/gwpspider_interfaces/gwpspider_interfaces/srv/detail/move_leg_velocity_mode__functions.h
[1.340s] -- Up-to-date: /home/spider/ros2_ws/install/gwpspider_interfaces/include/gwpspider_interfaces/gwpspider_interfaces/srv/detail/distribute_forces__functions.h
[1.340s] -- Up-to-date: /home/spider/ros2_ws/install/gwpspider_interfaces/include/gwpspider_interfaces/gwpspider_interfaces/srv/detail/move_spider__struct.h
[1.340s] -- Up-to-date: /home/spider/ros2_ws/install/gwpspider_interfaces/include/gwpspider_interfaces/gwpspider_interfaces/srv/detail/toggle_controller__struct.h
[1.340s] -- Up-to-date: /home/spider/ros2_ws/install/gwpspider_interfaces/include/gwpspider_interfaces/gwpspider_interfaces/srv/detail/move_spider__functions.h
[1.340s] -- Up-to-date: /home/spider/ros2_ws/install/gwpspider_interfaces/include/gwpspider_interfaces/gwpspider_interfaces/srv/detail/get_modified_walking_instructions__struct.h
[1.341s] -- Up-to-date: /home/spider/ros2_ws/install/gwpspider_interfaces/include/gwpspider_interfaces/gwpspider_interfaces/srv/detail/apply_force_leg__struct.h
[1.341s] -- Up-to-date: /home/spider/ros2_ws/install/gwpspider_interfaces/include/gwpspider_interfaces/gwpspider_interfaces/srv/detail/move_leg__struct.h
[1.341s] -- Up-to-date: /home/spider/ros2_ws/install/gwpspider_interfaces/include/gwpspider_interfaces/gwpspider_interfaces/srv/detail/move_leg_velocity_mode__type_support.h
[1.341s] -- Up-to-date: /home/spider/ros2_ws/install/gwpspider_interfaces/include/gwpspider_interfaces/gwpspider_interfaces/srv/detail/distribute_forces__type_support.h
[1.341s] -- Up-to-date: /home/spider/ros2_ws/install/gwpspider_interfaces/include/gwpspider_interfaces/gwpspider_interfaces/srv/detail/get_walking_instructions__struct.h
[1.341s] -- Up-to-date: /home/spider/ros2_ws/install/gwpspider_interfaces/include/gwpspider_interfaces/gwpspider_interfaces/srv/detail/control_water_pump__struct.h
[1.342s] -- Up-to-date: /home/spider/ros2_ws/install/gwpspider_interfaces/include/gwpspider_interfaces/gwpspider_interfaces/srv/detail/set_bus_watchdog__type_support.h
[1.342s] -- Up-to-date: /home/spider/ros2_ws/install/gwpspider_interfaces/include/gwpspider_interfaces/gwpspider_interfaces/srv/detail/init_bno__type_support.h
[1.342s] -- Up-to-date: /home/spider/ros2_ws/install/gwpspider_interfaces/include/gwpspider_interfaces/gwpspider_interfaces/srv/detail/spider_goal__functions.h
[1.342s] -- Up-to-date: /home/spider/ros2_ws/install/gwpspider_interfaces/include/gwpspider_interfaces/gwpspider_interfaces/srv/detail/toggle_motors_torque__struct.h
[1.342s] -- Up-to-date: /home/spider/ros2_ws/install/gwpspider_interfaces/include/gwpspider_interfaces/gwpspider_interfaces/srv/detail/toggle_additional_controller_mode__functions.c
[1.343s] -- Up-to-date: /home/spider/ros2_ws/install/gwpspider_interfaces/include/gwpspider_interfaces/gwpspider_interfaces/srv/detail/toggle_additional_controller_mode__type_support.h
[1.343s] -- Up-to-date: /home/spider/ros2_ws/install/gwpspider_interfaces/include/gwpspider_interfaces/gwpspider_interfaces/srv/detail/get_leg_trajectory__functions.c
[1.343s] -- Up-to-date: /home/spider/ros2_ws/install/gwpspider_interfaces/include/gwpspider_interfaces/gwpspider_interfaces/srv/detail/spider_goal__functions.c
[1.343s] -- Up-to-date: /home/spider/ros2_ws/install/gwpspider_interfaces/include/gwpspider_interfaces/gwpspider_interfaces/srv/detail/control_water_pump__type_support.h
[1.343s] -- Up-to-date: /home/spider/ros2_ws/install/gwpspider_interfaces/include/gwpspider_interfaces/gwpspider_interfaces/srv/detail/move_gripper__functions.c
[1.343s] -- Up-to-date: /home/spider/ros2_ws/install/gwpspider_interfaces/include/gwpspider_interfaces/gwpspider_interfaces/srv/detail/init_bno__functions.h
[1.343s] -- Up-to-date: /home/spider/ros2_ws/install/gwpspider_interfaces/include/gwpspider_interfaces/gwpspider_interfaces/srv/detail/get_leg_trajectory__type_support.h
[1.344s] -- Up-to-date: /home/spider/ros2_ws/install/gwpspider_interfaces/include/gwpspider_interfaces/gwpspider_interfaces/srv/detail/toggle_motors_torque__functions.h
[1.344s] -- Up-to-date: /home/spider/ros2_ws/install/gwpspider_interfaces/include/gwpspider_interfaces/gwpspider_interfaces/srv/detail/init_bno__functions.c
[1.344s] -- Up-to-date: /home/spider/ros2_ws/install/gwpspider_interfaces/include/gwpspider_interfaces/gwpspider_interfaces/srv/detail/get_modified_walking_instructions__type_support.h
[1.344s] -- Up-to-date: /home/spider/ros2_ws/install/gwpspider_interfaces/include/gwpspider_interfaces/gwpspider_interfaces/srv/detail/move_leg__functions.c
[1.344s] -- Up-to-date: /home/spider/ros2_ws/install/gwpspider_interfaces/include/gwpspider_interfaces/gwpspider_interfaces/srv/detail/get_modified_walking_instructions__functions.h
[1.345s] -- Up-to-date: /home/spider/ros2_ws/install/gwpspider_interfaces/include/gwpspider_interfaces/gwpspider_interfaces/srv/detail/move_leg__type_support.h
[1.345s] -- Up-to-date: /home/spider/ros2_ws/install/gwpspider_interfaces/include/gwpspider_interfaces/gwpspider_interfaces/srv/detail/move_spider__functions.c
[1.345s] -- Up-to-date: /home/spider/ros2_ws/install/gwpspider_interfaces/include/gwpspider_interfaces/gwpspider_interfaces/srv/spider_goal.h
[1.345s] -- Up-to-date: /home/spider/ros2_ws/install/gwpspider_interfaces/include/gwpspider_interfaces/gwpspider_interfaces/srv/move_spider.h
[1.345s] -- Up-to-date: /home/spider/ros2_ws/install/gwpspider_interfaces/include/gwpspider_interfaces/gwpspider_interfaces/srv/toggle_additional_controller_mode.h
[1.345s] -- Up-to-date: /home/spider/ros2_ws/install/gwpspider_interfaces/include/gwpspider_interfaces/gwpspider_interfaces/srv/distribute_forces.h
[1.346s] -- Up-to-date: /home/spider/ros2_ws/install/gwpspider_interfaces/include/gwpspider_interfaces/gwpspider_interfaces/srv/move_leg_velocity_mode.h
[1.346s] -- Up-to-date: /home/spider/ros2_ws/install/gwpspider_interfaces/include/gwpspider_interfaces/gwpspider_interfaces/srv/move_leg.h
[1.346s] -- Up-to-date: /home/spider/ros2_ws/install/gwpspider_interfaces/include/gwpspider_interfaces/gwpspider_interfaces/srv/get_walking_instructions.h
[1.346s] -- Up-to-date: /home/spider/ros2_ws/install/gwpspider_interfaces/include/gwpspider_interfaces/gwpspider_interfaces/srv/set_bus_watchdog.h
[1.346s] -- Up-to-date: /home/spider/ros2_ws/install/gwpspider_interfaces/share/gwpspider_interfaces/environment/library_path.sh
[1.346s] -- Up-to-date: /home/spider/ros2_ws/install/gwpspider_interfaces/share/gwpspider_interfaces/environment/library_path.dsv
[1.346s] -- Up-to-date: /home/spider/ros2_ws/install/gwpspider_interfaces/lib/libgwpspider_interfaces__rosidl_generator_c.so
[1.346s] -- Up-to-date: /home/spider/ros2_ws/install/gwpspider_interfaces/include/gwpspider_interfaces/gwpspider_interfaces
[1.347s] -- Up-to-date: /home/spider/ros2_ws/install/gwpspider_interfaces/include/gwpspider_interfaces/gwpspider_interfaces/msg
[1.347s] -- Up-to-date: /home/spider/ros2_ws/install/gwpspider_interfaces/include/gwpspider_interfaces/gwpspider_interfaces/msg/detail
[1.347s] -- Up-to-date: /home/spider/ros2_ws/install/gwpspider_interfaces/include/gwpspider_interfaces/gwpspider_interfaces/msg/detail/bno_data__rosidl_typesupport_fastrtps_c.h
[1.347s] -- Up-to-date: /home/spider/ros2_ws/install/gwpspider_interfaces/include/gwpspider_interfaces/gwpspider_interfaces/msg/detail/grippers_states__rosidl_typesupport_fastrtps_c.h
[1.347s] -- Up-to-date: /home/spider/ros2_ws/install/gwpspider_interfaces/include/gwpspider_interfaces/gwpspider_interfaces/msg/detail/water_pump_command__rosidl_typesupport_fastrtps_c.h
[1.347s] -- Up-to-date: /home/spider/ros2_ws/install/gwpspider_interfaces/include/gwpspider_interfaces/gwpspider_interfaces/msg/detail/leg_trajectory__rosidl_typesupport_fastrtps_c.h
[1.347s] -- Up-to-date: /home/spider/ros2_ws/install/gwpspider_interfaces/include/gwpspider_interfaces/gwpspider_interfaces/msg/detail/legs_states__rosidl_typesupport_fastrtps_c.h
[1.347s] -- Up-to-date: /home/spider/ros2_ws/install/gwpspider_interfaces/include/gwpspider_interfaces/gwpspider_interfaces/msg/detail/gripper_command__rosidl_typesupport_fastrtps_c.h
[1.347s] -- Up-to-date: /home/spider/ros2_ws/install/gwpspider_interfaces/include/gwpspider_interfaces/gwpspider_interfaces/msg/detail/dynamixel_motors_data__rosidl_typesupport_fastrtps_c.h
[1.348s] -- Up-to-date: /home/spider/ros2_ws/install/gwpspider_interfaces/include/gwpspider_interfaces/gwpspider_interfaces/msg/detail/gripper_state__rosidl_typesupport_fastrtps_c.h
[1.348s] -- Up-to-date: /home/spider/ros2_ws/install/gwpspider_interfaces/include/gwpspider_interfaces/gwpspider_interfaces/msg/detail/walking_instructions__rosidl_typesupport_fastrtps_c.h
[1.348s] -- Up-to-date: /home/spider/ros2_ws/install/gwpspider_interfaces/include/gwpspider_interfaces/gwpspider_interfaces/msg/rosidl_typesupport_fastrtps_c__visibility_control.h
[1.348s] -- Up-to-date: /home/spider/ros2_ws/install/gwpspider_interfaces/include/gwpspider_interfaces/gwpspider_interfaces/srv
[1.348s] -- Up-to-date: /home/spider/ros2_ws/install/gwpspider_interfaces/include/gwpspider_interfaces/gwpspider_interfaces/srv/detail
[1.348s] -- Up-to-date: /home/spider/ros2_ws/install/gwpspider_interfaces/include/gwpspider_interfaces/gwpspider_interfaces/srv/detail/toggle_controller__rosidl_typesupport_fastrtps_c.h
[1.348s] -- Up-to-date: /home/spider/ros2_ws/install/gwpspider_interfaces/include/gwpspider_interfaces/gwpspider_interfaces/srv/detail/get_leg_trajectory__rosidl_typesupport_fastrtps_c.h
[1.348s] -- Up-to-date: /home/spider/ros2_ws/install/gwpspider_interfaces/include/gwpspider_interfaces/gwpspider_interfaces/srv/detail/move_leg_velocity_mode__rosidl_typesupport_fastrtps_c.h
[1.348s] -- Up-to-date: /home/spider/ros2_ws/install/gwpspider_interfaces/include/gwpspider_interfaces/gwpspider_interfaces/srv/detail/move_leg__rosidl_typesupport_fastrtps_c.h
[1.349s] -- Up-to-date: /home/spider/ros2_ws/install/gwpspider_interfaces/include/gwpspider_interfaces/gwpspider_interfaces/srv/detail/move_gripper__rosidl_typesupport_fastrtps_c.h
[1.349s] -- Up-to-date: /home/spider/ros2_ws/install/gwpspider_interfaces/include/gwpspider_interfaces/gwpspider_interfaces/srv/detail/apply_force_leg__rosidl_typesupport_fastrtps_c.h
[1.349s] -- Up-to-date: /home/spider/ros2_ws/install/gwpspider_interfaces/include/gwpspider_interfaces/gwpspider_interfaces/srv/detail/spider_goal__rosidl_typesupport_fastrtps_c.h
[1.349s] -- Up-to-date: /home/spider/ros2_ws/install/gwpspider_interfaces/include/gwpspider_interfaces/gwpspider_interfaces/srv/detail/distribute_forces__rosidl_typesupport_fastrtps_c.h
[1.349s] -- Up-to-date: /home/spider/ros2_ws/install/gwpspider_interfaces/include/gwpspider_interfaces/gwpspider_interfaces/srv/detail/toggle_motors_torque__rosidl_typesupport_fastrtps_c.h
[1.349s] -- Up-to-date: /home/spider/ros2_ws/install/gwpspider_interfaces/include/gwpspider_interfaces/gwpspider_interfaces/srv/detail/get_walking_instructions__rosidl_typesupport_fastrtps_c.h
[1.349s] -- Up-to-date: /home/spider/ros2_ws/install/gwpspider_interfaces/include/gwpspider_interfaces/gwpspider_interfaces/srv/detail/control_water_pump__rosidl_typesupport_fastrtps_c.h
[1.349s] -- Up-to-date: /home/spider/ros2_ws/install/gwpspider_interfaces/include/gwpspider_interfaces/gwpspider_interfaces/srv/detail/reboot_motors__rosidl_typesupport_fastrtps_c.h
[1.349s] -- Up-to-date: /home/spider/ros2_ws/install/gwpspider_interfaces/include/gwpspider_interfaces/gwpspider_interfaces/srv/detail/set_bus_watchdog__rosidl_typesupport_fastrtps_c.h
[1.350s] -- Up-to-date: /home/spider/ros2_ws/install/gwpspider_interfaces/include/gwpspider_interfaces/gwpspider_interfaces/srv/detail/get_modified_walking_instructions__rosidl_typesupport_fastrtps_c.h
[1.350s] -- Up-to-date: /home/spider/ros2_ws/install/gwpspider_interfaces/include/gwpspider_interfaces/gwpspider_interfaces/srv/detail/move_spider__rosidl_typesupport_fastrtps_c.h
[1.350s] -- Up-to-date: /home/spider/ros2_ws/install/gwpspider_interfaces/include/gwpspider_interfaces/gwpspider_interfaces/srv/detail/toggle_additional_controller_mode__rosidl_typesupport_fastrtps_c.h
[1.350s] -- Up-to-date: /home/spider/ros2_ws/install/gwpspider_interfaces/include/gwpspider_interfaces/gwpspider_interfaces/srv/detail/init_bno__rosidl_typesupport_fastrtps_c.h
[1.350s] -- Up-to-date: /home/spider/ros2_ws/install/gwpspider_interfaces/include/gwpspider_interfaces/gwpspider_interfaces/srv/detail/get_spider_pose__rosidl_typesupport_fastrtps_c.h
[1.350s] -- Up-to-date: /home/spider/ros2_ws/install/gwpspider_interfaces/lib/libgwpspider_interfaces__rosidl_typesupport_fastrtps_c.so
[1.350s] -- Up-to-date: /home/spider/ros2_ws/install/gwpspider_interfaces/include/gwpspider_interfaces/gwpspider_interfaces
[1.350s] -- Up-to-date: /home/spider/ros2_ws/install/gwpspider_interfaces/include/gwpspider_interfaces/gwpspider_interfaces/msg
[1.350s] -- Up-to-date: /home/spider/ros2_ws/install/gwpspider_interfaces/include/gwpspider_interfaces/gwpspider_interfaces/msg/leg_trajectory.hpp
[1.351s] -- Up-to-date: /home/spider/ros2_ws/install/gwpspider_interfaces/include/gwpspider_interfaces/gwpspider_interfaces/msg/dynamixel_motors_data.hpp
[1.351s] -- Up-to-date: /home/spider/ros2_ws/install/gwpspider_interfaces/include/gwpspider_interfaces/gwpspider_interfaces/msg/walking_instructions.hpp
[1.351s] -- Up-to-date: /home/spider/ros2_ws/install/gwpspider_interfaces/include/gwpspider_interfaces/gwpspider_interfaces/msg/gripper_command.hpp
[1.351s] -- Up-to-date: /home/spider/ros2_ws/install/gwpspider_interfaces/include/gwpspider_interfaces/gwpspider_interfaces/msg/detail
[1.351s] -- Up-to-date: /home/spider/ros2_ws/install/gwpspider_interfaces/include/gwpspider_interfaces/gwpspider_interfaces/msg/detail/water_pump_command__traits.hpp
[1.351s] -- Up-to-date: /home/spider/ros2_ws/install/gwpspider_interfaces/include/gwpspider_interfaces/gwpspider_interfaces/msg/detail/gripper_command__traits.hpp
[1.351s] -- Up-to-date: /home/spider/ros2_ws/install/gwpspider_interfaces/include/gwpspider_interfaces/gwpspider_interfaces/msg/detail/water_pump_command__builder.hpp
[1.351s] -- Up-to-date: /home/spider/ros2_ws/install/gwpspider_interfaces/include/gwpspider_interfaces/gwpspider_interfaces/msg/detail/gripper_state__traits.hpp
[1.351s] -- Up-to-date: /home/spider/ros2_ws/install/gwpspider_interfaces/include/gwpspider_interfaces/gwpspider_interfaces/msg/detail/leg_trajectory__struct.hpp
[1.352s] -- Up-to-date: /home/spider/ros2_ws/install/gwpspider_interfaces/include/gwpspider_interfaces/gwpspider_interfaces/msg/detail/bno_data__builder.hpp
[1.352s] -- Up-to-date: /home/spider/ros2_ws/install/gwpspider_interfaces/include/gwpspider_interfaces/gwpspider_interfaces/msg/detail/legs_states__traits.hpp
[1.352s] -- Up-to-date: /home/spider/ros2_ws/install/gwpspider_interfaces/include/gwpspider_interfaces/gwpspider_interfaces/msg/detail/bno_data__traits.hpp
[1.352s] -- Up-to-date: /home/spider/ros2_ws/install/gwpspider_interfaces/include/gwpspider_interfaces/gwpspider_interfaces/msg/detail/gripper_command__builder.hpp
[1.352s] -- Up-to-date: /home/spider/ros2_ws/install/gwpspider_interfaces/include/gwpspider_interfaces/gwpspider_interfaces/msg/detail/legs_states__builder.hpp
[1.352s] -- Up-to-date: /home/spider/ros2_ws/install/gwpspider_interfaces/include/gwpspider_interfaces/gwpspider_interfaces/msg/detail/bno_data__struct.hpp
[1.352s] -- Up-to-date: /home/spider/ros2_ws/install/gwpspider_interfaces/include/gwpspider_interfaces/gwpspider_interfaces/msg/detail/dynamixel_motors_data__struct.hpp
[1.352s] -- Up-to-date: /home/spider/ros2_ws/install/gwpspider_interfaces/include/gwpspider_interfaces/gwpspider_interfaces/msg/detail/gripper_state__struct.hpp
[1.352s] -- Up-to-date: /home/spider/ros2_ws/install/gwpspider_interfaces/include/gwpspider_interfaces/gwpspider_interfaces/msg/detail/grippers_states__struct.hpp
[1.353s] -- Up-to-date: /home/spider/ros2_ws/install/gwpspider_interfaces/include/gwpspider_interfaces/gwpspider_interfaces/msg/detail/leg_trajectory__builder.hpp
[1.353s] -- Up-to-date: /home/spider/ros2_ws/install/gwpspider_interfaces/include/gwpspider_interfaces/gwpspider_interfaces/msg/detail/leg_trajectory__traits.hpp
[1.353s] -- Up-to-date: /home/spider/ros2_ws/install/gwpspider_interfaces/include/gwpspider_interfaces/gwpspider_interfaces/msg/detail/water_pump_command__struct.hpp
[1.353s] -- Up-to-date: /home/spider/ros2_ws/install/gwpspider_interfaces/include/gwpspider_interfaces/gwpspider_interfaces/msg/detail/grippers_states__builder.hpp
[1.353s] -- Up-to-date: /home/spider/ros2_ws/install/gwpspider_interfaces/include/gwpspider_interfaces/gwpspider_interfaces/msg/detail/legs_states__struct.hpp
[1.353s] -- Up-to-date: /home/spider/ros2_ws/install/gwpspider_interfaces/include/gwpspider_interfaces/gwpspider_interfaces/msg/detail/walking_instructions__builder.hpp
[1.353s] -- Up-to-date: /home/spider/ros2_ws/install/gwpspider_interfaces/include/gwpspider_interfaces/gwpspider_interfaces/msg/detail/walking_instructions__traits.hpp
[1.353s] -- Up-to-date: /home/spider/ros2_ws/install/gwpspider_interfaces/include/gwpspider_interfaces/gwpspider_interfaces/msg/detail/dynamixel_motors_data__traits.hpp
[1.354s] -- Up-to-date: /home/spider/ros2_ws/install/gwpspider_interfaces/include/gwpspider_interfaces/gwpspider_interfaces/msg/detail/gripper_state__builder.hpp
[1.354s] -- Up-to-date: /home/spider/ros2_ws/install/gwpspider_interfaces/include/gwpspider_interfaces/gwpspider_interfaces/msg/detail/gripper_command__struct.hpp
[1.354s] -- Up-to-date: /home/spider/ros2_ws/install/gwpspider_interfaces/include/gwpspider_interfaces/gwpspider_interfaces/msg/detail/walking_instructions__struct.hpp
[1.354s] -- Up-to-date: /home/spider/ros2_ws/install/gwpspider_interfaces/include/gwpspider_interfaces/gwpspider_interfaces/msg/detail/grippers_states__traits.hpp
[1.354s] -- Up-to-date: /home/spider/ros2_ws/install/gwpspider_interfaces/include/gwpspider_interfaces/gwpspider_interfaces/msg/detail/dynamixel_motors_data__builder.hpp
[1.354s] -- Up-to-date: /home/spider/ros2_ws/install/gwpspider_interfaces/include/gwpspider_interfaces/gwpspider_interfaces/msg/bno_data.hpp
[1.354s] -- Up-to-date: /home/spider/ros2_ws/install/gwpspider_interfaces/include/gwpspider_interfaces/gwpspider_interfaces/msg/gripper_state.hpp
[1.354s] -- Up-to-date: /home/spider/ros2_ws/install/gwpspider_interfaces/include/gwpspider_interfaces/gwpspider_interfaces/msg/water_pump_command.hpp
[1.354s] -- Up-to-date: /home/spider/ros2_ws/install/gwpspider_interfaces/include/gwpspider_interfaces/gwpspider_interfaces/msg/grippers_states.hpp
[1.355s] -- Up-to-date: /home/spider/ros2_ws/install/gwpspider_interfaces/include/gwpspider_interfaces/gwpspider_interfaces/msg/legs_states.hpp
[1.355s] -- Up-to-date: /home/spider/ros2_ws/install/gwpspider_interfaces/include/gwpspider_interfaces/gwpspider_interfaces/srv
[1.355s] -- Up-to-date: /home/spider/ros2_ws/install/gwpspider_interfaces/include/gwpspider_interfaces/gwpspider_interfaces/srv/init_bno.hpp
[1.355s] -- Up-to-date: /home/spider/ros2_ws/install/gwpspider_interfaces/include/gwpspider_interfaces/gwpspider_interfaces/srv/move_leg_velocity_mode.hpp
[1.355s] -- Up-to-date: /home/spider/ros2_ws/install/gwpspider_interfaces/include/gwpspider_interfaces/gwpspider_interfaces/srv/move_spider.hpp
[1.355s] -- Up-to-date: /home/spider/ros2_ws/install/gwpspider_interfaces/include/gwpspider_interfaces/gwpspider_interfaces/srv/control_water_pump.hpp
[1.355s] -- Up-to-date: /home/spider/ros2_ws/install/gwpspider_interfaces/include/gwpspider_interfaces/gwpspider_interfaces/srv/move_gripper.hpp
[1.355s] -- Up-to-date: /home/spider/ros2_ws/install/gwpspider_interfaces/include/gwpspider_interfaces/gwpspider_interfaces/srv/reboot_motors.hpp
[1.355s] -- Up-to-date: /home/spider/ros2_ws/install/gwpspider_interfaces/include/gwpspider_interfaces/gwpspider_interfaces/srv/apply_force_leg.hpp
[1.355s] -- Up-to-date: /home/spider/ros2_ws/install/gwpspider_interfaces/include/gwpspider_interfaces/gwpspider_interfaces/srv/get_walking_instructions.hpp
[1.356s] -- Up-to-date: /home/spider/ros2_ws/install/gwpspider_interfaces/include/gwpspider_interfaces/gwpspider_interfaces/srv/move_leg.hpp
[1.356s] -- Up-to-date: /home/spider/ros2_ws/install/gwpspider_interfaces/include/gwpspider_interfaces/gwpspider_interfaces/srv/get_leg_trajectory.hpp
[1.356s] -- Up-to-date: /home/spider/ros2_ws/install/gwpspider_interfaces/include/gwpspider_interfaces/gwpspider_interfaces/srv/detail
[1.356s] -- Up-to-date: /home/spider/ros2_ws/install/gwpspider_interfaces/include/gwpspider_interfaces/gwpspider_interfaces/srv/detail/reboot_motors__builder.hpp
[1.356s] -- Up-to-date: /home/spider/ros2_ws/install/gwpspider_interfaces/include/gwpspider_interfaces/gwpspider_interfaces/srv/detail/reboot_motors__traits.hpp
[1.356s] -- Up-to-date: /home/spider/ros2_ws/install/gwpspider_interfaces/include/gwpspider_interfaces/gwpspider_interfaces/srv/detail/control_water_pump__builder.hpp
[1.356s] -- Up-to-date: /home/spider/ros2_ws/install/gwpspider_interfaces/include/gwpspider_interfaces/gwpspider_interfaces/srv/detail/distribute_forces__struct.hpp
[1.356s] -- Up-to-date: /home/spider/ros2_ws/install/gwpspider_interfaces/include/gwpspider_interfaces/gwpspider_interfaces/srv/detail/toggle_motors_torque__struct.hpp
[1.356s] -- Up-to-date: /home/spider/ros2_ws/install/gwpspider_interfaces/include/gwpspider_interfaces/gwpspider_interfaces/srv/detail/set_bus_watchdog__struct.hpp
[1.357s] -- Up-to-date: /home/spider/ros2_ws/install/gwpspider_interfaces/include/gwpspider_interfaces/gwpspider_interfaces/srv/detail/move_leg_velocity_mode__builder.hpp
[1.357s] -- Up-to-date: /home/spider/ros2_ws/install/gwpspider_interfaces/include/gwpspider_interfaces/gwpspider_interfaces/srv/detail/set_bus_watchdog__builder.hpp
[1.357s] -- Up-to-date: /home/spider/ros2_ws/install/gwpspider_interfaces/include/gwpspider_interfaces/gwpspider_interfaces/srv/detail/move_leg_velocity_mode__traits.hpp
[1.357s] -- Up-to-date: /home/spider/ros2_ws/install/gwpspider_interfaces/include/gwpspider_interfaces/gwpspider_interfaces/srv/detail/toggle_additional_controller_mode__traits.hpp
[1.357s] -- Up-to-date: /home/spider/ros2_ws/install/gwpspider_interfaces/include/gwpspider_interfaces/gwpspider_interfaces/srv/detail/spider_goal__builder.hpp
[1.357s] -- Up-to-date: /home/spider/ros2_ws/install/gwpspider_interfaces/include/gwpspider_interfaces/gwpspider_interfaces/srv/detail/control_water_pump__struct.hpp
[1.357s] -- Up-to-date: /home/spider/ros2_ws/install/gwpspider_interfaces/include/gwpspider_interfaces/gwpspider_interfaces/srv/detail/get_walking_instructions__struct.hpp
[1.357s] -- Up-to-date: /home/spider/ros2_ws/install/gwpspider_interfaces/include/gwpspider_interfaces/gwpspider_interfaces/srv/detail/apply_force_leg__struct.hpp
[1.357s] -- Up-to-date: /home/spider/ros2_ws/install/gwpspider_interfaces/include/gwpspider_interfaces/gwpspider_interfaces/srv/detail/move_gripper__builder.hpp
[1.358s] -- Up-to-date: /home/spider/ros2_ws/install/gwpspider_interfaces/include/gwpspider_interfaces/gwpspider_interfaces/srv/detail/get_walking_instructions__builder.hpp
[1.358s] -- Up-to-date: /home/spider/ros2_ws/install/gwpspider_interfaces/include/gwpspider_interfaces/gwpspider_interfaces/srv/detail/toggle_additional_controller_mode__builder.hpp
[1.358s] -- Up-to-date: /home/spider/ros2_ws/install/gwpspider_interfaces/include/gwpspider_interfaces/gwpspider_interfaces/srv/detail/get_leg_trajectory__builder.hpp
[1.358s] -- Up-to-date: /home/spider/ros2_ws/install/gwpspider_interfaces/include/gwpspider_interfaces/gwpspider_interfaces/srv/detail/toggle_controller__struct.hpp
[1.358s] -- Up-to-date: /home/spider/ros2_ws/install/gwpspider_interfaces/include/gwpspider_interfaces/gwpspider_interfaces/srv/detail/move_leg__traits.hpp
[1.358s] -- Up-to-date: /home/spider/ros2_ws/install/gwpspider_interfaces/include/gwpspider_interfaces/gwpspider_interfaces/srv/detail/init_bno__builder.hpp
[1.358s] -- Up-to-date: /home/spider/ros2_ws/install/gwpspider_interfaces/include/gwpspider_interfaces/gwpspider_interfaces/srv/detail/toggle_motors_torque__traits.hpp
[1.358s] -- Up-to-date: /home/spider/ros2_ws/install/gwpspider_interfaces/include/gwpspider_interfaces/gwpspider_interfaces/srv/detail/move_leg__builder.hpp
[1.358s] -- Up-to-date: /home/spider/ros2_ws/install/gwpspider_interfaces/include/gwpspider_interfaces/gwpspider_interfaces/srv/detail/get_leg_trajectory__traits.hpp
[1.359s] -- Up-to-date: /home/spider/ros2_ws/install/gwpspider_interfaces/include/gwpspider_interfaces/gwpspider_interfaces/srv/detail/get_modified_walking_instructions__builder.hpp
[1.359s] -- Up-to-date: /home/spider/ros2_ws/install/gwpspider_interfaces/include/gwpspider_interfaces/gwpspider_interfaces/srv/detail/get_leg_trajectory__struct.hpp
[1.359s] -- Up-to-date: /home/spider/ros2_ws/install/gwpspider_interfaces/include/gwpspider_interfaces/gwpspider_interfaces/srv/detail/toggle_controller__traits.hpp
[1.359s] -- Up-to-date: /home/spider/ros2_ws/install/gwpspider_interfaces/include/gwpspider_interfaces/gwpspider_interfaces/srv/detail/get_modified_walking_instructions__traits.hpp
[1.359s] -- Up-to-date: /home/spider/ros2_ws/install/gwpspider_interfaces/include/gwpspider_interfaces/gwpspider_interfaces/srv/detail/toggle_motors_torque__builder.hpp
[1.359s] -- Up-to-date: /home/spider/ros2_ws/install/gwpspider_interfaces/include/gwpspider_interfaces/gwpspider_interfaces/srv/detail/toggle_additional_controller_mode__struct.hpp
[1.359s] -- Up-to-date: /home/spider/ros2_ws/install/gwpspider_interfaces/include/gwpspider_interfaces/gwpspider_interfaces/srv/detail/get_spider_pose__builder.hpp
[1.359s] -- Up-to-date: /home/spider/ros2_ws/install/gwpspider_interfaces/include/gwpspider_interfaces/gwpspider_interfaces/srv/detail/move_spider__traits.hpp
[1.359s] -- Up-to-date: /home/spider/ros2_ws/install/gwpspider_interfaces/include/gwpspider_interfaces/gwpspider_interfaces/srv/detail/toggle_controller__builder.hpp
[1.360s] -- Up-to-date: /home/spider/ros2_ws/install/gwpspider_interfaces/include/gwpspider_interfaces/gwpspider_interfaces/srv/detail/move_spider__builder.hpp
[1.360s] -- Up-to-date: /home/spider/ros2_ws/install/gwpspider_interfaces/include/gwpspider_interfaces/gwpspider_interfaces/srv/detail/apply_force_leg__builder.hpp
[1.360s] -- Up-to-date: /home/spider/ros2_ws/install/gwpspider_interfaces/include/gwpspider_interfaces/gwpspider_interfaces/srv/detail/get_modified_walking_instructions__struct.hpp
[1.360s] -- Up-to-date: /home/spider/ros2_ws/install/gwpspider_interfaces/include/gwpspider_interfaces/gwpspider_interfaces/srv/detail/get_spider_pose__traits.hpp
[1.360s] -- Up-to-date: /home/spider/ros2_ws/install/gwpspider_interfaces/include/gwpspider_interfaces/gwpspider_interfaces/srv/detail/set_bus_watchdog__traits.hpp
[1.360s] -- Up-to-date: /home/spider/ros2_ws/install/gwpspider_interfaces/include/gwpspider_interfaces/gwpspider_interfaces/srv/detail/init_bno__struct.hpp
[1.360s] -- Up-to-date: /home/spider/ros2_ws/install/gwpspider_interfaces/include/gwpspider_interfaces/gwpspider_interfaces/srv/detail/get_spider_pose__struct.hpp
[1.360s] -- Up-to-date: /home/spider/ros2_ws/install/gwpspider_interfaces/include/gwpspider_interfaces/gwpspider_interfaces/srv/detail/distribute_forces__builder.hpp
[1.360s] -- Up-to-date: /home/spider/ros2_ws/install/gwpspider_interfaces/include/gwpspider_interfaces/gwpspider_interfaces/srv/detail/distribute_forces__traits.hpp
[1.360s] -- Up-to-date: /home/spider/ros2_ws/install/gwpspider_interfaces/include/gwpspider_interfaces/gwpspider_interfaces/srv/detail/move_gripper__struct.hpp
[1.361s] -- Up-to-date: /home/spider/ros2_ws/install/gwpspider_interfaces/include/gwpspider_interfaces/gwpspider_interfaces/srv/detail/spider_goal__struct.hpp
[1.361s] -- Up-to-date: /home/spider/ros2_ws/install/gwpspider_interfaces/include/gwpspider_interfaces/gwpspider_interfaces/srv/detail/move_gripper__traits.hpp
[1.361s] -- Up-to-date: /home/spider/ros2_ws/install/gwpspider_interfaces/include/gwpspider_interfaces/gwpspider_interfaces/srv/detail/move_leg_velocity_mode__struct.hpp
[1.361s] -- Up-to-date: /home/spider/ros2_ws/install/gwpspider_interfaces/include/gwpspider_interfaces/gwpspider_interfaces/srv/detail/apply_force_leg__traits.hpp
[1.361s] -- Up-to-date: /home/spider/ros2_ws/install/gwpspider_interfaces/include/gwpspider_interfaces/gwpspider_interfaces/srv/detail/get_walking_instructions__traits.hpp
[1.361s] -- Up-to-date: /home/spider/ros2_ws/install/gwpspider_interfaces/include/gwpspider_interfaces/gwpspider_interfaces/srv/detail/init_bno__traits.hpp
[1.361s] -- Up-to-date: /home/spider/ros2_ws/install/gwpspider_interfaces/include/gwpspider_interfaces/gwpspider_interfaces/srv/detail/reboot_motors__struct.hpp
[1.361s] -- Up-to-date: /home/spider/ros2_ws/install/gwpspider_interfaces/include/gwpspider_interfaces/gwpspider_interfaces/srv/detail/move_leg__struct.hpp
[1.361s] -- Up-to-date: /home/spider/ros2_ws/install/gwpspider_interfaces/include/gwpspider_interfaces/gwpspider_interfaces/srv/detail/control_water_pump__traits.hpp
[1.362s] -- Up-to-date: /home/spider/ros2_ws/install/gwpspider_interfaces/include/gwpspider_interfaces/gwpspider_interfaces/srv/detail/move_spider__struct.hpp
[1.362s] -- Up-to-date: /home/spider/ros2_ws/install/gwpspider_interfaces/include/gwpspider_interfaces/gwpspider_interfaces/srv/detail/spider_goal__traits.hpp
[1.362s] -- Up-to-date: /home/spider/ros2_ws/install/gwpspider_interfaces/include/gwpspider_interfaces/gwpspider_interfaces/srv/toggle_motors_torque.hpp
[1.362s] -- Up-to-date: /home/spider/ros2_ws/install/gwpspider_interfaces/include/gwpspider_interfaces/gwpspider_interfaces/srv/spider_goal.hpp
[1.362s] -- Up-to-date: /home/spider/ros2_ws/install/gwpspider_interfaces/include/gwpspider_interfaces/gwpspider_interfaces/srv/toggle_controller.hpp
[1.362s] -- Up-to-date: /home/spider/ros2_ws/install/gwpspider_interfaces/include/gwpspider_interfaces/gwpspider_interfaces/srv/toggle_additional_controller_mode.hpp
[1.362s] -- Up-to-date: /home/spider/ros2_ws/install/gwpspider_interfaces/include/gwpspider_interfaces/gwpspider_interfaces/srv/set_bus_watchdog.hpp
[1.362s] -- Up-to-date: /home/spider/ros2_ws/install/gwpspider_interfaces/include/gwpspider_interfaces/gwpspider_interfaces/srv/get_modified_walking_instructions.hpp
[1.363s] -- Up-to-date: /home/spider/ros2_ws/install/gwpspider_interfaces/include/gwpspider_interfaces/gwpspider_interfaces/srv/distribute_forces.hpp
[1.363s] -- Up-to-date: /home/spider/ros2_ws/install/gwpspider_interfaces/include/gwpspider_interfaces/gwpspider_interfaces/srv/get_spider_pose.hpp
[1.363s] -- Up-to-date: /home/spider/ros2_ws/install/gwpspider_interfaces/include/gwpspider_interfaces/gwpspider_interfaces
[1.363s] -- Up-to-date: /home/spider/ros2_ws/install/gwpspider_interfaces/include/gwpspider_interfaces/gwpspider_interfaces/msg
[1.363s] -- Up-to-date: /home/spider/ros2_ws/install/gwpspider_interfaces/include/gwpspider_interfaces/gwpspider_interfaces/msg/detail
[1.363s] -- Up-to-date: /home/spider/ros2_ws/install/gwpspider_interfaces/include/gwpspider_interfaces/gwpspider_interfaces/msg/detail/legs_states__rosidl_typesupport_fastrtps_cpp.hpp
[1.363s] -- Up-to-date: /home/spider/ros2_ws/install/gwpspider_interfaces/include/gwpspider_interfaces/gwpspider_interfaces/msg/detail/leg_trajectory__rosidl_typesupport_fastrtps_cpp.hpp
[1.363s] -- Up-to-date: /home/spider/ros2_ws/install/gwpspider_interfaces/include/gwpspider_interfaces/gwpspider_interfaces/msg/detail/gripper_state__rosidl_typesupport_fastrtps_cpp.hpp
[1.363s] -- Up-to-date: /home/spider/ros2_ws/install/gwpspider_interfaces/include/gwpspider_interfaces/gwpspider_interfaces/msg/detail/grippers_states__rosidl_typesupport_fastrtps_cpp.hpp
[1.363s] -- Up-to-date: /home/spider/ros2_ws/install/gwpspider_interfaces/include/gwpspider_interfaces/gwpspider_interfaces/msg/detail/walking_instructions__rosidl_typesupport_fastrtps_cpp.hpp
[1.364s] -- Up-to-date: /home/spider/ros2_ws/install/gwpspider_interfaces/include/gwpspider_interfaces/gwpspider_interfaces/msg/detail/gripper_command__rosidl_typesupport_fastrtps_cpp.hpp
[1.364s] -- Up-to-date: /home/spider/ros2_ws/install/gwpspider_interfaces/include/gwpspider_interfaces/gwpspider_interfaces/msg/detail/water_pump_command__rosidl_typesupport_fastrtps_cpp.hpp
[1.364s] -- Up-to-date: /home/spider/ros2_ws/install/gwpspider_interfaces/include/gwpspider_interfaces/gwpspider_interfaces/msg/detail/bno_data__rosidl_typesupport_fastrtps_cpp.hpp
[1.364s] -- Up-to-date: /home/spider/ros2_ws/install/gwpspider_interfaces/include/gwpspider_interfaces/gwpspider_interfaces/msg/detail/dynamixel_motors_data__rosidl_typesupport_fastrtps_cpp.hpp
[1.364s] -- Up-to-date: /home/spider/ros2_ws/install/gwpspider_interfaces/include/gwpspider_interfaces/gwpspider_interfaces/msg/detail/dds_fastrtps
[1.364s] -- Up-to-date: /home/spider/ros2_ws/install/gwpspider_interfaces/include/gwpspider_interfaces/gwpspider_interfaces/msg/rosidl_typesupport_fastrtps_cpp__visibility_control.h
[1.364s] -- Up-to-date: /home/spider/ros2_ws/install/gwpspider_interfaces/include/gwpspider_interfaces/gwpspider_interfaces/srv
[1.364s] -- Up-to-date: /home/spider/ros2_ws/install/gwpspider_interfaces/include/gwpspider_interfaces/gwpspider_interfaces/srv/detail
[1.364s] -- Up-to-date: /home/spider/ros2_ws/install/gwpspider_interfaces/include/gwpspider_interfaces/gwpspider_interfaces/srv/detail/get_spider_pose__rosidl_typesupport_fastrtps_cpp.hpp
[1.365s] -- Up-to-date: /home/spider/ros2_ws/install/gwpspider_interfaces/include/gwpspider_interfaces/gwpspider_interfaces/srv/detail/distribute_forces__rosidl_typesupport_fastrtps_cpp.hpp
[1.365s] -- Up-to-date: /home/spider/ros2_ws/install/gwpspider_interfaces/include/gwpspider_interfaces/gwpspider_interfaces/srv/detail/control_water_pump__rosidl_typesupport_fastrtps_cpp.hpp
[1.365s] -- Up-to-date: /home/spider/ros2_ws/install/gwpspider_interfaces/include/gwpspider_interfaces/gwpspider_interfaces/srv/detail/toggle_motors_torque__rosidl_typesupport_fastrtps_cpp.hpp
[1.365s] -- Up-to-date: /home/spider/ros2_ws/install/gwpspider_interfaces/include/gwpspider_interfaces/gwpspider_interfaces/srv/detail/get_walking_instructions__rosidl_typesupport_fastrtps_cpp.hpp
[1.365s] -- Up-to-date: /home/spider/ros2_ws/install/gwpspider_interfaces/include/gwpspider_interfaces/gwpspider_interfaces/srv/detail/reboot_motors__rosidl_typesupport_fastrtps_cpp.hpp
[1.365s] -- Up-to-date: /home/spider/ros2_ws/install/gwpspider_interfaces/include/gwpspider_interfaces/gwpspider_interfaces/srv/detail/get_modified_walking_instructions__rosidl_typesupport_fastrtps_cpp.hpp
[1.365s] -- Up-to-date: /home/spider/ros2_ws/install/gwpspider_interfaces/include/gwpspider_interfaces/gwpspider_interfaces/srv/detail/apply_force_leg__rosidl_typesupport_fastrtps_cpp.hpp
[1.365s] -- Up-to-date: /home/spider/ros2_ws/install/gwpspider_interfaces/include/gwpspider_interfaces/gwpspider_interfaces/srv/detail/toggle_additional_controller_mode__rosidl_typesupport_fastrtps_cpp.hpp
[1.365s] -- Up-to-date: /home/spider/ros2_ws/install/gwpspider_interfaces/include/gwpspider_interfaces/gwpspider_interfaces/srv/detail/move_gripper__rosidl_typesupport_fastrtps_cpp.hpp
[1.366s] -- Up-to-date: /home/spider/ros2_ws/install/gwpspider_interfaces/include/gwpspider_interfaces/gwpspider_interfaces/srv/detail/move_spider__rosidl_typesupport_fastrtps_cpp.hpp
[1.366s] -- Up-to-date: /home/spider/ros2_ws/install/gwpspider_interfaces/include/gwpspider_interfaces/gwpspider_interfaces/srv/detail/set_bus_watchdog__rosidl_typesupport_fastrtps_cpp.hpp
[1.366s] -- Up-to-date: /home/spider/ros2_ws/install/gwpspider_interfaces/include/gwpspider_interfaces/gwpspider_interfaces/srv/detail/spider_goal__rosidl_typesupport_fastrtps_cpp.hpp
[1.366s] -- Up-to-date: /home/spider/ros2_ws/install/gwpspider_interfaces/include/gwpspider_interfaces/gwpspider_interfaces/srv/detail/toggle_controller__rosidl_typesupport_fastrtps_cpp.hpp
[1.366s] -- Up-to-date: /home/spider/ros2_ws/install/gwpspider_interfaces/include/gwpspider_interfaces/gwpspider_interfaces/srv/detail/move_leg_velocity_mode__rosidl_typesupport_fastrtps_cpp.hpp
[1.366s] -- Up-to-date: /home/spider/ros2_ws/install/gwpspider_interfaces/include/gwpspider_interfaces/gwpspider_interfaces/srv/detail/get_leg_trajectory__rosidl_typesupport_fastrtps_cpp.hpp
[1.366s] -- Up-to-date: /home/spider/ros2_ws/install/gwpspider_interfaces/include/gwpspider_interfaces/gwpspider_interfaces/srv/detail/move_leg__rosidl_typesupport_fastrtps_cpp.hpp
[1.366s] -- Up-to-date: /home/spider/ros2_ws/install/gwpspider_interfaces/include/gwpspider_interfaces/gwpspider_interfaces/srv/detail/init_bno__rosidl_typesupport_fastrtps_cpp.hpp
[1.366s] -- Up-to-date: /home/spider/ros2_ws/install/gwpspider_interfaces/include/gwpspider_interfaces/gwpspider_interfaces/srv/detail/dds_fastrtps
[1.367s] -- Up-to-date: /home/spider/ros2_ws/install/gwpspider_interfaces/lib/libgwpspider_interfaces__rosidl_typesupport_fastrtps_cpp.so
[1.367s] -- Up-to-date: /home/spider/ros2_ws/install/gwpspider_interfaces/include/gwpspider_interfaces/gwpspider_interfaces
[1.367s] -- Up-to-date: /home/spider/ros2_ws/install/gwpspider_interfaces/include/gwpspider_interfaces/gwpspider_interfaces/msg
[1.367s] -- Up-to-date: /home/spider/ros2_ws/install/gwpspider_interfaces/include/gwpspider_interfaces/gwpspider_interfaces/msg/rosidl_typesupport_introspection_c__visibility_control.h
[1.367s] -- Up-to-date: /home/spider/ros2_ws/install/gwpspider_interfaces/include/gwpspider_interfaces/gwpspider_interfaces/msg/detail
[1.367s] -- Up-to-date: /home/spider/ros2_ws/install/gwpspider_interfaces/include/gwpspider_interfaces/gwpspider_interfaces/msg/detail/water_pump_command__rosidl_typesupport_introspection_c.h
[1.367s] -- Up-to-date: /home/spider/ros2_ws/install/gwpspider_interfaces/include/gwpspider_interfaces/gwpspider_interfaces/msg/detail/gripper_command__type_support.c
[1.367s] -- Up-to-date: /home/spider/ros2_ws/install/gwpspider_interfaces/include/gwpspider_interfaces/gwpspider_interfaces/msg/detail/water_pump_command__type_support.c
[1.367s] -- Up-to-date: /home/spider/ros2_ws/install/gwpspider_interfaces/include/gwpspider_interfaces/gwpspider_interfaces/msg/detail/grippers_states__type_support.c
[1.367s] -- Up-to-date: /home/spider/ros2_ws/install/gwpspider_interfaces/include/gwpspider_interfaces/gwpspider_interfaces/msg/detail/legs_states__rosidl_typesupport_introspection_c.h
[1.368s] -- Up-to-date: /home/spider/ros2_ws/install/gwpspider_interfaces/include/gwpspider_interfaces/gwpspider_interfaces/msg/detail/gripper_state__type_support.c
[1.368s] -- Up-to-date: /home/spider/ros2_ws/install/gwpspider_interfaces/include/gwpspider_interfaces/gwpspider_interfaces/msg/detail/grippers_states__rosidl_typesupport_introspection_c.h
[1.368s] -- Up-to-date: /home/spider/ros2_ws/install/gwpspider_interfaces/include/gwpspider_interfaces/gwpspider_interfaces/msg/detail/leg_trajectory__type_support.c
[1.368s] -- Up-to-date: /home/spider/ros2_ws/install/gwpspider_interfaces/include/gwpspider_interfaces/gwpspider_interfaces/msg/detail/legs_states__type_support.c
[1.368s] -- Up-to-date: /home/spider/ros2_ws/install/gwpspider_interfaces/include/gwpspider_interfaces/gwpspider_interfaces/msg/detail/dynamixel_motors_data__rosidl_typesupport_introspection_c.h
[1.368s] -- Up-to-date: /home/spider/ros2_ws/install/gwpspider_interfaces/include/gwpspider_interfaces/gwpspider_interfaces/msg/detail/walking_instructions__type_support.c
[1.368s] -- Up-to-date: /home/spider/ros2_ws/install/gwpspider_interfaces/include/gwpspider_interfaces/gwpspider_interfaces/msg/detail/bno_data__rosidl_typesupport_introspection_c.h
[1.368s] -- Up-to-date: /home/spider/ros2_ws/install/gwpspider_interfaces/include/gwpspider_interfaces/gwpspider_interfaces/msg/detail/gripper_state__rosidl_typesupport_introspection_c.h
[1.368s] -- Up-to-date: /home/spider/ros2_ws/install/gwpspider_interfaces/include/gwpspider_interfaces/gwpspider_interfaces/msg/detail/gripper_command__rosidl_typesupport_introspection_c.h
[1.369s] -- Up-to-date: /home/spider/ros2_ws/install/gwpspider_interfaces/include/gwpspider_interfaces/gwpspider_interfaces/msg/detail/bno_data__type_support.c
[1.369s] -- Up-to-date: /home/spider/ros2_ws/install/gwpspider_interfaces/include/gwpspider_interfaces/gwpspider_interfaces/msg/detail/leg_trajectory__rosidl_typesupport_introspection_c.h
[1.369s] -- Up-to-date: /home/spider/ros2_ws/install/gwpspider_interfaces/include/gwpspider_interfaces/gwpspider_interfaces/msg/detail/dynamixel_motors_data__type_support.c
[1.369s] -- Up-to-date: /home/spider/ros2_ws/install/gwpspider_interfaces/include/gwpspider_interfaces/gwpspider_interfaces/msg/detail/walking_instructions__rosidl_typesupport_introspection_c.h
[1.369s] -- Up-to-date: /home/spider/ros2_ws/install/gwpspider_interfaces/include/gwpspider_interfaces/gwpspider_interfaces/srv
[1.369s] -- Up-to-date: /home/spider/ros2_ws/install/gwpspider_interfaces/include/gwpspider_interfaces/gwpspider_interfaces/srv/detail
[1.369s] -- Up-to-date: /home/spider/ros2_ws/install/gwpspider_interfaces/include/gwpspider_interfaces/gwpspider_interfaces/srv/detail/get_leg_trajectory__rosidl_typesupport_introspection_c.h
[1.369s] -- Up-to-date: /home/spider/ros2_ws/install/gwpspider_interfaces/include/gwpspider_interfaces/gwpspider_interfaces/srv/detail/init_bno__type_support.c
[1.369s] -- Up-to-date: /home/spider/ros2_ws/install/gwpspider_interfaces/include/gwpspider_interfaces/gwpspider_interfaces/srv/detail/distribute_forces__type_support.c
[1.370s] -- Up-to-date: /home/spider/ros2_ws/install/gwpspider_interfaces/include/gwpspider_interfaces/gwpspider_interfaces/srv/detail/spider_goal__rosidl_typesupport_introspection_c.h
[1.370s] -- Up-to-date: /home/spider/ros2_ws/install/gwpspider_interfaces/include/gwpspider_interfaces/gwpspider_interfaces/srv/detail/set_bus_watchdog__rosidl_typesupport_introspection_c.h
[1.370s] -- Up-to-date: /home/spider/ros2_ws/install/gwpspider_interfaces/include/gwpspider_interfaces/gwpspider_interfaces/srv/detail/control_water_pump__rosidl_typesupport_introspection_c.h
[1.370s] -- Up-to-date: /home/spider/ros2_ws/install/gwpspider_interfaces/include/gwpspider_interfaces/gwpspider_interfaces/srv/detail/toggle_additional_controller_mode__rosidl_typesupport_introspection_c.h
[1.370s] -- Up-to-date: /home/spider/ros2_ws/install/gwpspider_interfaces/include/gwpspider_interfaces/gwpspider_interfaces/srv/detail/get_modified_walking_instructions__type_support.c
[1.370s] -- Up-to-date: /home/spider/ros2_ws/install/gwpspider_interfaces/include/gwpspider_interfaces/gwpspider_interfaces/srv/detail/toggle_motors_torque__rosidl_typesupport_introspection_c.h
[1.370s] -- Up-to-date: /home/spider/ros2_ws/install/gwpspider_interfaces/include/gwpspider_interfaces/gwpspider_interfaces/srv/detail/init_bno__rosidl_typesupport_introspection_c.h
[1.370s] -- Up-to-date: /home/spider/ros2_ws/install/gwpspider_interfaces/include/gwpspider_interfaces/gwpspider_interfaces/srv/detail/get_spider_pose__rosidl_typesupport_introspection_c.h
[1.370s] -- Up-to-date: /home/spider/ros2_ws/install/gwpspider_interfaces/include/gwpspider_interfaces/gwpspider_interfaces/srv/detail/move_spider__type_support.c
[1.371s] -- Up-to-date: /home/spider/ros2_ws/install/gwpspider_interfaces/include/gwpspider_interfaces/gwpspider_interfaces/srv/detail/move_leg_velocity_mode__type_support.c
[1.371s] -- Up-to-date: /home/spider/ros2_ws/install/gwpspider_interfaces/include/gwpspider_interfaces/gwpspider_interfaces/srv/detail/reboot_motors__rosidl_typesupport_introspection_c.h
[1.371s] -- Up-to-date: /home/spider/ros2_ws/install/gwpspider_interfaces/include/gwpspider_interfaces/gwpspider_interfaces/srv/detail/get_leg_trajectory__type_support.c
[1.371s] -- Up-to-date: /home/spider/ros2_ws/install/gwpspider_interfaces/include/gwpspider_interfaces/gwpspider_interfaces/srv/detail/toggle_additional_controller_mode__type_support.c
[1.371s] -- Up-to-date: /home/spider/ros2_ws/install/gwpspider_interfaces/include/gwpspider_interfaces/gwpspider_interfaces/srv/detail/get_spider_pose__type_support.c
[1.371s] -- Up-to-date: /home/spider/ros2_ws/install/gwpspider_interfaces/include/gwpspider_interfaces/gwpspider_interfaces/srv/detail/control_water_pump__type_support.c
[1.371s] -- Up-to-date: /home/spider/ros2_ws/install/gwpspider_interfaces/include/gwpspider_interfaces/gwpspider_interfaces/srv/detail/move_gripper__type_support.c
[1.371s] -- Up-to-date: /home/spider/ros2_ws/install/gwpspider_interfaces/include/gwpspider_interfaces/gwpspider_interfaces/srv/detail/move_leg__type_support.c
[1.371s] -- Up-to-date: /home/spider/ros2_ws/install/gwpspider_interfaces/include/gwpspider_interfaces/gwpspider_interfaces/srv/detail/apply_force_leg__rosidl_typesupport_introspection_c.h
[1.372s] -- Up-to-date: /home/spider/ros2_ws/install/gwpspider_interfaces/include/gwpspider_interfaces/gwpspider_interfaces/srv/detail/get_walking_instructions__type_support.c
[1.372s] -- Up-to-date: /home/spider/ros2_ws/install/gwpspider_interfaces/include/gwpspider_interfaces/gwpspider_interfaces/srv/detail/move_leg_velocity_mode__rosidl_typesupport_introspection_c.h
[1.372s] -- Up-to-date: /home/spider/ros2_ws/install/gwpspider_interfaces/include/gwpspider_interfaces/gwpspider_interfaces/srv/detail/toggle_motors_torque__type_support.c
[1.372s] -- Up-to-date: /home/spider/ros2_ws/install/gwpspider_interfaces/include/gwpspider_interfaces/gwpspider_interfaces/srv/detail/set_bus_watchdog__type_support.c
[1.372s] -- Up-to-date: /home/spider/ros2_ws/install/gwpspider_interfaces/include/gwpspider_interfaces/gwpspider_interfaces/srv/detail/move_leg__rosidl_typesupport_introspection_c.h
[1.372s] -- Up-to-date: /home/spider/ros2_ws/install/gwpspider_interfaces/include/gwpspider_interfaces/gwpspider_interfaces/srv/detail/apply_force_leg__type_support.c
[1.372s] -- Up-to-date: /home/spider/ros2_ws/install/gwpspider_interfaces/include/gwpspider_interfaces/gwpspider_interfaces/srv/detail/get_walking_instructions__rosidl_typesupport_introspection_c.h
[1.372s] -- Up-to-date: /home/spider/ros2_ws/install/gwpspider_interfaces/include/gwpspider_interfaces/gwpspider_interfaces/srv/detail/toggle_controller__type_support.c
[1.372s] -- Up-to-date: /home/spider/ros2_ws/install/gwpspider_interfaces/include/gwpspider_interfaces/gwpspider_interfaces/srv/detail/toggle_controller__rosidl_typesupport_introspection_c.h
[1.372s] -- Up-to-date: /home/spider/ros2_ws/install/gwpspider_interfaces/include/gwpspider_interfaces/gwpspider_interfaces/srv/detail/reboot_motors__type_support.c
[1.373s] -- Up-to-date: /home/spider/ros2_ws/install/gwpspider_interfaces/include/gwpspider_interfaces/gwpspider_interfaces/srv/detail/distribute_forces__rosidl_typesupport_introspection_c.h
[1.373s] -- Up-to-date: /home/spider/ros2_ws/install/gwpspider_interfaces/include/gwpspider_interfaces/gwpspider_interfaces/srv/detail/spider_goal__type_support.c
[1.373s] -- Up-to-date: /home/spider/ros2_ws/install/gwpspider_interfaces/include/gwpspider_interfaces/gwpspider_interfaces/srv/detail/move_gripper__rosidl_typesupport_introspection_c.h
[1.373s] -- Up-to-date: /home/spider/ros2_ws/install/gwpspider_interfaces/include/gwpspider_interfaces/gwpspider_interfaces/srv/detail/get_modified_walking_instructions__rosidl_typesupport_introspection_c.h
[1.373s] -- Up-to-date: /home/spider/ros2_ws/install/gwpspider_interfaces/include/gwpspider_interfaces/gwpspider_interfaces/srv/detail/move_spider__rosidl_typesupport_introspection_c.h
[1.373s] -- Up-to-date: /home/spider/ros2_ws/install/gwpspider_interfaces/lib/libgwpspider_interfaces__rosidl_typesupport_introspection_c.so
[1.373s] -- Up-to-date: /home/spider/ros2_ws/install/gwpspider_interfaces/lib/libgwpspider_interfaces__rosidl_typesupport_c.so
[1.373s] -- Up-to-date: /home/spider/ros2_ws/install/gwpspider_interfaces/include/gwpspider_interfaces/gwpspider_interfaces
[1.373s] -- Up-to-date: /home/spider/ros2_ws/install/gwpspider_interfaces/include/gwpspider_interfaces/gwpspider_interfaces/msg
[1.374s] -- Up-to-date: /home/spider/ros2_ws/install/gwpspider_interfaces/include/gwpspider_interfaces/gwpspider_interfaces/msg/detail
[1.374s] -- Up-to-date: /home/spider/ros2_ws/install/gwpspider_interfaces/include/gwpspider_interfaces/gwpspider_interfaces/msg/detail/leg_trajectory__type_support.cpp
[1.374s] -- Up-to-date: /home/spider/ros2_ws/install/gwpspider_interfaces/include/gwpspider_interfaces/gwpspider_interfaces/msg/detail/walking_instructions__rosidl_typesupport_introspection_cpp.hpp
[1.374s] -- Up-to-date: /home/spider/ros2_ws/install/gwpspider_interfaces/include/gwpspider_interfaces/gwpspider_interfaces/msg/detail/walking_instructions__type_support.cpp
[1.374s] -- Up-to-date: /home/spider/ros2_ws/install/gwpspider_interfaces/include/gwpspider_interfaces/gwpspider_interfaces/msg/detail/legs_states__rosidl_typesupport_introspection_cpp.hpp
[1.374s] -- Up-to-date: /home/spider/ros2_ws/install/gwpspider_interfaces/include/gwpspider_interfaces/gwpspider_interfaces/msg/detail/legs_states__type_support.cpp
[1.374s] -- Up-to-date: /home/spider/ros2_ws/install/gwpspider_interfaces/include/gwpspider_interfaces/gwpspider_interfaces/msg/detail/leg_trajectory__rosidl_typesupport_introspection_cpp.hpp
[1.374s] -- Up-to-date: /home/spider/ros2_ws/install/gwpspider_interfaces/include/gwpspider_interfaces/gwpspider_interfaces/msg/detail/bno_data__type_support.cpp
[1.374s] -- Up-to-date: /home/spider/ros2_ws/install/gwpspider_interfaces/include/gwpspider_interfaces/gwpspider_interfaces/msg/detail/dynamixel_motors_data__rosidl_typesupport_introspection_cpp.hpp
[1.374s] -- Up-to-date: /home/spider/ros2_ws/install/gwpspider_interfaces/include/gwpspider_interfaces/gwpspider_interfaces/msg/detail/gripper_command__type_support.cpp
[1.375s] -- Up-to-date: /home/spider/ros2_ws/install/gwpspider_interfaces/include/gwpspider_interfaces/gwpspider_interfaces/msg/detail/gripper_command__rosidl_typesupport_introspection_cpp.hpp
[1.375s] -- Up-to-date: /home/spider/ros2_ws/install/gwpspider_interfaces/include/gwpspider_interfaces/gwpspider_interfaces/msg/detail/gripper_state__rosidl_typesupport_introspection_cpp.hpp
[1.375s] -- Up-to-date: /home/spider/ros2_ws/install/gwpspider_interfaces/include/gwpspider_interfaces/gwpspider_interfaces/msg/detail/bno_data__rosidl_typesupport_introspection_cpp.hpp
[1.375s] -- Up-to-date: /home/spider/ros2_ws/install/gwpspider_interfaces/include/gwpspider_interfaces/gwpspider_interfaces/msg/detail/water_pump_command__type_support.cpp
[1.375s] -- Up-to-date: /home/spider/ros2_ws/install/gwpspider_interfaces/include/gwpspider_interfaces/gwpspider_interfaces/msg/detail/grippers_states__rosidl_typesupport_introspection_cpp.hpp
[1.375s] -- Up-to-date: /home/spider/ros2_ws/install/gwpspider_interfaces/include/gwpspider_interfaces/gwpspider_interfaces/msg/detail/grippers_states__type_support.cpp
[1.375s] -- Up-to-date: /home/spider/ros2_ws/install/gwpspider_interfaces/include/gwpspider_interfaces/gwpspider_interfaces/msg/detail/gripper_state__type_support.cpp
[1.375s] -- Up-to-date: /home/spider/ros2_ws/install/gwpspider_interfaces/include/gwpspider_interfaces/gwpspider_interfaces/msg/detail/dynamixel_motors_data__type_support.cpp
[1.376s] -- Up-to-date: /home/spider/ros2_ws/install/gwpspider_interfaces/include/gwpspider_interfaces/gwpspider_interfaces/msg/detail/water_pump_command__rosidl_typesupport_introspection_cpp.hpp
[1.376s] -- Up-to-date: /home/spider/ros2_ws/install/gwpspider_interfaces/include/gwpspider_interfaces/gwpspider_interfaces/srv
[1.376s] -- Up-to-date: /home/spider/ros2_ws/install/gwpspider_interfaces/include/gwpspider_interfaces/gwpspider_interfaces/srv/detail
[1.376s] -- Up-to-date: /home/spider/ros2_ws/install/gwpspider_interfaces/include/gwpspider_interfaces/gwpspider_interfaces/srv/detail/set_bus_watchdog__type_support.cpp
[1.376s] -- Up-to-date: /home/spider/ros2_ws/install/gwpspider_interfaces/include/gwpspider_interfaces/gwpspider_interfaces/srv/detail/move_leg_velocity_mode__type_support.cpp
[1.376s] -- Up-to-date: /home/spider/ros2_ws/install/gwpspider_interfaces/include/gwpspider_interfaces/gwpspider_interfaces/srv/detail/toggle_additional_controller_mode__type_support.cpp
[1.376s] -- Up-to-date: /home/spider/ros2_ws/install/gwpspider_interfaces/include/gwpspider_interfaces/gwpspider_interfaces/srv/detail/init_bno__type_support.cpp
[1.376s] -- Up-to-date: /home/spider/ros2_ws/install/gwpspider_interfaces/include/gwpspider_interfaces/gwpspider_interfaces/srv/detail/move_spider__rosidl_typesupport_introspection_cpp.hpp
[1.376s] -- Up-to-date: /home/spider/ros2_ws/install/gwpspider_interfaces/include/gwpspider_interfaces/gwpspider_interfaces/srv/detail/move_gripper__type_support.cpp
[1.376s] -- Up-to-date: /home/spider/ros2_ws/install/gwpspider_interfaces/include/gwpspider_interfaces/gwpspider_interfaces/srv/detail/init_bno__rosidl_typesupport_introspection_cpp.hpp
[1.377s] -- Up-to-date: /home/spider/ros2_ws/install/gwpspider_interfaces/include/gwpspider_interfaces/gwpspider_interfaces/srv/detail/get_leg_trajectory__rosidl_typesupport_introspection_cpp.hpp
[1.377s] -- Up-to-date: /home/spider/ros2_ws/install/gwpspider_interfaces/include/gwpspider_interfaces/gwpspider_interfaces/srv/detail/control_water_pump__type_support.cpp
[1.377s] -- Up-to-date: /home/spider/ros2_ws/install/gwpspider_interfaces/include/gwpspider_interfaces/gwpspider_interfaces/srv/detail/get_leg_trajectory__type_support.cpp
[1.377s] -- Up-to-date: /home/spider/ros2_ws/install/gwpspider_interfaces/include/gwpspider_interfaces/gwpspider_interfaces/srv/detail/toggle_motors_torque__type_support.cpp
[1.377s] -- Up-to-date: /home/spider/ros2_ws/install/gwpspider_interfaces/include/gwpspider_interfaces/gwpspider_interfaces/srv/detail/reboot_motors__rosidl_typesupport_introspection_cpp.hpp
[1.377s] -- Up-to-date: /home/spider/ros2_ws/install/gwpspider_interfaces/include/gwpspider_interfaces/gwpspider_interfaces/srv/detail/set_bus_watchdog__rosidl_typesupport_introspection_cpp.hpp
[1.377s] -- Up-to-date: /home/spider/ros2_ws/install/gwpspider_interfaces/include/gwpspider_interfaces/gwpspider_interfaces/srv/detail/get_walking_instructions__rosidl_typesupport_introspection_cpp.hpp
[1.377s] -- Up-to-date: /home/spider/ros2_ws/install/gwpspider_interfaces/include/gwpspider_interfaces/gwpspider_interfaces/srv/detail/get_modified_walking_instructions__rosidl_typesupport_introspection_cpp.hpp
[1.377s] -- Up-to-date: /home/spider/ros2_ws/install/gwpspider_interfaces/include/gwpspider_interfaces/gwpspider_interfaces/srv/detail/move_leg_velocity_mode__rosidl_typesupport_introspection_cpp.hpp
[1.378s] -- Up-to-date: /home/spider/ros2_ws/install/gwpspider_interfaces/include/gwpspider_interfaces/gwpspider_interfaces/srv/detail/move_gripper__rosidl_typesupport_introspection_cpp.hpp
[1.378s] -- Up-to-date: /home/spider/ros2_ws/install/gwpspider_interfaces/include/gwpspider_interfaces/gwpspider_interfaces/srv/detail/move_leg__type_support.cpp
[1.378s] -- Up-to-date: /home/spider/ros2_ws/install/gwpspider_interfaces/include/gwpspider_interfaces/gwpspider_interfaces/srv/detail/toggle_motors_torque__rosidl_typesupport_introspection_cpp.hpp
[1.378s] -- Up-to-date: /home/spider/ros2_ws/install/gwpspider_interfaces/include/gwpspider_interfaces/gwpspider_interfaces/srv/detail/spider_goal__rosidl_typesupport_introspection_cpp.hpp
[1.378s] -- Up-to-date: /home/spider/ros2_ws/install/gwpspider_interfaces/include/gwpspider_interfaces/gwpspider_interfaces/srv/detail/move_leg__rosidl_typesupport_introspection_cpp.hpp
[1.378s] -- Up-to-date: /home/spider/ros2_ws/install/gwpspider_interfaces/include/gwpspider_interfaces/gwpspider_interfaces/srv/detail/distribute_forces__type_support.cpp
[1.378s] -- Up-to-date: /home/spider/ros2_ws/install/gwpspider_interfaces/include/gwpspider_interfaces/gwpspider_interfaces/srv/detail/apply_force_leg__rosidl_typesupport_introspection_cpp.hpp
[1.378s] -- Up-to-date: /home/spider/ros2_ws/install/gwpspider_interfaces/include/gwpspider_interfaces/gwpspider_interfaces/srv/detail/get_spider_pose__type_support.cpp
[1.379s] -- Up-to-date: /home/spider/ros2_ws/install/gwpspider_interfaces/include/gwpspider_interfaces/gwpspider_interfaces/srv/detail/apply_force_leg__type_support.cpp
[1.379s] -- Up-to-date: /home/spider/ros2_ws/install/gwpspider_interfaces/include/gwpspider_interfaces/gwpspider_interfaces/srv/detail/spider_goal__type_support.cpp
[1.379s] -- Up-to-date: /home/spider/ros2_ws/install/gwpspider_interfaces/include/gwpspider_interfaces/gwpspider_interfaces/srv/detail/get_spider_pose__rosidl_typesupport_introspection_cpp.hpp
[1.379s] -- Up-to-date: /home/spider/ros2_ws/install/gwpspider_interfaces/include/gwpspider_interfaces/gwpspider_interfaces/srv/detail/distribute_forces__rosidl_typesupport_introspection_cpp.hpp
[1.379s] -- Up-to-date: /home/spider/ros2_ws/install/gwpspider_interfaces/include/gwpspider_interfaces/gwpspider_interfaces/srv/detail/toggle_controller__rosidl_typesupport_introspection_cpp.hpp
[1.379s] -- Up-to-date: /home/spider/ros2_ws/install/gwpspider_interfaces/include/gwpspider_interfaces/gwpspider_interfaces/srv/detail/toggle_additional_controller_mode__rosidl_typesupport_introspection_cpp.hpp
[1.379s] -- Up-to-date: /home/spider/ros2_ws/install/gwpspider_interfaces/include/gwpspider_interfaces/gwpspider_interfaces/srv/detail/get_walking_instructions__type_support.cpp
[1.379s] -- Up-to-date: /home/spider/ros2_ws/install/gwpspider_interfaces/include/gwpspider_interfaces/gwpspider_interfaces/srv/detail/reboot_motors__type_support.cpp
[1.379s] -- Up-to-date: /home/spider/ros2_ws/install/gwpspider_interfaces/include/gwpspider_interfaces/gwpspider_interfaces/srv/detail/move_spider__type_support.cpp
[1.380s] -- Up-to-date: /home/spider/ros2_ws/install/gwpspider_interfaces/include/gwpspider_interfaces/gwpspider_interfaces/srv/detail/get_modified_walking_instructions__type_support.cpp
[1.380s] -- Up-to-date: /home/spider/ros2_ws/install/gwpspider_interfaces/include/gwpspider_interfaces/gwpspider_interfaces/srv/detail/control_water_pump__rosidl_typesupport_introspection_cpp.hpp
[1.380s] -- Up-to-date: /home/spider/ros2_ws/install/gwpspider_interfaces/include/gwpspider_interfaces/gwpspider_interfaces/srv/detail/toggle_controller__type_support.cpp
[1.380s] -- Up-to-date: /home/spider/ros2_ws/install/gwpspider_interfaces/lib/libgwpspider_interfaces__rosidl_typesupport_introspection_cpp.so
[1.380s] -- Up-to-date: /home/spider/ros2_ws/install/gwpspider_interfaces/lib/libgwpspider_interfaces__rosidl_typesupport_cpp.so
[1.380s] -- Up-to-date: /home/spider/ros2_ws/install/gwpspider_interfaces/share/gwpspider_interfaces/msg/GripperCommand.idl
[1.380s] -- Up-to-date: /home/spider/ros2_ws/install/gwpspider_interfaces/share/gwpspider_interfaces/msg/WaterPumpCommand.idl
[1.380s] -- Up-to-date: /home/spider/ros2_ws/install/gwpspider_interfaces/share/gwpspider_interfaces/msg/BnoData.idl
[1.380s] -- Up-to-date: /home/spider/ros2_ws/install/gwpspider_interfaces/share/gwpspider_interfaces/msg/DynamixelMotorsData.idl
[1.381s] -- Up-to-date: /home/spider/ros2_ws/install/gwpspider_interfaces/share/gwpspider_interfaces/msg/WalkingInstructions.idl
[1.381s] -- Up-to-date: /home/spider/ros2_ws/install/gwpspider_interfaces/share/gwpspider_interfaces/msg/LegTrajectory.idl
[1.381s] -- Up-to-date: /home/spider/ros2_ws/install/gwpspider_interfaces/share/gwpspider_interfaces/msg/LegsStates.idl
[1.381s] -- Up-to-date: /home/spider/ros2_ws/install/gwpspider_interfaces/share/gwpspider_interfaces/msg/GripperState.idl
[1.381s] -- Up-to-date: /home/spider/ros2_ws/install/gwpspider_interfaces/share/gwpspider_interfaces/msg/GrippersStates.idl
[1.381s] -- Up-to-date: /home/spider/ros2_ws/install/gwpspider_interfaces/share/gwpspider_interfaces/srv/MoveGripper.idl
[1.381s] -- Up-to-date: /home/spider/ros2_ws/install/gwpspider_interfaces/share/gwpspider_interfaces/srv/ControlWaterPump.idl
[1.381s] -- Up-to-date: /home/spider/ros2_ws/install/gwpspider_interfaces/share/gwpspider_interfaces/srv/InitBno.idl
[1.381s] -- Up-to-date: /home/spider/ros2_ws/install/gwpspider_interfaces/share/gwpspider_interfaces/srv/ToggleMotorsTorque.idl
[1.382s] -- Up-to-date: /home/spider/ros2_ws/install/gwpspider_interfaces/share/gwpspider_interfaces/srv/SetBusWatchdog.idl
[1.382s] -- Up-to-date: /home/spider/ros2_ws/install/gwpspider_interfaces/share/gwpspider_interfaces/srv/GetWalkingInstructions.idl
[1.382s] -- Up-to-date: /home/spider/ros2_ws/install/gwpspider_interfaces/share/gwpspider_interfaces/srv/GetModifiedWalkingInstructions.idl
[1.382s] -- Up-to-date: /home/spider/ros2_ws/install/gwpspider_interfaces/share/gwpspider_interfaces/srv/GetLegTrajectory.idl
[1.382s] -- Up-to-date: /home/spider/ros2_ws/install/gwpspider_interfaces/share/gwpspider_interfaces/srv/RebootMotors.idl
[1.382s] -- Up-to-date: /home/spider/ros2_ws/install/gwpspider_interfaces/share/gwpspider_interfaces/srv/MoveLeg.idl
[1.382s] -- Up-to-date: /home/spider/ros2_ws/install/gwpspider_interfaces/share/gwpspider_interfaces/srv/MoveSpider.idl
[1.382s] -- Up-to-date: /home/spider/ros2_ws/install/gwpspider_interfaces/share/gwpspider_interfaces/srv/ToggleController.idl
[1.382s] -- Up-to-date: /home/spider/ros2_ws/install/gwpspider_interfaces/share/gwpspider_interfaces/srv/DistributeForces.idl
[1.382s] -- Up-to-date: /home/spider/ros2_ws/install/gwpspider_interfaces/share/gwpspider_interfaces/srv/ApplyForceLeg.idl
[1.383s] -- Up-to-date: /home/spider/ros2_ws/install/gwpspider_interfaces/share/gwpspider_interfaces/srv/GetSpiderPose.idl
[1.383s] -- Up-to-date: /home/spider/ros2_ws/install/gwpspider_interfaces/share/gwpspider_interfaces/srv/MoveLegVelocityMode.idl
[1.383s] -- Up-to-date: /home/spider/ros2_ws/install/gwpspider_interfaces/share/gwpspider_interfaces/srv/ToggleAdditionalControllerMode.idl
[1.383s] -- Up-to-date: /home/spider/ros2_ws/install/gwpspider_interfaces/share/gwpspider_interfaces/srv/SpiderGoal.idl
[1.383s] -- Up-to-date: /home/spider/ros2_ws/install/gwpspider_interfaces/share/gwpspider_interfaces/msg/GripperCommand.msg
[1.383s] -- Up-to-date: /home/spider/ros2_ws/install/gwpspider_interfaces/share/gwpspider_interfaces/msg/WaterPumpCommand.msg
[1.383s] -- Up-to-date: /home/spider/ros2_ws/install/gwpspider_interfaces/share/gwpspider_interfaces/msg/BnoData.msg
[1.383s] -- Up-to-date: /home/spider/ros2_ws/install/gwpspider_interfaces/share/gwpspider_interfaces/msg/DynamixelMotorsData.msg
[1.383s] -- Up-to-date: /home/spider/ros2_ws/install/gwpspider_interfaces/share/gwpspider_interfaces/msg/WalkingInstructions.msg
[1.384s] -- Up-to-date: /home/spider/ros2_ws/install/gwpspider_interfaces/share/gwpspider_interfaces/msg/LegTrajectory.msg
[1.384s] -- Up-to-date: /home/spider/ros2_ws/install/gwpspider_interfaces/share/gwpspider_interfaces/msg/LegsStates.msg
[1.384s] -- Up-to-date: /home/spider/ros2_ws/install/gwpspider_interfaces/share/gwpspider_interfaces/msg/GripperState.msg
[1.384s] -- Up-to-date: /home/spider/ros2_ws/install/gwpspider_interfaces/share/gwpspider_interfaces/msg/GrippersStates.msg
[1.384s] -- Up-to-date: /home/spider/ros2_ws/install/gwpspider_interfaces/share/gwpspider_interfaces/srv/MoveGripper.srv
[1.384s] -- Up-to-date: /home/spider/ros2_ws/install/gwpspider_interfaces/share/gwpspider_interfaces/srv/MoveGripper_Request.msg
[1.384s] -- Up-to-date: /home/spider/ros2_ws/install/gwpspider_interfaces/share/gwpspider_interfaces/srv/MoveGripper_Response.msg
[1.385s] -- Up-to-date: /home/spider/ros2_ws/install/gwpspider_interfaces/share/gwpspider_interfaces/srv/ControlWaterPump.srv
[1.385s] -- Up-to-date: /home/spider/ros2_ws/install/gwpspider_interfaces/share/gwpspider_interfaces/srv/ControlWaterPump_Request.msg
[1.385s] -- Up-to-date: /home/spider/ros2_ws/install/gwpspider_interfaces/share/gwpspider_interfaces/srv/ControlWaterPump_Response.msg
[1.385s] -- Up-to-date: /home/spider/ros2_ws/install/gwpspider_interfaces/share/gwpspider_interfaces/srv/InitBno.srv
[1.385s] -- Up-to-date: /home/spider/ros2_ws/install/gwpspider_interfaces/share/gwpspider_interfaces/srv/InitBno_Request.msg
[1.385s] -- Up-to-date: /home/spider/ros2_ws/install/gwpspider_interfaces/share/gwpspider_interfaces/srv/InitBno_Response.msg
[1.385s] -- Up-to-date: /home/spider/ros2_ws/install/gwpspider_interfaces/share/gwpspider_interfaces/srv/ToggleMotorsTorque.srv
[1.385s] -- Up-to-date: /home/spider/ros2_ws/install/gwpspider_interfaces/share/gwpspider_interfaces/srv/ToggleMotorsTorque_Request.msg
[1.386s] -- Up-to-date: /home/spider/ros2_ws/install/gwpspider_interfaces/share/gwpspider_interfaces/srv/ToggleMotorsTorque_Response.msg
[1.386s] -- Up-to-date: /home/spider/ros2_ws/install/gwpspider_interfaces/share/gwpspider_interfaces/srv/SetBusWatchdog.srv
[1.386s] -- Up-to-date: /home/spider/ros2_ws/install/gwpspider_interfaces/share/gwpspider_interfaces/srv/SetBusWatchdog_Request.msg
[1.386s] -- Up-to-date: /home/spider/ros2_ws/install/gwpspider_interfaces/share/gwpspider_interfaces/srv/SetBusWatchdog_Response.msg
[1.386s] -- Up-to-date: /home/spider/ros2_ws/install/gwpspider_interfaces/share/gwpspider_interfaces/srv/GetWalkingInstructions.srv
[1.386s] -- Up-to-date: /home/spider/ros2_ws/install/gwpspider_interfaces/share/gwpspider_interfaces/srv/GetWalkingInstructions_Request.msg
[1.386s] -- Up-to-date: /home/spider/ros2_ws/install/gwpspider_interfaces/share/gwpspider_interfaces/srv/GetWalkingInstructions_Response.msg
[1.386s] -- Up-to-date: /home/spider/ros2_ws/install/gwpspider_interfaces/share/gwpspider_interfaces/srv/GetModifiedWalkingInstructions.srv
[1.386s] -- Up-to-date: /home/spider/ros2_ws/install/gwpspider_interfaces/share/gwpspider_interfaces/srv/GetModifiedWalkingInstructions_Request.msg
[1.387s] -- Up-to-date: /home/spider/ros2_ws/install/gwpspider_interfaces/share/gwpspider_interfaces/srv/GetModifiedWalkingInstructions_Response.msg
[1.387s] -- Up-to-date: /home/spider/ros2_ws/install/gwpspider_interfaces/share/gwpspider_interfaces/srv/GetLegTrajectory.srv
[1.387s] -- Up-to-date: /home/spider/ros2_ws/install/gwpspider_interfaces/share/gwpspider_interfaces/srv/GetLegTrajectory_Request.msg
[1.387s] -- Up-to-date: /home/spider/ros2_ws/install/gwpspider_interfaces/share/gwpspider_interfaces/srv/GetLegTrajectory_Response.msg
[1.387s] -- Up-to-date: /home/spider/ros2_ws/install/gwpspider_interfaces/share/gwpspider_interfaces/srv/RebootMotors.srv
[1.387s] -- Up-to-date: /home/spider/ros2_ws/install/gwpspider_interfaces/share/gwpspider_interfaces/srv/RebootMotors_Request.msg
[1.387s] -- Up-to-date: /home/spider/ros2_ws/install/gwpspider_interfaces/share/gwpspider_interfaces/srv/RebootMotors_Response.msg
[1.387s] -- Up-to-date: /home/spider/ros2_ws/install/gwpspider_interfaces/share/gwpspider_interfaces/srv/MoveLeg.srv
[1.387s] -- Up-to-date: /home/spider/ros2_ws/install/gwpspider_interfaces/share/gwpspider_interfaces/srv/MoveLeg_Request.msg
[1.388s] -- Up-to-date: /home/spider/ros2_ws/install/gwpspider_interfaces/share/gwpspider_interfaces/srv/MoveLeg_Response.msg
[1.388s] -- Up-to-date: /home/spider/ros2_ws/install/gwpspider_interfaces/share/gwpspider_interfaces/srv/MoveSpider.srv
[1.388s] -- Up-to-date: /home/spider/ros2_ws/install/gwpspider_interfaces/share/gwpspider_interfaces/srv/MoveSpider_Request.msg
[1.388s] -- Up-to-date: /home/spider/ros2_ws/install/gwpspider_interfaces/share/gwpspider_interfaces/srv/MoveSpider_Response.msg
[1.388s] -- Up-to-date: /home/spider/ros2_ws/install/gwpspider_interfaces/share/gwpspider_interfaces/srv/ToggleController.srv
[1.388s] -- Up-to-date: /home/spider/ros2_ws/install/gwpspider_interfaces/share/gwpspider_interfaces/srv/ToggleController_Request.msg
[1.388s] -- Up-to-date: /home/spider/ros2_ws/install/gwpspider_interfaces/share/gwpspider_interfaces/srv/ToggleController_Response.msg
[1.388s] -- Up-to-date: /home/spider/ros2_ws/install/gwpspider_interfaces/share/gwpspider_interfaces/srv/DistributeForces.srv
[1.388s] -- Up-to-date: /home/spider/ros2_ws/install/gwpspider_interfaces/share/gwpspider_interfaces/srv/DistributeForces_Request.msg
[1.389s] -- Up-to-date: /home/spider/ros2_ws/install/gwpspider_interfaces/share/gwpspider_interfaces/srv/DistributeForces_Response.msg
[1.389s] -- Up-to-date: /home/spider/ros2_ws/install/gwpspider_interfaces/share/gwpspider_interfaces/srv/ApplyForceLeg.srv
[1.389s] -- Up-to-date: /home/spider/ros2_ws/install/gwpspider_interfaces/share/gwpspider_interfaces/srv/ApplyForceLeg_Request.msg
[1.389s] -- Up-to-date: /home/spider/ros2_ws/install/gwpspider_interfaces/share/gwpspider_interfaces/srv/ApplyForceLeg_Response.msg
[1.389s] -- Up-to-date: /home/spider/ros2_ws/install/gwpspider_interfaces/share/gwpspider_interfaces/srv/GetSpiderPose.srv
[1.389s] -- Up-to-date: /home/spider/ros2_ws/install/gwpspider_interfaces/share/gwpspider_interfaces/srv/GetSpiderPose_Request.msg
[1.389s] -- Up-to-date: /home/spider/ros2_ws/install/gwpspider_interfaces/share/gwpspider_interfaces/srv/GetSpiderPose_Response.msg
[1.389s] -- Up-to-date: /home/spider/ros2_ws/install/gwpspider_interfaces/share/gwpspider_interfaces/srv/MoveLegVelocityMode.srv
[1.390s] -- Up-to-date: /home/spider/ros2_ws/install/gwpspider_interfaces/share/gwpspider_interfaces/srv/MoveLegVelocityMode_Request.msg
[1.390s] -- Up-to-date: /home/spider/ros2_ws/install/gwpspider_interfaces/share/gwpspider_interfaces/srv/MoveLegVelocityMode_Response.msg
[1.390s] -- Up-to-date: /home/spider/ros2_ws/install/gwpspider_interfaces/share/gwpspider_interfaces/srv/ToggleAdditionalControllerMode.srv
[1.390s] -- Up-to-date: /home/spider/ros2_ws/install/gwpspider_interfaces/share/gwpspider_interfaces/srv/ToggleAdditionalControllerMode_Request.msg
[1.390s] -- Up-to-date: /home/spider/ros2_ws/install/gwpspider_interfaces/share/gwpspider_interfaces/srv/ToggleAdditionalControllerMode_Response.msg
[1.390s] -- Up-to-date: /home/spider/ros2_ws/install/gwpspider_interfaces/share/gwpspider_interfaces/srv/SpiderGoal.srv
[1.390s] -- Up-to-date: /home/spider/ros2_ws/install/gwpspider_interfaces/share/gwpspider_interfaces/srv/SpiderGoal_Request.msg
[1.390s] -- Up-to-date: /home/spider/ros2_ws/install/gwpspider_interfaces/share/gwpspider_interfaces/srv/SpiderGoal_Response.msg
[1.390s] -- Up-to-date: /home/spider/ros2_ws/install/gwpspider_interfaces/share/gwpspider_interfaces/environment/pythonpath.sh
[1.391s] -- Up-to-date: /home/spider/ros2_ws/install/gwpspider_interfaces/share/gwpspider_interfaces/environment/pythonpath.dsv
[1.391s] -- Up-to-date: /home/spider/ros2_ws/install/gwpspider_interfaces/local/lib/python3.10/dist-packages/gwpspider_interfaces-0.0.0-py3.10.egg-info
[1.391s] -- Installing: /home/spider/ros2_ws/install/gwpspider_interfaces/local/lib/python3.10/dist-packages/gwpspider_interfaces-0.0.0-py3.10.egg-info/PKG-INFO
[1.391s] -- Installing: /home/spider/ros2_ws/install/gwpspider_interfaces/local/lib/python3.10/dist-packages/gwpspider_interfaces-0.0.0-py3.10.egg-info/top_level.txt
[1.391s] -- Installing: /home/spider/ros2_ws/install/gwpspider_interfaces/local/lib/python3.10/dist-packages/gwpspider_interfaces-0.0.0-py3.10.egg-info/dependency_links.txt
[1.391s] -- Installing: /home/spider/ros2_ws/install/gwpspider_interfaces/local/lib/python3.10/dist-packages/gwpspider_interfaces-0.0.0-py3.10.egg-info/SOURCES.txt
[1.391s] -- Up-to-date: /home/spider/ros2_ws/install/gwpspider_interfaces/local/lib/python3.10/dist-packages/gwpspider_interfaces
[1.391s] -- Up-to-date: /home/spider/ros2_ws/install/gwpspider_interfaces/local/lib/python3.10/dist-packages/gwpspider_interfaces/__init__.py
[1.391s] -- Up-to-date: /home/spider/ros2_ws/install/gwpspider_interfaces/local/lib/python3.10/dist-packages/gwpspider_interfaces/gwp_interfaces_data.py
[1.392s] Listing '/home/spider/ros2_ws/install/gwpspider_interfaces/local/lib/python3.10/dist-packages/gwpspider_interfaces'...
[1.392s] -- Up-to-date: /home/spider/ros2_ws/install/gwpspider_interfaces/share/ament_index/resource_index/package_run_dependencies/gwpspider_interfaces
[1.392s] -- Up-to-date: /home/spider/ros2_ws/install/gwpspider_interfaces/share/ament_index/resource_index/parent_prefix_path/gwpspider_interfaces
[1.392s] -- Up-to-date: /home/spider/ros2_ws/install/gwpspider_interfaces/share/gwpspider_interfaces/environment/ament_prefix_path.sh
[1.392s] -- Up-to-date: /home/spider/ros2_ws/install/gwpspider_interfaces/share/gwpspider_interfaces/environment/ament_prefix_path.dsv
[1.392s] -- Up-to-date: /home/spider/ros2_ws/install/gwpspider_interfaces/share/gwpspider_interfaces/environment/path.sh
[1.392s] -- Up-to-date: /home/spider/ros2_ws/install/gwpspider_interfaces/share/gwpspider_interfaces/environment/path.dsv
[1.392s] -- Up-to-date: /home/spider/ros2_ws/install/gwpspider_interfaces/share/gwpspider_interfaces/local_setup.bash
[1.393s] -- Up-to-date: /home/spider/ros2_ws/install/gwpspider_interfaces/share/gwpspider_interfaces/local_setup.sh
[1.393s] -- Up-to-date: /home/spider/ros2_ws/install/gwpspider_interfaces/share/gwpspider_interfaces/local_setup.zsh
[1.393s] -- Up-to-date: /home/spider/ros2_ws/install/gwpspider_interfaces/share/gwpspider_interfaces/local_setup.dsv
[1.393s] -- Installing: /home/spider/ros2_ws/install/gwpspider_interfaces/share/gwpspider_interfaces/package.dsv
[1.393s] -- Up-to-date: /home/spider/ros2_ws/install/gwpspider_interfaces/share/ament_index/resource_index/packages/gwpspider_interfaces
[1.393s] -- Up-to-date: /home/spider/ros2_ws/install/gwpspider_interfaces/share/gwpspider_interfaces/cmake/export_gwpspider_interfaces__rosidl_generator_cExport.cmake
[1.393s] -- Up-to-date: /home/spider/ros2_ws/install/gwpspider_interfaces/share/gwpspider_interfaces/cmake/export_gwpspider_interfaces__rosidl_generator_cExport-noconfig.cmake
[1.393s] -- Up-to-date: /home/spider/ros2_ws/install/gwpspider_interfaces/share/gwpspider_interfaces/cmake/export_gwpspider_interfaces__rosidl_typesupport_fastrtps_cExport.cmake
[1.394s] -- Up-to-date: /home/spider/ros2_ws/install/gwpspider_interfaces/share/gwpspider_interfaces/cmake/export_gwpspider_interfaces__rosidl_typesupport_fastrtps_cExport-noconfig.cmake
[1.394s] -- Up-to-date: /home/spider/ros2_ws/install/gwpspider_interfaces/share/gwpspider_interfaces/cmake/export_gwpspider_interfaces__rosidl_generator_cppExport.cmake
[1.394s] -- Up-to-date: /home/spider/ros2_ws/install/gwpspider_interfaces/share/gwpspider_interfaces/cmake/export_gwpspider_interfaces__rosidl_typesupport_fastrtps_cppExport.cmake
[1.394s] -- Up-to-date: /home/spider/ros2_ws/install/gwpspider_interfaces/share/gwpspider_interfaces/cmake/export_gwpspider_interfaces__rosidl_typesupport_fastrtps_cppExport-noconfig.cmake
[1.397s] -- Up-to-date: /home/spider/ros2_ws/install/gwpspider_interfaces/share/gwpspider_interfaces/cmake/gwpspider_interfaces__rosidl_typesupport_introspection_cExport.cmake
[1.397s] -- Up-to-date: /home/spider/ros2_ws/install/gwpspider_interfaces/share/gwpspider_interfaces/cmake/gwpspider_interfaces__rosidl_typesupport_introspection_cExport-noconfig.cmake
[1.397s] -- Up-to-date: /home/spider/ros2_ws/install/gwpspider_interfaces/share/gwpspider_interfaces/cmake/gwpspider_interfaces__rosidl_typesupport_cExport.cmake
[1.397s] -- Up-to-date: /home/spider/ros2_ws/install/gwpspider_interfaces/share/gwpspider_interfaces/cmake/gwpspider_interfaces__rosidl_typesupport_cExport-noconfig.cmake
[1.398s] -- Up-to-date: /home/spider/ros2_ws/install/gwpspider_interfaces/share/gwpspider_interfaces/cmake/gwpspider_interfaces__rosidl_typesupport_introspection_cppExport.cmake
[1.398s] -- Up-to-date: /home/spider/ros2_ws/install/gwpspider_interfaces/share/gwpspider_interfaces/cmake/gwpspider_interfaces__rosidl_typesupport_introspection_cppExport-noconfig.cmake
[1.398s] -- Up-to-date: /home/spider/ros2_ws/install/gwpspider_interfaces/share/gwpspider_interfaces/cmake/gwpspider_interfaces__rosidl_typesupport_cppExport.cmake
[1.398s] -- Up-to-date: /home/spider/ros2_ws/install/gwpspider_interfaces/share/gwpspider_interfaces/cmake/gwpspider_interfaces__rosidl_typesupport_cppExport-noconfig.cmake
[1.398s] -- Up-to-date: /home/spider/ros2_ws/install/gwpspider_interfaces/share/gwpspider_interfaces/cmake/rosidl_cmake-extras.cmake
[1.398s] -- Up-to-date: /home/spider/ros2_ws/install/gwpspider_interfaces/share/gwpspider_interfaces/cmake/ament_cmake_export_dependencies-extras.cmake
[1.399s] -- Up-to-date: /home/spider/ros2_ws/install/gwpspider_interfaces/share/gwpspider_interfaces/cmake/ament_cmake_export_include_directories-extras.cmake
[1.399s] -- Up-to-date: /home/spider/ros2_ws/install/gwpspider_interfaces/share/gwpspider_interfaces/cmake/ament_cmake_export_libraries-extras.cmake
[1.399s] -- Up-to-date: /home/spider/ros2_ws/install/gwpspider_interfaces/share/gwpspider_interfaces/cmake/ament_cmake_export_targets-extras.cmake
[1.399s] -- Up-to-date: /home/spider/ros2_ws/install/gwpspider_interfaces/share/gwpspider_interfaces/cmake/rosidl_cmake_export_typesupport_targets-extras.cmake
[1.399s] -- Up-to-date: /home/spider/ros2_ws/install/gwpspider_interfaces/share/gwpspider_interfaces/cmake/rosidl_cmake_export_typesupport_libraries-extras.cmake
[1.399s] -- Up-to-date: /home/spider/ros2_ws/install/gwpspider_interfaces/share/gwpspider_interfaces/cmake/gwpspider_interfacesConfig.cmake
[1.399s] -- Up-to-date: /home/spider/ros2_ws/install/gwpspider_interfaces/share/gwpspider_interfaces/cmake/gwpspider_interfacesConfig-version.cmake
[1.400s] -- Up-to-date: /home/spider/ros2_ws/install/gwpspider_interfaces/share/gwpspider_interfaces/package.xml
[1.400s] Invoked command in '/home/spider/ros2_ws/build/gwpspider_interfaces' returned '0': CMAKE_PREFIX_PATH=${CMAKE_PREFIX_PATH}:/home/spider/ros2_ws/install/py_srvcli:/home/spider/ros2_ws/install/py_node_test:/home/spider/ros2_ws/install/flask_server:/opt/ros/humble /usr/bin/cmake --install /home/spider/ros2_ws/build/gwpspider_interfaces
