[0.010s] Invoking command in '/home/spider/ros2_ws/build/my_service_interfaces': CMAKE_PREFIX_PATH=${CMAKE_PREFIX_PATH}:/home/spider/ros2_ws/install/py_node_test:/home/spider/ros2_ws/install/flask_server:/home/spider/ros2_ws/install/py_srvcli:/opt/ros/humble /usr/bin/cmake --build /home/spider/ros2_ws/build/my_service_interfaces -- -j8 -l8
[0.034s] -- Found ament_cmake: 1.3.4 (/opt/ros/humble/share/ament_cmake/cmake)
[0.186s] -- Found rosidl_default_generators: 1.2.0 (/opt/ros/humble/share/rosidl_default_generators/cmake)
[0.188s] -- Using all available rosidl_typesupport_c: rosidl_typesupport_fastrtps_c;rosidl_typesupport_introspection_c
[0.190s] -- Found rosidl_adapter: 3.1.4 (/opt/ros/humble/share/rosidl_adapter/cmake)
[0.219s] -- Using all available rosidl_typesupport_cpp: rosidl_typesupport_fastrtps_cpp;rosidl_typesupport_introspection_cpp
[0.247s] -- Found geometry_msgs: 4.2.3 (/opt/ros/humble/share/geometry_msgs/cmake)
[0.547s] [31mCMake Error at /opt/ros/humble/share/rosidl_adapter/cmake/rosidl_adapt_interfaces.cmake:59 (message):
[0.547s]   execute_process(/usr/bin/python3.10 -m rosidl_adapter --package-name
[0.547s]   my_service_interfaces --arguments-file
[0.547s]   /home/spider/ros2_ws/build/my_service_interfaces/rosidl_adapter__arguments__my_service_interfaces.json
[0.547s]   --output-dir
[0.547s]   /home/spider/ros2_ws/build/my_service_interfaces/rosidl_adapter/my_service_interfaces
[0.548s]   --output-file
[0.548s]   /home/spider/ros2_ws/build/my_service_interfaces/rosidl_adapter/my_service_interfaces.idls)
[0.548s]   returned error code 1:
[0.548s] 
[0.548s]   Error processing 'bool goRefill' of
[0.548s]   'my_service_interfaces/SpiderGoal_Response': ''goRefill' is an invalid
[0.548s]   field name.  It should have the pattern
[0.548s]   '^(?!.*__)(?!.*_$)[a-z][a-z0-9_]*$''
[0.548s] 
[0.548s]   Traceback (most recent call last):
[0.548s] 
[0.548s]     File "/usr/lib/python3.10/runpy.py", line 196, in _run_module_as_main
[0.549s]       return _run_code(code, main_globals, None,
[0.549s]     File "/usr/lib/python3.10/runpy.py", line 86, in _run_code
[0.549s]       exec(code, run_globals)
[0.549s]     File "/opt/ros/humble/local/lib/python3.10/dist-packages/rosidl_adapter/__main__.py", line 19, in <module>
[0.549s]       sys.exit(main())
[0.549s]     File "/opt/ros/humble/local/lib/python3.10/dist-packages/rosidl_adapter/main.py", line 53, in main
[0.549s]       abs_idl_file = convert_to_idl(
[0.549s]     File "/opt/ros/humble/local/lib/python3.10/dist-packages/rosidl_adapter/__init__.py", line 24, in convert_to_idl
[0.549s]       return convert_srv_to_idl(
[0.549s]     File "/opt/ros/humble/local/lib/python3.10/dist-packages/rosidl_adapter/srv/__init__.py", line 28, in convert_srv_to_idl
[0.549s]       srv = parse_service_string(package_name, input_file.stem, content)
[0.549s]     File "/opt/ros/humble/local/lib/python3.10/dist-packages/rosidl_adapter/parser.py", line 863, in parse_service_string
[0.549s]       response_message = parse_message_string(
[0.550s]     File "/opt/ros/humble/local/lib/python3.10/dist-packages/rosidl_adapter/parser.py", line 519, in parse_message_string
[0.550s]       fields.append(Field(
[0.550s]     File "/opt/ros/humble/local/lib/python3.10/dist-packages/rosidl_adapter/parser.py", line 354, in __init__
[0.550s]       raise NameError(
[0.550s] 
[0.550s]   NameError: 'goRefill' is an invalid field name.  It should have the pattern
[0.550s]   '^(?!.*__)(?!.*_$)[a-z][a-z0-9_]*$'
[0.550s] 
[0.550s] Call Stack (most recent call first):
[0.550s]   /opt/ros/humble/share/rosidl_cmake/cmake/rosidl_generate_interfaces.cmake:130 (rosidl_adapt_interfaces)
[0.550s]   CMakeLists.txt:12 (rosidl_generate_interfaces)
[0.550s] 
[0.551s] [0m
[0.551s] -- Configuring incomplete, errors occurred!
[0.551s] See also "/home/spider/ros2_ws/build/my_service_interfaces/CMakeFiles/CMakeOutput.log".
[0.555s] gmake: *** [Makefile:1179: cmake_check_build_system] Error 1
[0.557s] Invoked command in '/home/spider/ros2_ws/build/my_service_interfaces' returned '2': CMAKE_PREFIX_PATH=${CMAKE_PREFIX_PATH}:/home/spider/ros2_ws/install/py_node_test:/home/spider/ros2_ws/install/flask_server:/home/spider/ros2_ws/install/py_srvcli:/opt/ros/humble /usr/bin/cmake --build /home/spider/ros2_ws/build/my_service_interfaces -- -j8 -l8
