[0.574s] Invoking command in '/home/spider/ros2_ws/src/py_srvcli': PYTHONPATH=/home/spider/ros2_ws/build/py_srvcli/prefix_override:/home/spider/ros2_ws/install/py_srvcli/lib/python3.10/site-packages:${PYTHONPATH} /usr/bin/python3 setup.py egg_info --egg-base ../../build/py_srvcli build --build-base /home/spider/ros2_ws/build/py_srvcli/build install --record /home/spider/ros2_ws/build/py_srvcli/install.log --single-version-externally-managed
[0.796s] running egg_info
[0.796s] writing ../../build/py_srvcli/py_srvcli.egg-info/PKG-INFO
[0.796s] writing dependency_links to ../../build/py_srvcli/py_srvcli.egg-info/dependency_links.txt
[0.796s] writing entry points to ../../build/py_srvcli/py_srvcli.egg-info/entry_points.txt
[0.797s] writing requirements to ../../build/py_srvcli/py_srvcli.egg-info/requires.txt
[0.797s] writing top-level names to ../../build/py_srvcli/py_srvcli.egg-info/top_level.txt
[0.798s] reading manifest file '../../build/py_srvcli/py_srvcli.egg-info/SOURCES.txt'
[0.799s] writing manifest file '../../build/py_srvcli/py_srvcli.egg-info/SOURCES.txt'
[0.799s] running build
[0.799s] running build_py
[0.799s] running install
[0.799s] /usr/lib/python3/dist-packages/setuptools/command/install.py:34: SetuptoolsDeprecationWarning: setup.py install is deprecated. Use build and pip and other standards-based tools.
[0.799s]   warnings.warn(
[0.799s] running install_lib
[0.800s] running install_data
[0.801s] running install_egg_info
[0.802s] removing '/home/spider/ros2_ws/install/py_srvcli/lib/python3.10/site-packages/py_srvcli-0.0.0-py3.10.egg-info' (and everything under it)
[0.802s] Copying ../../build/py_srvcli/py_srvcli.egg-info to /home/spider/ros2_ws/install/py_srvcli/lib/python3.10/site-packages/py_srvcli-0.0.0-py3.10.egg-info
[0.803s] running install_scripts
[0.821s] Installing client script to /home/spider/ros2_ws/install/py_srvcli/lib/py_srvcli
[0.821s] Installing service script to /home/spider/ros2_ws/install/py_srvcli/lib/py_srvcli
[0.821s] Installing talker script to /home/spider/ros2_ws/install/py_srvcli/lib/py_srvcli
[0.822s] writing list of installed files to '/home/spider/ros2_ws/build/py_srvcli/install.log'
[0.846s] Invoked command in '/home/spider/ros2_ws/src/py_srvcli' returned '0': PYTHONPATH=/home/spider/ros2_ws/build/py_srvcli/prefix_override:/home/spider/ros2_ws/install/py_srvcli/lib/python3.10/site-packages:${PYTHONPATH} /usr/bin/python3 setup.py egg_info --egg-base ../../build/py_srvcli build --build-base /home/spider/ros2_ws/build/py_srvcli/build install --record /home/spider/ros2_ws/build/py_srvcli/install.log --single-version-externally-managed
