[2.886s] Invoking command in '/home/spiderpi/ros2_ws/src/flask_server': PYTHONPATH=/home/spiderpi/ros2_ws/build/flask_server/prefix_override:/home/spiderpi/ros2_ws/install/flask_server/lib/python3.10/site-packages:${PYTHONPATH} /usr/bin/python3 setup.py egg_info --egg-base ../../build/flask_server build --build-base /home/spiderpi/ros2_ws/build/flask_server/build install --record /home/spiderpi/ros2_ws/build/flask_server/install.log --single-version-externally-managed
[3.987s] running egg_info
[3.990s] writing ../../build/flask_server/flask_server.egg-info/PKG-INFO
[3.992s] writing dependency_links to ../../build/flask_server/flask_server.egg-info/dependency_links.txt
[3.992s] writing entry points to ../../build/flask_server/flask_server.egg-info/entry_points.txt
[3.993s] writing requirements to ../../build/flask_server/flask_server.egg-info/requires.txt
[3.994s] writing top-level names to ../../build/flask_server/flask_server.egg-info/top_level.txt
[4.002s] reading manifest file '../../build/flask_server/flask_server.egg-info/SOURCES.txt'
[4.006s] writing manifest file '../../build/flask_server/flask_server.egg-info/SOURCES.txt'
[4.007s] running build
[4.008s] running build_py
[4.008s] running install
[4.009s] /usr/lib/python3/dist-packages/setuptools/command/install.py:34: SetuptoolsDeprecationWarning: setup.py install is deprecated. Use build and pip and other standards-based tools.
[4.010s]   warnings.warn(
[4.010s] running install_lib
[4.016s] running install_data
[4.018s] running install_egg_info
[4.025s] removing '/home/spiderpi/ros2_ws/install/flask_server/lib/python3.10/site-packages/flask_server-0.0.0-py3.10.egg-info' (and everything under it)
[4.027s] Copying ../../build/flask_server/flask_server.egg-info to /home/spiderpi/ros2_ws/install/flask_server/lib/python3.10/site-packages/flask_server-0.0.0-py3.10.egg-info
[4.034s] running install_scripts
[4.117s] writing list of installed files to '/home/spiderpi/ros2_ws/build/flask_server/install.log'
[4.246s] Invoked command in '/home/spiderpi/ros2_ws/src/flask_server' returned '0': PYTHONPATH=/home/spiderpi/ros2_ws/build/flask_server/prefix_override:/home/spiderpi/ros2_ws/install/flask_server/lib/python3.10/site-packages:${PYTHONPATH} /usr/bin/python3 setup.py egg_info --egg-base ../../build/flask_server build --build-base /home/spiderpi/ros2_ws/build/flask_server/build install --record /home/spiderpi/ros2_ws/build/flask_server/install.log --single-version-externally-managed
