[0.595s] Invoking command in '/home/spider/ros2_ws/src/py_srvcli': PYTHONPATH=/home/spider/ros2_ws/build/py_srvcli/prefix_override:/home/spider/ros2_ws/install/py_srvcli/lib/python3.10/site-packages:${PYTHONPATH} /usr/bin/python3 setup.py egg_info --egg-base ../../build/py_srvcli build --build-base /home/spider/ros2_ws/build/py_srvcli/build install --record /home/spider/ros2_ws/build/py_srvcli/install.log --single-version-externally-managed
[0.842s] running egg_info
[0.843s] writing ../../build/py_srvcli/py_srvcli.egg-info/PKG-INFO
[0.843s] writing dependency_links to ../../build/py_srvcli/py_srvcli.egg-info/dependency_links.txt
[0.843s] writing entry points to ../../build/py_srvcli/py_srvcli.egg-info/entry_points.txt
[0.843s] writing requirements to ../../build/py_srvcli/py_srvcli.egg-info/requires.txt
[0.843s] writing top-level names to ../../build/py_srvcli/py_srvcli.egg-info/top_level.txt
[0.845s] reading manifest file '../../build/py_srvcli/py_srvcli.egg-info/SOURCES.txt'
[0.846s] writing manifest file '../../build/py_srvcli/py_srvcli.egg-info/SOURCES.txt'
[0.846s] running build
[0.846s] running build_py
[0.846s] copying py_srvcli/publicher.py -> /home/spider/ros2_ws/build/py_srvcli/build/lib/py_srvcli
[0.846s] running install
[0.847s] /usr/lib/python3/dist-packages/setuptools/command/install.py:34: SetuptoolsDeprecationWarning: setup.py install is deprecated. Use build and pip and other standards-based tools.
[0.847s]   warnings.warn(
[0.847s] running install_lib
[0.847s] copying /home/spider/ros2_ws/build/py_srvcli/build/lib/py_srvcli/publicher.py -> /home/spider/ros2_ws/install/py_srvcli/lib/python3.10/site-packages/py_srvcli
[0.848s] byte-compiling /home/spider/ros2_ws/install/py_srvcli/lib/python3.10/site-packages/py_srvcli/publicher.py to publicher.cpython-310.pyc
[0.848s] running install_data
[0.849s] running install_egg_info
[0.852s] removing '/home/spider/ros2_ws/install/py_srvcli/lib/python3.10/site-packages/py_srvcli-0.0.0-py3.10.egg-info' (and everything under it)
[0.852s] Copying ../../build/py_srvcli/py_srvcli.egg-info to /home/spider/ros2_ws/install/py_srvcli/lib/python3.10/site-packages/py_srvcli-0.0.0-py3.10.egg-info
[0.853s] running install_scripts
[0.874s] Installing client script to /home/spider/ros2_ws/install/py_srvcli/lib/py_srvcli
[0.875s] Installing service script to /home/spider/ros2_ws/install/py_srvcli/lib/py_srvcli
[0.875s] Installing talker script to /home/spider/ros2_ws/install/py_srvcli/lib/py_srvcli
[0.875s] writing list of installed files to '/home/spider/ros2_ws/build/py_srvcli/install.log'
[0.899s] Invoked command in '/home/spider/ros2_ws/src/py_srvcli' returned '0': PYTHONPATH=/home/spider/ros2_ws/build/py_srvcli/prefix_override:/home/spider/ros2_ws/install/py_srvcli/lib/python3.10/site-packages:${PYTHONPATH} /usr/bin/python3 setup.py egg_info --egg-base ../../build/py_srvcli build --build-base /home/spider/ros2_ws/build/py_srvcli/build install --record /home/spider/ros2_ws/build/py_srvcli/install.log --single-version-externally-managed
