[0.020s] Invoking command in '/home/spider/ros2_ws/build/gwpspider_interfaces': CMAKE_PREFIX_PATH=${CMAKE_PREFIX_PATH}:/home/spider/ros2_ws/install/py_srvcli:/home/spider/ros2_ws/install/py_node_test:/home/spider/ros2_ws/install/flask_server:/opt/ros/humble /usr/bin/cmake /home/spider/ros2_ws/src/gwpspider_interfaces -DCMAKE_INSTALL_PREFIX=/home/spider/ros2_ws/install/gwpspider_interfaces
[0.140s] -- The C compiler identification is GNU 11.3.0
[0.222s] -- The CXX compiler identification is GNU 11.3.0
[0.234s] -- Detecting C compiler ABI info
[0.308s] -- Detecting C compiler ABI info - done
[0.322s] -- Check for working C compiler: /usr/bin/cc - skipped
[0.324s] -- Detecting C compile features
[0.329s] -- Detecting C compile features - done
[0.344s] -- Detecting CXX compiler ABI info
[0.443s] -- Detecting CXX compiler ABI info - done
[0.451s] -- Check for working CXX compiler: /usr/bin/c++ - skipped
[0.452s] -- Detecting CXX compile features
[0.452s] -- Detecting CXX compile features - done
[0.461s] -- Found ament_cmake: 1.3.5 (/opt/ros/humble/share/ament_cmake/cmake)
[0.723s] -- Found Python3: /usr/bin/python3.10 (found version "3.10.6") found components: Interpreter 
[1.090s] -- Found rosidl_default_generators: 1.2.0 (/opt/ros/humble/share/rosidl_default_generators/cmake)
[1.124s] -- Using all available rosidl_typesupport_c: rosidl_typesupport_fastrtps_c;rosidl_typesupport_introspection_c
[1.170s] -- Found rosidl_adapter: 3.1.4 (/opt/ros/humble/share/rosidl_adapter/cmake)
[1.315s] -- Using all available rosidl_typesupport_cpp: rosidl_typesupport_fastrtps_cpp;rosidl_typesupport_introspection_cpp
[1.365s] -- Found std_msgs: 4.2.3 (/opt/ros/humble/share/std_msgs/cmake)
[1.443s] [31mCMake Error at /opt/ros/humble/share/rosidl_cmake/cmake/rosidl_generate_interfaces.cmake:93 (message):
[1.443s]   rosidl_generate_interfaces() the passed file 'srv/SpiderGoal' doesn't exist
[1.443s]   relative to the CMAKE_CURRENT_SOURCE_DIR
[1.443s]   '/home/spider/ros2_ws/src/gwpspider_interfaces'
[1.443s] Call Stack (most recent call first):
[1.443s]   CMakeLists.txt:49 (rosidl_generate_interfaces)
[1.443s] 
[1.443s] [0m
[1.443s] -- Configuring incomplete, errors occurred!
[1.443s] See also "/home/spider/ros2_ws/build/gwpspider_interfaces/CMakeFiles/CMakeOutput.log".
[1.448s] Invoked command in '/home/spider/ros2_ws/build/gwpspider_interfaces' returned '1': CMAKE_PREFIX_PATH=${CMAKE_PREFIX_PATH}:/home/spider/ros2_ws/install/py_srvcli:/home/spider/ros2_ws/install/py_node_test:/home/spider/ros2_ws/install/flask_server:/opt/ros/humble /usr/bin/cmake /home/spider/ros2_ws/src/gwpspider_interfaces -DCMAKE_INSTALL_PREFIX=/home/spider/ros2_ws/install/gwpspider_interfaces
