running egg_info
writing ../../build/flask_server/flask_server.egg-info/PKG-INFO
writing dependency_links to ../../build/flask_server/flask_server.egg-info/dependency_links.txt
writing entry points to ../../build/flask_server/flask_server.egg-info/entry_points.txt
writing requirements to ../../build/flask_server/flask_server.egg-info/requires.txt
writing top-level names to ../../build/flask_server/flask_server.egg-info/top_level.txt
reading manifest file '../../build/flask_server/flask_server.egg-info/SOURCES.txt'
writing manifest file '../../build/flask_server/flask_server.egg-info/SOURCES.txt'
running build
running build_py
running install
/usr/lib/python3/dist-packages/setuptools/command/install.py:34: SetuptoolsDeprecationWarning: setup.py install is deprecated. Use build and pip and other standards-based tools.
  warnings.warn(
running install_lib
creating /home/spider/ros2_ws/install/lib/python3.10/site-packages/flask_server
copying /home/spider/ros2_ws/build/flask_server/build/lib/flask_server/__init__.py -> /home/spider/ros2_ws/install/lib/python3.10/site-packages/flask_server
byte-compiling /home/spider/ros2_ws/install/lib/python3.10/site-packages/flask_server/__init__.py to __init__.cpython-310.pyc
running install_data
copying resource/flask_server -> /home/spider/ros2_ws/install/share/ament_index/resource_index/packages
copying package.xml -> /home/spider/ros2_ws/install/share/flask_server
running install_egg_info
Copying ../../build/flask_server/flask_server.egg-info to /home/spider/ros2_ws/install/lib/python3.10/site-packages/flask_server-0.0.0-py3.10.egg-info
running install_scripts
writing list of installed files to '/home/spider/ros2_ws/build/flask_server/install.log'
