[0.642s] Invoking command in '/home/spider/ros2_ws/src/flask_server': CMAKE_PREFIX_PATH=/home/spider/ros2_ws/install:${CMAKE_PREFIX_PATH} PYTHONPATH=/home/spider/ros2_ws/build/flask_server/prefix_override:/home/spider/ros2_ws/install/lib/python3.10/site-packages:/home/spider/ros2_ws/install/lib/python3.10/site-packages:${PYTHONPATH} /usr/bin/python3 setup.py egg_info --egg-base ../../build/flask_server build --build-base /home/spider/ros2_ws/build/flask_server/build install --record /home/spider/ros2_ws/build/flask_server/install.log --single-version-externally-managed
[0.862s] running egg_info
[0.863s] writing ../../build/flask_server/flask_server.egg-info/PKG-INFO
[0.863s] writing dependency_links to ../../build/flask_server/flask_server.egg-info/dependency_links.txt
[0.863s] writing entry points to ../../build/flask_server/flask_server.egg-info/entry_points.txt
[0.863s] writing requirements to ../../build/flask_server/flask_server.egg-info/requires.txt
[0.863s] writing top-level names to ../../build/flask_server/flask_server.egg-info/top_level.txt
[0.865s] reading manifest file '../../build/flask_server/flask_server.egg-info/SOURCES.txt'
[0.865s] writing manifest file '../../build/flask_server/flask_server.egg-info/SOURCES.txt'
[0.865s] running build
[0.865s] running build_py
[0.866s] running install
[0.866s] /usr/lib/python3/dist-packages/setuptools/command/install.py:34: SetuptoolsDeprecationWarning: setup.py install is deprecated. Use build and pip and other standards-based tools.
[0.866s]   warnings.warn(
[0.866s] running install_lib
[0.866s] creating /home/spider/ros2_ws/install/lib/python3.10/site-packages/flask_server
[0.867s] copying /home/spider/ros2_ws/build/flask_server/build/lib/flask_server/__init__.py -> /home/spider/ros2_ws/install/lib/python3.10/site-packages/flask_server
[0.867s] byte-compiling /home/spider/ros2_ws/install/lib/python3.10/site-packages/flask_server/__init__.py to __init__.cpython-310.pyc
[0.867s] running install_data
[0.868s] copying resource/flask_server -> /home/spider/ros2_ws/install/share/ament_index/resource_index/packages
[0.868s] copying package.xml -> /home/spider/ros2_ws/install/share/flask_server
[0.868s] running install_egg_info
[0.869s] Copying ../../build/flask_server/flask_server.egg-info to /home/spider/ros2_ws/install/lib/python3.10/site-packages/flask_server-0.0.0-py3.10.egg-info
[0.870s] running install_scripts
[0.889s] writing list of installed files to '/home/spider/ros2_ws/build/flask_server/install.log'
[0.917s] Invoked command in '/home/spider/ros2_ws/src/flask_server' returned '0': CMAKE_PREFIX_PATH=/home/spider/ros2_ws/install:${CMAKE_PREFIX_PATH} PYTHONPATH=/home/spider/ros2_ws/build/flask_server/prefix_override:/home/spider/ros2_ws/install/lib/python3.10/site-packages:/home/spider/ros2_ws/install/lib/python3.10/site-packages:${PYTHONPATH} /usr/bin/python3 setup.py egg_info --egg-base ../../build/flask_server build --build-base /home/spider/ros2_ws/build/flask_server/build install --record /home/spider/ros2_ws/build/flask_server/install.log --single-version-externally-managed
