[0.105s] Invoking command in '/home/spiderpi/ros2_ws/build/gwpspider_interfaces': /usr/bin/cmake /home/spiderpi/ros2_ws/src/gwpspider_interfaces -DCMAKE_INSTALL_PREFIX=/home/spiderpi/ros2_ws/install/gwpspider_interfaces
[1.012s] -- The C compiler identification is GNU 11.4.0
[1.776s] -- The CXX compiler identification is GNU 11.4.0
[1.827s] -- Detecting C compiler ABI info
[2.229s] -- Detecting C compiler ABI info - done
[2.259s] -- Check for working C compiler: /usr/bin/cc - skipped
[2.262s] -- Detecting C compile features
[2.264s] -- Detecting C compile features - done
[2.282s] -- Detecting CXX compiler ABI info
[2.682s] -- Detecting CXX compiler ABI info - done
[2.709s] -- Check for working CXX compiler: /usr/bin/c++ - skipped
[2.710s] -- Detecting CXX compile features
[2.713s] -- Detecting CXX compile features - done
[2.875s] [31mCMake Error at CMakeLists.txt:9 (find_package):
[2.877s]   By not providing "Findament_cmake.cmake" in CMAKE_MODULE_PATH this project
[2.878s]   has asked CMake to find a package configuration file provided by
[2.883s]   "ament_cmake", but CMake did not find one.
[2.884s] 
[2.887s]   Could not find a package configuration file provided by "ament_cmake" with
[2.888s]   any of the following names:
[2.889s] 
[2.891s]     ament_cmakeConfig.cmake
[2.895s]     ament_cmake-config.cmake
[2.896s] 
[2.897s]   Add the installation prefix of "ament_cmake" to CMAKE_PREFIX_PATH or set
[2.898s]   "ament_cmake_DIR" to a directory containing one of the above files.  If
[2.899s]   "ament_cmake" provides a separate development package or SDK, be sure it
[2.902s]   has been installed.
[2.905s] 
[2.906s] [0m
[2.924s] -- Configuring incomplete, errors occurred!
[2.928s] See also "/home/spiderpi/ros2_ws/build/gwpspider_interfaces/CMakeFiles/CMakeOutput.log".
[2.929s] Invoked command in '/home/spiderpi/ros2_ws/build/gwpspider_interfaces' returned '1': /usr/bin/cmake /home/spiderpi/ros2_ws/src/gwpspider_interfaces -DCMAKE_INSTALL_PREFIX=/home/spiderpi/ros2_ws/install/gwpspider_interfaces
