-- Found ament_cmake: 1.3.4 (/opt/ros/humble/share/ament_cmake/cmake)
-- Found rosidl_default_generators: 1.2.0 (/opt/ros/humble/share/rosidl_default_generators/cmake)
-- Using all available rosidl_typesupport_c: rosidl_typesupport_fastrtps_c;rosidl_typesupport_introspection_c
-- Found rosidl_adapter: 3.1.4 (/opt/ros/humble/share/rosidl_adapter/cmake)
-- Using all available rosidl_typesupport_cpp: rosidl_typesupport_fastrtps_cpp;rosidl_typesupport_introspection_cpp
-- Found geometry_msgs: 4.2.3 (/opt/ros/humble/share/geometry_msgs/cmake)
-- Found ament_cmake_ros: 0.10.0 (/opt/ros/humble/share/ament_cmake_ros/cmake)
-- Using all available rosidl_typesupport_c: rosidl_typesupport_fastrtps_c;rosidl_typesupport_introspection_c
-- Using all available rosidl_typesupport_cpp: rosidl_typesupport_fastrtps_cpp;rosidl_typesupport_introspection_cpp
-- Found python_cmake_module: 0.10.0 (/opt/ros/humble/share/python_cmake_module/cmake)
-- Using PYTHON_EXECUTABLE: /usr/bin/python3
-- Using PYTHON_INCLUDE_DIRS: /usr/include/python3.10
-- Using PYTHON_LIBRARIES: /usr/lib/x86_64-linux-gnu/libpython3.10.so
-- Configuring done
-- Generating done
-- Build files have been written to: /home/spider/ros2_ws/build/my_service_interfaces
[  2%] [34m[1mGenerating C code for ROS interfaces[0m
[  4%] [34m[1mGenerating C++ code for ROS interfaces[0m
[  4%] Built target ament_cmake_python_copy_my_service_interfaces
running egg_info
writing my_service_interfaces.egg-info/PKG-INFO
writing dependency_links to my_service_interfaces.egg-info/dependency_links.txt
writing top-level names to my_service_interfaces.egg-info/top_level.txt
reading manifest file 'my_service_interfaces.egg-info/SOURCES.txt'
writing manifest file 'my_service_interfaces.egg-info/SOURCES.txt'
[  4%] Built target ament_cmake_python_build_my_service_interfaces_egg
[  4%] Built target my_service_interfaces__cpp
[  8%] [34m[1mGenerating C++ introspection for ROS interfaces[0m
[  8%] [34m[1mGenerating C++ type support dispatch for ROS interfaces[0m
[ 10%] [34m[1mGenerating C++ type support for eProsima Fast-RTPS[0m
[35m[1mConsolidate compiler generated dependencies of target my_service_interfaces__rosidl_generator_c[0m
[ 17%] [32mBuilding C object CMakeFiles/my_service_interfaces__rosidl_generator_c.dir/rosidl_generator_c/my_service_interfaces/msg/detail/target_coordinates__functions.c.o[0m
[ 17%] [32mBuilding C object CMakeFiles/my_service_interfaces__rosidl_generator_c.dir/rosidl_generator_c/my_service_interfaces/srv/detail/set_value__functions.c.o[0m
[ 17%] [32mBuilding C object CMakeFiles/my_service_interfaces__rosidl_generator_c.dir/rosidl_generator_c/my_service_interfaces/srv/detail/spider_goal__functions.c.o[0m
[ 19%] [32m[1mLinking C shared library libmy_service_interfaces__rosidl_generator_c.so[0m
[ 19%] Built target my_service_interfaces__rosidl_generator_c
[ 21%] [34m[1mGenerating C type support for eProsima Fast-RTPS[0m
[ 23%] [34m[1mGenerating C introspection for ROS interfaces[0m
[ 25%] [34m[1mGenerating C type support dispatch for ROS interfaces[0m
[35m[1mConsolidate compiler generated dependencies of target my_service_interfaces__rosidl_typesupport_cpp[0m
[ 29%] [32mBuilding CXX object CMakeFiles/my_service_interfaces__rosidl_typesupport_cpp.dir/rosidl_typesupport_cpp/my_service_interfaces/msg/target_coordinates__type_support.cpp.o[0m
[ 29%] [32mBuilding CXX object CMakeFiles/my_service_interfaces__rosidl_typesupport_cpp.dir/rosidl_typesupport_cpp/my_service_interfaces/srv/set_value__type_support.cpp.o[0m
[ 31%] [32mBuilding CXX object CMakeFiles/my_service_interfaces__rosidl_typesupport_cpp.dir/rosidl_typesupport_cpp/my_service_interfaces/srv/spider_goal__type_support.cpp.o[0m
[35m[1mConsolidate compiler generated dependencies of target my_service_interfaces__rosidl_typesupport_introspection_cpp[0m
[ 34%] [32mBuilding CXX object CMakeFiles/my_service_interfaces__rosidl_typesupport_introspection_cpp.dir/rosidl_typesupport_introspection_cpp/my_service_interfaces/msg/detail/target_coordinates__type_support.cpp.o[0m
[35m[1mConsolidate compiler generated dependencies of target my_service_interfaces__rosidl_typesupport_c[0m
[ 36%] [32mBuilding CXX object CMakeFiles/my_service_interfaces__rosidl_typesupport_c.dir/rosidl_typesupport_c/my_service_interfaces/msg/target_coordinates__type_support.cpp.o[0m
[35m[1mConsolidate compiler generated dependencies of target my_service_interfaces__rosidl_typesupport_fastrtps_cpp[0m
[35m[1mConsolidate compiler generated dependencies of target my_service_interfaces__rosidl_typesupport_introspection_c[0m
[ 38%] [32mBuilding CXX object CMakeFiles/my_service_interfaces__rosidl_typesupport_fastrtps_cpp.dir/rosidl_typesupport_fastrtps_cpp/my_service_interfaces/msg/detail/dds_fastrtps/target_coordinates__type_support.cpp.o[0m
[ 40%] [32mBuilding C object CMakeFiles/my_service_interfaces__rosidl_typesupport_introspection_c.dir/rosidl_typesupport_introspection_c/my_service_interfaces/msg/detail/target_coordinates__type_support.c.o[0m
[ 42%] [32mBuilding CXX object CMakeFiles/my_service_interfaces__rosidl_typesupport_c.dir/rosidl_typesupport_c/my_service_interfaces/srv/set_value__type_support.cpp.o[0m
[35m[1mConsolidate compiler generated dependencies of target my_service_interfaces__rosidl_typesupport_fastrtps_c[0m
[ 44%] [32mBuilding CXX object CMakeFiles/my_service_interfaces__rosidl_typesupport_fastrtps_c.dir/rosidl_typesupport_fastrtps_c/my_service_interfaces/msg/detail/target_coordinates__type_support_c.cpp.o[0m
[ 46%] [32mBuilding C object CMakeFiles/my_service_interfaces__rosidl_typesupport_introspection_c.dir/rosidl_typesupport_introspection_c/my_service_interfaces/srv/detail/set_value__type_support.c.o[0m
[ 48%] [32mBuilding CXX object CMakeFiles/my_service_interfaces__rosidl_typesupport_c.dir/rosidl_typesupport_c/my_service_interfaces/srv/spider_goal__type_support.cpp.o[0m
[ 51%] [32mBuilding C object CMakeFiles/my_service_interfaces__rosidl_typesupport_introspection_c.dir/rosidl_typesupport_introspection_c/my_service_interfaces/srv/detail/spider_goal__type_support.c.o[0m
[ 53%] [32m[1mLinking CXX shared library libmy_service_interfaces__rosidl_typesupport_c.so[0m
[ 55%] [32mBuilding CXX object CMakeFiles/my_service_interfaces__rosidl_typesupport_fastrtps_cpp.dir/rosidl_typesupport_fastrtps_cpp/my_service_interfaces/srv/detail/dds_fastrtps/set_value__type_support.cpp.o[0m
[ 57%] [32mBuilding CXX object CMakeFiles/my_service_interfaces__rosidl_typesupport_fastrtps_cpp.dir/rosidl_typesupport_fastrtps_cpp/my_service_interfaces/srv/detail/dds_fastrtps/spider_goal__type_support.cpp.o[0m
[ 59%] [32m[1mLinking C shared library libmy_service_interfaces__rosidl_typesupport_introspection_c.so[0m
[ 61%] [32m[1mLinking CXX shared library libmy_service_interfaces__rosidl_typesupport_cpp.so[0m
[ 61%] Built target my_service_interfaces__rosidl_typesupport_c
[ 63%] [32mBuilding CXX object CMakeFiles/my_service_interfaces__rosidl_typesupport_introspection_cpp.dir/rosidl_typesupport_introspection_cpp/my_service_interfaces/srv/detail/set_value__type_support.cpp.o[0m
[ 63%] Built target my_service_interfaces__rosidl_typesupport_introspection_c
[ 65%] [32mBuilding CXX object CMakeFiles/my_service_interfaces__rosidl_typesupport_introspection_cpp.dir/rosidl_typesupport_introspection_cpp/my_service_interfaces/srv/detail/spider_goal__type_support.cpp.o[0m
[ 65%] Built target my_service_interfaces__rosidl_typesupport_cpp
[ 68%] [32mBuilding CXX object CMakeFiles/my_service_interfaces__rosidl_typesupport_fastrtps_c.dir/rosidl_typesupport_fastrtps_c/my_service_interfaces/srv/detail/set_value__type_support_c.cpp.o[0m
[ 70%] [32mBuilding CXX object CMakeFiles/my_service_interfaces__rosidl_typesupport_fastrtps_c.dir/rosidl_typesupport_fastrtps_c/my_service_interfaces/srv/detail/spider_goal__type_support_c.cpp.o[0m
[ 72%] [32m[1mLinking CXX shared library libmy_service_interfaces__rosidl_typesupport_introspection_cpp.so[0m
[ 74%] [32m[1mLinking CXX shared library libmy_service_interfaces__rosidl_typesupport_fastrtps_cpp.so[0m
[ 74%] Built target my_service_interfaces__rosidl_typesupport_introspection_cpp
[ 74%] Built target my_service_interfaces__rosidl_typesupport_fastrtps_cpp
[ 76%] [32m[1mLinking CXX shared library libmy_service_interfaces__rosidl_typesupport_fastrtps_c.so[0m
[ 76%] Built target my_service_interfaces__rosidl_typesupport_fastrtps_c
[ 76%] Built target my_service_interfaces
[ 78%] [34m[1mGenerating Python code for ROS interfaces[0m
[ 78%] Built target my_service_interfaces__py
[35m[1mConsolidate compiler generated dependencies of target my_service_interfaces__rosidl_generator_py[0m
[ 85%] [32mBuilding C object CMakeFiles/my_service_interfaces__rosidl_generator_py.dir/rosidl_generator_py/my_service_interfaces/srv/_set_value_s.c.o[0m
[ 85%] [32mBuilding C object CMakeFiles/my_service_interfaces__rosidl_generator_py.dir/rosidl_generator_py/my_service_interfaces/msg/_target_coordinates_s.c.o[0m
[ 85%] [32mBuilding C object CMakeFiles/my_service_interfaces__rosidl_generator_py.dir/rosidl_generator_py/my_service_interfaces/srv/_spider_goal_s.c.o[0m
[ 87%] [32m[1mLinking C shared library rosidl_generator_py/my_service_interfaces/libmy_service_interfaces__rosidl_generator_py.so[0m
[ 87%] Built target my_service_interfaces__rosidl_generator_py
[35m[1mConsolidate compiler generated dependencies of target my_service_interfaces__rosidl_typesupport_c__pyext[0m
[35m[1mConsolidate compiler generated dependencies of target my_service_interfaces__rosidl_typesupport_fastrtps_c__pyext[0m
[35m[1mConsolidate compiler generated dependencies of target my_service_interfaces__rosidl_typesupport_introspection_c__pyext[0m
[ 93%] [32mBuilding C object CMakeFiles/my_service_interfaces__rosidl_typesupport_c__pyext.dir/rosidl_generator_py/my_service_interfaces/_my_service_interfaces_s.ep.rosidl_typesupport_c.c.o[0m
[ 93%] [32mBuilding C object CMakeFiles/my_service_interfaces__rosidl_typesupport_introspection_c__pyext.dir/rosidl_generator_py/my_service_interfaces/_my_service_interfaces_s.ep.rosidl_typesupport_introspection_c.c.o[0m
[ 93%] [32mBuilding C object CMakeFiles/my_service_interfaces__rosidl_typesupport_fastrtps_c__pyext.dir/rosidl_generator_py/my_service_interfaces/_my_service_interfaces_s.ep.rosidl_typesupport_fastrtps_c.c.o[0m
[ 95%] [32m[1mLinking C shared library rosidl_generator_py/my_service_interfaces/my_service_interfaces_s__rosidl_typesupport_fastrtps_c.cpython-310-x86_64-linux-gnu.so[0m
[ 97%] [32m[1mLinking C shared library rosidl_generator_py/my_service_interfaces/my_service_interfaces_s__rosidl_typesupport_c.cpython-310-x86_64-linux-gnu.so[0m
[100%] [32m[1mLinking C shared library rosidl_generator_py/my_service_interfaces/my_service_interfaces_s__rosidl_typesupport_introspection_c.cpython-310-x86_64-linux-gnu.so[0m
[100%] Built target my_service_interfaces__rosidl_typesupport_introspection_c__pyext
[100%] Built target my_service_interfaces__rosidl_typesupport_fastrtps_c__pyext
[100%] Built target my_service_interfaces__rosidl_typesupport_c__pyext
-- Install configuration: ""
-- Up-to-date: /home/spider/ros2_ws/install/my_service_interfaces/share/ament_index/resource_index/rosidl_interfaces/my_service_interfaces
-- Up-to-date: /home/spider/ros2_ws/install/my_service_interfaces/include/my_service_interfaces/my_service_interfaces
-- Up-to-date: /home/spider/ros2_ws/install/my_service_interfaces/include/my_service_interfaces/my_service_interfaces/msg
-- Up-to-date: /home/spider/ros2_ws/install/my_service_interfaces/include/my_service_interfaces/my_service_interfaces/msg/rosidl_generator_c__visibility_control.h
-- Installing: /home/spider/ros2_ws/install/my_service_interfaces/include/my_service_interfaces/my_service_interfaces/msg/target_coordinates.h
-- Up-to-date: /home/spider/ros2_ws/install/my_service_interfaces/include/my_service_interfaces/my_service_interfaces/msg/detail
-- Installing: /home/spider/ros2_ws/install/my_service_interfaces/include/my_service_interfaces/my_service_interfaces/msg/detail/target_coordinates__functions.c
-- Installing: /home/spider/ros2_ws/install/my_service_interfaces/include/my_service_interfaces/my_service_interfaces/msg/detail/target_coordinates__type_support.h
-- Installing: /home/spider/ros2_ws/install/my_service_interfaces/include/my_service_interfaces/my_service_interfaces/msg/detail/target_coordinates__struct.h
-- Installing: /home/spider/ros2_ws/install/my_service_interfaces/include/my_service_interfaces/my_service_interfaces/msg/detail/target_coordinates__functions.h
-- Up-to-date: /home/spider/ros2_ws/install/my_service_interfaces/include/my_service_interfaces/my_service_interfaces/srv
-- Up-to-date: /home/spider/ros2_ws/install/my_service_interfaces/include/my_service_interfaces/my_service_interfaces/srv/detail
-- Installing: /home/spider/ros2_ws/install/my_service_interfaces/include/my_service_interfaces/my_service_interfaces/srv/detail/spider_goal__type_support.h
-- Installing: /home/spider/ros2_ws/install/my_service_interfaces/include/my_service_interfaces/my_service_interfaces/srv/detail/set_value__struct.h
-- Installing: /home/spider/ros2_ws/install/my_service_interfaces/include/my_service_interfaces/my_service_interfaces/srv/detail/spider_goal__struct.h
-- Installing: /home/spider/ros2_ws/install/my_service_interfaces/include/my_service_interfaces/my_service_interfaces/srv/detail/set_value__functions.h
-- Installing: /home/spider/ros2_ws/install/my_service_interfaces/include/my_service_interfaces/my_service_interfaces/srv/detail/set_value__functions.c
-- Installing: /home/spider/ros2_ws/install/my_service_interfaces/include/my_service_interfaces/my_service_interfaces/srv/detail/set_value__type_support.h
-- Installing: /home/spider/ros2_ws/install/my_service_interfaces/include/my_service_interfaces/my_service_interfaces/srv/detail/spider_goal__functions.h
-- Installing: /home/spider/ros2_ws/install/my_service_interfaces/include/my_service_interfaces/my_service_interfaces/srv/detail/spider_goal__functions.c
-- Installing: /home/spider/ros2_ws/install/my_service_interfaces/include/my_service_interfaces/my_service_interfaces/srv/spider_goal.h
-- Installing: /home/spider/ros2_ws/install/my_service_interfaces/include/my_service_interfaces/my_service_interfaces/srv/set_value.h
-- Up-to-date: /home/spider/ros2_ws/install/my_service_interfaces/share/my_service_interfaces/environment/library_path.sh
-- Installing: /home/spider/ros2_ws/install/my_service_interfaces/share/my_service_interfaces/environment/library_path.dsv
-- Installing: /home/spider/ros2_ws/install/my_service_interfaces/lib/libmy_service_interfaces__rosidl_generator_c.so
-- Set runtime path of "/home/spider/ros2_ws/install/my_service_interfaces/lib/libmy_service_interfaces__rosidl_generator_c.so" to ""
-- Up-to-date: /home/spider/ros2_ws/install/my_service_interfaces/include/my_service_interfaces/my_service_interfaces
-- Up-to-date: /home/spider/ros2_ws/install/my_service_interfaces/include/my_service_interfaces/my_service_interfaces/msg
-- Up-to-date: /home/spider/ros2_ws/install/my_service_interfaces/include/my_service_interfaces/my_service_interfaces/msg/detail
-- Installing: /home/spider/ros2_ws/install/my_service_interfaces/include/my_service_interfaces/my_service_interfaces/msg/detail/target_coordinates__rosidl_typesupport_fastrtps_c.h
-- Up-to-date: /home/spider/ros2_ws/install/my_service_interfaces/include/my_service_interfaces/my_service_interfaces/msg/rosidl_typesupport_fastrtps_c__visibility_control.h
-- Up-to-date: /home/spider/ros2_ws/install/my_service_interfaces/include/my_service_interfaces/my_service_interfaces/srv
-- Up-to-date: /home/spider/ros2_ws/install/my_service_interfaces/include/my_service_interfaces/my_service_interfaces/srv/detail
-- Installing: /home/spider/ros2_ws/install/my_service_interfaces/include/my_service_interfaces/my_service_interfaces/srv/detail/spider_goal__rosidl_typesupport_fastrtps_c.h
-- Installing: /home/spider/ros2_ws/install/my_service_interfaces/include/my_service_interfaces/my_service_interfaces/srv/detail/set_value__rosidl_typesupport_fastrtps_c.h
-- Installing: /home/spider/ros2_ws/install/my_service_interfaces/lib/libmy_service_interfaces__rosidl_typesupport_fastrtps_c.so
-- Set runtime path of "/home/spider/ros2_ws/install/my_service_interfaces/lib/libmy_service_interfaces__rosidl_typesupport_fastrtps_c.so" to ""
-- Up-to-date: /home/spider/ros2_ws/install/my_service_interfaces/include/my_service_interfaces/my_service_interfaces
-- Up-to-date: /home/spider/ros2_ws/install/my_service_interfaces/include/my_service_interfaces/my_service_interfaces/msg
-- Up-to-date: /home/spider/ros2_ws/install/my_service_interfaces/include/my_service_interfaces/my_service_interfaces/msg/rosidl_typesupport_introspection_c__visibility_control.h
-- Up-to-date: /home/spider/ros2_ws/install/my_service_interfaces/include/my_service_interfaces/my_service_interfaces/msg/detail
-- Installing: /home/spider/ros2_ws/install/my_service_interfaces/include/my_service_interfaces/my_service_interfaces/msg/detail/target_coordinates__type_support.c
-- Installing: /home/spider/ros2_ws/install/my_service_interfaces/include/my_service_interfaces/my_service_interfaces/msg/detail/target_coordinates__rosidl_typesupport_introspection_c.h
-- Up-to-date: /home/spider/ros2_ws/install/my_service_interfaces/include/my_service_interfaces/my_service_interfaces/srv
-- Up-to-date: /home/spider/ros2_ws/install/my_service_interfaces/include/my_service_interfaces/my_service_interfaces/srv/detail
-- Installing: /home/spider/ros2_ws/install/my_service_interfaces/include/my_service_interfaces/my_service_interfaces/srv/detail/spider_goal__rosidl_typesupport_introspection_c.h
-- Installing: /home/spider/ros2_ws/install/my_service_interfaces/include/my_service_interfaces/my_service_interfaces/srv/detail/set_value__type_support.c
-- Installing: /home/spider/ros2_ws/install/my_service_interfaces/include/my_service_interfaces/my_service_interfaces/srv/detail/set_value__rosidl_typesupport_introspection_c.h
-- Installing: /home/spider/ros2_ws/install/my_service_interfaces/include/my_service_interfaces/my_service_interfaces/srv/detail/spider_goal__type_support.c
-- Installing: /home/spider/ros2_ws/install/my_service_interfaces/lib/libmy_service_interfaces__rosidl_typesupport_introspection_c.so
-- Set runtime path of "/home/spider/ros2_ws/install/my_service_interfaces/lib/libmy_service_interfaces__rosidl_typesupport_introspection_c.so" to ""
-- Installing: /home/spider/ros2_ws/install/my_service_interfaces/lib/libmy_service_interfaces__rosidl_typesupport_c.so
-- Set runtime path of "/home/spider/ros2_ws/install/my_service_interfaces/lib/libmy_service_interfaces__rosidl_typesupport_c.so" to ""
-- Up-to-date: /home/spider/ros2_ws/install/my_service_interfaces/include/my_service_interfaces/my_service_interfaces
-- Up-to-date: /home/spider/ros2_ws/install/my_service_interfaces/include/my_service_interfaces/my_service_interfaces/msg
-- Up-to-date: /home/spider/ros2_ws/install/my_service_interfaces/include/my_service_interfaces/my_service_interfaces/msg/detail
-- Installing: /home/spider/ros2_ws/install/my_service_interfaces/include/my_service_interfaces/my_service_interfaces/msg/detail/target_coordinates__struct.hpp
-- Installing: /home/spider/ros2_ws/install/my_service_interfaces/include/my_service_interfaces/my_service_interfaces/msg/detail/target_coordinates__traits.hpp
-- Installing: /home/spider/ros2_ws/install/my_service_interfaces/include/my_service_interfaces/my_service_interfaces/msg/detail/target_coordinates__builder.hpp
-- Installing: /home/spider/ros2_ws/install/my_service_interfaces/include/my_service_interfaces/my_service_interfaces/msg/target_coordinates.hpp
-- Up-to-date: /home/spider/ros2_ws/install/my_service_interfaces/include/my_service_interfaces/my_service_interfaces/srv
-- Up-to-date: /home/spider/ros2_ws/install/my_service_interfaces/include/my_service_interfaces/my_service_interfaces/srv/detail
-- Installing: /home/spider/ros2_ws/install/my_service_interfaces/include/my_service_interfaces/my_service_interfaces/srv/detail/spider_goal__builder.hpp
-- Installing: /home/spider/ros2_ws/install/my_service_interfaces/include/my_service_interfaces/my_service_interfaces/srv/detail/set_value__struct.hpp
-- Installing: /home/spider/ros2_ws/install/my_service_interfaces/include/my_service_interfaces/my_service_interfaces/srv/detail/set_value__builder.hpp
-- Installing: /home/spider/ros2_ws/install/my_service_interfaces/include/my_service_interfaces/my_service_interfaces/srv/detail/set_value__traits.hpp
-- Installing: /home/spider/ros2_ws/install/my_service_interfaces/include/my_service_interfaces/my_service_interfaces/srv/detail/spider_goal__struct.hpp
-- Installing: /home/spider/ros2_ws/install/my_service_interfaces/include/my_service_interfaces/my_service_interfaces/srv/detail/spider_goal__traits.hpp
-- Installing: /home/spider/ros2_ws/install/my_service_interfaces/include/my_service_interfaces/my_service_interfaces/srv/set_value.hpp
-- Installing: /home/spider/ros2_ws/install/my_service_interfaces/include/my_service_interfaces/my_service_interfaces/srv/spider_goal.hpp
-- Up-to-date: /home/spider/ros2_ws/install/my_service_interfaces/include/my_service_interfaces/my_service_interfaces
-- Up-to-date: /home/spider/ros2_ws/install/my_service_interfaces/include/my_service_interfaces/my_service_interfaces/msg
-- Up-to-date: /home/spider/ros2_ws/install/my_service_interfaces/include/my_service_interfaces/my_service_interfaces/msg/detail
-- Installing: /home/spider/ros2_ws/install/my_service_interfaces/include/my_service_interfaces/my_service_interfaces/msg/detail/target_coordinates__rosidl_typesupport_fastrtps_cpp.hpp
-- Up-to-date: /home/spider/ros2_ws/install/my_service_interfaces/include/my_service_interfaces/my_service_interfaces/msg/detail/dds_fastrtps
-- Up-to-date: /home/spider/ros2_ws/install/my_service_interfaces/include/my_service_interfaces/my_service_interfaces/msg/rosidl_typesupport_fastrtps_cpp__visibility_control.h
-- Up-to-date: /home/spider/ros2_ws/install/my_service_interfaces/include/my_service_interfaces/my_service_interfaces/srv
-- Up-to-date: /home/spider/ros2_ws/install/my_service_interfaces/include/my_service_interfaces/my_service_interfaces/srv/detail
-- Installing: /home/spider/ros2_ws/install/my_service_interfaces/include/my_service_interfaces/my_service_interfaces/srv/detail/set_value__rosidl_typesupport_fastrtps_cpp.hpp
-- Installing: /home/spider/ros2_ws/install/my_service_interfaces/include/my_service_interfaces/my_service_interfaces/srv/detail/spider_goal__rosidl_typesupport_fastrtps_cpp.hpp
-- Up-to-date: /home/spider/ros2_ws/install/my_service_interfaces/include/my_service_interfaces/my_service_interfaces/srv/detail/dds_fastrtps
-- Installing: /home/spider/ros2_ws/install/my_service_interfaces/lib/libmy_service_interfaces__rosidl_typesupport_fastrtps_cpp.so
-- Set runtime path of "/home/spider/ros2_ws/install/my_service_interfaces/lib/libmy_service_interfaces__rosidl_typesupport_fastrtps_cpp.so" to ""
-- Up-to-date: /home/spider/ros2_ws/install/my_service_interfaces/include/my_service_interfaces/my_service_interfaces
-- Up-to-date: /home/spider/ros2_ws/install/my_service_interfaces/include/my_service_interfaces/my_service_interfaces/msg
-- Up-to-date: /home/spider/ros2_ws/install/my_service_interfaces/include/my_service_interfaces/my_service_interfaces/msg/detail
-- Installing: /home/spider/ros2_ws/install/my_service_interfaces/include/my_service_interfaces/my_service_interfaces/msg/detail/target_coordinates__type_support.cpp
-- Installing: /home/spider/ros2_ws/install/my_service_interfaces/include/my_service_interfaces/my_service_interfaces/msg/detail/target_coordinates__rosidl_typesupport_introspection_cpp.hpp
-- Up-to-date: /home/spider/ros2_ws/install/my_service_interfaces/include/my_service_interfaces/my_service_interfaces/srv
-- Up-to-date: /home/spider/ros2_ws/install/my_service_interfaces/include/my_service_interfaces/my_service_interfaces/srv/detail
-- Installing: /home/spider/ros2_ws/install/my_service_interfaces/include/my_service_interfaces/my_service_interfaces/srv/detail/set_value__type_support.cpp
-- Installing: /home/spider/ros2_ws/install/my_service_interfaces/include/my_service_interfaces/my_service_interfaces/srv/detail/set_value__rosidl_typesupport_introspection_cpp.hpp
-- Installing: /home/spider/ros2_ws/install/my_service_interfaces/include/my_service_interfaces/my_service_interfaces/srv/detail/spider_goal__rosidl_typesupport_introspection_cpp.hpp
-- Installing: /home/spider/ros2_ws/install/my_service_interfaces/include/my_service_interfaces/my_service_interfaces/srv/detail/spider_goal__type_support.cpp
-- Installing: /home/spider/ros2_ws/install/my_service_interfaces/lib/libmy_service_interfaces__rosidl_typesupport_introspection_cpp.so
-- Set runtime path of "/home/spider/ros2_ws/install/my_service_interfaces/lib/libmy_service_interfaces__rosidl_typesupport_introspection_cpp.so" to ""
-- Installing: /home/spider/ros2_ws/install/my_service_interfaces/lib/libmy_service_interfaces__rosidl_typesupport_cpp.so
-- Set runtime path of "/home/spider/ros2_ws/install/my_service_interfaces/lib/libmy_service_interfaces__rosidl_typesupport_cpp.so" to ""
-- Up-to-date: /home/spider/ros2_ws/install/my_service_interfaces/share/my_service_interfaces/environment/pythonpath.sh
-- Installing: /home/spider/ros2_ws/install/my_service_interfaces/share/my_service_interfaces/environment/pythonpath.dsv
-- Up-to-date: /home/spider/ros2_ws/install/my_service_interfaces/local/lib/python3.10/dist-packages/my_service_interfaces-0.0.0-py3.10.egg-info
-- Installing: /home/spider/ros2_ws/install/my_service_interfaces/local/lib/python3.10/dist-packages/my_service_interfaces-0.0.0-py3.10.egg-info/PKG-INFO
-- Installing: /home/spider/ros2_ws/install/my_service_interfaces/local/lib/python3.10/dist-packages/my_service_interfaces-0.0.0-py3.10.egg-info/top_level.txt
-- Installing: /home/spider/ros2_ws/install/my_service_interfaces/local/lib/python3.10/dist-packages/my_service_interfaces-0.0.0-py3.10.egg-info/dependency_links.txt
-- Installing: /home/spider/ros2_ws/install/my_service_interfaces/local/lib/python3.10/dist-packages/my_service_interfaces-0.0.0-py3.10.egg-info/SOURCES.txt
-- Up-to-date: /home/spider/ros2_ws/install/my_service_interfaces/local/lib/python3.10/dist-packages/my_service_interfaces
-- Installing: /home/spider/ros2_ws/install/my_service_interfaces/local/lib/python3.10/dist-packages/my_service_interfaces/my_service_interfaces_s__rosidl_typesupport_c.cpython-310-x86_64-linux-gnu.so
-- Installing: /home/spider/ros2_ws/install/my_service_interfaces/local/lib/python3.10/dist-packages/my_service_interfaces/my_service_interfaces_s__rosidl_typesupport_fastrtps_c.cpython-310-x86_64-linux-gnu.so
-- Up-to-date: /home/spider/ros2_ws/install/my_service_interfaces/local/lib/python3.10/dist-packages/my_service_interfaces/msg
-- Installing: /home/spider/ros2_ws/install/my_service_interfaces/local/lib/python3.10/dist-packages/my_service_interfaces/msg/_target_coordinates_s.c
-- Installing: /home/spider/ros2_ws/install/my_service_interfaces/local/lib/python3.10/dist-packages/my_service_interfaces/msg/__init__.py
-- Installing: /home/spider/ros2_ws/install/my_service_interfaces/local/lib/python3.10/dist-packages/my_service_interfaces/msg/_target_coordinates.py
-- Installing: /home/spider/ros2_ws/install/my_service_interfaces/local/lib/python3.10/dist-packages/my_service_interfaces/_my_service_interfaces_s.ep.rosidl_typesupport_introspection_c.c
-- Installing: /home/spider/ros2_ws/install/my_service_interfaces/local/lib/python3.10/dist-packages/my_service_interfaces/_my_service_interfaces_s.ep.rosidl_typesupport_c.c
-- Up-to-date: /home/spider/ros2_ws/install/my_service_interfaces/local/lib/python3.10/dist-packages/my_service_interfaces/srv
-- Installing: /home/spider/ros2_ws/install/my_service_interfaces/local/lib/python3.10/dist-packages/my_service_interfaces/srv/_set_value.py
-- Installing: /home/spider/ros2_ws/install/my_service_interfaces/local/lib/python3.10/dist-packages/my_service_interfaces/srv/_spider_goal.py
-- Installing: /home/spider/ros2_ws/install/my_service_interfaces/local/lib/python3.10/dist-packages/my_service_interfaces/srv/_spider_goal_s.c
-- Installing: /home/spider/ros2_ws/install/my_service_interfaces/local/lib/python3.10/dist-packages/my_service_interfaces/srv/_set_value_s.c
-- Installing: /home/spider/ros2_ws/install/my_service_interfaces/local/lib/python3.10/dist-packages/my_service_interfaces/srv/__init__.py
-- Installing: /home/spider/ros2_ws/install/my_service_interfaces/local/lib/python3.10/dist-packages/my_service_interfaces/__init__.py
-- Installing: /home/spider/ros2_ws/install/my_service_interfaces/local/lib/python3.10/dist-packages/my_service_interfaces/_my_service_interfaces_s.ep.rosidl_typesupport_fastrtps_c.c
-- Installing: /home/spider/ros2_ws/install/my_service_interfaces/local/lib/python3.10/dist-packages/my_service_interfaces/libmy_service_interfaces__rosidl_generator_py.so
-- Installing: /home/spider/ros2_ws/install/my_service_interfaces/local/lib/python3.10/dist-packages/my_service_interfaces/my_service_interfaces_s__rosidl_typesupport_introspection_c.cpython-310-x86_64-linux-gnu.so
Listing '/home/spider/ros2_ws/install/my_service_interfaces/local/lib/python3.10/dist-packages/my_service_interfaces'...
Compiling '/home/spider/ros2_ws/install/my_service_interfaces/local/lib/python3.10/dist-packages/my_service_interfaces/__init__.py'...
Listing '/home/spider/ros2_ws/install/my_service_interfaces/local/lib/python3.10/dist-packages/my_service_interfaces/msg'...
Compiling '/home/spider/ros2_ws/install/my_service_interfaces/local/lib/python3.10/dist-packages/my_service_interfaces/msg/__init__.py'...
Compiling '/home/spider/ros2_ws/install/my_service_interfaces/local/lib/python3.10/dist-packages/my_service_interfaces/msg/_target_coordinates.py'...
Listing '/home/spider/ros2_ws/install/my_service_interfaces/local/lib/python3.10/dist-packages/my_service_interfaces/srv'...
Compiling '/home/spider/ros2_ws/install/my_service_interfaces/local/lib/python3.10/dist-packages/my_service_interfaces/srv/__init__.py'...
Compiling '/home/spider/ros2_ws/install/my_service_interfaces/local/lib/python3.10/dist-packages/my_service_interfaces/srv/_set_value.py'...
Compiling '/home/spider/ros2_ws/install/my_service_interfaces/local/lib/python3.10/dist-packages/my_service_interfaces/srv/_spider_goal.py'...
-- Installing: /home/spider/ros2_ws/install/my_service_interfaces/local/lib/python3.10/dist-packages/my_service_interfaces/my_service_interfaces_s__rosidl_typesupport_fastrtps_c.cpython-310-x86_64-linux-gnu.so
-- Set runtime path of "/home/spider/ros2_ws/install/my_service_interfaces/local/lib/python3.10/dist-packages/my_service_interfaces/my_service_interfaces_s__rosidl_typesupport_fastrtps_c.cpython-310-x86_64-linux-gnu.so" to ""
-- Installing: /home/spider/ros2_ws/install/my_service_interfaces/local/lib/python3.10/dist-packages/my_service_interfaces/my_service_interfaces_s__rosidl_typesupport_introspection_c.cpython-310-x86_64-linux-gnu.so
-- Set runtime path of "/home/spider/ros2_ws/install/my_service_interfaces/local/lib/python3.10/dist-packages/my_service_interfaces/my_service_interfaces_s__rosidl_typesupport_introspection_c.cpython-310-x86_64-linux-gnu.so" to ""
-- Installing: /home/spider/ros2_ws/install/my_service_interfaces/local/lib/python3.10/dist-packages/my_service_interfaces/my_service_interfaces_s__rosidl_typesupport_c.cpython-310-x86_64-linux-gnu.so
-- Set runtime path of "/home/spider/ros2_ws/install/my_service_interfaces/local/lib/python3.10/dist-packages/my_service_interfaces/my_service_interfaces_s__rosidl_typesupport_c.cpython-310-x86_64-linux-gnu.so" to ""
-- Installing: /home/spider/ros2_ws/install/my_service_interfaces/lib/libmy_service_interfaces__rosidl_generator_py.so
-- Set runtime path of "/home/spider/ros2_ws/install/my_service_interfaces/lib/libmy_service_interfaces__rosidl_generator_py.so" to ""
-- Up-to-date: /home/spider/ros2_ws/install/my_service_interfaces/share/my_service_interfaces/msg/TargetCoordinates.idl
-- Up-to-date: /home/spider/ros2_ws/install/my_service_interfaces/share/my_service_interfaces/srv/SetValue.idl
-- Installing: /home/spider/ros2_ws/install/my_service_interfaces/share/my_service_interfaces/srv/SpiderGoal.idl
-- Up-to-date: /home/spider/ros2_ws/install/my_service_interfaces/share/my_service_interfaces/msg/TargetCoordinates.msg
-- Up-to-date: /home/spider/ros2_ws/install/my_service_interfaces/share/my_service_interfaces/srv/SetValue.srv
-- Up-to-date: /home/spider/ros2_ws/install/my_service_interfaces/share/my_service_interfaces/srv/SetValue_Request.msg
-- Up-to-date: /home/spider/ros2_ws/install/my_service_interfaces/share/my_service_interfaces/srv/SetValue_Response.msg
-- Installing: /home/spider/ros2_ws/install/my_service_interfaces/share/my_service_interfaces/srv/SpiderGoal.srv
-- Up-to-date: /home/spider/ros2_ws/install/my_service_interfaces/share/my_service_interfaces/srv/SpiderGoal_Request.msg
-- Installing: /home/spider/ros2_ws/install/my_service_interfaces/share/my_service_interfaces/srv/SpiderGoal_Response.msg
-- Up-to-date: /home/spider/ros2_ws/install/my_service_interfaces/share/ament_index/resource_index/package_run_dependencies/my_service_interfaces
-- Up-to-date: /home/spider/ros2_ws/install/my_service_interfaces/share/ament_index/resource_index/parent_prefix_path/my_service_interfaces
-- Up-to-date: /home/spider/ros2_ws/install/my_service_interfaces/share/my_service_interfaces/environment/ament_prefix_path.sh
-- Installing: /home/spider/ros2_ws/install/my_service_interfaces/share/my_service_interfaces/environment/ament_prefix_path.dsv
-- Up-to-date: /home/spider/ros2_ws/install/my_service_interfaces/share/my_service_interfaces/environment/path.sh
-- Installing: /home/spider/ros2_ws/install/my_service_interfaces/share/my_service_interfaces/environment/path.dsv
-- Up-to-date: /home/spider/ros2_ws/install/my_service_interfaces/share/my_service_interfaces/local_setup.bash
-- Up-to-date: /home/spider/ros2_ws/install/my_service_interfaces/share/my_service_interfaces/local_setup.sh
-- Up-to-date: /home/spider/ros2_ws/install/my_service_interfaces/share/my_service_interfaces/local_setup.zsh
-- Installing: /home/spider/ros2_ws/install/my_service_interfaces/share/my_service_interfaces/local_setup.dsv
-- Installing: /home/spider/ros2_ws/install/my_service_interfaces/share/my_service_interfaces/package.dsv
-- Up-to-date: /home/spider/ros2_ws/install/my_service_interfaces/share/ament_index/resource_index/packages/my_service_interfaces
-- Up-to-date: /home/spider/ros2_ws/install/my_service_interfaces/share/my_service_interfaces/cmake/export_my_service_interfaces__rosidl_generator_cExport.cmake
-- Up-to-date: /home/spider/ros2_ws/install/my_service_interfaces/share/my_service_interfaces/cmake/export_my_service_interfaces__rosidl_generator_cExport-noconfig.cmake
-- Up-to-date: /home/spider/ros2_ws/install/my_service_interfaces/share/my_service_interfaces/cmake/export_my_service_interfaces__rosidl_typesupport_fastrtps_cExport.cmake
-- Up-to-date: /home/spider/ros2_ws/install/my_service_interfaces/share/my_service_interfaces/cmake/export_my_service_interfaces__rosidl_typesupport_fastrtps_cExport-noconfig.cmake
-- Up-to-date: /home/spider/ros2_ws/install/my_service_interfaces/share/my_service_interfaces/cmake/my_service_interfaces__rosidl_typesupport_introspection_cExport.cmake
-- Up-to-date: /home/spider/ros2_ws/install/my_service_interfaces/share/my_service_interfaces/cmake/my_service_interfaces__rosidl_typesupport_introspection_cExport-noconfig.cmake
-- Up-to-date: /home/spider/ros2_ws/install/my_service_interfaces/share/my_service_interfaces/cmake/my_service_interfaces__rosidl_typesupport_cExport.cmake
-- Up-to-date: /home/spider/ros2_ws/install/my_service_interfaces/share/my_service_interfaces/cmake/my_service_interfaces__rosidl_typesupport_cExport-noconfig.cmake
-- Up-to-date: /home/spider/ros2_ws/install/my_service_interfaces/share/my_service_interfaces/cmake/export_my_service_interfaces__rosidl_generator_cppExport.cmake
-- Up-to-date: /home/spider/ros2_ws/install/my_service_interfaces/share/my_service_interfaces/cmake/export_my_service_interfaces__rosidl_typesupport_fastrtps_cppExport.cmake
-- Up-to-date: /home/spider/ros2_ws/install/my_service_interfaces/share/my_service_interfaces/cmake/export_my_service_interfaces__rosidl_typesupport_fastrtps_cppExport-noconfig.cmake
-- Up-to-date: /home/spider/ros2_ws/install/my_service_interfaces/share/my_service_interfaces/cmake/my_service_interfaces__rosidl_typesupport_introspection_cppExport.cmake
-- Up-to-date: /home/spider/ros2_ws/install/my_service_interfaces/share/my_service_interfaces/cmake/my_service_interfaces__rosidl_typesupport_introspection_cppExport-noconfig.cmake
-- Up-to-date: /home/spider/ros2_ws/install/my_service_interfaces/share/my_service_interfaces/cmake/my_service_interfaces__rosidl_typesupport_cppExport.cmake
-- Up-to-date: /home/spider/ros2_ws/install/my_service_interfaces/share/my_service_interfaces/cmake/my_service_interfaces__rosidl_typesupport_cppExport-noconfig.cmake
-- Up-to-date: /home/spider/ros2_ws/install/my_service_interfaces/share/my_service_interfaces/cmake/export_my_service_interfaces__rosidl_generator_pyExport.cmake
-- Up-to-date: /home/spider/ros2_ws/install/my_service_interfaces/share/my_service_interfaces/cmake/export_my_service_interfaces__rosidl_generator_pyExport-noconfig.cmake
-- Up-to-date: /home/spider/ros2_ws/install/my_service_interfaces/share/my_service_interfaces/cmake/rosidl_cmake-extras.cmake
-- Up-to-date: /home/spider/ros2_ws/install/my_service_interfaces/share/my_service_interfaces/cmake/ament_cmake_export_dependencies-extras.cmake
-- Up-to-date: /home/spider/ros2_ws/install/my_service_interfaces/share/my_service_interfaces/cmake/ament_cmake_export_include_directories-extras.cmake
-- Up-to-date: /home/spider/ros2_ws/install/my_service_interfaces/share/my_service_interfaces/cmake/ament_cmake_export_libraries-extras.cmake
-- Up-to-date: /home/spider/ros2_ws/install/my_service_interfaces/share/my_service_interfaces/cmake/ament_cmake_export_targets-extras.cmake
-- Up-to-date: /home/spider/ros2_ws/install/my_service_interfaces/share/my_service_interfaces/cmake/rosidl_cmake_export_typesupport_targets-extras.cmake
-- Up-to-date: /home/spider/ros2_ws/install/my_service_interfaces/share/my_service_interfaces/cmake/rosidl_cmake_export_typesupport_libraries-extras.cmake
-- Up-to-date: /home/spider/ros2_ws/install/my_service_interfaces/share/my_service_interfaces/cmake/my_service_interfacesConfig.cmake
-- Up-to-date: /home/spider/ros2_ws/install/my_service_interfaces/share/my_service_interfaces/cmake/my_service_interfacesConfig-version.cmake
-- Up-to-date: /home/spider/ros2_ws/install/my_service_interfaces/share/my_service_interfaces/package.xml
