[0.284s] DEBUG:colcon:Command line arguments: ['/usr/bin/colcon', 'build']
[0.284s] DEBUG:colcon:Parsed command line arguments: Namespace(log_base=None, log_level=None, verb_name='build', build_base='build', install_base='install', merge_install=False, symlink_install=False, test_result_base=None, continue_on_error=False, executor='parallel', parallel_workers=8, event_handlers=None, ignore_user_meta=False, metas=['./colcon.meta'], base_paths=['.'], packages_ignore=None, packages_ignore_regex=None, paths=None, packages_up_to=None, packages_up_to_regex=None, packages_above=None, packages_above_and_dependencies=None, packages_above_depth=None, packages_select_by_dep=None, packages_skip_by_dep=None, packages_skip_up_to=None, packages_select_build_failed=False, packages_skip_build_finished=False, packages_select_test_failures=False, packages_skip_test_passed=False, packages_select=None, packages_skip=None, packages_select_regex=None, packages_skip_regex=None, packages_start=None, packages_end=None, allow_overriding=[], cmake_args=None, cmake_target=None, cmake_target_skip_unavailable=False, cmake_clean_cache=False, cmake_clean_first=False, cmake_force_configure=False, ament_cmake_args=None, catkin_cmake_args=None, catkin_skip_building_tests=False, verb_parser=<colcon_defaults.argument_parser.defaults.DefaultArgumentsDecorator object at 0x7f3b33a64df0>, verb_extension=<colcon_core.verb.build.BuildVerb object at 0x7f3b342522c0>, main=<bound method BuildVerb.main of <colcon_core.verb.build.BuildVerb object at 0x7f3b342522c0>>)
[0.316s] Level 1:colcon.colcon_core.package_discovery:discover_packages(colcon_meta) check parameters
[0.316s] Level 1:colcon.colcon_core.package_discovery:discover_packages(recursive) check parameters
[0.316s] Level 1:colcon.colcon_core.package_discovery:discover_packages(ignore) check parameters
[0.316s] Level 1:colcon.colcon_core.package_discovery:discover_packages(path) check parameters
[0.316s] Level 1:colcon.colcon_core.package_discovery:discover_packages(colcon_meta) discover
[0.316s] Level 1:colcon.colcon_core.package_discovery:discover_packages(recursive) discover
[0.316s] INFO:colcon.colcon_core.package_discovery:Crawling recursively for packages in '/home/spider/ros2_ws'
[0.316s] Level 1:colcon.colcon_core.package_identification:_identify(.) by extensions ['ignore', 'ignore_ament_install']
[0.316s] Level 1:colcon.colcon_core.package_identification:_identify(.) by extension 'ignore'
[0.316s] Level 1:colcon.colcon_core.package_identification:_identify(.) by extension 'ignore_ament_install'
[0.316s] Level 1:colcon.colcon_core.package_identification:_identify(.) by extensions ['colcon_pkg']
[0.316s] Level 1:colcon.colcon_core.package_identification:_identify(.) by extension 'colcon_pkg'
[0.316s] Level 1:colcon.colcon_core.package_identification:_identify(.) by extensions ['colcon_meta']
[0.316s] Level 1:colcon.colcon_core.package_identification:_identify(.) by extension 'colcon_meta'
[0.316s] Level 1:colcon.colcon_core.package_identification:_identify(.) by extensions ['ros']
[0.316s] Level 1:colcon.colcon_core.package_identification:_identify(.) by extension 'ros'
[0.328s] Level 1:colcon.colcon_core.package_identification:_identify(.) by extensions ['cmake', 'python']
[0.328s] Level 1:colcon.colcon_core.package_identification:_identify(.) by extension 'cmake'
[0.328s] Level 1:colcon.colcon_core.package_identification:_identify(.) by extension 'python'
[0.328s] Level 1:colcon.colcon_core.package_identification:_identify(.) by extensions ['python_setup_py']
[0.328s] Level 1:colcon.colcon_core.package_identification:_identify(.) by extension 'python_setup_py'
[0.328s] Level 1:colcon.colcon_core.package_identification:_identify(build) by extensions ['ignore', 'ignore_ament_install']
[0.328s] Level 1:colcon.colcon_core.package_identification:_identify(build) by extension 'ignore'
[0.328s] Level 1:colcon.colcon_core.package_identification:_identify(build) ignored
[0.329s] Level 1:colcon.colcon_core.package_identification:_identify(install) by extensions ['ignore', 'ignore_ament_install']
[0.329s] Level 1:colcon.colcon_core.package_identification:_identify(install) by extension 'ignore'
[0.329s] Level 1:colcon.colcon_core.package_identification:_identify(install) ignored
[0.329s] Level 1:colcon.colcon_core.package_identification:_identify(log) by extensions ['ignore', 'ignore_ament_install']
[0.329s] Level 1:colcon.colcon_core.package_identification:_identify(log) by extension 'ignore'
[0.329s] Level 1:colcon.colcon_core.package_identification:_identify(log) ignored
[0.329s] Level 1:colcon.colcon_core.package_identification:_identify(src) by extensions ['ignore', 'ignore_ament_install']
[0.329s] Level 1:colcon.colcon_core.package_identification:_identify(src) by extension 'ignore'
[0.329s] Level 1:colcon.colcon_core.package_identification:_identify(src) by extension 'ignore_ament_install'
[0.329s] Level 1:colcon.colcon_core.package_identification:_identify(src) by extensions ['colcon_pkg']
[0.329s] Level 1:colcon.colcon_core.package_identification:_identify(src) by extension 'colcon_pkg'
[0.329s] Level 1:colcon.colcon_core.package_identification:_identify(src) by extensions ['colcon_meta']
[0.330s] Level 1:colcon.colcon_core.package_identification:_identify(src) by extension 'colcon_meta'
[0.330s] Level 1:colcon.colcon_core.package_identification:_identify(src) by extensions ['ros']
[0.330s] Level 1:colcon.colcon_core.package_identification:_identify(src) by extension 'ros'
[0.330s] Level 1:colcon.colcon_core.package_identification:_identify(src) by extensions ['cmake', 'python']
[0.330s] Level 1:colcon.colcon_core.package_identification:_identify(src) by extension 'cmake'
[0.330s] Level 1:colcon.colcon_core.package_identification:_identify(src) by extension 'python'
[0.330s] Level 1:colcon.colcon_core.package_identification:_identify(src) by extensions ['python_setup_py']
[0.330s] Level 1:colcon.colcon_core.package_identification:_identify(src) by extension 'python_setup_py'
[0.330s] Level 1:colcon.colcon_core.package_identification:_identify(src/flask_server) by extensions ['ignore', 'ignore_ament_install']
[0.330s] Level 1:colcon.colcon_core.package_identification:_identify(src/flask_server) by extension 'ignore'
[0.330s] Level 1:colcon.colcon_core.package_identification:_identify(src/flask_server) by extension 'ignore_ament_install'
[0.330s] Level 1:colcon.colcon_core.package_identification:_identify(src/flask_server) by extensions ['colcon_pkg']
[0.330s] Level 1:colcon.colcon_core.package_identification:_identify(src/flask_server) by extension 'colcon_pkg'
[0.330s] Level 1:colcon.colcon_core.package_identification:_identify(src/flask_server) by extensions ['colcon_meta']
[0.330s] Level 1:colcon.colcon_core.package_identification:_identify(src/flask_server) by extension 'colcon_meta'
[0.330s] Level 1:colcon.colcon_core.package_identification:_identify(src/flask_server) by extensions ['ros']
[0.330s] Level 1:colcon.colcon_core.package_identification:_identify(src/flask_server) by extension 'ros'
[0.333s] DEBUG:colcon.colcon_core.package_identification:Package 'src/flask_server' with type 'ros.ament_python' and name 'flask_server'
[0.333s] Level 1:colcon.colcon_core.package_identification:_identify(src/gwpspider_interfaces) by extensions ['ignore', 'ignore_ament_install']
[0.333s] Level 1:colcon.colcon_core.package_identification:_identify(src/gwpspider_interfaces) by extension 'ignore'
[0.333s] Level 1:colcon.colcon_core.package_identification:_identify(src/gwpspider_interfaces) by extension 'ignore_ament_install'
[0.333s] Level 1:colcon.colcon_core.package_identification:_identify(src/gwpspider_interfaces) by extensions ['colcon_pkg']
[0.333s] Level 1:colcon.colcon_core.package_identification:_identify(src/gwpspider_interfaces) by extension 'colcon_pkg'
[0.333s] Level 1:colcon.colcon_core.package_identification:_identify(src/gwpspider_interfaces) by extensions ['colcon_meta']
[0.333s] Level 1:colcon.colcon_core.package_identification:_identify(src/gwpspider_interfaces) by extension 'colcon_meta'
[0.333s] Level 1:colcon.colcon_core.package_identification:_identify(src/gwpspider_interfaces) by extensions ['ros']
[0.333s] Level 1:colcon.colcon_core.package_identification:_identify(src/gwpspider_interfaces) by extension 'ros'
[0.334s] DEBUG:colcon.colcon_core.package_identification:Package 'src/gwpspider_interfaces' with type 'ros.ament_cmake' and name 'gwpspider_interfaces'
[0.334s] Level 1:colcon.colcon_core.package_identification:_identify(src/my_service_interfaces) by extensions ['ignore', 'ignore_ament_install']
[0.334s] Level 1:colcon.colcon_core.package_identification:_identify(src/my_service_interfaces) by extension 'ignore'
[0.334s] Level 1:colcon.colcon_core.package_identification:_identify(src/my_service_interfaces) by extension 'ignore_ament_install'
[0.334s] Level 1:colcon.colcon_core.package_identification:_identify(src/my_service_interfaces) by extensions ['colcon_pkg']
[0.334s] Level 1:colcon.colcon_core.package_identification:_identify(src/my_service_interfaces) by extension 'colcon_pkg'
[0.334s] Level 1:colcon.colcon_core.package_identification:_identify(src/my_service_interfaces) by extensions ['colcon_meta']
[0.334s] Level 1:colcon.colcon_core.package_identification:_identify(src/my_service_interfaces) by extension 'colcon_meta'
[0.334s] Level 1:colcon.colcon_core.package_identification:_identify(src/my_service_interfaces) by extensions ['ros']
[0.334s] Level 1:colcon.colcon_core.package_identification:_identify(src/my_service_interfaces) by extension 'ros'
[0.335s] DEBUG:colcon.colcon_core.package_identification:Package 'src/my_service_interfaces' with type 'ros.ament_cmake' and name 'my_service_interfaces'
[0.335s] Level 1:colcon.colcon_core.package_identification:_identify(src/py_node_test) by extensions ['ignore', 'ignore_ament_install']
[0.335s] Level 1:colcon.colcon_core.package_identification:_identify(src/py_node_test) by extension 'ignore'
[0.335s] Level 1:colcon.colcon_core.package_identification:_identify(src/py_node_test) by extension 'ignore_ament_install'
[0.335s] Level 1:colcon.colcon_core.package_identification:_identify(src/py_node_test) by extensions ['colcon_pkg']
[0.335s] Level 1:colcon.colcon_core.package_identification:_identify(src/py_node_test) by extension 'colcon_pkg'
[0.335s] Level 1:colcon.colcon_core.package_identification:_identify(src/py_node_test) by extensions ['colcon_meta']
[0.335s] Level 1:colcon.colcon_core.package_identification:_identify(src/py_node_test) by extension 'colcon_meta'
[0.335s] Level 1:colcon.colcon_core.package_identification:_identify(src/py_node_test) by extensions ['ros']
[0.335s] Level 1:colcon.colcon_core.package_identification:_identify(src/py_node_test) by extension 'ros'
[0.336s] DEBUG:colcon.colcon_core.package_identification:Package 'src/py_node_test' with type 'ros.ament_python' and name 'py_node_test'
[0.336s] Level 1:colcon.colcon_core.package_identification:_identify(src/py_srvcli) by extensions ['ignore', 'ignore_ament_install']
[0.336s] Level 1:colcon.colcon_core.package_identification:_identify(src/py_srvcli) by extension 'ignore'
[0.336s] Level 1:colcon.colcon_core.package_identification:_identify(src/py_srvcli) by extension 'ignore_ament_install'
[0.336s] Level 1:colcon.colcon_core.package_identification:_identify(src/py_srvcli) by extensions ['colcon_pkg']
[0.336s] Level 1:colcon.colcon_core.package_identification:_identify(src/py_srvcli) by extension 'colcon_pkg'
[0.336s] Level 1:colcon.colcon_core.package_identification:_identify(src/py_srvcli) by extensions ['colcon_meta']
[0.336s] Level 1:colcon.colcon_core.package_identification:_identify(src/py_srvcli) by extension 'colcon_meta'
[0.336s] Level 1:colcon.colcon_core.package_identification:_identify(src/py_srvcli) by extensions ['ros']
[0.336s] Level 1:colcon.colcon_core.package_identification:_identify(src/py_srvcli) by extension 'ros'
[0.337s] DEBUG:colcon.colcon_core.package_identification:Package 'src/py_srvcli' with type 'ros.ament_python' and name 'py_srvcli'
[0.337s] Level 1:colcon.colcon_core.package_discovery:discover_packages(recursive) using defaults
[0.337s] Level 1:colcon.colcon_core.package_discovery:discover_packages(ignore) discover
[0.337s] Level 1:colcon.colcon_core.package_discovery:discover_packages(ignore) using defaults
[0.337s] Level 1:colcon.colcon_core.package_discovery:discover_packages(path) discover
[0.337s] Level 1:colcon.colcon_core.package_discovery:discover_packages(path) using defaults
[0.359s] Level 1:colcon.colcon_core.package_discovery:discover_packages(prefix_path) check parameters
[0.359s] Level 1:colcon.colcon_core.package_discovery:discover_packages(prefix_path) discover
[0.362s] DEBUG:colcon.colcon_installed_package_information.package_discovery:Found 5 installed packages in /home/spider/ros2_ws/install
[0.363s] DEBUG:colcon.colcon_installed_package_information.package_discovery:Found 270 installed packages in /opt/ros/humble
[0.364s] Level 1:colcon.colcon_core.package_discovery:discover_packages(prefix_path) using defaults
[0.416s] Level 5:colcon.colcon_core.verb:set package 'gwpspider_interfaces' build argument 'cmake_args' from command line to 'None'
[0.416s] Level 5:colcon.colcon_core.verb:set package 'gwpspider_interfaces' build argument 'cmake_target' from command line to 'None'
[0.416s] Level 5:colcon.colcon_core.verb:set package 'gwpspider_interfaces' build argument 'cmake_target_skip_unavailable' from command line to 'False'
[0.416s] Level 5:colcon.colcon_core.verb:set package 'gwpspider_interfaces' build argument 'cmake_clean_cache' from command line to 'False'
[0.416s] Level 5:colcon.colcon_core.verb:set package 'gwpspider_interfaces' build argument 'cmake_clean_first' from command line to 'False'
[0.416s] Level 5:colcon.colcon_core.verb:set package 'gwpspider_interfaces' build argument 'cmake_force_configure' from command line to 'False'
[0.416s] Level 5:colcon.colcon_core.verb:set package 'gwpspider_interfaces' build argument 'ament_cmake_args' from command line to 'None'
[0.416s] Level 5:colcon.colcon_core.verb:set package 'gwpspider_interfaces' build argument 'catkin_cmake_args' from command line to 'None'
[0.416s] Level 5:colcon.colcon_core.verb:set package 'gwpspider_interfaces' build argument 'catkin_skip_building_tests' from command line to 'False'
[0.416s] DEBUG:colcon.colcon_core.verb:Building package 'gwpspider_interfaces' with the following arguments: {'ament_cmake_args': None, 'build_base': '/home/spider/ros2_ws/build/gwpspider_interfaces', 'catkin_cmake_args': None, 'catkin_skip_building_tests': False, 'cmake_args': None, 'cmake_clean_cache': False, 'cmake_clean_first': False, 'cmake_force_configure': False, 'cmake_target': None, 'cmake_target_skip_unavailable': False, 'install_base': '/home/spider/ros2_ws/install/gwpspider_interfaces', 'merge_install': False, 'path': '/home/spider/ros2_ws/src/gwpspider_interfaces', 'symlink_install': False, 'test_result_base': None}
[0.417s] Level 5:colcon.colcon_core.verb:set package 'my_service_interfaces' build argument 'cmake_args' from command line to 'None'
[0.417s] Level 5:colcon.colcon_core.verb:set package 'my_service_interfaces' build argument 'cmake_target' from command line to 'None'
[0.417s] Level 5:colcon.colcon_core.verb:set package 'my_service_interfaces' build argument 'cmake_target_skip_unavailable' from command line to 'False'
[0.417s] Level 5:colcon.colcon_core.verb:set package 'my_service_interfaces' build argument 'cmake_clean_cache' from command line to 'False'
[0.417s] Level 5:colcon.colcon_core.verb:set package 'my_service_interfaces' build argument 'cmake_clean_first' from command line to 'False'
[0.417s] Level 5:colcon.colcon_core.verb:set package 'my_service_interfaces' build argument 'cmake_force_configure' from command line to 'False'
[0.417s] Level 5:colcon.colcon_core.verb:set package 'my_service_interfaces' build argument 'ament_cmake_args' from command line to 'None'
[0.417s] Level 5:colcon.colcon_core.verb:set package 'my_service_interfaces' build argument 'catkin_cmake_args' from command line to 'None'
[0.417s] Level 5:colcon.colcon_core.verb:set package 'my_service_interfaces' build argument 'catkin_skip_building_tests' from command line to 'False'
[0.417s] DEBUG:colcon.colcon_core.verb:Building package 'my_service_interfaces' with the following arguments: {'ament_cmake_args': None, 'build_base': '/home/spider/ros2_ws/build/my_service_interfaces', 'catkin_cmake_args': None, 'catkin_skip_building_tests': False, 'cmake_args': None, 'cmake_clean_cache': False, 'cmake_clean_first': False, 'cmake_force_configure': False, 'cmake_target': None, 'cmake_target_skip_unavailable': False, 'install_base': '/home/spider/ros2_ws/install/my_service_interfaces', 'merge_install': False, 'path': '/home/spider/ros2_ws/src/my_service_interfaces', 'symlink_install': False, 'test_result_base': None}
[0.418s] Level 5:colcon.colcon_core.verb:set package 'flask_server' build argument 'cmake_args' from command line to 'None'
[0.418s] Level 5:colcon.colcon_core.verb:set package 'flask_server' build argument 'cmake_target' from command line to 'None'
[0.418s] Level 5:colcon.colcon_core.verb:set package 'flask_server' build argument 'cmake_target_skip_unavailable' from command line to 'False'
[0.418s] Level 5:colcon.colcon_core.verb:set package 'flask_server' build argument 'cmake_clean_cache' from command line to 'False'
[0.418s] Level 5:colcon.colcon_core.verb:set package 'flask_server' build argument 'cmake_clean_first' from command line to 'False'
[0.418s] Level 5:colcon.colcon_core.verb:set package 'flask_server' build argument 'cmake_force_configure' from command line to 'False'
[0.418s] Level 5:colcon.colcon_core.verb:set package 'flask_server' build argument 'ament_cmake_args' from command line to 'None'
[0.418s] Level 5:colcon.colcon_core.verb:set package 'flask_server' build argument 'catkin_cmake_args' from command line to 'None'
[0.418s] Level 5:colcon.colcon_core.verb:set package 'flask_server' build argument 'catkin_skip_building_tests' from command line to 'False'
[0.418s] DEBUG:colcon.colcon_core.verb:Building package 'flask_server' with the following arguments: {'ament_cmake_args': None, 'build_base': '/home/spider/ros2_ws/build/flask_server', 'catkin_cmake_args': None, 'catkin_skip_building_tests': False, 'cmake_args': None, 'cmake_clean_cache': False, 'cmake_clean_first': False, 'cmake_force_configure': False, 'cmake_target': None, 'cmake_target_skip_unavailable': False, 'install_base': '/home/spider/ros2_ws/install/flask_server', 'merge_install': False, 'path': '/home/spider/ros2_ws/src/flask_server', 'symlink_install': False, 'test_result_base': None}
[0.419s] Level 5:colcon.colcon_core.verb:set package 'py_node_test' build argument 'cmake_args' from command line to 'None'
[0.419s] Level 5:colcon.colcon_core.verb:set package 'py_node_test' build argument 'cmake_target' from command line to 'None'
[0.419s] Level 5:colcon.colcon_core.verb:set package 'py_node_test' build argument 'cmake_target_skip_unavailable' from command line to 'False'
[0.419s] Level 5:colcon.colcon_core.verb:set package 'py_node_test' build argument 'cmake_clean_cache' from command line to 'False'
[0.419s] Level 5:colcon.colcon_core.verb:set package 'py_node_test' build argument 'cmake_clean_first' from command line to 'False'
[0.419s] Level 5:colcon.colcon_core.verb:set package 'py_node_test' build argument 'cmake_force_configure' from command line to 'False'
[0.419s] Level 5:colcon.colcon_core.verb:set package 'py_node_test' build argument 'ament_cmake_args' from command line to 'None'
[0.419s] Level 5:colcon.colcon_core.verb:set package 'py_node_test' build argument 'catkin_cmake_args' from command line to 'None'
[0.419s] Level 5:colcon.colcon_core.verb:set package 'py_node_test' build argument 'catkin_skip_building_tests' from command line to 'False'
[0.419s] DEBUG:colcon.colcon_core.verb:Building package 'py_node_test' with the following arguments: {'ament_cmake_args': None, 'build_base': '/home/spider/ros2_ws/build/py_node_test', 'catkin_cmake_args': None, 'catkin_skip_building_tests': False, 'cmake_args': None, 'cmake_clean_cache': False, 'cmake_clean_first': False, 'cmake_force_configure': False, 'cmake_target': None, 'cmake_target_skip_unavailable': False, 'install_base': '/home/spider/ros2_ws/install/py_node_test', 'merge_install': False, 'path': '/home/spider/ros2_ws/src/py_node_test', 'symlink_install': False, 'test_result_base': None}
[0.420s] Level 5:colcon.colcon_core.verb:set package 'py_srvcli' build argument 'cmake_args' from command line to 'None'
[0.420s] Level 5:colcon.colcon_core.verb:set package 'py_srvcli' build argument 'cmake_target' from command line to 'None'
[0.420s] Level 5:colcon.colcon_core.verb:set package 'py_srvcli' build argument 'cmake_target_skip_unavailable' from command line to 'False'
[0.420s] Level 5:colcon.colcon_core.verb:set package 'py_srvcli' build argument 'cmake_clean_cache' from command line to 'False'
[0.420s] Level 5:colcon.colcon_core.verb:set package 'py_srvcli' build argument 'cmake_clean_first' from command line to 'False'
[0.420s] Level 5:colcon.colcon_core.verb:set package 'py_srvcli' build argument 'cmake_force_configure' from command line to 'False'
[0.420s] Level 5:colcon.colcon_core.verb:set package 'py_srvcli' build argument 'ament_cmake_args' from command line to 'None'
[0.420s] Level 5:colcon.colcon_core.verb:set package 'py_srvcli' build argument 'catkin_cmake_args' from command line to 'None'
[0.420s] Level 5:colcon.colcon_core.verb:set package 'py_srvcli' build argument 'catkin_skip_building_tests' from command line to 'False'
[0.420s] DEBUG:colcon.colcon_core.verb:Building package 'py_srvcli' with the following arguments: {'ament_cmake_args': None, 'build_base': '/home/spider/ros2_ws/build/py_srvcli', 'catkin_cmake_args': None, 'catkin_skip_building_tests': False, 'cmake_args': None, 'cmake_clean_cache': False, 'cmake_clean_first': False, 'cmake_force_configure': False, 'cmake_target': None, 'cmake_target_skip_unavailable': False, 'install_base': '/home/spider/ros2_ws/install/py_srvcli', 'merge_install': False, 'path': '/home/spider/ros2_ws/src/py_srvcli', 'symlink_install': False, 'test_result_base': None}
[0.421s] INFO:colcon.colcon_core.executor:Executing jobs using 'parallel' executor
[0.423s] DEBUG:colcon.colcon_parallel_executor.executor.parallel:run_until_complete
[0.424s] INFO:colcon.colcon_ros.task.ament_cmake.build:Building ROS package in '/home/spider/ros2_ws/src/my_service_interfaces' with build type 'ament_cmake'
[0.424s] INFO:colcon.colcon_cmake.task.cmake.build:Building CMake package in '/home/spider/ros2_ws/src/my_service_interfaces'
[0.427s] INFO:colcon.colcon_core.plugin_system:Skipping extension 'colcon_core.shell.bat': Not used on non-Windows systems
[0.428s] INFO:colcon.colcon_core.shell:Skip shell extension 'powershell' for command environment: Not usable outside of PowerShell
[0.428s] DEBUG:colcon.colcon_core.shell:Skip shell extension 'dsv' for command environment
[0.432s] INFO:colcon.colcon_ros.task.ament_cmake.build:Building ROS package in '/home/spider/ros2_ws/src/gwpspider_interfaces' with build type 'ament_cmake'
[0.432s] INFO:colcon.colcon_cmake.task.cmake.build:Building CMake package in '/home/spider/ros2_ws/src/gwpspider_interfaces'
[0.433s] INFO:colcon.colcon_core.shell:Skip shell extension 'powershell' for command environment: Not usable outside of PowerShell
[0.433s] DEBUG:colcon.colcon_core.shell:Skip shell extension 'dsv' for command environment
[0.442s] DEBUG:colcon.colcon_core.event_handler.log_command:Invoking command in '/home/spider/ros2_ws/build/my_service_interfaces': CMAKE_PREFIX_PATH=${CMAKE_PREFIX_PATH}:/home/spider/ros2_ws/install/py_srvcli:/home/spider/ros2_ws/install/py_node_test:/home/spider/ros2_ws/install/flask_server:/opt/ros/humble /usr/bin/cmake --build /home/spider/ros2_ws/build/my_service_interfaces -- -j8 -l8
[0.445s] DEBUG:colcon.colcon_core.event_handler.log_command:Invoking command in '/home/spider/ros2_ws/build/gwpspider_interfaces': CMAKE_PREFIX_PATH=${CMAKE_PREFIX_PATH}:/home/spider/ros2_ws/install/py_srvcli:/home/spider/ros2_ws/install/py_node_test:/home/spider/ros2_ws/install/flask_server:/opt/ros/humble /usr/bin/cmake --build /home/spider/ros2_ws/build/gwpspider_interfaces -- -j8 -l8
[0.862s] DEBUG:colcon.colcon_core.event_handler.log_command:Invoked command in '/home/spider/ros2_ws/build/my_service_interfaces' returned '0': CMAKE_PREFIX_PATH=${CMAKE_PREFIX_PATH}:/home/spider/ros2_ws/install/py_srvcli:/home/spider/ros2_ws/install/py_node_test:/home/spider/ros2_ws/install/flask_server:/opt/ros/humble /usr/bin/cmake --build /home/spider/ros2_ws/build/my_service_interfaces -- -j8 -l8
[0.895s] DEBUG:colcon.colcon_core.event_handler.log_command:Invoked command in '/home/spider/ros2_ws/build/gwpspider_interfaces' returned '0': CMAKE_PREFIX_PATH=${CMAKE_PREFIX_PATH}:/home/spider/ros2_ws/install/py_srvcli:/home/spider/ros2_ws/install/py_node_test:/home/spider/ros2_ws/install/flask_server:/opt/ros/humble /usr/bin/cmake --build /home/spider/ros2_ws/build/gwpspider_interfaces -- -j8 -l8
[0.954s] DEBUG:colcon.colcon_core.event_handler.log_command:Invoking command in '/home/spider/ros2_ws/build/my_service_interfaces': CMAKE_PREFIX_PATH=${CMAKE_PREFIX_PATH}:/home/spider/ros2_ws/install/py_srvcli:/home/spider/ros2_ws/install/py_node_test:/home/spider/ros2_ws/install/flask_server:/opt/ros/humble /usr/bin/cmake --install /home/spider/ros2_ws/build/my_service_interfaces
[1.020s] Level 1:colcon.colcon_core.environment:create_environment_scripts_only(my_service_interfaces)
[1.026s] DEBUG:colcon.colcon_core.event_handler.log_command:Invoked command in '/home/spider/ros2_ws/build/my_service_interfaces' returned '0': CMAKE_PREFIX_PATH=${CMAKE_PREFIX_PATH}:/home/spider/ros2_ws/install/py_srvcli:/home/spider/ros2_ws/install/py_node_test:/home/spider/ros2_ws/install/flask_server:/opt/ros/humble /usr/bin/cmake --install /home/spider/ros2_ws/build/my_service_interfaces
[1.028s] Level 1:colcon.colcon_core.environment:checking '/home/spider/ros2_ws/install/my_service_interfaces' for CMake module files
[1.029s] Level 1:colcon.colcon_core.environment:checking '/home/spider/ros2_ws/install/my_service_interfaces' for CMake config files
[1.029s] Level 1:colcon.colcon_core.shell:create_environment_hook('my_service_interfaces', 'cmake_prefix_path')
[1.031s] INFO:colcon.colcon_core.shell:Creating environment hook '/home/spider/ros2_ws/install/my_service_interfaces/share/my_service_interfaces/hook/cmake_prefix_path.ps1'
[1.031s] INFO:colcon.colcon_core.shell:Creating environment descriptor '/home/spider/ros2_ws/install/my_service_interfaces/share/my_service_interfaces/hook/cmake_prefix_path.dsv'
[1.032s] INFO:colcon.colcon_core.shell:Creating environment hook '/home/spider/ros2_ws/install/my_service_interfaces/share/my_service_interfaces/hook/cmake_prefix_path.sh'
[1.033s] Level 1:colcon.colcon_core.environment:checking '/home/spider/ros2_ws/install/my_service_interfaces/lib'
[1.033s] Level 1:colcon.colcon_core.shell:create_environment_hook('my_service_interfaces', 'ld_library_path_lib')
[1.035s] INFO:colcon.colcon_core.shell:Creating environment hook '/home/spider/ros2_ws/install/my_service_interfaces/share/my_service_interfaces/hook/ld_library_path_lib.ps1'
[1.035s] INFO:colcon.colcon_core.shell:Creating environment descriptor '/home/spider/ros2_ws/install/my_service_interfaces/share/my_service_interfaces/hook/ld_library_path_lib.dsv'
[1.035s] INFO:colcon.colcon_core.shell:Creating environment hook '/home/spider/ros2_ws/install/my_service_interfaces/share/my_service_interfaces/hook/ld_library_path_lib.sh'
[1.035s] Level 1:colcon.colcon_core.environment:checking '/home/spider/ros2_ws/install/my_service_interfaces/bin'
[1.036s] Level 1:colcon.colcon_core.environment:checking '/home/spider/ros2_ws/install/my_service_interfaces/lib/pkgconfig/my_service_interfaces.pc'
[1.036s] Level 1:colcon.colcon_core.environment:checking '/home/spider/ros2_ws/install/my_service_interfaces/lib/python3.10/site-packages'
[1.036s] Level 1:colcon.colcon_core.environment:checking '/home/spider/ros2_ws/install/my_service_interfaces/bin'
[1.038s] INFO:colcon.colcon_core.shell:Creating package script '/home/spider/ros2_ws/install/my_service_interfaces/share/my_service_interfaces/package.ps1'
[1.039s] INFO:colcon.colcon_core.shell:Creating package descriptor '/home/spider/ros2_ws/install/my_service_interfaces/share/my_service_interfaces/package.dsv'
[1.039s] INFO:colcon.colcon_core.shell:Creating package script '/home/spider/ros2_ws/install/my_service_interfaces/share/my_service_interfaces/package.sh'
[1.040s] INFO:colcon.colcon_core.shell:Creating package script '/home/spider/ros2_ws/install/my_service_interfaces/share/my_service_interfaces/package.bash'
[1.041s] INFO:colcon.colcon_core.shell:Creating package script '/home/spider/ros2_ws/install/my_service_interfaces/share/my_service_interfaces/package.zsh'
[1.041s] Level 1:colcon.colcon_core.environment:create_file_with_runtime_dependencies(/home/spider/ros2_ws/install/my_service_interfaces/share/colcon-core/packages/my_service_interfaces)
[1.107s] Level 1:colcon.colcon_core.environment:create_environment_scripts_only(my_service_interfaces)
[1.109s] Level 1:colcon.colcon_core.environment:checking '/home/spider/ros2_ws/install/my_service_interfaces' for CMake module files
[1.110s] Level 1:colcon.colcon_core.environment:checking '/home/spider/ros2_ws/install/my_service_interfaces' for CMake config files
[1.110s] Level 1:colcon.colcon_core.shell:create_environment_hook('my_service_interfaces', 'cmake_prefix_path')
[1.111s] INFO:colcon.colcon_core.shell:Creating environment hook '/home/spider/ros2_ws/install/my_service_interfaces/share/my_service_interfaces/hook/cmake_prefix_path.ps1'
[1.111s] INFO:colcon.colcon_core.shell:Creating environment descriptor '/home/spider/ros2_ws/install/my_service_interfaces/share/my_service_interfaces/hook/cmake_prefix_path.dsv'
[1.111s] INFO:colcon.colcon_core.shell:Creating environment hook '/home/spider/ros2_ws/install/my_service_interfaces/share/my_service_interfaces/hook/cmake_prefix_path.sh'
[1.112s] Level 1:colcon.colcon_core.environment:checking '/home/spider/ros2_ws/install/my_service_interfaces/lib'
[1.112s] Level 1:colcon.colcon_core.shell:create_environment_hook('my_service_interfaces', 'ld_library_path_lib')
[1.113s] INFO:colcon.colcon_core.shell:Creating environment hook '/home/spider/ros2_ws/install/my_service_interfaces/share/my_service_interfaces/hook/ld_library_path_lib.ps1'
[1.113s] INFO:colcon.colcon_core.shell:Creating environment descriptor '/home/spider/ros2_ws/install/my_service_interfaces/share/my_service_interfaces/hook/ld_library_path_lib.dsv'
[1.113s] INFO:colcon.colcon_core.shell:Creating environment hook '/home/spider/ros2_ws/install/my_service_interfaces/share/my_service_interfaces/hook/ld_library_path_lib.sh'
[1.114s] Level 1:colcon.colcon_core.environment:checking '/home/spider/ros2_ws/install/my_service_interfaces/bin'
[1.114s] Level 1:colcon.colcon_core.environment:checking '/home/spider/ros2_ws/install/my_service_interfaces/lib/pkgconfig/my_service_interfaces.pc'
[1.114s] Level 1:colcon.colcon_core.environment:checking '/home/spider/ros2_ws/install/my_service_interfaces/lib/python3.10/site-packages'
[1.114s] Level 1:colcon.colcon_core.environment:checking '/home/spider/ros2_ws/install/my_service_interfaces/bin'
[1.115s] INFO:colcon.colcon_core.shell:Creating package script '/home/spider/ros2_ws/install/my_service_interfaces/share/my_service_interfaces/package.ps1'
[1.116s] INFO:colcon.colcon_core.shell:Creating package descriptor '/home/spider/ros2_ws/install/my_service_interfaces/share/my_service_interfaces/package.dsv'
[1.116s] INFO:colcon.colcon_core.shell:Creating package script '/home/spider/ros2_ws/install/my_service_interfaces/share/my_service_interfaces/package.sh'
[1.116s] INFO:colcon.colcon_core.shell:Creating package script '/home/spider/ros2_ws/install/my_service_interfaces/share/my_service_interfaces/package.bash'
[1.117s] INFO:colcon.colcon_core.shell:Creating package script '/home/spider/ros2_ws/install/my_service_interfaces/share/my_service_interfaces/package.zsh'
[1.117s] Level 1:colcon.colcon_core.environment:create_file_with_runtime_dependencies(/home/spider/ros2_ws/install/my_service_interfaces/share/colcon-core/packages/my_service_interfaces)
[1.117s] INFO:colcon.colcon_ros.task.ament_python.build:Building ROS package in '/home/spider/ros2_ws/src/py_node_test' with build type 'ament_python'
[1.117s] Level 1:colcon.colcon_core.shell:create_environment_hook('py_node_test', 'ament_prefix_path')
[1.119s] INFO:colcon.colcon_core.shell:Creating environment hook '/home/spider/ros2_ws/install/py_node_test/share/py_node_test/hook/ament_prefix_path.ps1'
[1.119s] INFO:colcon.colcon_core.shell:Creating environment descriptor '/home/spider/ros2_ws/install/py_node_test/share/py_node_test/hook/ament_prefix_path.dsv'
[1.120s] INFO:colcon.colcon_core.shell:Creating environment hook '/home/spider/ros2_ws/install/py_node_test/share/py_node_test/hook/ament_prefix_path.sh'
[1.122s] INFO:colcon.colcon_core.shell:Skip shell extension 'powershell' for command environment: Not usable outside of PowerShell
[1.122s] DEBUG:colcon.colcon_core.shell:Skip shell extension 'dsv' for command environment
[1.127s] INFO:colcon.colcon_ros.task.ament_python.build:Building ROS package in '/home/spider/ros2_ws/src/py_srvcli' with build type 'ament_python'
[1.127s] Level 1:colcon.colcon_core.shell:create_environment_hook('py_srvcli', 'ament_prefix_path')
[1.128s] INFO:colcon.colcon_core.shell:Creating environment hook '/home/spider/ros2_ws/install/py_srvcli/share/py_srvcli/hook/ament_prefix_path.ps1'
[1.129s] INFO:colcon.colcon_core.shell:Creating environment descriptor '/home/spider/ros2_ws/install/py_srvcli/share/py_srvcli/hook/ament_prefix_path.dsv'
[1.129s] INFO:colcon.colcon_core.shell:Creating environment hook '/home/spider/ros2_ws/install/py_srvcli/share/py_srvcli/hook/ament_prefix_path.sh'
[1.130s] INFO:colcon.colcon_core.shell:Skip shell extension 'powershell' for command environment: Not usable outside of PowerShell
[1.130s] DEBUG:colcon.colcon_core.shell:Skip shell extension 'dsv' for command environment
[1.374s] INFO:colcon.colcon_core.task.python.build:Building Python package in '/home/spider/ros2_ws/src/py_node_test'
[1.377s] INFO:colcon.colcon_core.shell:Skip shell extension 'powershell' for command environment: Not usable outside of PowerShell
[1.377s] DEBUG:colcon.colcon_core.shell:Skip shell extension 'dsv' for command environment
[1.612s] INFO:colcon.colcon_core.task.python.build:Building Python package in '/home/spider/ros2_ws/src/py_srvcli'
[1.614s] INFO:colcon.colcon_core.shell:Skip shell extension 'powershell' for command environment: Not usable outside of PowerShell
[1.614s] DEBUG:colcon.colcon_core.shell:Skip shell extension 'dsv' for command environment
[1.621s] DEBUG:colcon.colcon_core.event_handler.log_command:Invoking command in '/home/spider/ros2_ws/build/gwpspider_interfaces': CMAKE_PREFIX_PATH=${CMAKE_PREFIX_PATH}:/home/spider/ros2_ws/install/py_srvcli:/home/spider/ros2_ws/install/py_node_test:/home/spider/ros2_ws/install/flask_server:/opt/ros/humble /usr/bin/cmake --install /home/spider/ros2_ws/build/gwpspider_interfaces
[1.707s] Level 1:colcon.colcon_core.environment:create_environment_scripts_only(gwpspider_interfaces)
[1.709s] Level 1:colcon.colcon_core.environment:checking '/home/spider/ros2_ws/install/gwpspider_interfaces' for CMake module files
[1.710s] Level 1:colcon.colcon_core.environment:checking '/home/spider/ros2_ws/install/gwpspider_interfaces' for CMake config files
[1.711s] DEBUG:colcon.colcon_core.event_handler.log_command:Invoked command in '/home/spider/ros2_ws/build/gwpspider_interfaces' returned '0': CMAKE_PREFIX_PATH=${CMAKE_PREFIX_PATH}:/home/spider/ros2_ws/install/py_srvcli:/home/spider/ros2_ws/install/py_node_test:/home/spider/ros2_ws/install/flask_server:/opt/ros/humble /usr/bin/cmake --install /home/spider/ros2_ws/build/gwpspider_interfaces
[1.711s] Level 1:colcon.colcon_core.shell:create_environment_hook('gwpspider_interfaces', 'cmake_prefix_path')
[1.713s] INFO:colcon.colcon_core.shell:Creating environment hook '/home/spider/ros2_ws/install/gwpspider_interfaces/share/gwpspider_interfaces/hook/cmake_prefix_path.ps1'
[1.713s] INFO:colcon.colcon_core.shell:Creating environment descriptor '/home/spider/ros2_ws/install/gwpspider_interfaces/share/gwpspider_interfaces/hook/cmake_prefix_path.dsv'
[1.713s] INFO:colcon.colcon_core.shell:Creating environment hook '/home/spider/ros2_ws/install/gwpspider_interfaces/share/gwpspider_interfaces/hook/cmake_prefix_path.sh'
[1.714s] Level 1:colcon.colcon_core.environment:checking '/home/spider/ros2_ws/install/gwpspider_interfaces/lib'
[1.714s] Level 1:colcon.colcon_core.shell:create_environment_hook('gwpspider_interfaces', 'ld_library_path_lib')
[1.715s] INFO:colcon.colcon_core.shell:Creating environment hook '/home/spider/ros2_ws/install/gwpspider_interfaces/share/gwpspider_interfaces/hook/ld_library_path_lib.ps1'
[1.715s] INFO:colcon.colcon_core.shell:Creating environment descriptor '/home/spider/ros2_ws/install/gwpspider_interfaces/share/gwpspider_interfaces/hook/ld_library_path_lib.dsv'
[1.716s] INFO:colcon.colcon_core.shell:Creating environment hook '/home/spider/ros2_ws/install/gwpspider_interfaces/share/gwpspider_interfaces/hook/ld_library_path_lib.sh'
[1.716s] Level 1:colcon.colcon_core.environment:checking '/home/spider/ros2_ws/install/gwpspider_interfaces/bin'
[1.716s] Level 1:colcon.colcon_core.environment:checking '/home/spider/ros2_ws/install/gwpspider_interfaces/lib/pkgconfig/gwpspider_interfaces.pc'
[1.716s] Level 1:colcon.colcon_core.environment:checking '/home/spider/ros2_ws/install/gwpspider_interfaces/lib/python3.10/site-packages'
[1.716s] Level 1:colcon.colcon_core.environment:checking '/home/spider/ros2_ws/install/gwpspider_interfaces/bin'
[1.718s] INFO:colcon.colcon_core.shell:Creating package script '/home/spider/ros2_ws/install/gwpspider_interfaces/share/gwpspider_interfaces/package.ps1'
[1.718s] INFO:colcon.colcon_core.shell:Creating package descriptor '/home/spider/ros2_ws/install/gwpspider_interfaces/share/gwpspider_interfaces/package.dsv'
[1.718s] INFO:colcon.colcon_core.shell:Creating package script '/home/spider/ros2_ws/install/gwpspider_interfaces/share/gwpspider_interfaces/package.sh'
[1.719s] INFO:colcon.colcon_core.shell:Creating package script '/home/spider/ros2_ws/install/gwpspider_interfaces/share/gwpspider_interfaces/package.bash'
[1.719s] INFO:colcon.colcon_core.shell:Creating package script '/home/spider/ros2_ws/install/gwpspider_interfaces/share/gwpspider_interfaces/package.zsh'
[1.719s] Level 1:colcon.colcon_core.environment:create_file_with_runtime_dependencies(/home/spider/ros2_ws/install/gwpspider_interfaces/share/colcon-core/packages/gwpspider_interfaces)
[2.001s] DEBUG:colcon.colcon_core.event_handler.log_command:Invoking command in '/home/spider/ros2_ws/src/py_srvcli': PYTHONPATH=/home/spider/ros2_ws/build/py_srvcli/prefix_override:/home/spider/ros2_ws/install/py_srvcli/lib/python3.10/site-packages:${PYTHONPATH} /usr/bin/python3 setup.py egg_info --egg-base ../../build/py_srvcli build --build-base /home/spider/ros2_ws/build/py_srvcli/build install --record /home/spider/ros2_ws/build/py_srvcli/install.log --single-version-externally-managed
[2.040s] DEBUG:colcon.colcon_core.event_handler.log_command:Invoking command in '/home/spider/ros2_ws/src/py_node_test': PYTHONPATH=/home/spider/ros2_ws/build/py_node_test/prefix_override:/home/spider/ros2_ws/install/py_node_test/lib/python3.10/site-packages:${PYTHONPATH} /usr/bin/python3 setup.py egg_info --egg-base ../../build/py_node_test build --build-base /home/spider/ros2_ws/build/py_node_test/build install --record /home/spider/ros2_ws/build/py_node_test/install.log --single-version-externally-managed
[2.238s] Level 1:colcon.colcon_core.environment:create_environment_scripts_only(gwpspider_interfaces)
[2.240s] Level 1:colcon.colcon_core.environment:checking '/home/spider/ros2_ws/install/gwpspider_interfaces' for CMake module files
[2.241s] Level 1:colcon.colcon_core.environment:checking '/home/spider/ros2_ws/install/gwpspider_interfaces' for CMake config files
[2.241s] Level 1:colcon.colcon_core.shell:create_environment_hook('gwpspider_interfaces', 'cmake_prefix_path')
[2.242s] INFO:colcon.colcon_core.shell:Creating environment hook '/home/spider/ros2_ws/install/gwpspider_interfaces/share/gwpspider_interfaces/hook/cmake_prefix_path.ps1'
[2.243s] INFO:colcon.colcon_core.shell:Creating environment descriptor '/home/spider/ros2_ws/install/gwpspider_interfaces/share/gwpspider_interfaces/hook/cmake_prefix_path.dsv'
[2.243s] INFO:colcon.colcon_core.shell:Creating environment hook '/home/spider/ros2_ws/install/gwpspider_interfaces/share/gwpspider_interfaces/hook/cmake_prefix_path.sh'
[2.243s] Level 1:colcon.colcon_core.environment:checking '/home/spider/ros2_ws/install/gwpspider_interfaces/lib'
[2.244s] Level 1:colcon.colcon_core.shell:create_environment_hook('gwpspider_interfaces', 'ld_library_path_lib')
[2.245s] INFO:colcon.colcon_core.shell:Creating environment hook '/home/spider/ros2_ws/install/gwpspider_interfaces/share/gwpspider_interfaces/hook/ld_library_path_lib.ps1'
[2.245s] INFO:colcon.colcon_core.shell:Creating environment descriptor '/home/spider/ros2_ws/install/gwpspider_interfaces/share/gwpspider_interfaces/hook/ld_library_path_lib.dsv'
[2.245s] INFO:colcon.colcon_core.shell:Creating environment hook '/home/spider/ros2_ws/install/gwpspider_interfaces/share/gwpspider_interfaces/hook/ld_library_path_lib.sh'
[2.246s] Level 1:colcon.colcon_core.environment:checking '/home/spider/ros2_ws/install/gwpspider_interfaces/bin'
[2.246s] Level 1:colcon.colcon_core.environment:checking '/home/spider/ros2_ws/install/gwpspider_interfaces/lib/pkgconfig/gwpspider_interfaces.pc'
[2.246s] Level 1:colcon.colcon_core.environment:checking '/home/spider/ros2_ws/install/gwpspider_interfaces/lib/python3.10/site-packages'
[2.246s] Level 1:colcon.colcon_core.environment:checking '/home/spider/ros2_ws/install/gwpspider_interfaces/bin'
[2.247s] INFO:colcon.colcon_core.shell:Creating package script '/home/spider/ros2_ws/install/gwpspider_interfaces/share/gwpspider_interfaces/package.ps1'
[2.248s] INFO:colcon.colcon_core.shell:Creating package descriptor '/home/spider/ros2_ws/install/gwpspider_interfaces/share/gwpspider_interfaces/package.dsv'
[2.248s] INFO:colcon.colcon_core.shell:Creating package script '/home/spider/ros2_ws/install/gwpspider_interfaces/share/gwpspider_interfaces/package.sh'
[2.248s] INFO:colcon.colcon_core.shell:Creating package script '/home/spider/ros2_ws/install/gwpspider_interfaces/share/gwpspider_interfaces/package.bash'
[2.249s] INFO:colcon.colcon_core.shell:Creating package script '/home/spider/ros2_ws/install/gwpspider_interfaces/share/gwpspider_interfaces/package.zsh'
[2.249s] Level 1:colcon.colcon_core.environment:create_file_with_runtime_dependencies(/home/spider/ros2_ws/install/gwpspider_interfaces/share/colcon-core/packages/gwpspider_interfaces)
[2.249s] INFO:colcon.colcon_ros.task.ament_python.build:Building ROS package in '/home/spider/ros2_ws/src/flask_server' with build type 'ament_python'
[2.249s] Level 1:colcon.colcon_core.shell:create_environment_hook('flask_server', 'ament_prefix_path')
[2.251s] INFO:colcon.colcon_core.shell:Creating environment hook '/home/spider/ros2_ws/install/flask_server/share/flask_server/hook/ament_prefix_path.ps1'
[2.251s] INFO:colcon.colcon_core.shell:Creating environment descriptor '/home/spider/ros2_ws/install/flask_server/share/flask_server/hook/ament_prefix_path.dsv'
[2.252s] INFO:colcon.colcon_core.shell:Creating environment hook '/home/spider/ros2_ws/install/flask_server/share/flask_server/hook/ament_prefix_path.sh'
[2.253s] INFO:colcon.colcon_core.shell:Skip shell extension 'powershell' for command environment: Not usable outside of PowerShell
[2.253s] DEBUG:colcon.colcon_core.shell:Skip shell extension 'dsv' for command environment
[2.554s] INFO:colcon.colcon_core.task.python.build:Building Python package in '/home/spider/ros2_ws/src/flask_server'
[2.556s] INFO:colcon.colcon_core.shell:Skip shell extension 'powershell' for command environment: Not usable outside of PowerShell
[2.557s] DEBUG:colcon.colcon_core.shell:Skip shell extension 'dsv' for command environment
[2.569s] Level 1:colcon.colcon_core.environment:checking '/home/spider/ros2_ws/install/py_srvcli' for CMake module files
[2.569s] DEBUG:colcon.colcon_core.event_handler.log_command:Invoked command in '/home/spider/ros2_ws/src/py_srvcli' returned '0': PYTHONPATH=/home/spider/ros2_ws/build/py_srvcli/prefix_override:/home/spider/ros2_ws/install/py_srvcli/lib/python3.10/site-packages:${PYTHONPATH} /usr/bin/python3 setup.py egg_info --egg-base ../../build/py_srvcli build --build-base /home/spider/ros2_ws/build/py_srvcli/build install --record /home/spider/ros2_ws/build/py_srvcli/install.log --single-version-externally-managed
[2.570s] Level 1:colcon.colcon_core.environment:checking '/home/spider/ros2_ws/install/py_srvcli' for CMake config files
[2.571s] Level 1:colcon.colcon_core.environment:checking '/home/spider/ros2_ws/install/py_srvcli/lib'
[2.571s] Level 1:colcon.colcon_core.environment:checking '/home/spider/ros2_ws/install/py_srvcli/bin'
[2.571s] Level 1:colcon.colcon_core.environment:checking '/home/spider/ros2_ws/install/py_srvcli/lib/pkgconfig/py_srvcli.pc'
[2.571s] Level 1:colcon.colcon_core.environment:checking '/home/spider/ros2_ws/install/py_srvcli/lib/python3.10/site-packages'
[2.571s] Level 1:colcon.colcon_core.shell:create_environment_hook('py_srvcli', 'pythonpath')
[2.574s] INFO:colcon.colcon_core.shell:Creating environment hook '/home/spider/ros2_ws/install/py_srvcli/share/py_srvcli/hook/pythonpath.ps1'
[2.574s] INFO:colcon.colcon_core.shell:Creating environment descriptor '/home/spider/ros2_ws/install/py_srvcli/share/py_srvcli/hook/pythonpath.dsv'
[2.575s] INFO:colcon.colcon_core.shell:Creating environment hook '/home/spider/ros2_ws/install/py_srvcli/share/py_srvcli/hook/pythonpath.sh'
[2.576s] Level 1:colcon.colcon_core.environment:checking '/home/spider/ros2_ws/install/py_srvcli/bin'
[2.576s] Level 1:colcon.colcon_core.environment:create_environment_scripts_only(py_srvcli)
[2.579s] INFO:colcon.colcon_core.shell:Creating package script '/home/spider/ros2_ws/install/py_srvcli/share/py_srvcli/package.ps1'
[2.579s] INFO:colcon.colcon_core.shell:Creating package descriptor '/home/spider/ros2_ws/install/py_srvcli/share/py_srvcli/package.dsv'
[2.580s] INFO:colcon.colcon_core.shell:Creating package script '/home/spider/ros2_ws/install/py_srvcli/share/py_srvcli/package.sh'
[2.580s] INFO:colcon.colcon_core.shell:Creating package script '/home/spider/ros2_ws/install/py_srvcli/share/py_srvcli/package.bash'
[2.581s] INFO:colcon.colcon_core.shell:Creating package script '/home/spider/ros2_ws/install/py_srvcli/share/py_srvcli/package.zsh'
[2.581s] Level 1:colcon.colcon_core.environment:create_file_with_runtime_dependencies(/home/spider/ros2_ws/install/py_srvcli/share/colcon-core/packages/py_srvcli)
[2.585s] Level 1:colcon.colcon_core.environment:checking '/home/spider/ros2_ws/install/py_node_test' for CMake module files
[2.586s] Level 1:colcon.colcon_core.environment:checking '/home/spider/ros2_ws/install/py_node_test' for CMake config files
[2.587s] DEBUG:colcon.colcon_core.event_handler.log_command:Invoked command in '/home/spider/ros2_ws/src/py_node_test' returned '0': PYTHONPATH=/home/spider/ros2_ws/build/py_node_test/prefix_override:/home/spider/ros2_ws/install/py_node_test/lib/python3.10/site-packages:${PYTHONPATH} /usr/bin/python3 setup.py egg_info --egg-base ../../build/py_node_test build --build-base /home/spider/ros2_ws/build/py_node_test/build install --record /home/spider/ros2_ws/build/py_node_test/install.log --single-version-externally-managed
[2.588s] Level 1:colcon.colcon_core.environment:checking '/home/spider/ros2_ws/install/py_node_test/lib'
[2.588s] Level 1:colcon.colcon_core.environment:checking '/home/spider/ros2_ws/install/py_node_test/bin'
[2.588s] Level 1:colcon.colcon_core.environment:checking '/home/spider/ros2_ws/install/py_node_test/lib/pkgconfig/py_node_test.pc'
[2.588s] Level 1:colcon.colcon_core.environment:checking '/home/spider/ros2_ws/install/py_node_test/lib/python3.10/site-packages'
[2.588s] Level 1:colcon.colcon_core.shell:create_environment_hook('py_node_test', 'pythonpath')
[2.590s] INFO:colcon.colcon_core.shell:Creating environment hook '/home/spider/ros2_ws/install/py_node_test/share/py_node_test/hook/pythonpath.ps1'
[2.591s] INFO:colcon.colcon_core.shell:Creating environment descriptor '/home/spider/ros2_ws/install/py_node_test/share/py_node_test/hook/pythonpath.dsv'
[2.591s] INFO:colcon.colcon_core.shell:Creating environment hook '/home/spider/ros2_ws/install/py_node_test/share/py_node_test/hook/pythonpath.sh'
[2.592s] Level 1:colcon.colcon_core.environment:checking '/home/spider/ros2_ws/install/py_node_test/bin'
[2.592s] Level 1:colcon.colcon_core.environment:create_environment_scripts_only(py_node_test)
[2.595s] INFO:colcon.colcon_core.shell:Creating package script '/home/spider/ros2_ws/install/py_node_test/share/py_node_test/package.ps1'
[2.596s] INFO:colcon.colcon_core.shell:Creating package descriptor '/home/spider/ros2_ws/install/py_node_test/share/py_node_test/package.dsv'
[2.596s] INFO:colcon.colcon_core.shell:Creating package script '/home/spider/ros2_ws/install/py_node_test/share/py_node_test/package.sh'
[2.597s] INFO:colcon.colcon_core.shell:Creating package script '/home/spider/ros2_ws/install/py_node_test/share/py_node_test/package.bash'
[2.597s] INFO:colcon.colcon_core.shell:Creating package script '/home/spider/ros2_ws/install/py_node_test/share/py_node_test/package.zsh'
[2.597s] Level 1:colcon.colcon_core.environment:create_file_with_runtime_dependencies(/home/spider/ros2_ws/install/py_node_test/share/colcon-core/packages/py_node_test)
[2.934s] DEBUG:colcon.colcon_core.event_handler.log_command:Invoking command in '/home/spider/ros2_ws/src/flask_server': PYTHONPATH=/home/spider/ros2_ws/build/flask_server/prefix_override:/home/spider/ros2_ws/install/flask_server/lib/python3.10/site-packages:${PYTHONPATH} /usr/bin/python3 setup.py egg_info --egg-base ../../build/flask_server build --build-base /home/spider/ros2_ws/build/flask_server/build install --record /home/spider/ros2_ws/build/flask_server/install.log --single-version-externally-managed
[3.211s] Level 1:colcon.colcon_core.environment:checking '/home/spider/ros2_ws/install/flask_server' for CMake module files
[3.212s] DEBUG:colcon.colcon_core.event_handler.log_command:Invoked command in '/home/spider/ros2_ws/src/flask_server' returned '0': PYTHONPATH=/home/spider/ros2_ws/build/flask_server/prefix_override:/home/spider/ros2_ws/install/flask_server/lib/python3.10/site-packages:${PYTHONPATH} /usr/bin/python3 setup.py egg_info --egg-base ../../build/flask_server build --build-base /home/spider/ros2_ws/build/flask_server/build install --record /home/spider/ros2_ws/build/flask_server/install.log --single-version-externally-managed
[3.212s] Level 1:colcon.colcon_core.environment:checking '/home/spider/ros2_ws/install/flask_server' for CMake config files
[3.213s] Level 1:colcon.colcon_core.environment:checking '/home/spider/ros2_ws/install/flask_server/lib'
[3.213s] Level 1:colcon.colcon_core.environment:checking '/home/spider/ros2_ws/install/flask_server/bin'
[3.213s] Level 1:colcon.colcon_core.environment:checking '/home/spider/ros2_ws/install/flask_server/lib/pkgconfig/flask_server.pc'
[3.214s] Level 1:colcon.colcon_core.environment:checking '/home/spider/ros2_ws/install/flask_server/lib/python3.10/site-packages'
[3.214s] Level 1:colcon.colcon_core.shell:create_environment_hook('flask_server', 'pythonpath')
[3.216s] INFO:colcon.colcon_core.shell:Creating environment hook '/home/spider/ros2_ws/install/flask_server/share/flask_server/hook/pythonpath.ps1'
[3.216s] INFO:colcon.colcon_core.shell:Creating environment descriptor '/home/spider/ros2_ws/install/flask_server/share/flask_server/hook/pythonpath.dsv'
[3.217s] INFO:colcon.colcon_core.shell:Creating environment hook '/home/spider/ros2_ws/install/flask_server/share/flask_server/hook/pythonpath.sh'
[3.217s] Level 1:colcon.colcon_core.environment:checking '/home/spider/ros2_ws/install/flask_server/bin'
[3.218s] Level 1:colcon.colcon_core.environment:create_environment_scripts_only(flask_server)
[3.220s] INFO:colcon.colcon_core.shell:Creating package script '/home/spider/ros2_ws/install/flask_server/share/flask_server/package.ps1'
[3.220s] INFO:colcon.colcon_core.shell:Creating package descriptor '/home/spider/ros2_ws/install/flask_server/share/flask_server/package.dsv'
[3.221s] INFO:colcon.colcon_core.shell:Creating package script '/home/spider/ros2_ws/install/flask_server/share/flask_server/package.sh'
[3.221s] INFO:colcon.colcon_core.shell:Creating package script '/home/spider/ros2_ws/install/flask_server/share/flask_server/package.bash'
[3.222s] INFO:colcon.colcon_core.shell:Creating package script '/home/spider/ros2_ws/install/flask_server/share/flask_server/package.zsh'
[3.222s] Level 1:colcon.colcon_core.environment:create_file_with_runtime_dependencies(/home/spider/ros2_ws/install/flask_server/share/colcon-core/packages/flask_server)
[3.223s] DEBUG:colcon.colcon_parallel_executor.executor.parallel:closing loop
[3.223s] DEBUG:colcon.colcon_parallel_executor.executor.parallel:loop closed
[3.223s] DEBUG:colcon.colcon_parallel_executor.executor.parallel:run_until_complete finished with '0'
[3.223s] DEBUG:colcon.colcon_core.event_reactor:joining thread
[3.229s] INFO:colcon.colcon_core.plugin_system:Skipping extension 'colcon_notification.desktop_notification.terminal_notifier': Not used on non-Darwin systems
[3.229s] INFO:colcon.colcon_core.plugin_system:Skipping extension 'colcon_notification.desktop_notification.win32': Not used on non-Windows systems
[3.229s] INFO:colcon.colcon_notification.desktop_notification:Sending desktop notification using 'notify2'
[3.240s] DEBUG:colcon.colcon_core.event_reactor:joined thread
[3.242s] INFO:colcon.colcon_core.shell:Creating prefix script '/home/spider/ros2_ws/install/local_setup.ps1'
[3.243s] INFO:colcon.colcon_core.shell:Creating prefix util module '/home/spider/ros2_ws/install/_local_setup_util_ps1.py'
[3.244s] INFO:colcon.colcon_core.shell:Creating prefix chain script '/home/spider/ros2_ws/install/setup.ps1'
[3.247s] INFO:colcon.colcon_core.shell:Creating prefix script '/home/spider/ros2_ws/install/local_setup.sh'
[3.248s] INFO:colcon.colcon_core.shell:Creating prefix util module '/home/spider/ros2_ws/install/_local_setup_util_sh.py'
[3.248s] INFO:colcon.colcon_core.shell:Creating prefix chain script '/home/spider/ros2_ws/install/setup.sh'
[3.252s] INFO:colcon.colcon_core.shell:Creating prefix script '/home/spider/ros2_ws/install/local_setup.bash'
[3.252s] INFO:colcon.colcon_core.shell:Creating prefix chain script '/home/spider/ros2_ws/install/setup.bash'
[3.254s] INFO:colcon.colcon_core.shell:Creating prefix script '/home/spider/ros2_ws/install/local_setup.zsh'
[3.255s] INFO:colcon.colcon_core.shell:Creating prefix chain script '/home/spider/ros2_ws/install/setup.zsh'
