[0.560s] Invoking command in '/home/spider/ros2_ws/src/py_srvcli': PYTHONPATH=/home/spider/ros2_ws/build/py_srvcli/prefix_override:/home/spider/ros2_ws/install/py_srvcli/lib/python3.10/site-packages:${PYTHONPATH} /usr/bin/python3 setup.py egg_info --egg-base ../../build/py_srvcli build --build-base /home/spider/ros2_ws/build/py_srvcli/build install --record /home/spider/ros2_ws/build/py_srvcli/install.log --single-version-externally-managed
[0.778s] running egg_info
[0.779s] writing ../../build/py_srvcli/py_srvcli.egg-info/PKG-INFO
[0.779s] writing dependency_links to ../../build/py_srvcli/py_srvcli.egg-info/dependency_links.txt
[0.779s] writing entry points to ../../build/py_srvcli/py_srvcli.egg-info/entry_points.txt
[0.779s] writing requirements to ../../build/py_srvcli/py_srvcli.egg-info/requires.txt
[0.779s] writing top-level names to ../../build/py_srvcli/py_srvcli.egg-info/top_level.txt
[0.780s] reading manifest file '../../build/py_srvcli/py_srvcli.egg-info/SOURCES.txt'
[0.781s] writing manifest file '../../build/py_srvcli/py_srvcli.egg-info/SOURCES.txt'
[0.781s] running build
[0.781s] running build_py
[0.781s] running install
[0.782s] /usr/lib/python3/dist-packages/setuptools/command/install.py:34: SetuptoolsDeprecationWarning: setup.py install is deprecated. Use build and pip and other standards-based tools.
[0.782s]   warnings.warn(
[0.782s] running install_lib
[0.783s] running install_data
[0.783s] running install_egg_info
[0.784s] removing '/home/spider/ros2_ws/install/py_srvcli/lib/python3.10/site-packages/py_srvcli-0.0.0-py3.10.egg-info' (and everything under it)
[0.785s] Copying ../../build/py_srvcli/py_srvcli.egg-info to /home/spider/ros2_ws/install/py_srvcli/lib/python3.10/site-packages/py_srvcli-0.0.0-py3.10.egg-info
[0.785s] running install_scripts
[0.803s] Installing client script to /home/spider/ros2_ws/install/py_srvcli/lib/py_srvcli
[0.803s] Installing service script to /home/spider/ros2_ws/install/py_srvcli/lib/py_srvcli
[0.803s] writing list of installed files to '/home/spider/ros2_ws/build/py_srvcli/install.log'
[0.826s] Invoked command in '/home/spider/ros2_ws/src/py_srvcli' returned '0': PYTHONPATH=/home/spider/ros2_ws/build/py_srvcli/prefix_override:/home/spider/ros2_ws/install/py_srvcli/lib/python3.10/site-packages:${PYTHONPATH} /usr/bin/python3 setup.py egg_info --egg-base ../../build/py_srvcli build --build-base /home/spider/ros2_ws/build/py_srvcli/build install --record /home/spider/ros2_ws/build/py_srvcli/install.log --single-version-externally-managed
