[1.482s] DEBUG:colcon:Command line arguments: ['/usr/bin/colcon', 'build', '--packages-select', 'flask_server']
[1.483s] DEBUG:colcon:Parsed command line arguments: Namespace(log_base=None, log_level=None, verb_name='build', build_base='build', install_base='install', merge_install=False, symlink_install=False, test_result_base=None, continue_on_error=False, executor='parallel', parallel_workers=4, event_handlers=None, ignore_user_meta=False, metas=['./colcon.meta'], base_paths=['.'], packages_ignore=None, packages_ignore_regex=None, paths=None, packages_up_to=None, packages_up_to_regex=None, packages_above=None, packages_above_and_dependencies=None, packages_above_depth=None, packages_select_by_dep=None, packages_skip_by_dep=None, packages_skip_up_to=None, packages_select_build_failed=False, packages_skip_build_finished=False, packages_select_test_failures=False, packages_skip_test_passed=False, packages_select=['flask_server'], packages_skip=None, packages_select_regex=None, packages_skip_regex=None, packages_start=None, packages_end=None, allow_overriding=[], cmake_args=None, cmake_target=None, cmake_target_skip_unavailable=False, cmake_clean_cache=False, cmake_clean_first=False, cmake_force_configure=False, ament_cmake_args=None, catkin_cmake_args=None, catkin_skip_building_tests=False, verb_parser=<colcon_defaults.argument_parser.defaults.DefaultArgumentsDecorator object at 0xffff94736b60>, verb_extension=<colcon_core.verb.build.BuildVerb object at 0xffff94fd2590>, main=<bound method BuildVerb.main of <colcon_core.verb.build.BuildVerb object at 0xffff94fd2590>>)
[1.623s] Level 1:colcon.colcon_core.package_discovery:discover_packages(colcon_meta) check parameters
[1.624s] Level 1:colcon.colcon_core.package_discovery:discover_packages(recursive) check parameters
[1.624s] Level 1:colcon.colcon_core.package_discovery:discover_packages(ignore) check parameters
[1.624s] Level 1:colcon.colcon_core.package_discovery:discover_packages(path) check parameters
[1.624s] Level 1:colcon.colcon_core.package_discovery:discover_packages(colcon_meta) discover
[1.624s] Level 1:colcon.colcon_core.package_discovery:discover_packages(recursive) discover
[1.625s] INFO:colcon.colcon_core.package_discovery:Crawling recursively for packages in '/home/spiderpi/ros2_ws'
[1.625s] Level 1:colcon.colcon_core.package_identification:_identify(.) by extensions ['ignore', 'ignore_ament_install']
[1.625s] Level 1:colcon.colcon_core.package_identification:_identify(.) by extension 'ignore'
[1.626s] Level 1:colcon.colcon_core.package_identification:_identify(.) by extension 'ignore_ament_install'
[1.626s] Level 1:colcon.colcon_core.package_identification:_identify(.) by extensions ['colcon_pkg']
[1.626s] Level 1:colcon.colcon_core.package_identification:_identify(.) by extension 'colcon_pkg'
[1.626s] Level 1:colcon.colcon_core.package_identification:_identify(.) by extensions ['colcon_meta']
[1.627s] Level 1:colcon.colcon_core.package_identification:_identify(.) by extension 'colcon_meta'
[1.627s] Level 1:colcon.colcon_core.package_identification:_identify(.) by extensions ['ros']
[1.627s] Level 1:colcon.colcon_core.package_identification:_identify(.) by extension 'ros'
[1.675s] Level 1:colcon.colcon_core.package_identification:_identify(.) by extensions ['cmake', 'python']
[1.675s] Level 1:colcon.colcon_core.package_identification:_identify(.) by extension 'cmake'
[1.676s] Level 1:colcon.colcon_core.package_identification:_identify(.) by extension 'python'
[1.676s] Level 1:colcon.colcon_core.package_identification:_identify(.) by extensions ['python_setup_py']
[1.676s] Level 1:colcon.colcon_core.package_identification:_identify(.) by extension 'python_setup_py'
[1.677s] Level 1:colcon.colcon_core.package_identification:_identify(build) by extensions ['ignore', 'ignore_ament_install']
[1.677s] Level 1:colcon.colcon_core.package_identification:_identify(build) by extension 'ignore'
[1.677s] Level 1:colcon.colcon_core.package_identification:_identify(build) ignored
[1.678s] Level 1:colcon.colcon_core.package_identification:_identify(install) by extensions ['ignore', 'ignore_ament_install']
[1.678s] Level 1:colcon.colcon_core.package_identification:_identify(install) by extension 'ignore'
[1.679s] Level 1:colcon.colcon_core.package_identification:_identify(install) ignored
[1.683s] Level 1:colcon.colcon_core.package_identification:_identify(log) by extensions ['ignore', 'ignore_ament_install']
[1.684s] Level 1:colcon.colcon_core.package_identification:_identify(log) by extension 'ignore'
[1.684s] Level 1:colcon.colcon_core.package_identification:_identify(log) ignored
[1.684s] Level 1:colcon.colcon_core.package_identification:_identify(src) by extensions ['ignore', 'ignore_ament_install']
[1.685s] Level 1:colcon.colcon_core.package_identification:_identify(src) by extension 'ignore'
[1.685s] Level 1:colcon.colcon_core.package_identification:_identify(src) by extension 'ignore_ament_install'
[1.685s] Level 1:colcon.colcon_core.package_identification:_identify(src) by extensions ['colcon_pkg']
[1.685s] Level 1:colcon.colcon_core.package_identification:_identify(src) by extension 'colcon_pkg'
[1.686s] Level 1:colcon.colcon_core.package_identification:_identify(src) by extensions ['colcon_meta']
[1.686s] Level 1:colcon.colcon_core.package_identification:_identify(src) by extension 'colcon_meta'
[1.686s] Level 1:colcon.colcon_core.package_identification:_identify(src) by extensions ['ros']
[1.686s] Level 1:colcon.colcon_core.package_identification:_identify(src) by extension 'ros'
[1.687s] Level 1:colcon.colcon_core.package_identification:_identify(src) by extensions ['cmake', 'python']
[1.687s] Level 1:colcon.colcon_core.package_identification:_identify(src) by extension 'cmake'
[1.687s] Level 1:colcon.colcon_core.package_identification:_identify(src) by extension 'python'
[1.687s] Level 1:colcon.colcon_core.package_identification:_identify(src) by extensions ['python_setup_py']
[1.687s] Level 1:colcon.colcon_core.package_identification:_identify(src) by extension 'python_setup_py'
[1.688s] Level 1:colcon.colcon_core.package_identification:_identify(src/flask_server) by extensions ['ignore', 'ignore_ament_install']
[1.688s] Level 1:colcon.colcon_core.package_identification:_identify(src/flask_server) by extension 'ignore'
[1.688s] Level 1:colcon.colcon_core.package_identification:_identify(src/flask_server) by extension 'ignore_ament_install'
[1.688s] Level 1:colcon.colcon_core.package_identification:_identify(src/flask_server) by extensions ['colcon_pkg']
[1.689s] Level 1:colcon.colcon_core.package_identification:_identify(src/flask_server) by extension 'colcon_pkg'
[1.689s] Level 1:colcon.colcon_core.package_identification:_identify(src/flask_server) by extensions ['colcon_meta']
[1.689s] Level 1:colcon.colcon_core.package_identification:_identify(src/flask_server) by extension 'colcon_meta'
[1.689s] Level 1:colcon.colcon_core.package_identification:_identify(src/flask_server) by extensions ['ros']
[1.689s] Level 1:colcon.colcon_core.package_identification:_identify(src/flask_server) by extension 'ros'
[1.699s] DEBUG:colcon.colcon_core.package_identification:Package 'src/flask_server' with type 'ros.ament_python' and name 'flask_server'
[1.699s] Level 1:colcon.colcon_core.package_identification:_identify(src/gwpspider_interfaces) by extensions ['ignore', 'ignore_ament_install']
[1.700s] Level 1:colcon.colcon_core.package_identification:_identify(src/gwpspider_interfaces) by extension 'ignore'
[1.701s] Level 1:colcon.colcon_core.package_identification:_identify(src/gwpspider_interfaces) by extension 'ignore_ament_install'
[1.701s] Level 1:colcon.colcon_core.package_identification:_identify(src/gwpspider_interfaces) by extensions ['colcon_pkg']
[1.701s] Level 1:colcon.colcon_core.package_identification:_identify(src/gwpspider_interfaces) by extension 'colcon_pkg'
[1.701s] Level 1:colcon.colcon_core.package_identification:_identify(src/gwpspider_interfaces) by extensions ['colcon_meta']
[1.701s] Level 1:colcon.colcon_core.package_identification:_identify(src/gwpspider_interfaces) by extension 'colcon_meta'
[1.702s] Level 1:colcon.colcon_core.package_identification:_identify(src/gwpspider_interfaces) by extensions ['ros']
[1.702s] Level 1:colcon.colcon_core.package_identification:_identify(src/gwpspider_interfaces) by extension 'ros'
[1.705s] DEBUG:colcon.colcon_core.package_identification:Package 'src/gwpspider_interfaces' with type 'ros.ament_cmake' and name 'gwpspider_interfaces'
[1.705s] Level 1:colcon.colcon_core.package_identification:_identify(src/my_service_interfaces) by extensions ['ignore', 'ignore_ament_install']
[1.706s] Level 1:colcon.colcon_core.package_identification:_identify(src/my_service_interfaces) by extension 'ignore'
[1.706s] Level 1:colcon.colcon_core.package_identification:_identify(src/my_service_interfaces) by extension 'ignore_ament_install'
[1.706s] Level 1:colcon.colcon_core.package_identification:_identify(src/my_service_interfaces) by extensions ['colcon_pkg']
[1.707s] Level 1:colcon.colcon_core.package_identification:_identify(src/my_service_interfaces) by extension 'colcon_pkg'
[1.707s] Level 1:colcon.colcon_core.package_identification:_identify(src/my_service_interfaces) by extensions ['colcon_meta']
[1.707s] Level 1:colcon.colcon_core.package_identification:_identify(src/my_service_interfaces) by extension 'colcon_meta'
[1.707s] Level 1:colcon.colcon_core.package_identification:_identify(src/my_service_interfaces) by extensions ['ros']
[1.707s] Level 1:colcon.colcon_core.package_identification:_identify(src/my_service_interfaces) by extension 'ros'
[1.709s] DEBUG:colcon.colcon_core.package_identification:Package 'src/my_service_interfaces' with type 'ros.ament_cmake' and name 'my_service_interfaces'
[1.710s] Level 1:colcon.colcon_core.package_identification:_identify(src/py_node_test) by extensions ['ignore', 'ignore_ament_install']
[1.711s] Level 1:colcon.colcon_core.package_identification:_identify(src/py_node_test) by extension 'ignore'
[1.711s] Level 1:colcon.colcon_core.package_identification:_identify(src/py_node_test) by extension 'ignore_ament_install'
[1.711s] Level 1:colcon.colcon_core.package_identification:_identify(src/py_node_test) by extensions ['colcon_pkg']
[1.711s] Level 1:colcon.colcon_core.package_identification:_identify(src/py_node_test) by extension 'colcon_pkg'
[1.712s] Level 1:colcon.colcon_core.package_identification:_identify(src/py_node_test) by extensions ['colcon_meta']
[1.712s] Level 1:colcon.colcon_core.package_identification:_identify(src/py_node_test) by extension 'colcon_meta'
[1.712s] Level 1:colcon.colcon_core.package_identification:_identify(src/py_node_test) by extensions ['ros']
[1.712s] Level 1:colcon.colcon_core.package_identification:_identify(src/py_node_test) by extension 'ros'
[1.714s] DEBUG:colcon.colcon_core.package_identification:Package 'src/py_node_test' with type 'ros.ament_python' and name 'py_node_test'
[1.715s] Level 1:colcon.colcon_core.package_identification:_identify(src/py_srvcli) by extensions ['ignore', 'ignore_ament_install']
[1.715s] Level 1:colcon.colcon_core.package_identification:_identify(src/py_srvcli) by extension 'ignore'
[1.716s] Level 1:colcon.colcon_core.package_identification:_identify(src/py_srvcli) by extension 'ignore_ament_install'
[1.716s] Level 1:colcon.colcon_core.package_identification:_identify(src/py_srvcli) by extensions ['colcon_pkg']
[1.716s] Level 1:colcon.colcon_core.package_identification:_identify(src/py_srvcli) by extension 'colcon_pkg'
[1.716s] Level 1:colcon.colcon_core.package_identification:_identify(src/py_srvcli) by extensions ['colcon_meta']
[1.717s] Level 1:colcon.colcon_core.package_identification:_identify(src/py_srvcli) by extension 'colcon_meta'
[1.717s] Level 1:colcon.colcon_core.package_identification:_identify(src/py_srvcli) by extensions ['ros']
[1.717s] Level 1:colcon.colcon_core.package_identification:_identify(src/py_srvcli) by extension 'ros'
[1.719s] DEBUG:colcon.colcon_core.package_identification:Package 'src/py_srvcli' with type 'ros.ament_python' and name 'py_srvcli'
[1.720s] Level 1:colcon.colcon_core.package_discovery:discover_packages(recursive) using defaults
[1.720s] Level 1:colcon.colcon_core.package_discovery:discover_packages(ignore) discover
[1.720s] Level 1:colcon.colcon_core.package_discovery:discover_packages(ignore) using defaults
[1.720s] Level 1:colcon.colcon_core.package_discovery:discover_packages(path) discover
[1.720s] Level 1:colcon.colcon_core.package_discovery:discover_packages(path) using defaults
[1.819s] INFO:colcon.colcon_core.package_selection:Skipping not selected package 'gwpspider_interfaces' in 'src/gwpspider_interfaces'
[1.820s] INFO:colcon.colcon_core.package_selection:Skipping not selected package 'my_service_interfaces' in 'src/my_service_interfaces'
[1.820s] INFO:colcon.colcon_core.package_selection:Skipping not selected package 'py_node_test' in 'src/py_node_test'
[1.820s] INFO:colcon.colcon_core.package_selection:Skipping not selected package 'py_srvcli' in 'src/py_srvcli'
[1.823s] Level 1:colcon.colcon_core.package_discovery:discover_packages(prefix_path) check parameters
[1.824s] Level 1:colcon.colcon_core.package_discovery:discover_packages(prefix_path) discover
[1.837s] DEBUG:colcon.colcon_installed_package_information.package_discovery:Found 5 installed packages in /home/spiderpi/ros2_ws/install
[1.848s] DEBUG:colcon.colcon_installed_package_information.package_discovery:Found 270 installed packages in /opt/ros/humble
[1.855s] Level 1:colcon.colcon_core.package_discovery:discover_packages(prefix_path) using defaults
[2.123s] Level 5:colcon.colcon_core.verb:set package 'flask_server' build argument 'cmake_args' from command line to 'None'
[2.123s] Level 5:colcon.colcon_core.verb:set package 'flask_server' build argument 'cmake_target' from command line to 'None'
[2.123s] Level 5:colcon.colcon_core.verb:set package 'flask_server' build argument 'cmake_target_skip_unavailable' from command line to 'False'
[2.124s] Level 5:colcon.colcon_core.verb:set package 'flask_server' build argument 'cmake_clean_cache' from command line to 'False'
[2.124s] Level 5:colcon.colcon_core.verb:set package 'flask_server' build argument 'cmake_clean_first' from command line to 'False'
[2.124s] Level 5:colcon.colcon_core.verb:set package 'flask_server' build argument 'cmake_force_configure' from command line to 'False'
[2.124s] Level 5:colcon.colcon_core.verb:set package 'flask_server' build argument 'ament_cmake_args' from command line to 'None'
[2.124s] Level 5:colcon.colcon_core.verb:set package 'flask_server' build argument 'catkin_cmake_args' from command line to 'None'
[2.124s] Level 5:colcon.colcon_core.verb:set package 'flask_server' build argument 'catkin_skip_building_tests' from command line to 'False'
[2.124s] DEBUG:colcon.colcon_core.verb:Building package 'flask_server' with the following arguments: {'ament_cmake_args': None, 'build_base': '/home/spiderpi/ros2_ws/build/flask_server', 'catkin_cmake_args': None, 'catkin_skip_building_tests': False, 'cmake_args': None, 'cmake_clean_cache': False, 'cmake_clean_first': False, 'cmake_force_configure': False, 'cmake_target': None, 'cmake_target_skip_unavailable': False, 'install_base': '/home/spiderpi/ros2_ws/install/flask_server', 'merge_install': False, 'path': '/home/spiderpi/ros2_ws/src/flask_server', 'symlink_install': False, 'test_result_base': None}
[2.127s] INFO:colcon.colcon_core.executor:Executing jobs using 'parallel' executor
[2.141s] DEBUG:colcon.colcon_parallel_executor.executor.parallel:run_until_complete
[2.142s] INFO:colcon.colcon_ros.task.ament_python.build:Building ROS package in '/home/spiderpi/ros2_ws/src/flask_server' with build type 'ament_python'
[2.143s] Level 1:colcon.colcon_core.shell:create_environment_hook('flask_server', 'ament_prefix_path')
[2.170s] INFO:colcon.colcon_core.plugin_system:Skipping extension 'colcon_core.shell.bat': Not used on non-Windows systems
[2.171s] INFO:colcon.colcon_core.shell:Creating environment hook '/home/spiderpi/ros2_ws/install/flask_server/share/flask_server/hook/ament_prefix_path.ps1'
[2.174s] INFO:colcon.colcon_core.shell:Creating environment descriptor '/home/spiderpi/ros2_ws/install/flask_server/share/flask_server/hook/ament_prefix_path.dsv'
[2.176s] INFO:colcon.colcon_core.shell:Creating environment hook '/home/spiderpi/ros2_ws/install/flask_server/share/flask_server/hook/ament_prefix_path.sh'
[2.184s] INFO:colcon.colcon_core.shell:Skip shell extension 'powershell' for command environment: Not usable outside of PowerShell
[2.184s] DEBUG:colcon.colcon_core.shell:Skip shell extension 'dsv' for command environment
[3.439s] INFO:colcon.colcon_core.task.python.build:Building Python package in '/home/spiderpi/ros2_ws/src/flask_server'
[3.444s] INFO:colcon.colcon_core.shell:Skip shell extension 'powershell' for command environment: Not usable outside of PowerShell
[3.445s] DEBUG:colcon.colcon_core.shell:Skip shell extension 'dsv' for command environment
[5.060s] DEBUG:colcon.colcon_core.event_handler.log_command:Invoking command in '/home/spiderpi/ros2_ws/src/flask_server': PYTHONPATH=/home/spiderpi/ros2_ws/build/flask_server/prefix_override:/home/spiderpi/ros2_ws/install/flask_server/lib/python3.10/site-packages:${PYTHONPATH} /usr/bin/python3 setup.py egg_info --egg-base ../../build/flask_server build --build-base /home/spiderpi/ros2_ws/build/flask_server/build install --record /home/spiderpi/ros2_ws/build/flask_server/install.log --single-version-externally-managed
[6.452s] DEBUG:colcon.colcon_core.event_handler.log_command:Invoked command in '/home/spiderpi/ros2_ws/src/flask_server' returned '0': PYTHONPATH=/home/spiderpi/ros2_ws/build/flask_server/prefix_override:/home/spiderpi/ros2_ws/install/flask_server/lib/python3.10/site-packages:${PYTHONPATH} /usr/bin/python3 setup.py egg_info --egg-base ../../build/flask_server build --build-base /home/spiderpi/ros2_ws/build/flask_server/build install --record /home/spiderpi/ros2_ws/build/flask_server/install.log --single-version-externally-managed
[6.472s] Level 1:colcon.colcon_core.environment:checking '/home/spiderpi/ros2_ws/install/flask_server' for CMake module files
[6.475s] Level 1:colcon.colcon_core.environment:checking '/home/spiderpi/ros2_ws/install/flask_server' for CMake config files
[6.479s] Level 1:colcon.colcon_core.environment:checking '/home/spiderpi/ros2_ws/install/flask_server/lib'
[6.480s] Level 1:colcon.colcon_core.environment:checking '/home/spiderpi/ros2_ws/install/flask_server/bin'
[6.480s] Level 1:colcon.colcon_core.environment:checking '/home/spiderpi/ros2_ws/install/flask_server/lib/pkgconfig/flask_server.pc'
[6.481s] Level 1:colcon.colcon_core.environment:checking '/home/spiderpi/ros2_ws/install/flask_server/lib/python3.10/site-packages'
[6.481s] Level 1:colcon.colcon_core.shell:create_environment_hook('flask_server', 'pythonpath')
[6.487s] INFO:colcon.colcon_core.shell:Creating environment hook '/home/spiderpi/ros2_ws/install/flask_server/share/flask_server/hook/pythonpath.ps1'
[6.489s] INFO:colcon.colcon_core.shell:Creating environment descriptor '/home/spiderpi/ros2_ws/install/flask_server/share/flask_server/hook/pythonpath.dsv'
[6.491s] INFO:colcon.colcon_core.shell:Creating environment hook '/home/spiderpi/ros2_ws/install/flask_server/share/flask_server/hook/pythonpath.sh'
[6.494s] Level 1:colcon.colcon_core.environment:checking '/home/spiderpi/ros2_ws/install/flask_server/bin'
[6.494s] Level 1:colcon.colcon_core.environment:create_environment_scripts_only(flask_server)
[6.500s] INFO:colcon.colcon_core.shell:Creating package script '/home/spiderpi/ros2_ws/install/flask_server/share/flask_server/package.ps1'
[6.504s] INFO:colcon.colcon_core.shell:Creating package descriptor '/home/spiderpi/ros2_ws/install/flask_server/share/flask_server/package.dsv'
[6.507s] INFO:colcon.colcon_core.shell:Creating package script '/home/spiderpi/ros2_ws/install/flask_server/share/flask_server/package.sh'
[6.511s] INFO:colcon.colcon_core.shell:Creating package script '/home/spiderpi/ros2_ws/install/flask_server/share/flask_server/package.bash'
[6.515s] INFO:colcon.colcon_core.shell:Creating package script '/home/spiderpi/ros2_ws/install/flask_server/share/flask_server/package.zsh'
[6.518s] Level 1:colcon.colcon_core.environment:create_file_with_runtime_dependencies(/home/spiderpi/ros2_ws/install/flask_server/share/colcon-core/packages/flask_server)
[6.519s] DEBUG:colcon.colcon_parallel_executor.executor.parallel:closing loop
[6.521s] DEBUG:colcon.colcon_parallel_executor.executor.parallel:loop closed
[6.521s] DEBUG:colcon.colcon_parallel_executor.executor.parallel:run_until_complete finished with '0'
[6.521s] DEBUG:colcon.colcon_core.event_reactor:joining thread
[6.546s] INFO:colcon.colcon_core.plugin_system:Skipping extension 'colcon_notification.desktop_notification.terminal_notifier': Not used on non-Darwin systems
[6.546s] INFO:colcon.colcon_core.plugin_system:Skipping extension 'colcon_notification.desktop_notification.win32': Not used on non-Windows systems
[6.546s] INFO:colcon.colcon_notification.desktop_notification:Sending desktop notification using 'notify2'
[6.612s] DEBUG:colcon.colcon_core.event_reactor:joined thread
[6.619s] INFO:colcon.colcon_core.shell:Creating prefix script '/home/spiderpi/ros2_ws/install/local_setup.ps1'
[6.624s] INFO:colcon.colcon_core.shell:Creating prefix util module '/home/spiderpi/ros2_ws/install/_local_setup_util_ps1.py'
[6.631s] INFO:colcon.colcon_core.shell:Creating prefix chain script '/home/spiderpi/ros2_ws/install/setup.ps1'
[6.638s] INFO:colcon.colcon_core.shell:Creating prefix script '/home/spiderpi/ros2_ws/install/local_setup.sh'
[6.641s] INFO:colcon.colcon_core.shell:Creating prefix util module '/home/spiderpi/ros2_ws/install/_local_setup_util_sh.py'
[6.644s] INFO:colcon.colcon_core.shell:Creating prefix chain script '/home/spiderpi/ros2_ws/install/setup.sh'
[6.652s] INFO:colcon.colcon_core.shell:Creating prefix script '/home/spiderpi/ros2_ws/install/local_setup.bash'
[6.654s] INFO:colcon.colcon_core.shell:Creating prefix chain script '/home/spiderpi/ros2_ws/install/setup.bash'
[6.661s] INFO:colcon.colcon_core.shell:Creating prefix script '/home/spiderpi/ros2_ws/install/local_setup.zsh'
[6.663s] INFO:colcon.colcon_core.shell:Creating prefix chain script '/home/spiderpi/ros2_ws/install/setup.zsh'
