[0.309s] DEBUG:colcon:Command line arguments: ['/usr/bin/colcon', 'build', '--packages-select', 'gwpspider_interfaces']
[0.309s] DEBUG:colcon:Parsed command line arguments: Namespace(log_base=None, log_level=None, verb_name='build', build_base='build', install_base='install', merge_install=False, symlink_install=False, test_result_base=None, continue_on_error=False, executor='parallel', parallel_workers=8, event_handlers=None, ignore_user_meta=False, metas=['./colcon.meta'], base_paths=['.'], packages_ignore=None, packages_ignore_regex=None, paths=None, packages_up_to=None, packages_up_to_regex=None, packages_above=None, packages_above_and_dependencies=None, packages_above_depth=None, packages_select_by_dep=None, packages_skip_by_dep=None, packages_skip_up_to=None, packages_select_build_failed=False, packages_skip_build_finished=False, packages_select_test_failures=False, packages_skip_test_passed=False, packages_select=['gwpspider_interfaces'], packages_skip=None, packages_select_regex=None, packages_skip_regex=None, packages_start=None, packages_end=None, allow_overriding=[], cmake_args=None, cmake_target=None, cmake_target_skip_unavailable=False, cmake_clean_cache=False, cmake_clean_first=False, cmake_force_configure=False, ament_cmake_args=None, catkin_cmake_args=None, catkin_skip_building_tests=False, verb_parser=<colcon_defaults.argument_parser.defaults.DefaultArgumentsDecorator object at 0x7f44cf208970>, verb_extension=<colcon_core.verb.build.BuildVerb object at 0x7f44cf96cac0>, main=<bound method BuildVerb.main of <colcon_core.verb.build.BuildVerb object at 0x7f44cf96cac0>>)
[0.341s] Level 1:colcon.colcon_core.package_discovery:discover_packages(colcon_meta) check parameters
[0.341s] Level 1:colcon.colcon_core.package_discovery:discover_packages(recursive) check parameters
[0.341s] Level 1:colcon.colcon_core.package_discovery:discover_packages(ignore) check parameters
[0.341s] Level 1:colcon.colcon_core.package_discovery:discover_packages(path) check parameters
[0.341s] Level 1:colcon.colcon_core.package_discovery:discover_packages(colcon_meta) discover
[0.341s] Level 1:colcon.colcon_core.package_discovery:discover_packages(recursive) discover
[0.341s] INFO:colcon.colcon_core.package_discovery:Crawling recursively for packages in '/home/spider/ros2_ws'
[0.341s] Level 1:colcon.colcon_core.package_identification:_identify(.) by extensions ['ignore', 'ignore_ament_install']
[0.341s] Level 1:colcon.colcon_core.package_identification:_identify(.) by extension 'ignore'
[0.341s] Level 1:colcon.colcon_core.package_identification:_identify(.) by extension 'ignore_ament_install'
[0.341s] Level 1:colcon.colcon_core.package_identification:_identify(.) by extensions ['colcon_pkg']
[0.341s] Level 1:colcon.colcon_core.package_identification:_identify(.) by extension 'colcon_pkg'
[0.341s] Level 1:colcon.colcon_core.package_identification:_identify(.) by extensions ['colcon_meta']
[0.341s] Level 1:colcon.colcon_core.package_identification:_identify(.) by extension 'colcon_meta'
[0.341s] Level 1:colcon.colcon_core.package_identification:_identify(.) by extensions ['ros']
[0.341s] Level 1:colcon.colcon_core.package_identification:_identify(.) by extension 'ros'
[0.353s] Level 1:colcon.colcon_core.package_identification:_identify(.) by extensions ['cmake', 'python']
[0.353s] Level 1:colcon.colcon_core.package_identification:_identify(.) by extension 'cmake'
[0.353s] Level 1:colcon.colcon_core.package_identification:_identify(.) by extension 'python'
[0.354s] Level 1:colcon.colcon_core.package_identification:_identify(.) by extensions ['python_setup_py']
[0.354s] Level 1:colcon.colcon_core.package_identification:_identify(.) by extension 'python_setup_py'
[0.354s] Level 1:colcon.colcon_core.package_identification:_identify(build) by extensions ['ignore', 'ignore_ament_install']
[0.354s] Level 1:colcon.colcon_core.package_identification:_identify(build) by extension 'ignore'
[0.354s] Level 1:colcon.colcon_core.package_identification:_identify(build) ignored
[0.354s] Level 1:colcon.colcon_core.package_identification:_identify(install) by extensions ['ignore', 'ignore_ament_install']
[0.354s] Level 1:colcon.colcon_core.package_identification:_identify(install) by extension 'ignore'
[0.354s] Level 1:colcon.colcon_core.package_identification:_identify(install) ignored
[0.354s] Level 1:colcon.colcon_core.package_identification:_identify(log) by extensions ['ignore', 'ignore_ament_install']
[0.354s] Level 1:colcon.colcon_core.package_identification:_identify(log) by extension 'ignore'
[0.354s] Level 1:colcon.colcon_core.package_identification:_identify(log) ignored
[0.355s] Level 1:colcon.colcon_core.package_identification:_identify(src) by extensions ['ignore', 'ignore_ament_install']
[0.355s] Level 1:colcon.colcon_core.package_identification:_identify(src) by extension 'ignore'
[0.355s] Level 1:colcon.colcon_core.package_identification:_identify(src) by extension 'ignore_ament_install'
[0.355s] Level 1:colcon.colcon_core.package_identification:_identify(src) by extensions ['colcon_pkg']
[0.355s] Level 1:colcon.colcon_core.package_identification:_identify(src) by extension 'colcon_pkg'
[0.355s] Level 1:colcon.colcon_core.package_identification:_identify(src) by extensions ['colcon_meta']
[0.355s] Level 1:colcon.colcon_core.package_identification:_identify(src) by extension 'colcon_meta'
[0.355s] Level 1:colcon.colcon_core.package_identification:_identify(src) by extensions ['ros']
[0.355s] Level 1:colcon.colcon_core.package_identification:_identify(src) by extension 'ros'
[0.355s] Level 1:colcon.colcon_core.package_identification:_identify(src) by extensions ['cmake', 'python']
[0.355s] Level 1:colcon.colcon_core.package_identification:_identify(src) by extension 'cmake'
[0.355s] Level 1:colcon.colcon_core.package_identification:_identify(src) by extension 'python'
[0.355s] Level 1:colcon.colcon_core.package_identification:_identify(src) by extensions ['python_setup_py']
[0.355s] Level 1:colcon.colcon_core.package_identification:_identify(src) by extension 'python_setup_py'
[0.355s] Level 1:colcon.colcon_core.package_identification:_identify(src/flask_server) by extensions ['ignore', 'ignore_ament_install']
[0.355s] Level 1:colcon.colcon_core.package_identification:_identify(src/flask_server) by extension 'ignore'
[0.355s] Level 1:colcon.colcon_core.package_identification:_identify(src/flask_server) by extension 'ignore_ament_install'
[0.355s] Level 1:colcon.colcon_core.package_identification:_identify(src/flask_server) by extensions ['colcon_pkg']
[0.355s] Level 1:colcon.colcon_core.package_identification:_identify(src/flask_server) by extension 'colcon_pkg'
[0.356s] Level 1:colcon.colcon_core.package_identification:_identify(src/flask_server) by extensions ['colcon_meta']
[0.356s] Level 1:colcon.colcon_core.package_identification:_identify(src/flask_server) by extension 'colcon_meta'
[0.356s] Level 1:colcon.colcon_core.package_identification:_identify(src/flask_server) by extensions ['ros']
[0.356s] Level 1:colcon.colcon_core.package_identification:_identify(src/flask_server) by extension 'ros'
[0.358s] DEBUG:colcon.colcon_core.package_identification:Package 'src/flask_server' with type 'ros.ament_python' and name 'flask_server'
[0.358s] Level 1:colcon.colcon_core.package_identification:_identify(src/gwpspider_interfaces) by extensions ['ignore', 'ignore_ament_install']
[0.358s] Level 1:colcon.colcon_core.package_identification:_identify(src/gwpspider_interfaces) by extension 'ignore'
[0.359s] Level 1:colcon.colcon_core.package_identification:_identify(src/gwpspider_interfaces) by extension 'ignore_ament_install'
[0.359s] Level 1:colcon.colcon_core.package_identification:_identify(src/gwpspider_interfaces) by extensions ['colcon_pkg']
[0.359s] Level 1:colcon.colcon_core.package_identification:_identify(src/gwpspider_interfaces) by extension 'colcon_pkg'
[0.359s] Level 1:colcon.colcon_core.package_identification:_identify(src/gwpspider_interfaces) by extensions ['colcon_meta']
[0.359s] Level 1:colcon.colcon_core.package_identification:_identify(src/gwpspider_interfaces) by extension 'colcon_meta'
[0.359s] Level 1:colcon.colcon_core.package_identification:_identify(src/gwpspider_interfaces) by extensions ['ros']
[0.359s] Level 1:colcon.colcon_core.package_identification:_identify(src/gwpspider_interfaces) by extension 'ros'
[0.359s] DEBUG:colcon.colcon_core.package_identification:Package 'src/gwpspider_interfaces' with type 'ros.ament_cmake' and name 'gwpspider_interfaces'
[0.360s] Level 1:colcon.colcon_core.package_identification:_identify(src/my_service_interfaces) by extensions ['ignore', 'ignore_ament_install']
[0.360s] Level 1:colcon.colcon_core.package_identification:_identify(src/my_service_interfaces) by extension 'ignore'
[0.360s] Level 1:colcon.colcon_core.package_identification:_identify(src/my_service_interfaces) by extension 'ignore_ament_install'
[0.360s] Level 1:colcon.colcon_core.package_identification:_identify(src/my_service_interfaces) by extensions ['colcon_pkg']
[0.360s] Level 1:colcon.colcon_core.package_identification:_identify(src/my_service_interfaces) by extension 'colcon_pkg'
[0.360s] Level 1:colcon.colcon_core.package_identification:_identify(src/my_service_interfaces) by extensions ['colcon_meta']
[0.360s] Level 1:colcon.colcon_core.package_identification:_identify(src/my_service_interfaces) by extension 'colcon_meta'
[0.360s] Level 1:colcon.colcon_core.package_identification:_identify(src/my_service_interfaces) by extensions ['ros']
[0.360s] Level 1:colcon.colcon_core.package_identification:_identify(src/my_service_interfaces) by extension 'ros'
[0.361s] DEBUG:colcon.colcon_core.package_identification:Package 'src/my_service_interfaces' with type 'ros.ament_cmake' and name 'my_service_interfaces'
[0.361s] Level 1:colcon.colcon_core.package_identification:_identify(src/py_node_test) by extensions ['ignore', 'ignore_ament_install']
[0.361s] Level 1:colcon.colcon_core.package_identification:_identify(src/py_node_test) by extension 'ignore'
[0.361s] Level 1:colcon.colcon_core.package_identification:_identify(src/py_node_test) by extension 'ignore_ament_install'
[0.361s] Level 1:colcon.colcon_core.package_identification:_identify(src/py_node_test) by extensions ['colcon_pkg']
[0.361s] Level 1:colcon.colcon_core.package_identification:_identify(src/py_node_test) by extension 'colcon_pkg'
[0.361s] Level 1:colcon.colcon_core.package_identification:_identify(src/py_node_test) by extensions ['colcon_meta']
[0.361s] Level 1:colcon.colcon_core.package_identification:_identify(src/py_node_test) by extension 'colcon_meta'
[0.361s] Level 1:colcon.colcon_core.package_identification:_identify(src/py_node_test) by extensions ['ros']
[0.361s] Level 1:colcon.colcon_core.package_identification:_identify(src/py_node_test) by extension 'ros'
[0.362s] DEBUG:colcon.colcon_core.package_identification:Package 'src/py_node_test' with type 'ros.ament_python' and name 'py_node_test'
[0.362s] Level 1:colcon.colcon_core.package_identification:_identify(src/py_srvcli) by extensions ['ignore', 'ignore_ament_install']
[0.362s] Level 1:colcon.colcon_core.package_identification:_identify(src/py_srvcli) by extension 'ignore'
[0.362s] Level 1:colcon.colcon_core.package_identification:_identify(src/py_srvcli) by extension 'ignore_ament_install'
[0.362s] Level 1:colcon.colcon_core.package_identification:_identify(src/py_srvcli) by extensions ['colcon_pkg']
[0.362s] Level 1:colcon.colcon_core.package_identification:_identify(src/py_srvcli) by extension 'colcon_pkg'
[0.362s] Level 1:colcon.colcon_core.package_identification:_identify(src/py_srvcli) by extensions ['colcon_meta']
[0.362s] Level 1:colcon.colcon_core.package_identification:_identify(src/py_srvcli) by extension 'colcon_meta'
[0.362s] Level 1:colcon.colcon_core.package_identification:_identify(src/py_srvcli) by extensions ['ros']
[0.362s] Level 1:colcon.colcon_core.package_identification:_identify(src/py_srvcli) by extension 'ros'
[0.363s] DEBUG:colcon.colcon_core.package_identification:Package 'src/py_srvcli' with type 'ros.ament_python' and name 'py_srvcli'
[0.363s] Level 1:colcon.colcon_core.package_discovery:discover_packages(recursive) using defaults
[0.363s] Level 1:colcon.colcon_core.package_discovery:discover_packages(ignore) discover
[0.363s] Level 1:colcon.colcon_core.package_discovery:discover_packages(ignore) using defaults
[0.363s] Level 1:colcon.colcon_core.package_discovery:discover_packages(path) discover
[0.363s] Level 1:colcon.colcon_core.package_discovery:discover_packages(path) using defaults
[0.387s] INFO:colcon.colcon_core.package_selection:Skipping not selected package 'my_service_interfaces' in 'src/my_service_interfaces'
[0.388s] INFO:colcon.colcon_core.package_selection:Skipping not selected package 'flask_server' in 'src/flask_server'
[0.388s] INFO:colcon.colcon_core.package_selection:Skipping not selected package 'py_node_test' in 'src/py_node_test'
[0.388s] INFO:colcon.colcon_core.package_selection:Skipping not selected package 'py_srvcli' in 'src/py_srvcli'
[0.388s] Level 1:colcon.colcon_core.package_discovery:discover_packages(prefix_path) check parameters
[0.388s] Level 1:colcon.colcon_core.package_discovery:discover_packages(prefix_path) discover
[0.391s] DEBUG:colcon.colcon_installed_package_information.package_discovery:Found 5 installed packages in /home/spider/ros2_ws/install
[0.393s] DEBUG:colcon.colcon_installed_package_information.package_discovery:Found 270 installed packages in /opt/ros/humble
[0.394s] Level 1:colcon.colcon_core.package_discovery:discover_packages(prefix_path) using defaults
[0.448s] Level 5:colcon.colcon_core.verb:set package 'gwpspider_interfaces' build argument 'cmake_args' from command line to 'None'
[0.449s] Level 5:colcon.colcon_core.verb:set package 'gwpspider_interfaces' build argument 'cmake_target' from command line to 'None'
[0.449s] Level 5:colcon.colcon_core.verb:set package 'gwpspider_interfaces' build argument 'cmake_target_skip_unavailable' from command line to 'False'
[0.449s] Level 5:colcon.colcon_core.verb:set package 'gwpspider_interfaces' build argument 'cmake_clean_cache' from command line to 'False'
[0.449s] Level 5:colcon.colcon_core.verb:set package 'gwpspider_interfaces' build argument 'cmake_clean_first' from command line to 'False'
[0.449s] Level 5:colcon.colcon_core.verb:set package 'gwpspider_interfaces' build argument 'cmake_force_configure' from command line to 'False'
[0.449s] Level 5:colcon.colcon_core.verb:set package 'gwpspider_interfaces' build argument 'ament_cmake_args' from command line to 'None'
[0.449s] Level 5:colcon.colcon_core.verb:set package 'gwpspider_interfaces' build argument 'catkin_cmake_args' from command line to 'None'
[0.449s] Level 5:colcon.colcon_core.verb:set package 'gwpspider_interfaces' build argument 'catkin_skip_building_tests' from command line to 'False'
[0.449s] DEBUG:colcon.colcon_core.verb:Building package 'gwpspider_interfaces' with the following arguments: {'ament_cmake_args': None, 'build_base': '/home/spider/ros2_ws/build/gwpspider_interfaces', 'catkin_cmake_args': None, 'catkin_skip_building_tests': False, 'cmake_args': None, 'cmake_clean_cache': False, 'cmake_clean_first': False, 'cmake_force_configure': False, 'cmake_target': None, 'cmake_target_skip_unavailable': False, 'install_base': '/home/spider/ros2_ws/install/gwpspider_interfaces', 'merge_install': False, 'path': '/home/spider/ros2_ws/src/gwpspider_interfaces', 'symlink_install': False, 'test_result_base': None}
[0.449s] INFO:colcon.colcon_core.executor:Executing jobs using 'parallel' executor
[0.452s] DEBUG:colcon.colcon_parallel_executor.executor.parallel:run_until_complete
[0.452s] INFO:colcon.colcon_ros.task.ament_cmake.build:Building ROS package in '/home/spider/ros2_ws/src/gwpspider_interfaces' with build type 'ament_cmake'
[0.452s] INFO:colcon.colcon_cmake.task.cmake.build:Building CMake package in '/home/spider/ros2_ws/src/gwpspider_interfaces'
[0.457s] INFO:colcon.colcon_core.plugin_system:Skipping extension 'colcon_core.shell.bat': Not used on non-Windows systems
[0.458s] INFO:colcon.colcon_core.shell:Skip shell extension 'powershell' for command environment: Not usable outside of PowerShell
[0.458s] DEBUG:colcon.colcon_core.shell:Skip shell extension 'dsv' for command environment
[0.474s] DEBUG:colcon.colcon_core.event_handler.log_command:Invoking command in '/home/spider/ros2_ws/build/gwpspider_interfaces': CMAKE_PREFIX_PATH=${CMAKE_PREFIX_PATH}:/home/spider/ros2_ws/install/py_srvcli:/home/spider/ros2_ws/install/py_node_test:/home/spider/ros2_ws/install/flask_server:/opt/ros/humble /usr/bin/cmake /home/spider/ros2_ws/src/gwpspider_interfaces -DCMAKE_INSTALL_PREFIX=/home/spider/ros2_ws/install/gwpspider_interfaces
[2.187s] DEBUG:colcon.colcon_core.event_handler.log_command:Invoked command in '/home/spider/ros2_ws/build/gwpspider_interfaces' returned '0': CMAKE_PREFIX_PATH=${CMAKE_PREFIX_PATH}:/home/spider/ros2_ws/install/py_srvcli:/home/spider/ros2_ws/install/py_node_test:/home/spider/ros2_ws/install/flask_server:/opt/ros/humble /usr/bin/cmake /home/spider/ros2_ws/src/gwpspider_interfaces -DCMAKE_INSTALL_PREFIX=/home/spider/ros2_ws/install/gwpspider_interfaces
[2.190s] DEBUG:colcon.colcon_core.event_handler.log_command:Invoking command in '/home/spider/ros2_ws/build/gwpspider_interfaces': CMAKE_PREFIX_PATH=${CMAKE_PREFIX_PATH}:/home/spider/ros2_ws/install/py_srvcli:/home/spider/ros2_ws/install/py_node_test:/home/spider/ros2_ws/install/flask_server:/opt/ros/humble /usr/bin/cmake --build /home/spider/ros2_ws/build/gwpspider_interfaces -- -j8 -l8
[25.493s] DEBUG:colcon.colcon_core.event_handler.log_command:Invoked command in '/home/spider/ros2_ws/build/gwpspider_interfaces' returned '0': CMAKE_PREFIX_PATH=${CMAKE_PREFIX_PATH}:/home/spider/ros2_ws/install/py_srvcli:/home/spider/ros2_ws/install/py_node_test:/home/spider/ros2_ws/install/flask_server:/opt/ros/humble /usr/bin/cmake --build /home/spider/ros2_ws/build/gwpspider_interfaces -- -j8 -l8
[26.000s] DEBUG:colcon.colcon_core.event_handler.log_command:Invoking command in '/home/spider/ros2_ws/build/gwpspider_interfaces': CMAKE_PREFIX_PATH=${CMAKE_PREFIX_PATH}:/home/spider/ros2_ws/install/py_srvcli:/home/spider/ros2_ws/install/py_node_test:/home/spider/ros2_ws/install/flask_server:/opt/ros/humble /usr/bin/cmake --install /home/spider/ros2_ws/build/gwpspider_interfaces
[26.191s] Level 1:colcon.colcon_core.environment:create_environment_scripts_only(gwpspider_interfaces)
[26.192s] DEBUG:colcon.colcon_core.event_handler.log_command:Invoked command in '/home/spider/ros2_ws/build/gwpspider_interfaces' returned '0': CMAKE_PREFIX_PATH=${CMAKE_PREFIX_PATH}:/home/spider/ros2_ws/install/py_srvcli:/home/spider/ros2_ws/install/py_node_test:/home/spider/ros2_ws/install/flask_server:/opt/ros/humble /usr/bin/cmake --install /home/spider/ros2_ws/build/gwpspider_interfaces
[26.196s] Level 1:colcon.colcon_core.environment:checking '/home/spider/ros2_ws/install/gwpspider_interfaces' for CMake module files
[26.196s] Level 1:colcon.colcon_core.environment:checking '/home/spider/ros2_ws/install/gwpspider_interfaces' for CMake config files
[26.197s] Level 1:colcon.colcon_core.shell:create_environment_hook('gwpspider_interfaces', 'cmake_prefix_path')
[26.198s] INFO:colcon.colcon_core.shell:Creating environment hook '/home/spider/ros2_ws/install/gwpspider_interfaces/share/gwpspider_interfaces/hook/cmake_prefix_path.ps1'
[26.198s] INFO:colcon.colcon_core.shell:Creating environment descriptor '/home/spider/ros2_ws/install/gwpspider_interfaces/share/gwpspider_interfaces/hook/cmake_prefix_path.dsv'
[26.199s] INFO:colcon.colcon_core.shell:Creating environment hook '/home/spider/ros2_ws/install/gwpspider_interfaces/share/gwpspider_interfaces/hook/cmake_prefix_path.sh'
[26.200s] Level 1:colcon.colcon_core.environment:checking '/home/spider/ros2_ws/install/gwpspider_interfaces/lib'
[26.200s] Level 1:colcon.colcon_core.shell:create_environment_hook('gwpspider_interfaces', 'ld_library_path_lib')
[26.203s] INFO:colcon.colcon_core.shell:Creating environment hook '/home/spider/ros2_ws/install/gwpspider_interfaces/share/gwpspider_interfaces/hook/ld_library_path_lib.ps1'
[26.203s] INFO:colcon.colcon_core.shell:Creating environment descriptor '/home/spider/ros2_ws/install/gwpspider_interfaces/share/gwpspider_interfaces/hook/ld_library_path_lib.dsv'
[26.203s] INFO:colcon.colcon_core.shell:Creating environment hook '/home/spider/ros2_ws/install/gwpspider_interfaces/share/gwpspider_interfaces/hook/ld_library_path_lib.sh'
[26.204s] Level 1:colcon.colcon_core.environment:checking '/home/spider/ros2_ws/install/gwpspider_interfaces/bin'
[26.204s] Level 1:colcon.colcon_core.environment:checking '/home/spider/ros2_ws/install/gwpspider_interfaces/lib/pkgconfig/gwpspider_interfaces.pc'
[26.205s] Level 1:colcon.colcon_core.environment:checking '/home/spider/ros2_ws/install/gwpspider_interfaces/lib/python3.10/site-packages'
[26.205s] Level 1:colcon.colcon_core.environment:checking '/home/spider/ros2_ws/install/gwpspider_interfaces/bin'
[26.208s] INFO:colcon.colcon_core.shell:Creating package script '/home/spider/ros2_ws/install/gwpspider_interfaces/share/gwpspider_interfaces/package.ps1'
[26.209s] INFO:colcon.colcon_core.shell:Creating package descriptor '/home/spider/ros2_ws/install/gwpspider_interfaces/share/gwpspider_interfaces/package.dsv'
[26.210s] INFO:colcon.colcon_core.shell:Creating package script '/home/spider/ros2_ws/install/gwpspider_interfaces/share/gwpspider_interfaces/package.sh'
[26.211s] INFO:colcon.colcon_core.shell:Creating package script '/home/spider/ros2_ws/install/gwpspider_interfaces/share/gwpspider_interfaces/package.bash'
[26.213s] INFO:colcon.colcon_core.shell:Creating package script '/home/spider/ros2_ws/install/gwpspider_interfaces/share/gwpspider_interfaces/package.zsh'
[26.213s] Level 1:colcon.colcon_core.environment:create_file_with_runtime_dependencies(/home/spider/ros2_ws/install/gwpspider_interfaces/share/colcon-core/packages/gwpspider_interfaces)
[26.715s] Level 1:colcon.colcon_core.environment:create_environment_scripts_only(gwpspider_interfaces)
[26.718s] Level 1:colcon.colcon_core.environment:checking '/home/spider/ros2_ws/install/gwpspider_interfaces' for CMake module files
[26.719s] Level 1:colcon.colcon_core.environment:checking '/home/spider/ros2_ws/install/gwpspider_interfaces' for CMake config files
[26.719s] Level 1:colcon.colcon_core.shell:create_environment_hook('gwpspider_interfaces', 'cmake_prefix_path')
[26.721s] INFO:colcon.colcon_core.shell:Creating environment hook '/home/spider/ros2_ws/install/gwpspider_interfaces/share/gwpspider_interfaces/hook/cmake_prefix_path.ps1'
[26.721s] INFO:colcon.colcon_core.shell:Creating environment descriptor '/home/spider/ros2_ws/install/gwpspider_interfaces/share/gwpspider_interfaces/hook/cmake_prefix_path.dsv'
[26.722s] INFO:colcon.colcon_core.shell:Creating environment hook '/home/spider/ros2_ws/install/gwpspider_interfaces/share/gwpspider_interfaces/hook/cmake_prefix_path.sh'
[26.722s] Level 1:colcon.colcon_core.environment:checking '/home/spider/ros2_ws/install/gwpspider_interfaces/lib'
[26.722s] Level 1:colcon.colcon_core.shell:create_environment_hook('gwpspider_interfaces', 'ld_library_path_lib')
[26.724s] INFO:colcon.colcon_core.shell:Creating environment hook '/home/spider/ros2_ws/install/gwpspider_interfaces/share/gwpspider_interfaces/hook/ld_library_path_lib.ps1'
[26.724s] INFO:colcon.colcon_core.shell:Creating environment descriptor '/home/spider/ros2_ws/install/gwpspider_interfaces/share/gwpspider_interfaces/hook/ld_library_path_lib.dsv'
[26.724s] INFO:colcon.colcon_core.shell:Creating environment hook '/home/spider/ros2_ws/install/gwpspider_interfaces/share/gwpspider_interfaces/hook/ld_library_path_lib.sh'
[26.725s] Level 1:colcon.colcon_core.environment:checking '/home/spider/ros2_ws/install/gwpspider_interfaces/bin'
[26.725s] Level 1:colcon.colcon_core.environment:checking '/home/spider/ros2_ws/install/gwpspider_interfaces/lib/pkgconfig/gwpspider_interfaces.pc'
[26.725s] Level 1:colcon.colcon_core.environment:checking '/home/spider/ros2_ws/install/gwpspider_interfaces/lib/python3.10/site-packages'
[26.725s] Level 1:colcon.colcon_core.environment:checking '/home/spider/ros2_ws/install/gwpspider_interfaces/bin'
[26.727s] INFO:colcon.colcon_core.shell:Creating package script '/home/spider/ros2_ws/install/gwpspider_interfaces/share/gwpspider_interfaces/package.ps1'
[26.727s] INFO:colcon.colcon_core.shell:Creating package descriptor '/home/spider/ros2_ws/install/gwpspider_interfaces/share/gwpspider_interfaces/package.dsv'
[26.728s] INFO:colcon.colcon_core.shell:Creating package script '/home/spider/ros2_ws/install/gwpspider_interfaces/share/gwpspider_interfaces/package.sh'
[26.728s] INFO:colcon.colcon_core.shell:Creating package script '/home/spider/ros2_ws/install/gwpspider_interfaces/share/gwpspider_interfaces/package.bash'
[26.729s] INFO:colcon.colcon_core.shell:Creating package script '/home/spider/ros2_ws/install/gwpspider_interfaces/share/gwpspider_interfaces/package.zsh'
[26.729s] Level 1:colcon.colcon_core.environment:create_file_with_runtime_dependencies(/home/spider/ros2_ws/install/gwpspider_interfaces/share/colcon-core/packages/gwpspider_interfaces)
[26.729s] DEBUG:colcon.colcon_parallel_executor.executor.parallel:closing loop
[26.730s] DEBUG:colcon.colcon_parallel_executor.executor.parallel:loop closed
[26.730s] DEBUG:colcon.colcon_parallel_executor.executor.parallel:run_until_complete finished with '0'
[26.730s] DEBUG:colcon.colcon_core.event_reactor:joining thread
[26.737s] INFO:colcon.colcon_core.plugin_system:Skipping extension 'colcon_notification.desktop_notification.terminal_notifier': Not used on non-Darwin systems
[26.737s] INFO:colcon.colcon_core.plugin_system:Skipping extension 'colcon_notification.desktop_notification.win32': Not used on non-Windows systems
[26.737s] INFO:colcon.colcon_notification.desktop_notification:Sending desktop notification using 'notify2'
[26.751s] DEBUG:colcon.colcon_core.event_reactor:joined thread
[26.754s] INFO:colcon.colcon_core.shell:Creating prefix script '/home/spider/ros2_ws/install/local_setup.ps1'
[26.756s] INFO:colcon.colcon_core.shell:Creating prefix util module '/home/spider/ros2_ws/install/_local_setup_util_ps1.py'
[26.758s] INFO:colcon.colcon_core.shell:Creating prefix chain script '/home/spider/ros2_ws/install/setup.ps1'
[26.761s] INFO:colcon.colcon_core.shell:Creating prefix script '/home/spider/ros2_ws/install/local_setup.sh'
[26.762s] INFO:colcon.colcon_core.shell:Creating prefix util module '/home/spider/ros2_ws/install/_local_setup_util_sh.py'
[26.763s] INFO:colcon.colcon_core.shell:Creating prefix chain script '/home/spider/ros2_ws/install/setup.sh'
[26.766s] INFO:colcon.colcon_core.shell:Creating prefix script '/home/spider/ros2_ws/install/local_setup.bash'
[26.767s] INFO:colcon.colcon_core.shell:Creating prefix chain script '/home/spider/ros2_ws/install/setup.bash'
[26.770s] INFO:colcon.colcon_core.shell:Creating prefix script '/home/spider/ros2_ws/install/local_setup.zsh'
[26.771s] INFO:colcon.colcon_core.shell:Creating prefix chain script '/home/spider/ros2_ws/install/setup.zsh'
