[0.913s] Invoking command in '/home/spider/ros2_ws/src/py_srvcli': PYTHONPATH=/home/spider/ros2_ws/build/py_srvcli/prefix_override:/home/spider/ros2_ws/install/lib/python3.10/site-packages:${PYTHONPATH} /usr/bin/python3 setup.py egg_info --egg-base ../../build/py_srvcli build --build-base /home/spider/ros2_ws/build/py_srvcli/build install --record /home/spider/ros2_ws/build/py_srvcli/install.log --single-version-externally-managed
[1.158s] running egg_info
[1.159s] writing ../../build/py_srvcli/py_srvcli.egg-info/PKG-INFO
[1.159s] writing dependency_links to ../../build/py_srvcli/py_srvcli.egg-info/dependency_links.txt
[1.160s] writing entry points to ../../build/py_srvcli/py_srvcli.egg-info/entry_points.txt
[1.160s] writing requirements to ../../build/py_srvcli/py_srvcli.egg-info/requires.txt
[1.160s] writing top-level names to ../../build/py_srvcli/py_srvcli.egg-info/top_level.txt
[1.162s] reading manifest file '../../build/py_srvcli/py_srvcli.egg-info/SOURCES.txt'
[1.164s] writing manifest file '../../build/py_srvcli/py_srvcli.egg-info/SOURCES.txt'
[1.164s] running build
[1.164s] running build_py
[1.164s] running install
[1.165s] /usr/lib/python3/dist-packages/setuptools/command/install.py:34: SetuptoolsDeprecationWarning: setup.py install is deprecated. Use build and pip and other standards-based tools.
[1.165s]   warnings.warn(
[1.165s] running install_lib
[1.166s] running install_data
[1.167s] running install_egg_info
[1.168s] removing '/home/spider/ros2_ws/install/lib/python3.10/site-packages/py_srvcli-0.0.0-py3.10.egg-info' (and everything under it)
[1.169s] Copying ../../build/py_srvcli/py_srvcli.egg-info to /home/spider/ros2_ws/install/lib/python3.10/site-packages/py_srvcli-0.0.0-py3.10.egg-info
[1.170s] running install_scripts
[1.191s] Installing client script to /home/spider/ros2_ws/install/lib/py_srvcli
[1.191s] Installing service script to /home/spider/ros2_ws/install/lib/py_srvcli
[1.191s] Installing talker script to /home/spider/ros2_ws/install/lib/py_srvcli
[1.191s] writing list of installed files to '/home/spider/ros2_ws/build/py_srvcli/install.log'
[1.347s] Invoked command in '/home/spider/ros2_ws/src/py_srvcli' returned '0': PYTHONPATH=/home/spider/ros2_ws/build/py_srvcli/prefix_override:/home/spider/ros2_ws/install/lib/python3.10/site-packages:${PYTHONPATH} /usr/bin/python3 setup.py egg_info --egg-base ../../build/py_srvcli build --build-base /home/spider/ros2_ws/build/py_srvcli/build install --record /home/spider/ros2_ws/build/py_srvcli/install.log --single-version-externally-managed
