[1.182s] Invoking command in '/home/spider/ros2_ws/src/flask_server': PYTHONPATH=/home/spider/ros2_ws/build/flask_server/prefix_override:/home/spider/ros2_ws/install/flask_server/lib/python3.10/site-packages:${PYTHONPATH} /usr/bin/python3 setup.py egg_info --egg-base ../../build/flask_server build --build-base /home/spider/ros2_ws/build/flask_server/build install --record /home/spider/ros2_ws/build/flask_server/install.log --single-version-externally-managed
[1.443s] running egg_info
[1.444s] writing ../../build/flask_server/flask_server.egg-info/PKG-INFO
[1.444s] writing dependency_links to ../../build/flask_server/flask_server.egg-info/dependency_links.txt
[1.444s] writing entry points to ../../build/flask_server/flask_server.egg-info/entry_points.txt
[1.444s] writing requirements to ../../build/flask_server/flask_server.egg-info/requires.txt
[1.444s] writing top-level names to ../../build/flask_server/flask_server.egg-info/top_level.txt
[1.446s] reading manifest file '../../build/flask_server/flask_server.egg-info/SOURCES.txt'
[1.447s] writing manifest file '../../build/flask_server/flask_server.egg-info/SOURCES.txt'
[1.447s] running build
[1.447s] running build_py
[1.447s] running install
[1.447s] /usr/lib/python3/dist-packages/setuptools/command/install.py:34: SetuptoolsDeprecationWarning: setup.py install is deprecated. Use build and pip and other standards-based tools.
[1.447s]   warnings.warn(
[1.448s] running install_lib
[1.449s] running install_data
[1.449s] running install_egg_info
[1.451s] removing '/home/spider/ros2_ws/install/flask_server/lib/python3.10/site-packages/flask_server-0.0.0-py3.10.egg-info' (and everything under it)
[1.451s] Copying ../../build/flask_server/flask_server.egg-info to /home/spider/ros2_ws/install/flask_server/lib/python3.10/site-packages/flask_server-0.0.0-py3.10.egg-info
[1.452s] running install_scripts
[1.475s] writing list of installed files to '/home/spider/ros2_ws/build/flask_server/install.log'
[1.514s] Invoked command in '/home/spider/ros2_ws/src/flask_server' returned '0': PYTHONPATH=/home/spider/ros2_ws/build/flask_server/prefix_override:/home/spider/ros2_ws/install/flask_server/lib/python3.10/site-packages:${PYTHONPATH} /usr/bin/python3 setup.py egg_info --egg-base ../../build/flask_server build --build-base /home/spider/ros2_ws/build/flask_server/build install --record /home/spider/ros2_ws/build/flask_server/install.log --single-version-externally-managed
