[3.201s] Invoking command in '/home/spiderpi/ros2_ws/src/py_srvcli': PYTHONPATH=/home/spiderpi/ros2_ws/build/py_srvcli/prefix_override:/home/spiderpi/ros2_ws/install/py_srvcli/lib/python3.10/site-packages:${PYTHONPATH} /usr/bin/python3 setup.py egg_info --egg-base ../../build/py_srvcli build --build-base /home/spiderpi/ros2_ws/build/py_srvcli/build install --record /home/spiderpi/ros2_ws/build/py_srvcli/install.log --single-version-externally-managed
[4.489s] running egg_info
[4.493s] writing ../../build/py_srvcli/py_srvcli.egg-info/PKG-INFO
[4.494s] writing dependency_links to ../../build/py_srvcli/py_srvcli.egg-info/dependency_links.txt
[4.495s] writing entry points to ../../build/py_srvcli/py_srvcli.egg-info/entry_points.txt
[4.496s] writing requirements to ../../build/py_srvcli/py_srvcli.egg-info/requires.txt
[4.497s] writing top-level names to ../../build/py_srvcli/py_srvcli.egg-info/top_level.txt
[4.506s] reading manifest file '../../build/py_srvcli/py_srvcli.egg-info/SOURCES.txt'
[4.512s] writing manifest file '../../build/py_srvcli/py_srvcli.egg-info/SOURCES.txt'
[4.513s] running build
[4.515s] running build_py
[4.518s] copying py_srvcli/server.py -> /home/spiderpi/ros2_ws/build/py_srvcli/build/lib/py_srvcli
[4.521s] /usr/lib/python3/dist-packages/setuptools/command/install.py:34: SetuptoolsDeprecationWarning: setup.py install is deprecated. Use build and pip and other standards-based tools.
[4.521s]   warnings.warn(
[4.522s] running install
[4.522s] running install_lib
[4.527s] copying /home/spiderpi/ros2_ws/build/py_srvcli/build/lib/py_srvcli/server.py -> /home/spiderpi/ros2_ws/install/py_srvcli/lib/python3.10/site-packages/py_srvcli
[4.528s] byte-compiling /home/spiderpi/ros2_ws/install/py_srvcli/lib/python3.10/site-packages/py_srvcli/server.py to server.cpython-310.pyc
[4.531s] running install_data
[4.534s] running install_egg_info
[4.543s] removing '/home/spiderpi/ros2_ws/install/py_srvcli/lib/python3.10/site-packages/py_srvcli-0.0.0-py3.10.egg-info' (and everything under it)
[4.545s] Copying ../../build/py_srvcli/py_srvcli.egg-info to /home/spiderpi/ros2_ws/install/py_srvcli/lib/python3.10/site-packages/py_srvcli-0.0.0-py3.10.egg-info
[4.554s] running install_scripts
[4.645s] Installing client script to /home/spiderpi/ros2_ws/install/py_srvcli/lib/py_srvcli
[4.647s] Installing service script to /home/spiderpi/ros2_ws/install/py_srvcli/lib/py_srvcli
[4.648s] Installing talker script to /home/spiderpi/ros2_ws/install/py_srvcli/lib/py_srvcli
[4.650s] Installing talker2 script to /home/spiderpi/ros2_ws/install/py_srvcli/lib/py_srvcli
[4.651s] writing list of installed files to '/home/spiderpi/ros2_ws/build/py_srvcli/install.log'
[4.795s] Invoked command in '/home/spiderpi/ros2_ws/src/py_srvcli' returned '0': PYTHONPATH=/home/spiderpi/ros2_ws/build/py_srvcli/prefix_override:/home/spiderpi/ros2_ws/install/py_srvcli/lib/python3.10/site-packages:${PYTHONPATH} /usr/bin/python3 setup.py egg_info --egg-base ../../build/py_srvcli build --build-base /home/spiderpi/ros2_ws/build/py_srvcli/build install --record /home/spiderpi/ros2_ws/build/py_srvcli/install.log --single-version-externally-managed
