[2.901s] Invoking command in '/home/spiderpi/ros2_ws/src/flask_server': PYTHONPATH=/home/spiderpi/ros2_ws/build/flask_server/prefix_override:/home/spiderpi/ros2_ws/install/flask_server/lib/python3.10/site-packages:${PYTHONPATH} /usr/bin/python3 setup.py egg_info --egg-base ../../build/flask_server build --build-base /home/spiderpi/ros2_ws/build/flask_server/build install --record /home/spiderpi/ros2_ws/build/flask_server/install.log --single-version-externally-managed
[4.005s] running egg_info
[4.009s] writing ../../build/flask_server/flask_server.egg-info/PKG-INFO
[4.010s] writing dependency_links to ../../build/flask_server/flask_server.egg-info/dependency_links.txt
[4.011s] writing entry points to ../../build/flask_server/flask_server.egg-info/entry_points.txt
[4.011s] writing requirements to ../../build/flask_server/flask_server.egg-info/requires.txt
[4.012s] writing top-level names to ../../build/flask_server/flask_server.egg-info/top_level.txt
[4.020s] reading manifest file '../../build/flask_server/flask_server.egg-info/SOURCES.txt'
[4.024s] writing manifest file '../../build/flask_server/flask_server.egg-info/SOURCES.txt'
[4.024s] running build
[4.025s] running build_py
[4.026s] running install
[4.029s] /usr/lib/python3/dist-packages/setuptools/command/install.py:34: SetuptoolsDeprecationWarning: setup.py install is deprecated. Use build and pip and other standards-based tools.
[4.029s]   warnings.warn(
[4.030s] running install_lib
[4.036s] running install_data
[4.039s] running install_egg_info
[4.047s] removing '/home/spiderpi/ros2_ws/install/flask_server/lib/python3.10/site-packages/flask_server-0.0.0-py3.10.egg-info' (and everything under it)
[4.048s] Copying ../../build/flask_server/flask_server.egg-info to /home/spiderpi/ros2_ws/install/flask_server/lib/python3.10/site-packages/flask_server-0.0.0-py3.10.egg-info
[4.055s] running install_scripts
[4.140s] writing list of installed files to '/home/spiderpi/ros2_ws/build/flask_server/install.log'
[4.267s] Invoked command in '/home/spiderpi/ros2_ws/src/flask_server' returned '0': PYTHONPATH=/home/spiderpi/ros2_ws/build/flask_server/prefix_override:/home/spiderpi/ros2_ws/install/flask_server/lib/python3.10/site-packages:${PYTHONPATH} /usr/bin/python3 setup.py egg_info --egg-base ../../build/flask_server build --build-base /home/spiderpi/ros2_ws/build/flask_server/build install --record /home/spiderpi/ros2_ws/build/flask_server/install.log --single-version-externally-managed
