[1.156s] Invoking command in '/home/spider/ros2_ws/src/py_srvcli': PYTHONPATH=/home/spider/ros2_ws/build/py_srvcli/prefix_override:/home/spider/ros2_ws/install/py_srvcli/lib/python3.10/site-packages:${PYTHONPATH} /usr/bin/python3 setup.py egg_info --egg-base ../../build/py_srvcli build --build-base /home/spider/ros2_ws/build/py_srvcli/build install --record /home/spider/ros2_ws/build/py_srvcli/install.log --single-version-externally-managed
[1.417s] running egg_info
[1.418s] writing ../../build/py_srvcli/py_srvcli.egg-info/PKG-INFO
[1.418s] writing dependency_links to ../../build/py_srvcli/py_srvcli.egg-info/dependency_links.txt
[1.418s] writing entry points to ../../build/py_srvcli/py_srvcli.egg-info/entry_points.txt
[1.419s] writing requirements to ../../build/py_srvcli/py_srvcli.egg-info/requires.txt
[1.419s] writing top-level names to ../../build/py_srvcli/py_srvcli.egg-info/top_level.txt
[1.420s] reading manifest file '../../build/py_srvcli/py_srvcli.egg-info/SOURCES.txt'
[1.421s] writing manifest file '../../build/py_srvcli/py_srvcli.egg-info/SOURCES.txt'
[1.421s] running build
[1.422s] running build_py
[1.422s] copying py_srvcli/client.py -> /home/spider/ros2_ws/build/py_srvcli/build/lib/py_srvcli
[1.422s] running install
[1.422s] /usr/lib/python3/dist-packages/setuptools/command/install.py:34: SetuptoolsDeprecationWarning: setup.py install is deprecated. Use build and pip and other standards-based tools.
[1.422s]   warnings.warn(
[1.423s] running install_lib
[1.424s] copying /home/spider/ros2_ws/build/py_srvcli/build/lib/py_srvcli/client.py -> /home/spider/ros2_ws/install/py_srvcli/lib/python3.10/site-packages/py_srvcli
[1.424s] byte-compiling /home/spider/ros2_ws/install/py_srvcli/lib/python3.10/site-packages/py_srvcli/client.py to client.cpython-310.pyc
[1.425s] running install_data
[1.425s] running install_egg_info
[1.427s] removing '/home/spider/ros2_ws/install/py_srvcli/lib/python3.10/site-packages/py_srvcli-0.0.0-py3.10.egg-info' (and everything under it)
[1.428s] Copying ../../build/py_srvcli/py_srvcli.egg-info to /home/spider/ros2_ws/install/py_srvcli/lib/python3.10/site-packages/py_srvcli-0.0.0-py3.10.egg-info
[1.429s] running install_scripts
[1.455s] Installing client script to /home/spider/ros2_ws/install/py_srvcli/lib/py_srvcli
[1.456s] Installing service script to /home/spider/ros2_ws/install/py_srvcli/lib/py_srvcli
[1.456s] Installing talker script to /home/spider/ros2_ws/install/py_srvcli/lib/py_srvcli
[1.457s] writing list of installed files to '/home/spider/ros2_ws/build/py_srvcli/install.log'
[1.514s] Invoked command in '/home/spider/ros2_ws/src/py_srvcli' returned '0': PYTHONPATH=/home/spider/ros2_ws/build/py_srvcli/prefix_override:/home/spider/ros2_ws/install/py_srvcli/lib/python3.10/site-packages:${PYTHONPATH} /usr/bin/python3 setup.py egg_info --egg-base ../../build/py_srvcli build --build-base /home/spider/ros2_ws/build/py_srvcli/build install --record /home/spider/ros2_ws/build/py_srvcli/install.log --single-version-externally-managed
