[0.878s] Invoking command in '/home/spider/ros2_ws/src/py_srvcli': CMAKE_PREFIX_PATH=/home/spider/ros2_ws/install/my_service_interfaces:/home/spider/ros2_ws/install:/home/spider/ros2_ws/install/gwpspider_interfaces PYTHONPATH=/home/spider/ros2_ws/build/py_srvcli/prefix_override:/home/spider/ros2_ws/install/py_srvcli/lib/python3.10/site-packages:${PYTHONPATH} /usr/bin/python3 setup.py egg_info --egg-base ../../build/py_srvcli build --build-base /home/spider/ros2_ws/build/py_srvcli/build install --record /home/spider/ros2_ws/build/py_srvcli/install.log --single-version-externally-managed
[1.120s] running egg_info
[1.121s] writing ../../build/py_srvcli/py_srvcli.egg-info/PKG-INFO
[1.122s] writing dependency_links to ../../build/py_srvcli/py_srvcli.egg-info/dependency_links.txt
[1.122s] writing entry points to ../../build/py_srvcli/py_srvcli.egg-info/entry_points.txt
[1.122s] writing requirements to ../../build/py_srvcli/py_srvcli.egg-info/requires.txt
[1.122s] writing top-level names to ../../build/py_srvcli/py_srvcli.egg-info/top_level.txt
[1.124s] reading manifest file '../../build/py_srvcli/py_srvcli.egg-info/SOURCES.txt'
[1.126s] writing manifest file '../../build/py_srvcli/py_srvcli.egg-info/SOURCES.txt'
[1.126s] running build
[1.126s] running build_py
[1.127s] running install
[1.127s] /usr/lib/python3/dist-packages/setuptools/command/install.py:34: SetuptoolsDeprecationWarning: setup.py install is deprecated. Use build and pip and other standards-based tools.
[1.127s]   warnings.warn(
[1.127s] running install_lib
[1.128s] creating /home/spider/ros2_ws/install/py_srvcli/lib/python3.10/site-packages/py_srvcli
[1.129s] copying /home/spider/ros2_ws/build/py_srvcli/build/lib/py_srvcli/talker2.py -> /home/spider/ros2_ws/install/py_srvcli/lib/python3.10/site-packages/py_srvcli
[1.129s] copying /home/spider/ros2_ws/build/py_srvcli/build/lib/py_srvcli/client.py -> /home/spider/ros2_ws/install/py_srvcli/lib/python3.10/site-packages/py_srvcli
[1.129s] copying /home/spider/ros2_ws/build/py_srvcli/build/lib/py_srvcli/server.py -> /home/spider/ros2_ws/install/py_srvcli/lib/python3.10/site-packages/py_srvcli
[1.129s] copying /home/spider/ros2_ws/build/py_srvcli/build/lib/py_srvcli/listener.py -> /home/spider/ros2_ws/install/py_srvcli/lib/python3.10/site-packages/py_srvcli
[1.129s] copying /home/spider/ros2_ws/build/py_srvcli/build/lib/py_srvcli/__init__.py -> /home/spider/ros2_ws/install/py_srvcli/lib/python3.10/site-packages/py_srvcli
[1.129s] copying /home/spider/ros2_ws/build/py_srvcli/build/lib/py_srvcli/publicher.py -> /home/spider/ros2_ws/install/py_srvcli/lib/python3.10/site-packages/py_srvcli
[1.129s] byte-compiling /home/spider/ros2_ws/install/py_srvcli/lib/python3.10/site-packages/py_srvcli/talker2.py to talker2.cpython-310.pyc
[1.130s] byte-compiling /home/spider/ros2_ws/install/py_srvcli/lib/python3.10/site-packages/py_srvcli/client.py to client.cpython-310.pyc
[1.130s] byte-compiling /home/spider/ros2_ws/install/py_srvcli/lib/python3.10/site-packages/py_srvcli/server.py to server.cpython-310.pyc
[1.130s] byte-compiling /home/spider/ros2_ws/install/py_srvcli/lib/python3.10/site-packages/py_srvcli/listener.py to listener.cpython-310.pyc
[1.131s] byte-compiling /home/spider/ros2_ws/install/py_srvcli/lib/python3.10/site-packages/py_srvcli/__init__.py to __init__.cpython-310.pyc
[1.131s] byte-compiling /home/spider/ros2_ws/install/py_srvcli/lib/python3.10/site-packages/py_srvcli/publicher.py to publicher.cpython-310.pyc
[1.131s] running install_data
[1.132s] creating /home/spider/ros2_ws/install/py_srvcli/share/ament_index
[1.132s] creating /home/spider/ros2_ws/install/py_srvcli/share/ament_index/resource_index
[1.132s] creating /home/spider/ros2_ws/install/py_srvcli/share/ament_index/resource_index/packages
[1.132s] copying resource/py_srvcli -> /home/spider/ros2_ws/install/py_srvcli/share/ament_index/resource_index/packages
[1.132s] copying package.xml -> /home/spider/ros2_ws/install/py_srvcli/share/py_srvcli
[1.132s] running install_egg_info
[1.134s] Copying ../../build/py_srvcli/py_srvcli.egg-info to /home/spider/ros2_ws/install/py_srvcli/lib/python3.10/site-packages/py_srvcli-0.0.0-py3.10.egg-info
[1.135s] running install_scripts
[1.163s] Installing client script to /home/spider/ros2_ws/install/py_srvcli/lib/py_srvcli
[1.163s] Installing service script to /home/spider/ros2_ws/install/py_srvcli/lib/py_srvcli
[1.164s] Installing talker script to /home/spider/ros2_ws/install/py_srvcli/lib/py_srvcli
[1.164s] Installing talker2 script to /home/spider/ros2_ws/install/py_srvcli/lib/py_srvcli
[1.164s] writing list of installed files to '/home/spider/ros2_ws/build/py_srvcli/install.log'
[1.205s] Invoked command in '/home/spider/ros2_ws/src/py_srvcli' returned '0': CMAKE_PREFIX_PATH=/home/spider/ros2_ws/install/my_service_interfaces:/home/spider/ros2_ws/install:/home/spider/ros2_ws/install/gwpspider_interfaces PYTHONPATH=/home/spider/ros2_ws/build/py_srvcli/prefix_override:/home/spider/ros2_ws/install/py_srvcli/lib/python3.10/site-packages:${PYTHONPATH} /usr/bin/python3 setup.py egg_info --egg-base ../../build/py_srvcli build --build-base /home/spider/ros2_ws/build/py_srvcli/build install --record /home/spider/ros2_ws/build/py_srvcli/install.log --single-version-externally-managed
