[1.463s] DEBUG:colcon:Command line arguments: ['/usr/bin/colcon', 'build', '--packages-select', 'flask_server']
[1.463s] DEBUG:colcon:Parsed command line arguments: Namespace(log_base=None, log_level=None, verb_name='build', build_base='build', install_base='install', merge_install=False, symlink_install=False, test_result_base=None, continue_on_error=False, executor='parallel', parallel_workers=4, event_handlers=None, ignore_user_meta=False, metas=['./colcon.meta'], base_paths=['.'], packages_ignore=None, packages_ignore_regex=None, paths=None, packages_up_to=None, packages_up_to_regex=None, packages_above=None, packages_above_and_dependencies=None, packages_above_depth=None, packages_select_by_dep=None, packages_skip_by_dep=None, packages_skip_up_to=None, packages_select_build_failed=False, packages_skip_build_finished=False, packages_select_test_failures=False, packages_skip_test_passed=False, packages_select=['flask_server'], packages_skip=None, packages_select_regex=None, packages_skip_regex=None, packages_start=None, packages_end=None, allow_overriding=[], cmake_args=None, cmake_target=None, cmake_target_skip_unavailable=False, cmake_clean_cache=False, cmake_clean_first=False, cmake_force_configure=False, ament_cmake_args=None, catkin_cmake_args=None, catkin_skip_building_tests=False, verb_parser=<colcon_defaults.argument_parser.defaults.DefaultArgumentsDecorator object at 0xffff80f66b60>, verb_extension=<colcon_core.verb.build.BuildVerb object at 0xffff81803f70>, main=<bound method BuildVerb.main of <colcon_core.verb.build.BuildVerb object at 0xffff81803f70>>)
[1.604s] Level 1:colcon.colcon_core.package_discovery:discover_packages(colcon_meta) check parameters
[1.605s] Level 1:colcon.colcon_core.package_discovery:discover_packages(recursive) check parameters
[1.605s] Level 1:colcon.colcon_core.package_discovery:discover_packages(ignore) check parameters
[1.605s] Level 1:colcon.colcon_core.package_discovery:discover_packages(path) check parameters
[1.605s] Level 1:colcon.colcon_core.package_discovery:discover_packages(colcon_meta) discover
[1.606s] Level 1:colcon.colcon_core.package_discovery:discover_packages(recursive) discover
[1.606s] INFO:colcon.colcon_core.package_discovery:Crawling recursively for packages in '/home/spiderpi/ros2_ws'
[1.606s] Level 1:colcon.colcon_core.package_identification:_identify(.) by extensions ['ignore', 'ignore_ament_install']
[1.607s] Level 1:colcon.colcon_core.package_identification:_identify(.) by extension 'ignore'
[1.607s] Level 1:colcon.colcon_core.package_identification:_identify(.) by extension 'ignore_ament_install'
[1.607s] Level 1:colcon.colcon_core.package_identification:_identify(.) by extensions ['colcon_pkg']
[1.607s] Level 1:colcon.colcon_core.package_identification:_identify(.) by extension 'colcon_pkg'
[1.607s] Level 1:colcon.colcon_core.package_identification:_identify(.) by extensions ['colcon_meta']
[1.608s] Level 1:colcon.colcon_core.package_identification:_identify(.) by extension 'colcon_meta'
[1.608s] Level 1:colcon.colcon_core.package_identification:_identify(.) by extensions ['ros']
[1.608s] Level 1:colcon.colcon_core.package_identification:_identify(.) by extension 'ros'
[1.656s] Level 1:colcon.colcon_core.package_identification:_identify(.) by extensions ['cmake', 'python']
[1.657s] Level 1:colcon.colcon_core.package_identification:_identify(.) by extension 'cmake'
[1.657s] Level 1:colcon.colcon_core.package_identification:_identify(.) by extension 'python'
[1.657s] Level 1:colcon.colcon_core.package_identification:_identify(.) by extensions ['python_setup_py']
[1.657s] Level 1:colcon.colcon_core.package_identification:_identify(.) by extension 'python_setup_py'
[1.658s] Level 1:colcon.colcon_core.package_identification:_identify(build) by extensions ['ignore', 'ignore_ament_install']
[1.658s] Level 1:colcon.colcon_core.package_identification:_identify(build) by extension 'ignore'
[1.659s] Level 1:colcon.colcon_core.package_identification:_identify(build) ignored
[1.659s] Level 1:colcon.colcon_core.package_identification:_identify(install) by extensions ['ignore', 'ignore_ament_install']
[1.660s] Level 1:colcon.colcon_core.package_identification:_identify(install) by extension 'ignore'
[1.660s] Level 1:colcon.colcon_core.package_identification:_identify(install) ignored
[1.665s] Level 1:colcon.colcon_core.package_identification:_identify(log) by extensions ['ignore', 'ignore_ament_install']
[1.665s] Level 1:colcon.colcon_core.package_identification:_identify(log) by extension 'ignore'
[1.665s] Level 1:colcon.colcon_core.package_identification:_identify(log) ignored
[1.666s] Level 1:colcon.colcon_core.package_identification:_identify(src) by extensions ['ignore', 'ignore_ament_install']
[1.666s] Level 1:colcon.colcon_core.package_identification:_identify(src) by extension 'ignore'
[1.667s] Level 1:colcon.colcon_core.package_identification:_identify(src) by extension 'ignore_ament_install'
[1.667s] Level 1:colcon.colcon_core.package_identification:_identify(src) by extensions ['colcon_pkg']
[1.667s] Level 1:colcon.colcon_core.package_identification:_identify(src) by extension 'colcon_pkg'
[1.667s] Level 1:colcon.colcon_core.package_identification:_identify(src) by extensions ['colcon_meta']
[1.667s] Level 1:colcon.colcon_core.package_identification:_identify(src) by extension 'colcon_meta'
[1.668s] Level 1:colcon.colcon_core.package_identification:_identify(src) by extensions ['ros']
[1.668s] Level 1:colcon.colcon_core.package_identification:_identify(src) by extension 'ros'
[1.668s] Level 1:colcon.colcon_core.package_identification:_identify(src) by extensions ['cmake', 'python']
[1.668s] Level 1:colcon.colcon_core.package_identification:_identify(src) by extension 'cmake'
[1.668s] Level 1:colcon.colcon_core.package_identification:_identify(src) by extension 'python'
[1.668s] Level 1:colcon.colcon_core.package_identification:_identify(src) by extensions ['python_setup_py']
[1.669s] Level 1:colcon.colcon_core.package_identification:_identify(src) by extension 'python_setup_py'
[1.669s] Level 1:colcon.colcon_core.package_identification:_identify(src/flask_server) by extensions ['ignore', 'ignore_ament_install']
[1.670s] Level 1:colcon.colcon_core.package_identification:_identify(src/flask_server) by extension 'ignore'
[1.670s] Level 1:colcon.colcon_core.package_identification:_identify(src/flask_server) by extension 'ignore_ament_install'
[1.670s] Level 1:colcon.colcon_core.package_identification:_identify(src/flask_server) by extensions ['colcon_pkg']
[1.670s] Level 1:colcon.colcon_core.package_identification:_identify(src/flask_server) by extension 'colcon_pkg'
[1.670s] Level 1:colcon.colcon_core.package_identification:_identify(src/flask_server) by extensions ['colcon_meta']
[1.670s] Level 1:colcon.colcon_core.package_identification:_identify(src/flask_server) by extension 'colcon_meta'
[1.671s] Level 1:colcon.colcon_core.package_identification:_identify(src/flask_server) by extensions ['ros']
[1.671s] Level 1:colcon.colcon_core.package_identification:_identify(src/flask_server) by extension 'ros'
[1.680s] DEBUG:colcon.colcon_core.package_identification:Package 'src/flask_server' with type 'ros.ament_python' and name 'flask_server'
[1.681s] Level 1:colcon.colcon_core.package_identification:_identify(src/gwpspider_interfaces) by extensions ['ignore', 'ignore_ament_install']
[1.682s] Level 1:colcon.colcon_core.package_identification:_identify(src/gwpspider_interfaces) by extension 'ignore'
[1.682s] Level 1:colcon.colcon_core.package_identification:_identify(src/gwpspider_interfaces) by extension 'ignore_ament_install'
[1.682s] Level 1:colcon.colcon_core.package_identification:_identify(src/gwpspider_interfaces) by extensions ['colcon_pkg']
[1.683s] Level 1:colcon.colcon_core.package_identification:_identify(src/gwpspider_interfaces) by extension 'colcon_pkg'
[1.683s] Level 1:colcon.colcon_core.package_identification:_identify(src/gwpspider_interfaces) by extensions ['colcon_meta']
[1.683s] Level 1:colcon.colcon_core.package_identification:_identify(src/gwpspider_interfaces) by extension 'colcon_meta'
[1.683s] Level 1:colcon.colcon_core.package_identification:_identify(src/gwpspider_interfaces) by extensions ['ros']
[1.683s] Level 1:colcon.colcon_core.package_identification:_identify(src/gwpspider_interfaces) by extension 'ros'
[1.686s] DEBUG:colcon.colcon_core.package_identification:Package 'src/gwpspider_interfaces' with type 'ros.ament_cmake' and name 'gwpspider_interfaces'
[1.687s] Level 1:colcon.colcon_core.package_identification:_identify(src/my_service_interfaces) by extensions ['ignore', 'ignore_ament_install']
[1.687s] Level 1:colcon.colcon_core.package_identification:_identify(src/my_service_interfaces) by extension 'ignore'
[1.688s] Level 1:colcon.colcon_core.package_identification:_identify(src/my_service_interfaces) by extension 'ignore_ament_install'
[1.688s] Level 1:colcon.colcon_core.package_identification:_identify(src/my_service_interfaces) by extensions ['colcon_pkg']
[1.688s] Level 1:colcon.colcon_core.package_identification:_identify(src/my_service_interfaces) by extension 'colcon_pkg'
[1.688s] Level 1:colcon.colcon_core.package_identification:_identify(src/my_service_interfaces) by extensions ['colcon_meta']
[1.688s] Level 1:colcon.colcon_core.package_identification:_identify(src/my_service_interfaces) by extension 'colcon_meta'
[1.689s] Level 1:colcon.colcon_core.package_identification:_identify(src/my_service_interfaces) by extensions ['ros']
[1.689s] Level 1:colcon.colcon_core.package_identification:_identify(src/my_service_interfaces) by extension 'ros'
[1.691s] DEBUG:colcon.colcon_core.package_identification:Package 'src/my_service_interfaces' with type 'ros.ament_cmake' and name 'my_service_interfaces'
[1.692s] Level 1:colcon.colcon_core.package_identification:_identify(src/py_node_test) by extensions ['ignore', 'ignore_ament_install']
[1.692s] Level 1:colcon.colcon_core.package_identification:_identify(src/py_node_test) by extension 'ignore'
[1.692s] Level 1:colcon.colcon_core.package_identification:_identify(src/py_node_test) by extension 'ignore_ament_install'
[1.693s] Level 1:colcon.colcon_core.package_identification:_identify(src/py_node_test) by extensions ['colcon_pkg']
[1.693s] Level 1:colcon.colcon_core.package_identification:_identify(src/py_node_test) by extension 'colcon_pkg'
[1.693s] Level 1:colcon.colcon_core.package_identification:_identify(src/py_node_test) by extensions ['colcon_meta']
[1.693s] Level 1:colcon.colcon_core.package_identification:_identify(src/py_node_test) by extension 'colcon_meta'
[1.693s] Level 1:colcon.colcon_core.package_identification:_identify(src/py_node_test) by extensions ['ros']
[1.694s] Level 1:colcon.colcon_core.package_identification:_identify(src/py_node_test) by extension 'ros'
[1.696s] DEBUG:colcon.colcon_core.package_identification:Package 'src/py_node_test' with type 'ros.ament_python' and name 'py_node_test'
[1.697s] Level 1:colcon.colcon_core.package_identification:_identify(src/py_srvcli) by extensions ['ignore', 'ignore_ament_install']
[1.697s] Level 1:colcon.colcon_core.package_identification:_identify(src/py_srvcli) by extension 'ignore'
[1.697s] Level 1:colcon.colcon_core.package_identification:_identify(src/py_srvcli) by extension 'ignore_ament_install'
[1.698s] Level 1:colcon.colcon_core.package_identification:_identify(src/py_srvcli) by extensions ['colcon_pkg']
[1.698s] Level 1:colcon.colcon_core.package_identification:_identify(src/py_srvcli) by extension 'colcon_pkg'
[1.698s] Level 1:colcon.colcon_core.package_identification:_identify(src/py_srvcli) by extensions ['colcon_meta']
[1.698s] Level 1:colcon.colcon_core.package_identification:_identify(src/py_srvcli) by extension 'colcon_meta'
[1.698s] Level 1:colcon.colcon_core.package_identification:_identify(src/py_srvcli) by extensions ['ros']
[1.699s] Level 1:colcon.colcon_core.package_identification:_identify(src/py_srvcli) by extension 'ros'
[1.701s] DEBUG:colcon.colcon_core.package_identification:Package 'src/py_srvcli' with type 'ros.ament_python' and name 'py_srvcli'
[1.701s] Level 1:colcon.colcon_core.package_discovery:discover_packages(recursive) using defaults
[1.702s] Level 1:colcon.colcon_core.package_discovery:discover_packages(ignore) discover
[1.702s] Level 1:colcon.colcon_core.package_discovery:discover_packages(ignore) using defaults
[1.702s] Level 1:colcon.colcon_core.package_discovery:discover_packages(path) discover
[1.702s] Level 1:colcon.colcon_core.package_discovery:discover_packages(path) using defaults
[1.802s] INFO:colcon.colcon_core.package_selection:Skipping not selected package 'gwpspider_interfaces' in 'src/gwpspider_interfaces'
[1.802s] INFO:colcon.colcon_core.package_selection:Skipping not selected package 'my_service_interfaces' in 'src/my_service_interfaces'
[1.802s] INFO:colcon.colcon_core.package_selection:Skipping not selected package 'py_node_test' in 'src/py_node_test'
[1.802s] INFO:colcon.colcon_core.package_selection:Skipping not selected package 'py_srvcli' in 'src/py_srvcli'
[1.805s] Level 1:colcon.colcon_core.package_discovery:discover_packages(prefix_path) check parameters
[1.806s] Level 1:colcon.colcon_core.package_discovery:discover_packages(prefix_path) discover
[1.819s] DEBUG:colcon.colcon_installed_package_information.package_discovery:Found 5 installed packages in /home/spiderpi/ros2_ws/install
[1.830s] DEBUG:colcon.colcon_installed_package_information.package_discovery:Found 270 installed packages in /opt/ros/humble
[1.837s] Level 1:colcon.colcon_core.package_discovery:discover_packages(prefix_path) using defaults
[2.098s] Level 5:colcon.colcon_core.verb:set package 'flask_server' build argument 'cmake_args' from command line to 'None'
[2.098s] Level 5:colcon.colcon_core.verb:set package 'flask_server' build argument 'cmake_target' from command line to 'None'
[2.098s] Level 5:colcon.colcon_core.verb:set package 'flask_server' build argument 'cmake_target_skip_unavailable' from command line to 'False'
[2.098s] Level 5:colcon.colcon_core.verb:set package 'flask_server' build argument 'cmake_clean_cache' from command line to 'False'
[2.098s] Level 5:colcon.colcon_core.verb:set package 'flask_server' build argument 'cmake_clean_first' from command line to 'False'
[2.099s] Level 5:colcon.colcon_core.verb:set package 'flask_server' build argument 'cmake_force_configure' from command line to 'False'
[2.099s] Level 5:colcon.colcon_core.verb:set package 'flask_server' build argument 'ament_cmake_args' from command line to 'None'
[2.099s] Level 5:colcon.colcon_core.verb:set package 'flask_server' build argument 'catkin_cmake_args' from command line to 'None'
[2.099s] Level 5:colcon.colcon_core.verb:set package 'flask_server' build argument 'catkin_skip_building_tests' from command line to 'False'
[2.099s] DEBUG:colcon.colcon_core.verb:Building package 'flask_server' with the following arguments: {'ament_cmake_args': None, 'build_base': '/home/spiderpi/ros2_ws/build/flask_server', 'catkin_cmake_args': None, 'catkin_skip_building_tests': False, 'cmake_args': None, 'cmake_clean_cache': False, 'cmake_clean_first': False, 'cmake_force_configure': False, 'cmake_target': None, 'cmake_target_skip_unavailable': False, 'install_base': '/home/spiderpi/ros2_ws/install/flask_server', 'merge_install': False, 'path': '/home/spiderpi/ros2_ws/src/flask_server', 'symlink_install': False, 'test_result_base': None}
[2.102s] INFO:colcon.colcon_core.executor:Executing jobs using 'parallel' executor
[2.116s] DEBUG:colcon.colcon_parallel_executor.executor.parallel:run_until_complete
[2.117s] INFO:colcon.colcon_ros.task.ament_python.build:Building ROS package in '/home/spiderpi/ros2_ws/src/flask_server' with build type 'ament_python'
[2.118s] Level 1:colcon.colcon_core.shell:create_environment_hook('flask_server', 'ament_prefix_path')
[2.138s] INFO:colcon.colcon_core.plugin_system:Skipping extension 'colcon_core.shell.bat': Not used on non-Windows systems
[2.139s] INFO:colcon.colcon_core.shell:Creating environment hook '/home/spiderpi/ros2_ws/install/flask_server/share/flask_server/hook/ament_prefix_path.ps1'
[2.142s] INFO:colcon.colcon_core.shell:Creating environment descriptor '/home/spiderpi/ros2_ws/install/flask_server/share/flask_server/hook/ament_prefix_path.dsv'
[2.144s] INFO:colcon.colcon_core.shell:Creating environment hook '/home/spiderpi/ros2_ws/install/flask_server/share/flask_server/hook/ament_prefix_path.sh'
[2.152s] INFO:colcon.colcon_core.shell:Skip shell extension 'powershell' for command environment: Not usable outside of PowerShell
[2.152s] DEBUG:colcon.colcon_core.shell:Skip shell extension 'dsv' for command environment
[3.449s] INFO:colcon.colcon_core.task.python.build:Building Python package in '/home/spiderpi/ros2_ws/src/flask_server'
[3.455s] INFO:colcon.colcon_core.shell:Skip shell extension 'powershell' for command environment: Not usable outside of PowerShell
[3.456s] DEBUG:colcon.colcon_core.shell:Skip shell extension 'dsv' for command environment
[5.031s] DEBUG:colcon.colcon_core.event_handler.log_command:Invoking command in '/home/spiderpi/ros2_ws/src/flask_server': PYTHONPATH=/home/spiderpi/ros2_ws/build/flask_server/prefix_override:/home/spiderpi/ros2_ws/install/flask_server/lib/python3.10/site-packages:${PYTHONPATH} /usr/bin/python3 setup.py egg_info --egg-base ../../build/flask_server build --build-base /home/spiderpi/ros2_ws/build/flask_server/build install --record /home/spiderpi/ros2_ws/build/flask_server/install.log --single-version-externally-managed
[6.406s] DEBUG:colcon.colcon_core.event_handler.log_command:Invoked command in '/home/spiderpi/ros2_ws/src/flask_server' returned '0': PYTHONPATH=/home/spiderpi/ros2_ws/build/flask_server/prefix_override:/home/spiderpi/ros2_ws/install/flask_server/lib/python3.10/site-packages:${PYTHONPATH} /usr/bin/python3 setup.py egg_info --egg-base ../../build/flask_server build --build-base /home/spiderpi/ros2_ws/build/flask_server/build install --record /home/spiderpi/ros2_ws/build/flask_server/install.log --single-version-externally-managed
[6.426s] Level 1:colcon.colcon_core.environment:checking '/home/spiderpi/ros2_ws/install/flask_server' for CMake module files
[6.428s] Level 1:colcon.colcon_core.environment:checking '/home/spiderpi/ros2_ws/install/flask_server' for CMake config files
[6.432s] Level 1:colcon.colcon_core.environment:checking '/home/spiderpi/ros2_ws/install/flask_server/lib'
[6.433s] Level 1:colcon.colcon_core.environment:checking '/home/spiderpi/ros2_ws/install/flask_server/bin'
[6.433s] Level 1:colcon.colcon_core.environment:checking '/home/spiderpi/ros2_ws/install/flask_server/lib/pkgconfig/flask_server.pc'
[6.434s] Level 1:colcon.colcon_core.environment:checking '/home/spiderpi/ros2_ws/install/flask_server/lib/python3.10/site-packages'
[6.434s] Level 1:colcon.colcon_core.shell:create_environment_hook('flask_server', 'pythonpath')
[6.439s] INFO:colcon.colcon_core.shell:Creating environment hook '/home/spiderpi/ros2_ws/install/flask_server/share/flask_server/hook/pythonpath.ps1'
[6.441s] INFO:colcon.colcon_core.shell:Creating environment descriptor '/home/spiderpi/ros2_ws/install/flask_server/share/flask_server/hook/pythonpath.dsv'
[6.443s] INFO:colcon.colcon_core.shell:Creating environment hook '/home/spiderpi/ros2_ws/install/flask_server/share/flask_server/hook/pythonpath.sh'
[6.446s] Level 1:colcon.colcon_core.environment:checking '/home/spiderpi/ros2_ws/install/flask_server/bin'
[6.446s] Level 1:colcon.colcon_core.environment:create_environment_scripts_only(flask_server)
[6.452s] INFO:colcon.colcon_core.shell:Creating package script '/home/spiderpi/ros2_ws/install/flask_server/share/flask_server/package.ps1'
[6.456s] INFO:colcon.colcon_core.shell:Creating package descriptor '/home/spiderpi/ros2_ws/install/flask_server/share/flask_server/package.dsv'
[6.459s] INFO:colcon.colcon_core.shell:Creating package script '/home/spiderpi/ros2_ws/install/flask_server/share/flask_server/package.sh'
[6.463s] INFO:colcon.colcon_core.shell:Creating package script '/home/spiderpi/ros2_ws/install/flask_server/share/flask_server/package.bash'
[6.466s] INFO:colcon.colcon_core.shell:Creating package script '/home/spiderpi/ros2_ws/install/flask_server/share/flask_server/package.zsh'
[6.469s] Level 1:colcon.colcon_core.environment:create_file_with_runtime_dependencies(/home/spiderpi/ros2_ws/install/flask_server/share/colcon-core/packages/flask_server)
[6.471s] DEBUG:colcon.colcon_parallel_executor.executor.parallel:closing loop
[6.472s] DEBUG:colcon.colcon_parallel_executor.executor.parallel:loop closed
[6.473s] DEBUG:colcon.colcon_parallel_executor.executor.parallel:run_until_complete finished with '0'
[6.473s] DEBUG:colcon.colcon_core.event_reactor:joining thread
[6.499s] INFO:colcon.colcon_core.plugin_system:Skipping extension 'colcon_notification.desktop_notification.terminal_notifier': Not used on non-Darwin systems
[6.500s] INFO:colcon.colcon_core.plugin_system:Skipping extension 'colcon_notification.desktop_notification.win32': Not used on non-Windows systems
[6.500s] INFO:colcon.colcon_notification.desktop_notification:Sending desktop notification using 'notify2'
[6.561s] DEBUG:colcon.colcon_core.event_reactor:joined thread
[6.568s] INFO:colcon.colcon_core.shell:Creating prefix script '/home/spiderpi/ros2_ws/install/local_setup.ps1'
[6.572s] INFO:colcon.colcon_core.shell:Creating prefix util module '/home/spiderpi/ros2_ws/install/_local_setup_util_ps1.py'
[6.578s] INFO:colcon.colcon_core.shell:Creating prefix chain script '/home/spiderpi/ros2_ws/install/setup.ps1'
[6.587s] INFO:colcon.colcon_core.shell:Creating prefix script '/home/spiderpi/ros2_ws/install/local_setup.sh'
[6.592s] INFO:colcon.colcon_core.shell:Creating prefix util module '/home/spiderpi/ros2_ws/install/_local_setup_util_sh.py'
[6.594s] INFO:colcon.colcon_core.shell:Creating prefix chain script '/home/spiderpi/ros2_ws/install/setup.sh'
[6.602s] INFO:colcon.colcon_core.shell:Creating prefix script '/home/spiderpi/ros2_ws/install/local_setup.bash'
[6.604s] INFO:colcon.colcon_core.shell:Creating prefix chain script '/home/spiderpi/ros2_ws/install/setup.bash'
[6.611s] INFO:colcon.colcon_core.shell:Creating prefix script '/home/spiderpi/ros2_ws/install/local_setup.zsh'
[6.614s] INFO:colcon.colcon_core.shell:Creating prefix chain script '/home/spiderpi/ros2_ws/install/setup.zsh'
