[0.871s] Invoking command in '/home/spider/ros2_ws/src/flask_server': CMAKE_PREFIX_PATH=/home/spider/ros2_ws/install/my_service_interfaces:/home/spider/ros2_ws/install/gwpspider_interfaces:/home/spider/ros2_ws/install PYTHONPATH=/home/spider/ros2_ws/build/flask_server/prefix_override:/home/spider/ros2_ws/install/flask_server/lib/python3.10/site-packages:${PYTHONPATH} /usr/bin/python3 setup.py egg_info --egg-base ../../build/flask_server build --build-base /home/spider/ros2_ws/build/flask_server/build install --record /home/spider/ros2_ws/build/flask_server/install.log --single-version-externally-managed
[1.100s] running egg_info
[1.100s] writing ../../build/flask_server/flask_server.egg-info/PKG-INFO
[1.100s] writing dependency_links to ../../build/flask_server/flask_server.egg-info/dependency_links.txt
[1.100s] writing entry points to ../../build/flask_server/flask_server.egg-info/entry_points.txt
[1.101s] writing requirements to ../../build/flask_server/flask_server.egg-info/requires.txt
[1.101s] writing top-level names to ../../build/flask_server/flask_server.egg-info/top_level.txt
[1.102s] reading manifest file '../../build/flask_server/flask_server.egg-info/SOURCES.txt'
[1.103s] writing manifest file '../../build/flask_server/flask_server.egg-info/SOURCES.txt'
[1.103s] running build
[1.103s] running build_py
[1.103s] running install
[1.103s] /usr/lib/python3/dist-packages/setuptools/command/install.py:34: SetuptoolsDeprecationWarning: setup.py install is deprecated. Use build and pip and other standards-based tools.
[1.103s]   warnings.warn(
[1.103s] running install_lib
[1.105s] creating /home/spider/ros2_ws/install/flask_server/lib/python3.10/site-packages/flask_server
[1.105s] copying /home/spider/ros2_ws/build/flask_server/build/lib/flask_server/__init__.py -> /home/spider/ros2_ws/install/flask_server/lib/python3.10/site-packages/flask_server
[1.105s] byte-compiling /home/spider/ros2_ws/install/flask_server/lib/python3.10/site-packages/flask_server/__init__.py to __init__.cpython-310.pyc
[1.106s] running install_data
[1.106s] creating /home/spider/ros2_ws/install/flask_server/share/ament_index
[1.106s] creating /home/spider/ros2_ws/install/flask_server/share/ament_index/resource_index
[1.107s] creating /home/spider/ros2_ws/install/flask_server/share/ament_index/resource_index/packages
[1.107s] copying resource/flask_server -> /home/spider/ros2_ws/install/flask_server/share/ament_index/resource_index/packages
[1.107s] copying package.xml -> /home/spider/ros2_ws/install/flask_server/share/flask_server
[1.107s] running install_egg_info
[1.108s] Copying ../../build/flask_server/flask_server.egg-info to /home/spider/ros2_ws/install/flask_server/lib/python3.10/site-packages/flask_server-0.0.0-py3.10.egg-info
[1.109s] running install_scripts
[1.128s] writing list of installed files to '/home/spider/ros2_ws/build/flask_server/install.log'
[1.159s] Invoked command in '/home/spider/ros2_ws/src/flask_server' returned '0': CMAKE_PREFIX_PATH=/home/spider/ros2_ws/install/my_service_interfaces:/home/spider/ros2_ws/install/gwpspider_interfaces:/home/spider/ros2_ws/install PYTHONPATH=/home/spider/ros2_ws/build/flask_server/prefix_override:/home/spider/ros2_ws/install/flask_server/lib/python3.10/site-packages:${PYTHONPATH} /usr/bin/python3 setup.py egg_info --egg-base ../../build/flask_server build --build-base /home/spider/ros2_ws/build/flask_server/build install --record /home/spider/ros2_ws/build/flask_server/install.log --single-version-externally-managed
