[2.825s] Invoking command in '/home/spiderpi/ros2_ws/src/flask_server': AMENT_PREFIX_PATH=/home/spiderpi/ros2_ws/install/my_service_interfaces:/home/spiderpi/ros2_ws/install/gwpspider_interfaces:${AMENT_PREFIX_PATH} CMAKE_PREFIX_PATH=/home/spiderpi/ros2_ws/install/my_service_interfaces:/home/spiderpi/ros2_ws/install/gwpspider_interfaces LD_LIBRARY_PATH=/home/spiderpi/ros2_ws/install/my_service_interfaces/lib:/home/spiderpi/ros2_ws/install/gwpspider_interfaces/lib:${LD_LIBRARY_PATH} PYTHONPATH=/home/spiderpi/ros2_ws/build/flask_server/prefix_override:/home/spiderpi/ros2_ws/install/flask_server/lib/python3.10/site-packages:/home/spiderpi/ros2_ws/install/my_service_interfaces/local/lib/python3.10/dist-packages:/home/spiderpi/ros2_ws/install/gwpspider_interfaces/local/lib/python3.10/dist-packages:${PYTHONPATH} /usr/bin/python3 setup.py egg_info --egg-base ../../build/flask_server build --build-base /home/spiderpi/ros2_ws/build/flask_server/build install --record /home/spiderpi/ros2_ws/build/flask_server/install.log --single-version-externally-managed
[3.933s] running egg_info
[3.936s] writing ../../build/flask_server/flask_server.egg-info/PKG-INFO
[3.937s] writing dependency_links to ../../build/flask_server/flask_server.egg-info/dependency_links.txt
[3.938s] writing entry points to ../../build/flask_server/flask_server.egg-info/entry_points.txt
[3.938s] writing requirements to ../../build/flask_server/flask_server.egg-info/requires.txt
[3.939s] writing top-level names to ../../build/flask_server/flask_server.egg-info/top_level.txt
[3.949s] reading manifest file '../../build/flask_server/flask_server.egg-info/SOURCES.txt'
[3.953s] writing manifest file '../../build/flask_server/flask_server.egg-info/SOURCES.txt'
[3.953s] running build
[3.954s] running build_py
[3.955s] running install
[3.955s] /usr/lib/python3/dist-packages/setuptools/command/install.py:34: SetuptoolsDeprecationWarning: setup.py install is deprecated. Use build and pip and other standards-based tools.
[3.956s]   warnings.warn(
[3.957s] running install_lib
[3.962s] running install_data
[3.965s] running install_egg_info
[3.972s] removing '/home/spiderpi/ros2_ws/install/flask_server/lib/python3.10/site-packages/flask_server-0.0.0-py3.10.egg-info' (and everything under it)
[3.973s] Copying ../../build/flask_server/flask_server.egg-info to /home/spiderpi/ros2_ws/install/flask_server/lib/python3.10/site-packages/flask_server-0.0.0-py3.10.egg-info
[3.980s] running install_scripts
[4.066s] writing list of installed files to '/home/spiderpi/ros2_ws/build/flask_server/install.log'
[4.202s] Invoked command in '/home/spiderpi/ros2_ws/src/flask_server' returned '0': AMENT_PREFIX_PATH=/home/spiderpi/ros2_ws/install/my_service_interfaces:/home/spiderpi/ros2_ws/install/gwpspider_interfaces:${AMENT_PREFIX_PATH} CMAKE_PREFIX_PATH=/home/spiderpi/ros2_ws/install/my_service_interfaces:/home/spiderpi/ros2_ws/install/gwpspider_interfaces LD_LIBRARY_PATH=/home/spiderpi/ros2_ws/install/my_service_interfaces/lib:/home/spiderpi/ros2_ws/install/gwpspider_interfaces/lib:${LD_LIBRARY_PATH} PYTHONPATH=/home/spiderpi/ros2_ws/build/flask_server/prefix_override:/home/spiderpi/ros2_ws/install/flask_server/lib/python3.10/site-packages:/home/spiderpi/ros2_ws/install/my_service_interfaces/local/lib/python3.10/dist-packages:/home/spiderpi/ros2_ws/install/gwpspider_interfaces/local/lib/python3.10/dist-packages:${PYTHONPATH} /usr/bin/python3 setup.py egg_info --egg-base ../../build/flask_server build --build-base /home/spiderpi/ros2_ws/build/flask_server/build install --record /home/spiderpi/ros2_ws/build/flask_server/install.log --single-version-externally-managed
