/home/spider/ros2_ws/install/py_srvcli/lib/python3.10/site-packages/py_srvcli/client.py
/home/spider/ros2_ws/install/py_srvcli/lib/python3.10/site-packages/py_srvcli/server.py
/home/spider/ros2_ws/install/py_srvcli/lib/python3.10/site-packages/py_srvcli/listener.py
/home/spider/ros2_ws/install/py_srvcli/lib/python3.10/site-packages/py_srvcli/__init__.py
/home/spider/ros2_ws/install/py_srvcli/lib/python3.10/site-packages/py_srvcli/publicher.py
/home/spider/ros2_ws/install/py_srvcli/lib/python3.10/site-packages/py_srvcli/__pycache__/client.cpython-310.pyc
/home/spider/ros2_ws/install/py_srvcli/lib/python3.10/site-packages/py_srvcli/__pycache__/server.cpython-310.pyc
/home/spider/ros2_ws/install/py_srvcli/lib/python3.10/site-packages/py_srvcli/__pycache__/listener.cpython-310.pyc
/home/spider/ros2_ws/install/py_srvcli/lib/python3.10/site-packages/py_srvcli/__pycache__/__init__.cpython-310.pyc
/home/spider/ros2_ws/install/py_srvcli/lib/python3.10/site-packages/py_srvcli/__pycache__/publicher.cpython-310.pyc
/home/spider/ros2_ws/install/py_srvcli/share/ament_index/resource_index/packages/py_srvcli
/home/spider/ros2_ws/install/py_srvcli/share/py_srvcli/package.xml
/home/spider/ros2_ws/install/py_srvcli/lib/python3.10/site-packages/py_srvcli-0.0.0-py3.10.egg-info/requires.txt
/home/spider/ros2_ws/install/py_srvcli/lib/python3.10/site-packages/py_srvcli-0.0.0-py3.10.egg-info/PKG-INFO
/home/spider/ros2_ws/install/py_srvcli/lib/python3.10/site-packages/py_srvcli-0.0.0-py3.10.egg-info/zip-safe
/home/spider/ros2_ws/install/py_srvcli/lib/python3.10/site-packages/py_srvcli-0.0.0-py3.10.egg-info/top_level.txt
/home/spider/ros2_ws/install/py_srvcli/lib/python3.10/site-packages/py_srvcli-0.0.0-py3.10.egg-info/dependency_links.txt
/home/spider/ros2_ws/install/py_srvcli/lib/python3.10/site-packages/py_srvcli-0.0.0-py3.10.egg-info/entry_points.txt
/home/spider/ros2_ws/install/py_srvcli/lib/python3.10/site-packages/py_srvcli-0.0.0-py3.10.egg-info/SOURCES.txt
/home/spider/ros2_ws/install/py_srvcli/lib/py_srvcli/client
/home/spider/ros2_ws/install/py_srvcli/lib/py_srvcli/service
/home/spider/ros2_ws/install/py_srvcli/lib/py_srvcli/talker
