[0.582s] Invoking command in '/home/spider/ros2_ws/src/flask_server': CMAKE_PREFIX_PATH=/home/spider/ros2_ws/install/my_service_interfaces:/home/spider/ros2_ws/install/gwpspider_interfaces:/home/spider/ros2_ws/install PYTHONPATH=/home/spider/ros2_ws/build/flask_server/prefix_override:/home/spider/ros2_ws/install/flask_server/lib/python3.10/site-packages:${PYTHONPATH} /usr/bin/python3 setup.py egg_info --egg-base ../../build/flask_server build --build-base /home/spider/ros2_ws/build/flask_server/build install --record /home/spider/ros2_ws/build/flask_server/install.log --single-version-externally-managed
[0.805s] running egg_info
[0.806s] writing ../../build/flask_server/flask_server.egg-info/PKG-INFO
[0.806s] writing dependency_links to ../../build/flask_server/flask_server.egg-info/dependency_links.txt
[0.806s] writing entry points to ../../build/flask_server/flask_server.egg-info/entry_points.txt
[0.806s] writing requirements to ../../build/flask_server/flask_server.egg-info/requires.txt
[0.806s] writing top-level names to ../../build/flask_server/flask_server.egg-info/top_level.txt
[0.807s] reading manifest file '../../build/flask_server/flask_server.egg-info/SOURCES.txt'
[0.808s] writing manifest file '../../build/flask_server/flask_server.egg-info/SOURCES.txt'
[0.808s] running build
[0.808s] running build_py
[0.809s] running install
[0.809s] /usr/lib/python3/dist-packages/setuptools/command/install.py:34: SetuptoolsDeprecationWarning: setup.py install is deprecated. Use build and pip and other standards-based tools.
[0.809s]   warnings.warn(
[0.809s] running install_lib
[0.810s] running install_data
[0.810s] running install_egg_info
[0.811s] removing '/home/spider/ros2_ws/install/flask_server/lib/python3.10/site-packages/flask_server-0.0.0-py3.10.egg-info' (and everything under it)
[0.812s] Copying ../../build/flask_server/flask_server.egg-info to /home/spider/ros2_ws/install/flask_server/lib/python3.10/site-packages/flask_server-0.0.0-py3.10.egg-info
[0.812s] running install_scripts
[0.830s] writing list of installed files to '/home/spider/ros2_ws/build/flask_server/install.log'
[0.853s] Invoked command in '/home/spider/ros2_ws/src/flask_server' returned '0': CMAKE_PREFIX_PATH=/home/spider/ros2_ws/install/my_service_interfaces:/home/spider/ros2_ws/install/gwpspider_interfaces:/home/spider/ros2_ws/install PYTHONPATH=/home/spider/ros2_ws/build/flask_server/prefix_override:/home/spider/ros2_ws/install/flask_server/lib/python3.10/site-packages:${PYTHONPATH} /usr/bin/python3 setup.py egg_info --egg-base ../../build/flask_server build --build-base /home/spider/ros2_ws/build/flask_server/build install --record /home/spider/ros2_ws/build/flask_server/install.log --single-version-externally-managed
