[0.567s] Invoking command in '/home/spider/ros2_ws/src/py_srvcli': PYTHONPATH=/home/spider/ros2_ws/build/py_srvcli/prefix_override:/home/spider/ros2_ws/install/py_srvcli/lib/python3.10/site-packages:${PYTHONPATH} /usr/bin/python3 setup.py egg_info --egg-base ../../build/py_srvcli build --build-base /home/spider/ros2_ws/build/py_srvcli/build install --record /home/spider/ros2_ws/build/py_srvcli/install.log --single-version-externally-managed
[0.787s] running egg_info
[0.788s] writing ../../build/py_srvcli/py_srvcli.egg-info/PKG-INFO
[0.788s] writing dependency_links to ../../build/py_srvcli/py_srvcli.egg-info/dependency_links.txt
[0.788s] writing entry points to ../../build/py_srvcli/py_srvcli.egg-info/entry_points.txt
[0.788s] writing requirements to ../../build/py_srvcli/py_srvcli.egg-info/requires.txt
[0.788s] writing top-level names to ../../build/py_srvcli/py_srvcli.egg-info/top_level.txt
[0.789s] reading manifest file '../../build/py_srvcli/py_srvcli.egg-info/SOURCES.txt'
[0.790s] writing manifest file '../../build/py_srvcli/py_srvcli.egg-info/SOURCES.txt'
[0.790s] running build
[0.790s] running build_py
[0.790s] copying py_srvcli/client.py -> /home/spider/ros2_ws/build/py_srvcli/build/lib/py_srvcli
[0.791s] running install
[0.791s] /usr/lib/python3/dist-packages/setuptools/command/install.py:34: SetuptoolsDeprecationWarning: setup.py install is deprecated. Use build and pip and other standards-based tools.
[0.791s]   warnings.warn(
[0.791s] running install_lib
[0.791s] copying /home/spider/ros2_ws/build/py_srvcli/build/lib/py_srvcli/client.py -> /home/spider/ros2_ws/install/py_srvcli/lib/python3.10/site-packages/py_srvcli
[0.792s] byte-compiling /home/spider/ros2_ws/install/py_srvcli/lib/python3.10/site-packages/py_srvcli/client.py to client.cpython-310.pyc
[0.792s] running install_data
[0.793s] running install_egg_info
[0.794s] removing '/home/spider/ros2_ws/install/py_srvcli/lib/python3.10/site-packages/py_srvcli-0.0.0-py3.10.egg-info' (and everything under it)
[0.794s] Copying ../../build/py_srvcli/py_srvcli.egg-info to /home/spider/ros2_ws/install/py_srvcli/lib/python3.10/site-packages/py_srvcli-0.0.0-py3.10.egg-info
[0.795s] running install_scripts
[0.812s] Installing client script to /home/spider/ros2_ws/install/py_srvcli/lib/py_srvcli
[0.813s] Installing service script to /home/spider/ros2_ws/install/py_srvcli/lib/py_srvcli
[0.813s] writing list of installed files to '/home/spider/ros2_ws/build/py_srvcli/install.log'
[0.837s] Invoked command in '/home/spider/ros2_ws/src/py_srvcli' returned '0': PYTHONPATH=/home/spider/ros2_ws/build/py_srvcli/prefix_override:/home/spider/ros2_ws/install/py_srvcli/lib/python3.10/site-packages:${PYTHONPATH} /usr/bin/python3 setup.py egg_info --egg-base ../../build/py_srvcli build --build-base /home/spider/ros2_ws/build/py_srvcli/build install --record /home/spider/ros2_ws/build/py_srvcli/install.log --single-version-externally-managed
