running egg_info
writing ../../build/flask_server/flask_server.egg-info/PKG-INFO
writing dependency_links to ../../build/flask_server/flask_server.egg-info/dependency_links.txt
writing entry points to ../../build/flask_server/flask_server.egg-info/entry_points.txt
writing requirements to ../../build/flask_server/flask_server.egg-info/requires.txt
writing top-level names to ../../build/flask_server/flask_server.egg-info/top_level.txt
reading manifest file '../../build/flask_server/flask_server.egg-info/SOURCES.txt'
writing manifest file '../../build/flask_server/flask_server.egg-info/SOURCES.txt'
running build
running build_py
/usr/lib/python3/dist-packages/setuptools/command/install.py:34: SetuptoolsDeprecationWarning: setup.py install is deprecated. Use build and pip and other standards-based tools.
  warnings.warn(
running install
running install_lib
running install_data
running install_egg_info
removing '/home/spiderpi/ros2_ws/install/flask_server/lib/python3.10/site-packages/flask_server-0.0.0-py3.10.egg-info' (and everything under it)
Copying ../../build/flask_server/flask_server.egg-info to /home/spiderpi/ros2_ws/install/flask_server/lib/python3.10/site-packages/flask_server-0.0.0-py3.10.egg-info
running install_scripts
writing list of installed files to '/home/spiderpi/ros2_ws/build/flask_server/install.log'
