[0.927s] Invoking command in '/home/spider/ros2_ws/src/py_srvcli': PYTHONPATH=/home/spider/ros2_ws/build/py_srvcli/prefix_override:/home/spider/ros2_ws/install/py_srvcli/lib/python3.10/site-packages:${PYTHONPATH} /usr/bin/python3 setup.py egg_info --egg-base ../../build/py_srvcli build --build-base /home/spider/ros2_ws/build/py_srvcli/build install --record /home/spider/ros2_ws/build/py_srvcli/install.log --single-version-externally-managed
[1.176s] running egg_info
[1.177s] writing ../../build/py_srvcli/py_srvcli.egg-info/PKG-INFO
[1.177s] writing dependency_links to ../../build/py_srvcli/py_srvcli.egg-info/dependency_links.txt
[1.178s] writing entry points to ../../build/py_srvcli/py_srvcli.egg-info/entry_points.txt
[1.178s] writing requirements to ../../build/py_srvcli/py_srvcli.egg-info/requires.txt
[1.178s] writing top-level names to ../../build/py_srvcli/py_srvcli.egg-info/top_level.txt
[1.180s] reading manifest file '../../build/py_srvcli/py_srvcli.egg-info/SOURCES.txt'
[1.181s] writing manifest file '../../build/py_srvcli/py_srvcli.egg-info/SOURCES.txt'
[1.181s] running build
[1.181s] running build_py
[1.181s] running install
[1.182s] /usr/lib/python3/dist-packages/setuptools/command/install.py:34: SetuptoolsDeprecationWarning: setup.py install is deprecated. Use build and pip and other standards-based tools.
[1.182s]   warnings.warn(
[1.182s] running install_lib
[1.184s] running install_data
[1.184s] running install_egg_info
[1.186s] removing '/home/spider/ros2_ws/install/py_srvcli/lib/python3.10/site-packages/py_srvcli-0.0.0-py3.10.egg-info' (and everything under it)
[1.187s] Copying ../../build/py_srvcli/py_srvcli.egg-info to /home/spider/ros2_ws/install/py_srvcli/lib/python3.10/site-packages/py_srvcli-0.0.0-py3.10.egg-info
[1.188s] running install_scripts
[1.212s] Installing client script to /home/spider/ros2_ws/install/py_srvcli/lib/py_srvcli
[1.212s] Installing service script to /home/spider/ros2_ws/install/py_srvcli/lib/py_srvcli
[1.213s] Installing talker script to /home/spider/ros2_ws/install/py_srvcli/lib/py_srvcli
[1.213s] Installing talker2 script to /home/spider/ros2_ws/install/py_srvcli/lib/py_srvcli
[1.213s] writing list of installed files to '/home/spider/ros2_ws/build/py_srvcli/install.log'
[1.481s] Invoked command in '/home/spider/ros2_ws/src/py_srvcli' returned '0': PYTHONPATH=/home/spider/ros2_ws/build/py_srvcli/prefix_override:/home/spider/ros2_ws/install/py_srvcli/lib/python3.10/site-packages:${PYTHONPATH} /usr/bin/python3 setup.py egg_info --egg-base ../../build/py_srvcli build --build-base /home/spider/ros2_ws/build/py_srvcli/build install --record /home/spider/ros2_ws/build/py_srvcli/install.log --single-version-externally-managed
