[  0%] Built target gwpspider_interfaces__cpp
[  0%] Built target ament_cmake_python_copy_gwpspider_interfaces
[ 14%] Built target gwpspider_interfaces__rosidl_generator_c
[ 29%] Built target gwpspider_interfaces__rosidl_typesupport_cpp
[ 43%] Built target gwpspider_interfaces__rosidl_typesupport_c
[ 62%] Built target gwpspider_interfaces__rosidl_typesupport_introspection_c
[ 71%] Built target gwpspider_interfaces__rosidl_typesupport_fastrtps_cpp
[ 86%] Built target gwpspider_interfaces__rosidl_typesupport_introspection_cpp
[100%] Built target gwpspider_interfaces__rosidl_typesupport_fastrtps_c
[100%] Built target gwpspider_interfaces
running egg_info
writing gwpspider_interfaces.egg-info/PKG-INFO
writing dependency_links to gwpspider_interfaces.egg-info/dependency_links.txt
writing top-level names to gwpspider_interfaces.egg-info/top_level.txt
reading manifest file 'gwpspider_interfaces.egg-info/SOURCES.txt'
writing manifest file 'gwpspider_interfaces.egg-info/SOURCES.txt'
[100%] Built target ament_cmake_python_build_gwpspider_interfaces_egg
-- Install configuration: ""
-- Installing: /home/spider/ros2_ws/install/gwpspider_interfaces/share/ament_index/resource_index/rosidl_interfaces/gwpspider_interfaces
-- Installing: /home/spider/ros2_ws/install/gwpspider_interfaces/include/gwpspider_interfaces/gwpspider_interfaces
-- Installing: /home/spider/ros2_ws/install/gwpspider_interfaces/include/gwpspider_interfaces/gwpspider_interfaces/msg
-- Installing: /home/spider/ros2_ws/install/gwpspider_interfaces/include/gwpspider_interfaces/gwpspider_interfaces/msg/rosidl_generator_c__visibility_control.h
-- Installing: /home/spider/ros2_ws/install/gwpspider_interfaces/include/gwpspider_interfaces/gwpspider_interfaces/msg/bno_data.h
-- Installing: /home/spider/ros2_ws/install/gwpspider_interfaces/include/gwpspider_interfaces/gwpspider_interfaces/msg/gripper_state.h
-- Installing: /home/spider/ros2_ws/install/gwpspider_interfaces/include/gwpspider_interfaces/gwpspider_interfaces/msg/water_pump_command.h
-- Installing: /home/spider/ros2_ws/install/gwpspider_interfaces/include/gwpspider_interfaces/gwpspider_interfaces/msg/legs_states.h
-- Installing: /home/spider/ros2_ws/install/gwpspider_interfaces/include/gwpspider_interfaces/gwpspider_interfaces/msg/gripper_command.h
-- Installing: /home/spider/ros2_ws/install/gwpspider_interfaces/include/gwpspider_interfaces/gwpspider_interfaces/msg/detail
-- Installing: /home/spider/ros2_ws/install/gwpspider_interfaces/include/gwpspider_interfaces/gwpspider_interfaces/msg/detail/gripper_state__type_support.h
-- Installing: /home/spider/ros2_ws/install/gwpspider_interfaces/include/gwpspider_interfaces/gwpspider_interfaces/msg/detail/water_pump_command__type_support.h
-- Installing: /home/spider/ros2_ws/install/gwpspider_interfaces/include/gwpspider_interfaces/gwpspider_interfaces/msg/detail/grippers_states__type_support.h
-- Installing: /home/spider/ros2_ws/install/gwpspider_interfaces/include/gwpspider_interfaces/gwpspider_interfaces/msg/detail/dynamixel_motors_data__functions.c
-- Installing: /home/spider/ros2_ws/install/gwpspider_interfaces/include/gwpspider_interfaces/gwpspider_interfaces/msg/detail/legs_states__functions.h
-- Installing: /home/spider/ros2_ws/install/gwpspider_interfaces/include/gwpspider_interfaces/gwpspider_interfaces/msg/detail/bno_data__type_support.h
-- Installing: /home/spider/ros2_ws/install/gwpspider_interfaces/include/gwpspider_interfaces/gwpspider_interfaces/msg/detail/gripper_command__struct.h
-- Installing: /home/spider/ros2_ws/install/gwpspider_interfaces/include/gwpspider_interfaces/gwpspider_interfaces/msg/detail/bno_data__functions.h
-- Installing: /home/spider/ros2_ws/install/gwpspider_interfaces/include/gwpspider_interfaces/gwpspider_interfaces/msg/detail/water_pump_command__functions.h
-- Installing: /home/spider/ros2_ws/install/gwpspider_interfaces/include/gwpspider_interfaces/gwpspider_interfaces/msg/detail/walking_instructions__type_support.h
-- Installing: /home/spider/ros2_ws/install/gwpspider_interfaces/include/gwpspider_interfaces/gwpspider_interfaces/msg/detail/walking_instructions__functions.h
-- Installing: /home/spider/ros2_ws/install/gwpspider_interfaces/include/gwpspider_interfaces/gwpspider_interfaces/msg/detail/dynamixel_motors_data__type_support.h
-- Installing: /home/spider/ros2_ws/install/gwpspider_interfaces/include/gwpspider_interfaces/gwpspider_interfaces/msg/detail/bno_data__struct.h
-- Installing: /home/spider/ros2_ws/install/gwpspider_interfaces/include/gwpspider_interfaces/gwpspider_interfaces/msg/detail/water_pump_command__functions.c
-- Installing: /home/spider/ros2_ws/install/gwpspider_interfaces/include/gwpspider_interfaces/gwpspider_interfaces/msg/detail/gripper_command__functions.c
-- Installing: /home/spider/ros2_ws/install/gwpspider_interfaces/include/gwpspider_interfaces/gwpspider_interfaces/msg/detail/grippers_states__functions.c
-- Installing: /home/spider/ros2_ws/install/gwpspider_interfaces/include/gwpspider_interfaces/gwpspider_interfaces/msg/detail/gripper_state__functions.h
-- Installing: /home/spider/ros2_ws/install/gwpspider_interfaces/include/gwpspider_interfaces/gwpspider_interfaces/msg/detail/leg_trajectory__struct.h
-- Installing: /home/spider/ros2_ws/install/gwpspider_interfaces/include/gwpspider_interfaces/gwpspider_interfaces/msg/detail/leg_trajectory__type_support.h
-- Installing: /home/spider/ros2_ws/install/gwpspider_interfaces/include/gwpspider_interfaces/gwpspider_interfaces/msg/detail/legs_states__type_support.h
-- Installing: /home/spider/ros2_ws/install/gwpspider_interfaces/include/gwpspider_interfaces/gwpspider_interfaces/msg/detail/legs_states__functions.c
-- Installing: /home/spider/ros2_ws/install/gwpspider_interfaces/include/gwpspider_interfaces/gwpspider_interfaces/msg/detail/gripper_state__functions.c
-- Installing: /home/spider/ros2_ws/install/gwpspider_interfaces/include/gwpspider_interfaces/gwpspider_interfaces/msg/detail/bno_data__functions.c
-- Installing: /home/spider/ros2_ws/install/gwpspider_interfaces/include/gwpspider_interfaces/gwpspider_interfaces/msg/detail/leg_trajectory__functions.c
-- Installing: /home/spider/ros2_ws/install/gwpspider_interfaces/include/gwpspider_interfaces/gwpspider_interfaces/msg/detail/water_pump_command__struct.h
-- Installing: /home/spider/ros2_ws/install/gwpspider_interfaces/include/gwpspider_interfaces/gwpspider_interfaces/msg/detail/legs_states__struct.h
-- Installing: /home/spider/ros2_ws/install/gwpspider_interfaces/include/gwpspider_interfaces/gwpspider_interfaces/msg/detail/gripper_state__struct.h
-- Installing: /home/spider/ros2_ws/install/gwpspider_interfaces/include/gwpspider_interfaces/gwpspider_interfaces/msg/detail/grippers_states__struct.h
-- Installing: /home/spider/ros2_ws/install/gwpspider_interfaces/include/gwpspider_interfaces/gwpspider_interfaces/msg/detail/walking_instructions__struct.h
-- Installing: /home/spider/ros2_ws/install/gwpspider_interfaces/include/gwpspider_interfaces/gwpspider_interfaces/msg/detail/gripper_command__type_support.h
-- Installing: /home/spider/ros2_ws/install/gwpspider_interfaces/include/gwpspider_interfaces/gwpspider_interfaces/msg/detail/gripper_command__functions.h
-- Installing: /home/spider/ros2_ws/install/gwpspider_interfaces/include/gwpspider_interfaces/gwpspider_interfaces/msg/detail/grippers_states__functions.h
-- Installing: /home/spider/ros2_ws/install/gwpspider_interfaces/include/gwpspider_interfaces/gwpspider_interfaces/msg/detail/leg_trajectory__functions.h
-- Installing: /home/spider/ros2_ws/install/gwpspider_interfaces/include/gwpspider_interfaces/gwpspider_interfaces/msg/detail/dynamixel_motors_data__struct.h
-- Installing: /home/spider/ros2_ws/install/gwpspider_interfaces/include/gwpspider_interfaces/gwpspider_interfaces/msg/detail/dynamixel_motors_data__functions.h
-- Installing: /home/spider/ros2_ws/install/gwpspider_interfaces/include/gwpspider_interfaces/gwpspider_interfaces/msg/detail/walking_instructions__functions.c
-- Installing: /home/spider/ros2_ws/install/gwpspider_interfaces/include/gwpspider_interfaces/gwpspider_interfaces/msg/walking_instructions.h
-- Installing: /home/spider/ros2_ws/install/gwpspider_interfaces/include/gwpspider_interfaces/gwpspider_interfaces/msg/grippers_states.h
-- Installing: /home/spider/ros2_ws/install/gwpspider_interfaces/include/gwpspider_interfaces/gwpspider_interfaces/msg/dynamixel_motors_data.h
-- Installing: /home/spider/ros2_ws/install/gwpspider_interfaces/include/gwpspider_interfaces/gwpspider_interfaces/msg/leg_trajectory.h
-- Installing: /home/spider/ros2_ws/install/gwpspider_interfaces/include/gwpspider_interfaces/gwpspider_interfaces/srv
-- Installing: /home/spider/ros2_ws/install/gwpspider_interfaces/include/gwpspider_interfaces/gwpspider_interfaces/srv/move_gripper.h
-- Installing: /home/spider/ros2_ws/install/gwpspider_interfaces/include/gwpspider_interfaces/gwpspider_interfaces/srv/get_leg_trajectory.h
-- Installing: /home/spider/ros2_ws/install/gwpspider_interfaces/include/gwpspider_interfaces/gwpspider_interfaces/srv/init_bno.h
-- Installing: /home/spider/ros2_ws/install/gwpspider_interfaces/include/gwpspider_interfaces/gwpspider_interfaces/srv/toggle_motors_torque.h
-- Installing: /home/spider/ros2_ws/install/gwpspider_interfaces/include/gwpspider_interfaces/gwpspider_interfaces/srv/reboot_motors.h
-- Installing: /home/spider/ros2_ws/install/gwpspider_interfaces/include/gwpspider_interfaces/gwpspider_interfaces/srv/control_water_pump.h
-- Installing: /home/spider/ros2_ws/install/gwpspider_interfaces/include/gwpspider_interfaces/gwpspider_interfaces/srv/get_spider_pose.h
-- Installing: /home/spider/ros2_ws/install/gwpspider_interfaces/include/gwpspider_interfaces/gwpspider_interfaces/srv/apply_force_leg.h
-- Installing: /home/spider/ros2_ws/install/gwpspider_interfaces/include/gwpspider_interfaces/gwpspider_interfaces/srv/get_modified_walking_instructions.h
-- Installing: /home/spider/ros2_ws/install/gwpspider_interfaces/include/gwpspider_interfaces/gwpspider_interfaces/srv/toggle_controller.h
-- Installing: /home/spider/ros2_ws/install/gwpspider_interfaces/include/gwpspider_interfaces/gwpspider_interfaces/srv/detail
-- Installing: /home/spider/ros2_ws/install/gwpspider_interfaces/include/gwpspider_interfaces/gwpspider_interfaces/srv/detail/get_walking_instructions__functions.h
-- Installing: /home/spider/ros2_ws/install/gwpspider_interfaces/include/gwpspider_interfaces/gwpspider_interfaces/srv/detail/spider_goal__type_support.h
-- Installing: /home/spider/ros2_ws/install/gwpspider_interfaces/include/gwpspider_interfaces/gwpspider_interfaces/srv/detail/toggle_controller__functions.c
-- Installing: /home/spider/ros2_ws/install/gwpspider_interfaces/include/gwpspider_interfaces/gwpspider_interfaces/srv/detail/move_leg_velocity_mode__functions.c
-- Installing: /home/spider/ros2_ws/install/gwpspider_interfaces/include/gwpspider_interfaces/gwpspider_interfaces/srv/detail/reboot_motors__type_support.h
-- Installing: /home/spider/ros2_ws/install/gwpspider_interfaces/include/gwpspider_interfaces/gwpspider_interfaces/srv/detail/get_walking_instructions__functions.c
-- Installing: /home/spider/ros2_ws/install/gwpspider_interfaces/include/gwpspider_interfaces/gwpspider_interfaces/srv/detail/move_gripper__functions.h
-- Installing: /home/spider/ros2_ws/install/gwpspider_interfaces/include/gwpspider_interfaces/gwpspider_interfaces/srv/detail/toggle_motors_torque__functions.c
-- Installing: /home/spider/ros2_ws/install/gwpspider_interfaces/include/gwpspider_interfaces/gwpspider_interfaces/srv/detail/set_bus_watchdog__functions.c
-- Installing: /home/spider/ros2_ws/install/gwpspider_interfaces/include/gwpspider_interfaces/gwpspider_interfaces/srv/detail/control_water_pump__functions.h
-- Installing: /home/spider/ros2_ws/install/gwpspider_interfaces/include/gwpspider_interfaces/gwpspider_interfaces/srv/detail/move_gripper__struct.h
-- Installing: /home/spider/ros2_ws/install/gwpspider_interfaces/include/gwpspider_interfaces/gwpspider_interfaces/srv/detail/distribute_forces__struct.h
-- Installing: /home/spider/ros2_ws/install/gwpspider_interfaces/include/gwpspider_interfaces/gwpspider_interfaces/srv/detail/distribute_forces__functions.c
-- Installing: /home/spider/ros2_ws/install/gwpspider_interfaces/include/gwpspider_interfaces/gwpspider_interfaces/srv/detail/control_water_pump__functions.c
-- Installing: /home/spider/ros2_ws/install/gwpspider_interfaces/include/gwpspider_interfaces/gwpspider_interfaces/srv/detail/init_bno__struct.h
-- Installing: /home/spider/ros2_ws/install/gwpspider_interfaces/include/gwpspider_interfaces/gwpspider_interfaces/srv/detail/toggle_additional_controller_mode__functions.h
-- Installing: /home/spider/ros2_ws/install/gwpspider_interfaces/include/gwpspider_interfaces/gwpspider_interfaces/srv/detail/get_modified_walking_instructions__functions.c
-- Installing: /home/spider/ros2_ws/install/gwpspider_interfaces/include/gwpspider_interfaces/gwpspider_interfaces/srv/detail/toggle_additional_controller_mode__struct.h
-- Installing: /home/spider/ros2_ws/install/gwpspider_interfaces/include/gwpspider_interfaces/gwpspider_interfaces/srv/detail/get_walking_instructions__type_support.h
-- Installing: /home/spider/ros2_ws/install/gwpspider_interfaces/include/gwpspider_interfaces/gwpspider_interfaces/srv/detail/spider_goal__struct.h
-- Installing: /home/spider/ros2_ws/install/gwpspider_interfaces/include/gwpspider_interfaces/gwpspider_interfaces/srv/detail/toggle_controller__functions.h
-- Installing: /home/spider/ros2_ws/install/gwpspider_interfaces/include/gwpspider_interfaces/gwpspider_interfaces/srv/detail/move_leg_velocity_mode__struct.h
-- Installing: /home/spider/ros2_ws/install/gwpspider_interfaces/include/gwpspider_interfaces/gwpspider_interfaces/srv/detail/toggle_motors_torque__type_support.h
-- Installing: /home/spider/ros2_ws/install/gwpspider_interfaces/include/gwpspider_interfaces/gwpspider_interfaces/srv/detail/reboot_motors__struct.h
-- Installing: /home/spider/ros2_ws/install/gwpspider_interfaces/include/gwpspider_interfaces/gwpspider_interfaces/srv/detail/get_leg_trajectory__functions.h
-- Installing: /home/spider/ros2_ws/install/gwpspider_interfaces/include/gwpspider_interfaces/gwpspider_interfaces/srv/detail/reboot_motors__functions.h
-- Installing: /home/spider/ros2_ws/install/gwpspider_interfaces/include/gwpspider_interfaces/gwpspider_interfaces/srv/detail/move_gripper__type_support.h
-- Installing: /home/spider/ros2_ws/install/gwpspider_interfaces/include/gwpspider_interfaces/gwpspider_interfaces/srv/detail/get_spider_pose__functions.h
-- Installing: /home/spider/ros2_ws/install/gwpspider_interfaces/include/gwpspider_interfaces/gwpspider_interfaces/srv/detail/toggle_controller__type_support.h
-- Installing: /home/spider/ros2_ws/install/gwpspider_interfaces/include/gwpspider_interfaces/gwpspider_interfaces/srv/detail/reboot_motors__functions.c
-- Installing: /home/spider/ros2_ws/install/gwpspider_interfaces/include/gwpspider_interfaces/gwpspider_interfaces/srv/detail/move_spider__type_support.h
-- Installing: /home/spider/ros2_ws/install/gwpspider_interfaces/include/gwpspider_interfaces/gwpspider_interfaces/srv/detail/apply_force_leg__type_support.h
-- Installing: /home/spider/ros2_ws/install/gwpspider_interfaces/include/gwpspider_interfaces/gwpspider_interfaces/srv/detail/apply_force_leg__functions.c
-- Installing: /home/spider/ros2_ws/install/gwpspider_interfaces/include/gwpspider_interfaces/gwpspider_interfaces/srv/detail/get_spider_pose__struct.h
-- Installing: /home/spider/ros2_ws/install/gwpspider_interfaces/include/gwpspider_interfaces/gwpspider_interfaces/srv/detail/move_leg__functions.h
-- Installing: /home/spider/ros2_ws/install/gwpspider_interfaces/include/gwpspider_interfaces/gwpspider_interfaces/srv/detail/get_spider_pose__functions.c
-- Installing: /home/spider/ros2_ws/install/gwpspider_interfaces/include/gwpspider_interfaces/gwpspider_interfaces/srv/detail/set_bus_watchdog__functions.h
-- Installing: /home/spider/ros2_ws/install/gwpspider_interfaces/include/gwpspider_interfaces/gwpspider_interfaces/srv/detail/apply_force_leg__functions.h
-- Installing: /home/spider/ros2_ws/install/gwpspider_interfaces/include/gwpspider_interfaces/gwpspider_interfaces/srv/detail/get_leg_trajectory__struct.h
-- Installing: /home/spider/ros2_ws/install/gwpspider_interfaces/include/gwpspider_interfaces/gwpspider_interfaces/srv/detail/get_spider_pose__type_support.h
-- Installing: /home/spider/ros2_ws/install/gwpspider_interfaces/include/gwpspider_interfaces/gwpspider_interfaces/srv/detail/set_bus_watchdog__struct.h
-- Installing: /home/spider/ros2_ws/install/gwpspider_interfaces/include/gwpspider_interfaces/gwpspider_interfaces/srv/detail/move_leg_velocity_mode__functions.h
-- Installing: /home/spider/ros2_ws/install/gwpspider_interfaces/include/gwpspider_interfaces/gwpspider_interfaces/srv/detail/distribute_forces__functions.h
-- Installing: /home/spider/ros2_ws/install/gwpspider_interfaces/include/gwpspider_interfaces/gwpspider_interfaces/srv/detail/move_spider__struct.h
-- Installing: /home/spider/ros2_ws/install/gwpspider_interfaces/include/gwpspider_interfaces/gwpspider_interfaces/srv/detail/toggle_controller__struct.h
-- Installing: /home/spider/ros2_ws/install/gwpspider_interfaces/include/gwpspider_interfaces/gwpspider_interfaces/srv/detail/move_spider__functions.h
-- Installing: /home/spider/ros2_ws/install/gwpspider_interfaces/include/gwpspider_interfaces/gwpspider_interfaces/srv/detail/get_modified_walking_instructions__struct.h
-- Installing: /home/spider/ros2_ws/install/gwpspider_interfaces/include/gwpspider_interfaces/gwpspider_interfaces/srv/detail/apply_force_leg__struct.h
-- Installing: /home/spider/ros2_ws/install/gwpspider_interfaces/include/gwpspider_interfaces/gwpspider_interfaces/srv/detail/move_leg__struct.h
-- Installing: /home/spider/ros2_ws/install/gwpspider_interfaces/include/gwpspider_interfaces/gwpspider_interfaces/srv/detail/move_leg_velocity_mode__type_support.h
-- Installing: /home/spider/ros2_ws/install/gwpspider_interfaces/include/gwpspider_interfaces/gwpspider_interfaces/srv/detail/distribute_forces__type_support.h
-- Installing: /home/spider/ros2_ws/install/gwpspider_interfaces/include/gwpspider_interfaces/gwpspider_interfaces/srv/detail/get_walking_instructions__struct.h
-- Installing: /home/spider/ros2_ws/install/gwpspider_interfaces/include/gwpspider_interfaces/gwpspider_interfaces/srv/detail/control_water_pump__struct.h
-- Installing: /home/spider/ros2_ws/install/gwpspider_interfaces/include/gwpspider_interfaces/gwpspider_interfaces/srv/detail/set_bus_watchdog__type_support.h
-- Installing: /home/spider/ros2_ws/install/gwpspider_interfaces/include/gwpspider_interfaces/gwpspider_interfaces/srv/detail/init_bno__type_support.h
-- Installing: /home/spider/ros2_ws/install/gwpspider_interfaces/include/gwpspider_interfaces/gwpspider_interfaces/srv/detail/spider_goal__functions.h
-- Installing: /home/spider/ros2_ws/install/gwpspider_interfaces/include/gwpspider_interfaces/gwpspider_interfaces/srv/detail/toggle_motors_torque__struct.h
-- Installing: /home/spider/ros2_ws/install/gwpspider_interfaces/include/gwpspider_interfaces/gwpspider_interfaces/srv/detail/toggle_additional_controller_mode__functions.c
-- Installing: /home/spider/ros2_ws/install/gwpspider_interfaces/include/gwpspider_interfaces/gwpspider_interfaces/srv/detail/toggle_additional_controller_mode__type_support.h
-- Installing: /home/spider/ros2_ws/install/gwpspider_interfaces/include/gwpspider_interfaces/gwpspider_interfaces/srv/detail/get_leg_trajectory__functions.c
-- Installing: /home/spider/ros2_ws/install/gwpspider_interfaces/include/gwpspider_interfaces/gwpspider_interfaces/srv/detail/spider_goal__functions.c
-- Installing: /home/spider/ros2_ws/install/gwpspider_interfaces/include/gwpspider_interfaces/gwpspider_interfaces/srv/detail/control_water_pump__type_support.h
-- Installing: /home/spider/ros2_ws/install/gwpspider_interfaces/include/gwpspider_interfaces/gwpspider_interfaces/srv/detail/move_gripper__functions.c
-- Installing: /home/spider/ros2_ws/install/gwpspider_interfaces/include/gwpspider_interfaces/gwpspider_interfaces/srv/detail/init_bno__functions.h
-- Installing: /home/spider/ros2_ws/install/gwpspider_interfaces/include/gwpspider_interfaces/gwpspider_interfaces/srv/detail/get_leg_trajectory__type_support.h
-- Installing: /home/spider/ros2_ws/install/gwpspider_interfaces/include/gwpspider_interfaces/gwpspider_interfaces/srv/detail/toggle_motors_torque__functions.h
-- Installing: /home/spider/ros2_ws/install/gwpspider_interfaces/include/gwpspider_interfaces/gwpspider_interfaces/srv/detail/init_bno__functions.c
-- Installing: /home/spider/ros2_ws/install/gwpspider_interfaces/include/gwpspider_interfaces/gwpspider_interfaces/srv/detail/get_modified_walking_instructions__type_support.h
-- Installing: /home/spider/ros2_ws/install/gwpspider_interfaces/include/gwpspider_interfaces/gwpspider_interfaces/srv/detail/move_leg__functions.c
-- Installing: /home/spider/ros2_ws/install/gwpspider_interfaces/include/gwpspider_interfaces/gwpspider_interfaces/srv/detail/get_modified_walking_instructions__functions.h
-- Installing: /home/spider/ros2_ws/install/gwpspider_interfaces/include/gwpspider_interfaces/gwpspider_interfaces/srv/detail/move_leg__type_support.h
-- Installing: /home/spider/ros2_ws/install/gwpspider_interfaces/include/gwpspider_interfaces/gwpspider_interfaces/srv/detail/move_spider__functions.c
-- Installing: /home/spider/ros2_ws/install/gwpspider_interfaces/include/gwpspider_interfaces/gwpspider_interfaces/srv/spider_goal.h
-- Installing: /home/spider/ros2_ws/install/gwpspider_interfaces/include/gwpspider_interfaces/gwpspider_interfaces/srv/move_spider.h
-- Installing: /home/spider/ros2_ws/install/gwpspider_interfaces/include/gwpspider_interfaces/gwpspider_interfaces/srv/toggle_additional_controller_mode.h
-- Installing: /home/spider/ros2_ws/install/gwpspider_interfaces/include/gwpspider_interfaces/gwpspider_interfaces/srv/distribute_forces.h
-- Installing: /home/spider/ros2_ws/install/gwpspider_interfaces/include/gwpspider_interfaces/gwpspider_interfaces/srv/move_leg_velocity_mode.h
-- Installing: /home/spider/ros2_ws/install/gwpspider_interfaces/include/gwpspider_interfaces/gwpspider_interfaces/srv/move_leg.h
-- Installing: /home/spider/ros2_ws/install/gwpspider_interfaces/include/gwpspider_interfaces/gwpspider_interfaces/srv/get_walking_instructions.h
-- Installing: /home/spider/ros2_ws/install/gwpspider_interfaces/include/gwpspider_interfaces/gwpspider_interfaces/srv/set_bus_watchdog.h
-- Installing: /home/spider/ros2_ws/install/gwpspider_interfaces/share/gwpspider_interfaces/environment/library_path.sh
-- Installing: /home/spider/ros2_ws/install/gwpspider_interfaces/share/gwpspider_interfaces/environment/library_path.dsv
-- Installing: /home/spider/ros2_ws/install/gwpspider_interfaces/lib/libgwpspider_interfaces__rosidl_generator_c.so
-- Set runtime path of "/home/spider/ros2_ws/install/gwpspider_interfaces/lib/libgwpspider_interfaces__rosidl_generator_c.so" to ""
-- Up-to-date: /home/spider/ros2_ws/install/gwpspider_interfaces/include/gwpspider_interfaces/gwpspider_interfaces
-- Up-to-date: /home/spider/ros2_ws/install/gwpspider_interfaces/include/gwpspider_interfaces/gwpspider_interfaces/msg
-- Up-to-date: /home/spider/ros2_ws/install/gwpspider_interfaces/include/gwpspider_interfaces/gwpspider_interfaces/msg/detail
-- Installing: /home/spider/ros2_ws/install/gwpspider_interfaces/include/gwpspider_interfaces/gwpspider_interfaces/msg/detail/bno_data__rosidl_typesupport_fastrtps_c.h
-- Installing: /home/spider/ros2_ws/install/gwpspider_interfaces/include/gwpspider_interfaces/gwpspider_interfaces/msg/detail/grippers_states__rosidl_typesupport_fastrtps_c.h
-- Installing: /home/spider/ros2_ws/install/gwpspider_interfaces/include/gwpspider_interfaces/gwpspider_interfaces/msg/detail/water_pump_command__rosidl_typesupport_fastrtps_c.h
-- Installing: /home/spider/ros2_ws/install/gwpspider_interfaces/include/gwpspider_interfaces/gwpspider_interfaces/msg/detail/leg_trajectory__rosidl_typesupport_fastrtps_c.h
-- Installing: /home/spider/ros2_ws/install/gwpspider_interfaces/include/gwpspider_interfaces/gwpspider_interfaces/msg/detail/legs_states__rosidl_typesupport_fastrtps_c.h
-- Installing: /home/spider/ros2_ws/install/gwpspider_interfaces/include/gwpspider_interfaces/gwpspider_interfaces/msg/detail/gripper_command__rosidl_typesupport_fastrtps_c.h
-- Installing: /home/spider/ros2_ws/install/gwpspider_interfaces/include/gwpspider_interfaces/gwpspider_interfaces/msg/detail/dynamixel_motors_data__rosidl_typesupport_fastrtps_c.h
-- Installing: /home/spider/ros2_ws/install/gwpspider_interfaces/include/gwpspider_interfaces/gwpspider_interfaces/msg/detail/gripper_state__rosidl_typesupport_fastrtps_c.h
-- Installing: /home/spider/ros2_ws/install/gwpspider_interfaces/include/gwpspider_interfaces/gwpspider_interfaces/msg/detail/walking_instructions__rosidl_typesupport_fastrtps_c.h
-- Installing: /home/spider/ros2_ws/install/gwpspider_interfaces/include/gwpspider_interfaces/gwpspider_interfaces/msg/rosidl_typesupport_fastrtps_c__visibility_control.h
-- Up-to-date: /home/spider/ros2_ws/install/gwpspider_interfaces/include/gwpspider_interfaces/gwpspider_interfaces/srv
-- Up-to-date: /home/spider/ros2_ws/install/gwpspider_interfaces/include/gwpspider_interfaces/gwpspider_interfaces/srv/detail
-- Installing: /home/spider/ros2_ws/install/gwpspider_interfaces/include/gwpspider_interfaces/gwpspider_interfaces/srv/detail/toggle_controller__rosidl_typesupport_fastrtps_c.h
-- Installing: /home/spider/ros2_ws/install/gwpspider_interfaces/include/gwpspider_interfaces/gwpspider_interfaces/srv/detail/get_leg_trajectory__rosidl_typesupport_fastrtps_c.h
-- Installing: /home/spider/ros2_ws/install/gwpspider_interfaces/include/gwpspider_interfaces/gwpspider_interfaces/srv/detail/move_leg_velocity_mode__rosidl_typesupport_fastrtps_c.h
-- Installing: /home/spider/ros2_ws/install/gwpspider_interfaces/include/gwpspider_interfaces/gwpspider_interfaces/srv/detail/move_leg__rosidl_typesupport_fastrtps_c.h
-- Installing: /home/spider/ros2_ws/install/gwpspider_interfaces/include/gwpspider_interfaces/gwpspider_interfaces/srv/detail/move_gripper__rosidl_typesupport_fastrtps_c.h
-- Installing: /home/spider/ros2_ws/install/gwpspider_interfaces/include/gwpspider_interfaces/gwpspider_interfaces/srv/detail/apply_force_leg__rosidl_typesupport_fastrtps_c.h
-- Installing: /home/spider/ros2_ws/install/gwpspider_interfaces/include/gwpspider_interfaces/gwpspider_interfaces/srv/detail/spider_goal__rosidl_typesupport_fastrtps_c.h
-- Installing: /home/spider/ros2_ws/install/gwpspider_interfaces/include/gwpspider_interfaces/gwpspider_interfaces/srv/detail/distribute_forces__rosidl_typesupport_fastrtps_c.h
-- Installing: /home/spider/ros2_ws/install/gwpspider_interfaces/include/gwpspider_interfaces/gwpspider_interfaces/srv/detail/toggle_motors_torque__rosidl_typesupport_fastrtps_c.h
-- Installing: /home/spider/ros2_ws/install/gwpspider_interfaces/include/gwpspider_interfaces/gwpspider_interfaces/srv/detail/get_walking_instructions__rosidl_typesupport_fastrtps_c.h
-- Installing: /home/spider/ros2_ws/install/gwpspider_interfaces/include/gwpspider_interfaces/gwpspider_interfaces/srv/detail/control_water_pump__rosidl_typesupport_fastrtps_c.h
-- Installing: /home/spider/ros2_ws/install/gwpspider_interfaces/include/gwpspider_interfaces/gwpspider_interfaces/srv/detail/reboot_motors__rosidl_typesupport_fastrtps_c.h
-- Installing: /home/spider/ros2_ws/install/gwpspider_interfaces/include/gwpspider_interfaces/gwpspider_interfaces/srv/detail/set_bus_watchdog__rosidl_typesupport_fastrtps_c.h
-- Installing: /home/spider/ros2_ws/install/gwpspider_interfaces/include/gwpspider_interfaces/gwpspider_interfaces/srv/detail/get_modified_walking_instructions__rosidl_typesupport_fastrtps_c.h
-- Installing: /home/spider/ros2_ws/install/gwpspider_interfaces/include/gwpspider_interfaces/gwpspider_interfaces/srv/detail/move_spider__rosidl_typesupport_fastrtps_c.h
-- Installing: /home/spider/ros2_ws/install/gwpspider_interfaces/include/gwpspider_interfaces/gwpspider_interfaces/srv/detail/toggle_additional_controller_mode__rosidl_typesupport_fastrtps_c.h
-- Installing: /home/spider/ros2_ws/install/gwpspider_interfaces/include/gwpspider_interfaces/gwpspider_interfaces/srv/detail/init_bno__rosidl_typesupport_fastrtps_c.h
-- Installing: /home/spider/ros2_ws/install/gwpspider_interfaces/include/gwpspider_interfaces/gwpspider_interfaces/srv/detail/get_spider_pose__rosidl_typesupport_fastrtps_c.h
-- Installing: /home/spider/ros2_ws/install/gwpspider_interfaces/lib/libgwpspider_interfaces__rosidl_typesupport_fastrtps_c.so
-- Set runtime path of "/home/spider/ros2_ws/install/gwpspider_interfaces/lib/libgwpspider_interfaces__rosidl_typesupport_fastrtps_c.so" to ""
-- Up-to-date: /home/spider/ros2_ws/install/gwpspider_interfaces/include/gwpspider_interfaces/gwpspider_interfaces
-- Up-to-date: /home/spider/ros2_ws/install/gwpspider_interfaces/include/gwpspider_interfaces/gwpspider_interfaces/msg
-- Installing: /home/spider/ros2_ws/install/gwpspider_interfaces/include/gwpspider_interfaces/gwpspider_interfaces/msg/leg_trajectory.hpp
-- Installing: /home/spider/ros2_ws/install/gwpspider_interfaces/include/gwpspider_interfaces/gwpspider_interfaces/msg/dynamixel_motors_data.hpp
-- Installing: /home/spider/ros2_ws/install/gwpspider_interfaces/include/gwpspider_interfaces/gwpspider_interfaces/msg/walking_instructions.hpp
-- Installing: /home/spider/ros2_ws/install/gwpspider_interfaces/include/gwpspider_interfaces/gwpspider_interfaces/msg/gripper_command.hpp
-- Up-to-date: /home/spider/ros2_ws/install/gwpspider_interfaces/include/gwpspider_interfaces/gwpspider_interfaces/msg/detail
-- Installing: /home/spider/ros2_ws/install/gwpspider_interfaces/include/gwpspider_interfaces/gwpspider_interfaces/msg/detail/water_pump_command__traits.hpp
-- Installing: /home/spider/ros2_ws/install/gwpspider_interfaces/include/gwpspider_interfaces/gwpspider_interfaces/msg/detail/gripper_command__traits.hpp
-- Installing: /home/spider/ros2_ws/install/gwpspider_interfaces/include/gwpspider_interfaces/gwpspider_interfaces/msg/detail/water_pump_command__builder.hpp
-- Installing: /home/spider/ros2_ws/install/gwpspider_interfaces/include/gwpspider_interfaces/gwpspider_interfaces/msg/detail/gripper_state__traits.hpp
-- Installing: /home/spider/ros2_ws/install/gwpspider_interfaces/include/gwpspider_interfaces/gwpspider_interfaces/msg/detail/leg_trajectory__struct.hpp
-- Installing: /home/spider/ros2_ws/install/gwpspider_interfaces/include/gwpspider_interfaces/gwpspider_interfaces/msg/detail/bno_data__builder.hpp
-- Installing: /home/spider/ros2_ws/install/gwpspider_interfaces/include/gwpspider_interfaces/gwpspider_interfaces/msg/detail/legs_states__traits.hpp
-- Installing: /home/spider/ros2_ws/install/gwpspider_interfaces/include/gwpspider_interfaces/gwpspider_interfaces/msg/detail/bno_data__traits.hpp
-- Installing: /home/spider/ros2_ws/install/gwpspider_interfaces/include/gwpspider_interfaces/gwpspider_interfaces/msg/detail/gripper_command__builder.hpp
-- Installing: /home/spider/ros2_ws/install/gwpspider_interfaces/include/gwpspider_interfaces/gwpspider_interfaces/msg/detail/legs_states__builder.hpp
-- Installing: /home/spider/ros2_ws/install/gwpspider_interfaces/include/gwpspider_interfaces/gwpspider_interfaces/msg/detail/bno_data__struct.hpp
-- Installing: /home/spider/ros2_ws/install/gwpspider_interfaces/include/gwpspider_interfaces/gwpspider_interfaces/msg/detail/dynamixel_motors_data__struct.hpp
-- Installing: /home/spider/ros2_ws/install/gwpspider_interfaces/include/gwpspider_interfaces/gwpspider_interfaces/msg/detail/gripper_state__struct.hpp
-- Installing: /home/spider/ros2_ws/install/gwpspider_interfaces/include/gwpspider_interfaces/gwpspider_interfaces/msg/detail/grippers_states__struct.hpp
-- Installing: /home/spider/ros2_ws/install/gwpspider_interfaces/include/gwpspider_interfaces/gwpspider_interfaces/msg/detail/leg_trajectory__builder.hpp
-- Installing: /home/spider/ros2_ws/install/gwpspider_interfaces/include/gwpspider_interfaces/gwpspider_interfaces/msg/detail/leg_trajectory__traits.hpp
-- Installing: /home/spider/ros2_ws/install/gwpspider_interfaces/include/gwpspider_interfaces/gwpspider_interfaces/msg/detail/water_pump_command__struct.hpp
-- Installing: /home/spider/ros2_ws/install/gwpspider_interfaces/include/gwpspider_interfaces/gwpspider_interfaces/msg/detail/grippers_states__builder.hpp
-- Installing: /home/spider/ros2_ws/install/gwpspider_interfaces/include/gwpspider_interfaces/gwpspider_interfaces/msg/detail/legs_states__struct.hpp
-- Installing: /home/spider/ros2_ws/install/gwpspider_interfaces/include/gwpspider_interfaces/gwpspider_interfaces/msg/detail/walking_instructions__builder.hpp
-- Installing: /home/spider/ros2_ws/install/gwpspider_interfaces/include/gwpspider_interfaces/gwpspider_interfaces/msg/detail/walking_instructions__traits.hpp
-- Installing: /home/spider/ros2_ws/install/gwpspider_interfaces/include/gwpspider_interfaces/gwpspider_interfaces/msg/detail/dynamixel_motors_data__traits.hpp
-- Installing: /home/spider/ros2_ws/install/gwpspider_interfaces/include/gwpspider_interfaces/gwpspider_interfaces/msg/detail/gripper_state__builder.hpp
-- Installing: /home/spider/ros2_ws/install/gwpspider_interfaces/include/gwpspider_interfaces/gwpspider_interfaces/msg/detail/gripper_command__struct.hpp
-- Installing: /home/spider/ros2_ws/install/gwpspider_interfaces/include/gwpspider_interfaces/gwpspider_interfaces/msg/detail/walking_instructions__struct.hpp
-- Installing: /home/spider/ros2_ws/install/gwpspider_interfaces/include/gwpspider_interfaces/gwpspider_interfaces/msg/detail/grippers_states__traits.hpp
-- Installing: /home/spider/ros2_ws/install/gwpspider_interfaces/include/gwpspider_interfaces/gwpspider_interfaces/msg/detail/dynamixel_motors_data__builder.hpp
-- Installing: /home/spider/ros2_ws/install/gwpspider_interfaces/include/gwpspider_interfaces/gwpspider_interfaces/msg/bno_data.hpp
-- Installing: /home/spider/ros2_ws/install/gwpspider_interfaces/include/gwpspider_interfaces/gwpspider_interfaces/msg/gripper_state.hpp
-- Installing: /home/spider/ros2_ws/install/gwpspider_interfaces/include/gwpspider_interfaces/gwpspider_interfaces/msg/water_pump_command.hpp
-- Installing: /home/spider/ros2_ws/install/gwpspider_interfaces/include/gwpspider_interfaces/gwpspider_interfaces/msg/grippers_states.hpp
-- Installing: /home/spider/ros2_ws/install/gwpspider_interfaces/include/gwpspider_interfaces/gwpspider_interfaces/msg/legs_states.hpp
-- Up-to-date: /home/spider/ros2_ws/install/gwpspider_interfaces/include/gwpspider_interfaces/gwpspider_interfaces/srv
-- Installing: /home/spider/ros2_ws/install/gwpspider_interfaces/include/gwpspider_interfaces/gwpspider_interfaces/srv/init_bno.hpp
-- Installing: /home/spider/ros2_ws/install/gwpspider_interfaces/include/gwpspider_interfaces/gwpspider_interfaces/srv/move_leg_velocity_mode.hpp
-- Installing: /home/spider/ros2_ws/install/gwpspider_interfaces/include/gwpspider_interfaces/gwpspider_interfaces/srv/move_spider.hpp
-- Installing: /home/spider/ros2_ws/install/gwpspider_interfaces/include/gwpspider_interfaces/gwpspider_interfaces/srv/control_water_pump.hpp
-- Installing: /home/spider/ros2_ws/install/gwpspider_interfaces/include/gwpspider_interfaces/gwpspider_interfaces/srv/move_gripper.hpp
-- Installing: /home/spider/ros2_ws/install/gwpspider_interfaces/include/gwpspider_interfaces/gwpspider_interfaces/srv/reboot_motors.hpp
-- Installing: /home/spider/ros2_ws/install/gwpspider_interfaces/include/gwpspider_interfaces/gwpspider_interfaces/srv/apply_force_leg.hpp
-- Installing: /home/spider/ros2_ws/install/gwpspider_interfaces/include/gwpspider_interfaces/gwpspider_interfaces/srv/get_walking_instructions.hpp
-- Installing: /home/spider/ros2_ws/install/gwpspider_interfaces/include/gwpspider_interfaces/gwpspider_interfaces/srv/move_leg.hpp
-- Installing: /home/spider/ros2_ws/install/gwpspider_interfaces/include/gwpspider_interfaces/gwpspider_interfaces/srv/get_leg_trajectory.hpp
-- Up-to-date: /home/spider/ros2_ws/install/gwpspider_interfaces/include/gwpspider_interfaces/gwpspider_interfaces/srv/detail
-- Installing: /home/spider/ros2_ws/install/gwpspider_interfaces/include/gwpspider_interfaces/gwpspider_interfaces/srv/detail/reboot_motors__builder.hpp
-- Installing: /home/spider/ros2_ws/install/gwpspider_interfaces/include/gwpspider_interfaces/gwpspider_interfaces/srv/detail/reboot_motors__traits.hpp
-- Installing: /home/spider/ros2_ws/install/gwpspider_interfaces/include/gwpspider_interfaces/gwpspider_interfaces/srv/detail/control_water_pump__builder.hpp
-- Installing: /home/spider/ros2_ws/install/gwpspider_interfaces/include/gwpspider_interfaces/gwpspider_interfaces/srv/detail/distribute_forces__struct.hpp
-- Installing: /home/spider/ros2_ws/install/gwpspider_interfaces/include/gwpspider_interfaces/gwpspider_interfaces/srv/detail/toggle_motors_torque__struct.hpp
-- Installing: /home/spider/ros2_ws/install/gwpspider_interfaces/include/gwpspider_interfaces/gwpspider_interfaces/srv/detail/set_bus_watchdog__struct.hpp
-- Installing: /home/spider/ros2_ws/install/gwpspider_interfaces/include/gwpspider_interfaces/gwpspider_interfaces/srv/detail/move_leg_velocity_mode__builder.hpp
-- Installing: /home/spider/ros2_ws/install/gwpspider_interfaces/include/gwpspider_interfaces/gwpspider_interfaces/srv/detail/set_bus_watchdog__builder.hpp
-- Installing: /home/spider/ros2_ws/install/gwpspider_interfaces/include/gwpspider_interfaces/gwpspider_interfaces/srv/detail/move_leg_velocity_mode__traits.hpp
-- Installing: /home/spider/ros2_ws/install/gwpspider_interfaces/include/gwpspider_interfaces/gwpspider_interfaces/srv/detail/toggle_additional_controller_mode__traits.hpp
-- Installing: /home/spider/ros2_ws/install/gwpspider_interfaces/include/gwpspider_interfaces/gwpspider_interfaces/srv/detail/spider_goal__builder.hpp
-- Installing: /home/spider/ros2_ws/install/gwpspider_interfaces/include/gwpspider_interfaces/gwpspider_interfaces/srv/detail/control_water_pump__struct.hpp
-- Installing: /home/spider/ros2_ws/install/gwpspider_interfaces/include/gwpspider_interfaces/gwpspider_interfaces/srv/detail/get_walking_instructions__struct.hpp
-- Installing: /home/spider/ros2_ws/install/gwpspider_interfaces/include/gwpspider_interfaces/gwpspider_interfaces/srv/detail/apply_force_leg__struct.hpp
-- Installing: /home/spider/ros2_ws/install/gwpspider_interfaces/include/gwpspider_interfaces/gwpspider_interfaces/srv/detail/move_gripper__builder.hpp
-- Installing: /home/spider/ros2_ws/install/gwpspider_interfaces/include/gwpspider_interfaces/gwpspider_interfaces/srv/detail/get_walking_instructions__builder.hpp
-- Installing: /home/spider/ros2_ws/install/gwpspider_interfaces/include/gwpspider_interfaces/gwpspider_interfaces/srv/detail/toggle_additional_controller_mode__builder.hpp
-- Installing: /home/spider/ros2_ws/install/gwpspider_interfaces/include/gwpspider_interfaces/gwpspider_interfaces/srv/detail/get_leg_trajectory__builder.hpp
-- Installing: /home/spider/ros2_ws/install/gwpspider_interfaces/include/gwpspider_interfaces/gwpspider_interfaces/srv/detail/toggle_controller__struct.hpp
-- Installing: /home/spider/ros2_ws/install/gwpspider_interfaces/include/gwpspider_interfaces/gwpspider_interfaces/srv/detail/move_leg__traits.hpp
-- Installing: /home/spider/ros2_ws/install/gwpspider_interfaces/include/gwpspider_interfaces/gwpspider_interfaces/srv/detail/init_bno__builder.hpp
-- Installing: /home/spider/ros2_ws/install/gwpspider_interfaces/include/gwpspider_interfaces/gwpspider_interfaces/srv/detail/toggle_motors_torque__traits.hpp
-- Installing: /home/spider/ros2_ws/install/gwpspider_interfaces/include/gwpspider_interfaces/gwpspider_interfaces/srv/detail/move_leg__builder.hpp
-- Installing: /home/spider/ros2_ws/install/gwpspider_interfaces/include/gwpspider_interfaces/gwpspider_interfaces/srv/detail/get_leg_trajectory__traits.hpp
-- Installing: /home/spider/ros2_ws/install/gwpspider_interfaces/include/gwpspider_interfaces/gwpspider_interfaces/srv/detail/get_modified_walking_instructions__builder.hpp
-- Installing: /home/spider/ros2_ws/install/gwpspider_interfaces/include/gwpspider_interfaces/gwpspider_interfaces/srv/detail/get_leg_trajectory__struct.hpp
-- Installing: /home/spider/ros2_ws/install/gwpspider_interfaces/include/gwpspider_interfaces/gwpspider_interfaces/srv/detail/toggle_controller__traits.hpp
-- Installing: /home/spider/ros2_ws/install/gwpspider_interfaces/include/gwpspider_interfaces/gwpspider_interfaces/srv/detail/get_modified_walking_instructions__traits.hpp
-- Installing: /home/spider/ros2_ws/install/gwpspider_interfaces/include/gwpspider_interfaces/gwpspider_interfaces/srv/detail/toggle_motors_torque__builder.hpp
-- Installing: /home/spider/ros2_ws/install/gwpspider_interfaces/include/gwpspider_interfaces/gwpspider_interfaces/srv/detail/toggle_additional_controller_mode__struct.hpp
-- Installing: /home/spider/ros2_ws/install/gwpspider_interfaces/include/gwpspider_interfaces/gwpspider_interfaces/srv/detail/get_spider_pose__builder.hpp
-- Installing: /home/spider/ros2_ws/install/gwpspider_interfaces/include/gwpspider_interfaces/gwpspider_interfaces/srv/detail/move_spider__traits.hpp
-- Installing: /home/spider/ros2_ws/install/gwpspider_interfaces/include/gwpspider_interfaces/gwpspider_interfaces/srv/detail/toggle_controller__builder.hpp
-- Installing: /home/spider/ros2_ws/install/gwpspider_interfaces/include/gwpspider_interfaces/gwpspider_interfaces/srv/detail/move_spider__builder.hpp
-- Installing: /home/spider/ros2_ws/install/gwpspider_interfaces/include/gwpspider_interfaces/gwpspider_interfaces/srv/detail/apply_force_leg__builder.hpp
-- Installing: /home/spider/ros2_ws/install/gwpspider_interfaces/include/gwpspider_interfaces/gwpspider_interfaces/srv/detail/get_modified_walking_instructions__struct.hpp
-- Installing: /home/spider/ros2_ws/install/gwpspider_interfaces/include/gwpspider_interfaces/gwpspider_interfaces/srv/detail/get_spider_pose__traits.hpp
-- Installing: /home/spider/ros2_ws/install/gwpspider_interfaces/include/gwpspider_interfaces/gwpspider_interfaces/srv/detail/set_bus_watchdog__traits.hpp
-- Installing: /home/spider/ros2_ws/install/gwpspider_interfaces/include/gwpspider_interfaces/gwpspider_interfaces/srv/detail/init_bno__struct.hpp
-- Installing: /home/spider/ros2_ws/install/gwpspider_interfaces/include/gwpspider_interfaces/gwpspider_interfaces/srv/detail/get_spider_pose__struct.hpp
-- Installing: /home/spider/ros2_ws/install/gwpspider_interfaces/include/gwpspider_interfaces/gwpspider_interfaces/srv/detail/distribute_forces__builder.hpp
-- Installing: /home/spider/ros2_ws/install/gwpspider_interfaces/include/gwpspider_interfaces/gwpspider_interfaces/srv/detail/distribute_forces__traits.hpp
-- Installing: /home/spider/ros2_ws/install/gwpspider_interfaces/include/gwpspider_interfaces/gwpspider_interfaces/srv/detail/move_gripper__struct.hpp
-- Installing: /home/spider/ros2_ws/install/gwpspider_interfaces/include/gwpspider_interfaces/gwpspider_interfaces/srv/detail/spider_goal__struct.hpp
-- Installing: /home/spider/ros2_ws/install/gwpspider_interfaces/include/gwpspider_interfaces/gwpspider_interfaces/srv/detail/move_gripper__traits.hpp
-- Installing: /home/spider/ros2_ws/install/gwpspider_interfaces/include/gwpspider_interfaces/gwpspider_interfaces/srv/detail/move_leg_velocity_mode__struct.hpp
-- Installing: /home/spider/ros2_ws/install/gwpspider_interfaces/include/gwpspider_interfaces/gwpspider_interfaces/srv/detail/apply_force_leg__traits.hpp
-- Installing: /home/spider/ros2_ws/install/gwpspider_interfaces/include/gwpspider_interfaces/gwpspider_interfaces/srv/detail/get_walking_instructions__traits.hpp
-- Installing: /home/spider/ros2_ws/install/gwpspider_interfaces/include/gwpspider_interfaces/gwpspider_interfaces/srv/detail/init_bno__traits.hpp
-- Installing: /home/spider/ros2_ws/install/gwpspider_interfaces/include/gwpspider_interfaces/gwpspider_interfaces/srv/detail/reboot_motors__struct.hpp
-- Installing: /home/spider/ros2_ws/install/gwpspider_interfaces/include/gwpspider_interfaces/gwpspider_interfaces/srv/detail/move_leg__struct.hpp
-- Installing: /home/spider/ros2_ws/install/gwpspider_interfaces/include/gwpspider_interfaces/gwpspider_interfaces/srv/detail/control_water_pump__traits.hpp
-- Installing: /home/spider/ros2_ws/install/gwpspider_interfaces/include/gwpspider_interfaces/gwpspider_interfaces/srv/detail/move_spider__struct.hpp
-- Installing: /home/spider/ros2_ws/install/gwpspider_interfaces/include/gwpspider_interfaces/gwpspider_interfaces/srv/detail/spider_goal__traits.hpp
-- Installing: /home/spider/ros2_ws/install/gwpspider_interfaces/include/gwpspider_interfaces/gwpspider_interfaces/srv/toggle_motors_torque.hpp
-- Installing: /home/spider/ros2_ws/install/gwpspider_interfaces/include/gwpspider_interfaces/gwpspider_interfaces/srv/spider_goal.hpp
-- Installing: /home/spider/ros2_ws/install/gwpspider_interfaces/include/gwpspider_interfaces/gwpspider_interfaces/srv/toggle_controller.hpp
-- Installing: /home/spider/ros2_ws/install/gwpspider_interfaces/include/gwpspider_interfaces/gwpspider_interfaces/srv/toggle_additional_controller_mode.hpp
-- Installing: /home/spider/ros2_ws/install/gwpspider_interfaces/include/gwpspider_interfaces/gwpspider_interfaces/srv/set_bus_watchdog.hpp
-- Installing: /home/spider/ros2_ws/install/gwpspider_interfaces/include/gwpspider_interfaces/gwpspider_interfaces/srv/get_modified_walking_instructions.hpp
-- Installing: /home/spider/ros2_ws/install/gwpspider_interfaces/include/gwpspider_interfaces/gwpspider_interfaces/srv/distribute_forces.hpp
-- Installing: /home/spider/ros2_ws/install/gwpspider_interfaces/include/gwpspider_interfaces/gwpspider_interfaces/srv/get_spider_pose.hpp
-- Up-to-date: /home/spider/ros2_ws/install/gwpspider_interfaces/include/gwpspider_interfaces/gwpspider_interfaces
-- Up-to-date: /home/spider/ros2_ws/install/gwpspider_interfaces/include/gwpspider_interfaces/gwpspider_interfaces/msg
-- Up-to-date: /home/spider/ros2_ws/install/gwpspider_interfaces/include/gwpspider_interfaces/gwpspider_interfaces/msg/detail
-- Installing: /home/spider/ros2_ws/install/gwpspider_interfaces/include/gwpspider_interfaces/gwpspider_interfaces/msg/detail/legs_states__rosidl_typesupport_fastrtps_cpp.hpp
-- Installing: /home/spider/ros2_ws/install/gwpspider_interfaces/include/gwpspider_interfaces/gwpspider_interfaces/msg/detail/leg_trajectory__rosidl_typesupport_fastrtps_cpp.hpp
-- Installing: /home/spider/ros2_ws/install/gwpspider_interfaces/include/gwpspider_interfaces/gwpspider_interfaces/msg/detail/gripper_state__rosidl_typesupport_fastrtps_cpp.hpp
-- Installing: /home/spider/ros2_ws/install/gwpspider_interfaces/include/gwpspider_interfaces/gwpspider_interfaces/msg/detail/grippers_states__rosidl_typesupport_fastrtps_cpp.hpp
-- Installing: /home/spider/ros2_ws/install/gwpspider_interfaces/include/gwpspider_interfaces/gwpspider_interfaces/msg/detail/walking_instructions__rosidl_typesupport_fastrtps_cpp.hpp
-- Installing: /home/spider/ros2_ws/install/gwpspider_interfaces/include/gwpspider_interfaces/gwpspider_interfaces/msg/detail/gripper_command__rosidl_typesupport_fastrtps_cpp.hpp
-- Installing: /home/spider/ros2_ws/install/gwpspider_interfaces/include/gwpspider_interfaces/gwpspider_interfaces/msg/detail/water_pump_command__rosidl_typesupport_fastrtps_cpp.hpp
-- Installing: /home/spider/ros2_ws/install/gwpspider_interfaces/include/gwpspider_interfaces/gwpspider_interfaces/msg/detail/bno_data__rosidl_typesupport_fastrtps_cpp.hpp
-- Installing: /home/spider/ros2_ws/install/gwpspider_interfaces/include/gwpspider_interfaces/gwpspider_interfaces/msg/detail/dynamixel_motors_data__rosidl_typesupport_fastrtps_cpp.hpp
-- Installing: /home/spider/ros2_ws/install/gwpspider_interfaces/include/gwpspider_interfaces/gwpspider_interfaces/msg/detail/dds_fastrtps
-- Installing: /home/spider/ros2_ws/install/gwpspider_interfaces/include/gwpspider_interfaces/gwpspider_interfaces/msg/rosidl_typesupport_fastrtps_cpp__visibility_control.h
-- Up-to-date: /home/spider/ros2_ws/install/gwpspider_interfaces/include/gwpspider_interfaces/gwpspider_interfaces/srv
-- Up-to-date: /home/spider/ros2_ws/install/gwpspider_interfaces/include/gwpspider_interfaces/gwpspider_interfaces/srv/detail
-- Installing: /home/spider/ros2_ws/install/gwpspider_interfaces/include/gwpspider_interfaces/gwpspider_interfaces/srv/detail/get_spider_pose__rosidl_typesupport_fastrtps_cpp.hpp
-- Installing: /home/spider/ros2_ws/install/gwpspider_interfaces/include/gwpspider_interfaces/gwpspider_interfaces/srv/detail/distribute_forces__rosidl_typesupport_fastrtps_cpp.hpp
-- Installing: /home/spider/ros2_ws/install/gwpspider_interfaces/include/gwpspider_interfaces/gwpspider_interfaces/srv/detail/control_water_pump__rosidl_typesupport_fastrtps_cpp.hpp
-- Installing: /home/spider/ros2_ws/install/gwpspider_interfaces/include/gwpspider_interfaces/gwpspider_interfaces/srv/detail/toggle_motors_torque__rosidl_typesupport_fastrtps_cpp.hpp
-- Installing: /home/spider/ros2_ws/install/gwpspider_interfaces/include/gwpspider_interfaces/gwpspider_interfaces/srv/detail/get_walking_instructions__rosidl_typesupport_fastrtps_cpp.hpp
-- Installing: /home/spider/ros2_ws/install/gwpspider_interfaces/include/gwpspider_interfaces/gwpspider_interfaces/srv/detail/reboot_motors__rosidl_typesupport_fastrtps_cpp.hpp
-- Installing: /home/spider/ros2_ws/install/gwpspider_interfaces/include/gwpspider_interfaces/gwpspider_interfaces/srv/detail/get_modified_walking_instructions__rosidl_typesupport_fastrtps_cpp.hpp
-- Installing: /home/spider/ros2_ws/install/gwpspider_interfaces/include/gwpspider_interfaces/gwpspider_interfaces/srv/detail/apply_force_leg__rosidl_typesupport_fastrtps_cpp.hpp
-- Installing: /home/spider/ros2_ws/install/gwpspider_interfaces/include/gwpspider_interfaces/gwpspider_interfaces/srv/detail/toggle_additional_controller_mode__rosidl_typesupport_fastrtps_cpp.hpp
-- Installing: /home/spider/ros2_ws/install/gwpspider_interfaces/include/gwpspider_interfaces/gwpspider_interfaces/srv/detail/move_gripper__rosidl_typesupport_fastrtps_cpp.hpp
-- Installing: /home/spider/ros2_ws/install/gwpspider_interfaces/include/gwpspider_interfaces/gwpspider_interfaces/srv/detail/move_spider__rosidl_typesupport_fastrtps_cpp.hpp
-- Installing: /home/spider/ros2_ws/install/gwpspider_interfaces/include/gwpspider_interfaces/gwpspider_interfaces/srv/detail/set_bus_watchdog__rosidl_typesupport_fastrtps_cpp.hpp
-- Installing: /home/spider/ros2_ws/install/gwpspider_interfaces/include/gwpspider_interfaces/gwpspider_interfaces/srv/detail/spider_goal__rosidl_typesupport_fastrtps_cpp.hpp
-- Installing: /home/spider/ros2_ws/install/gwpspider_interfaces/include/gwpspider_interfaces/gwpspider_interfaces/srv/detail/toggle_controller__rosidl_typesupport_fastrtps_cpp.hpp
-- Installing: /home/spider/ros2_ws/install/gwpspider_interfaces/include/gwpspider_interfaces/gwpspider_interfaces/srv/detail/move_leg_velocity_mode__rosidl_typesupport_fastrtps_cpp.hpp
-- Installing: /home/spider/ros2_ws/install/gwpspider_interfaces/include/gwpspider_interfaces/gwpspider_interfaces/srv/detail/get_leg_trajectory__rosidl_typesupport_fastrtps_cpp.hpp
-- Installing: /home/spider/ros2_ws/install/gwpspider_interfaces/include/gwpspider_interfaces/gwpspider_interfaces/srv/detail/move_leg__rosidl_typesupport_fastrtps_cpp.hpp
-- Installing: /home/spider/ros2_ws/install/gwpspider_interfaces/include/gwpspider_interfaces/gwpspider_interfaces/srv/detail/init_bno__rosidl_typesupport_fastrtps_cpp.hpp
-- Installing: /home/spider/ros2_ws/install/gwpspider_interfaces/include/gwpspider_interfaces/gwpspider_interfaces/srv/detail/dds_fastrtps
-- Installing: /home/spider/ros2_ws/install/gwpspider_interfaces/lib/libgwpspider_interfaces__rosidl_typesupport_fastrtps_cpp.so
-- Set runtime path of "/home/spider/ros2_ws/install/gwpspider_interfaces/lib/libgwpspider_interfaces__rosidl_typesupport_fastrtps_cpp.so" to ""
-- Up-to-date: /home/spider/ros2_ws/install/gwpspider_interfaces/include/gwpspider_interfaces/gwpspider_interfaces
-- Up-to-date: /home/spider/ros2_ws/install/gwpspider_interfaces/include/gwpspider_interfaces/gwpspider_interfaces/msg
-- Installing: /home/spider/ros2_ws/install/gwpspider_interfaces/include/gwpspider_interfaces/gwpspider_interfaces/msg/rosidl_typesupport_introspection_c__visibility_control.h
-- Up-to-date: /home/spider/ros2_ws/install/gwpspider_interfaces/include/gwpspider_interfaces/gwpspider_interfaces/msg/detail
-- Installing: /home/spider/ros2_ws/install/gwpspider_interfaces/include/gwpspider_interfaces/gwpspider_interfaces/msg/detail/water_pump_command__rosidl_typesupport_introspection_c.h
-- Installing: /home/spider/ros2_ws/install/gwpspider_interfaces/include/gwpspider_interfaces/gwpspider_interfaces/msg/detail/gripper_command__type_support.c
-- Installing: /home/spider/ros2_ws/install/gwpspider_interfaces/include/gwpspider_interfaces/gwpspider_interfaces/msg/detail/water_pump_command__type_support.c
-- Installing: /home/spider/ros2_ws/install/gwpspider_interfaces/include/gwpspider_interfaces/gwpspider_interfaces/msg/detail/grippers_states__type_support.c
-- Installing: /home/spider/ros2_ws/install/gwpspider_interfaces/include/gwpspider_interfaces/gwpspider_interfaces/msg/detail/legs_states__rosidl_typesupport_introspection_c.h
-- Installing: /home/spider/ros2_ws/install/gwpspider_interfaces/include/gwpspider_interfaces/gwpspider_interfaces/msg/detail/gripper_state__type_support.c
-- Installing: /home/spider/ros2_ws/install/gwpspider_interfaces/include/gwpspider_interfaces/gwpspider_interfaces/msg/detail/grippers_states__rosidl_typesupport_introspection_c.h
-- Installing: /home/spider/ros2_ws/install/gwpspider_interfaces/include/gwpspider_interfaces/gwpspider_interfaces/msg/detail/leg_trajectory__type_support.c
-- Installing: /home/spider/ros2_ws/install/gwpspider_interfaces/include/gwpspider_interfaces/gwpspider_interfaces/msg/detail/legs_states__type_support.c
-- Installing: /home/spider/ros2_ws/install/gwpspider_interfaces/include/gwpspider_interfaces/gwpspider_interfaces/msg/detail/dynamixel_motors_data__rosidl_typesupport_introspection_c.h
-- Installing: /home/spider/ros2_ws/install/gwpspider_interfaces/include/gwpspider_interfaces/gwpspider_interfaces/msg/detail/walking_instructions__type_support.c
-- Installing: /home/spider/ros2_ws/install/gwpspider_interfaces/include/gwpspider_interfaces/gwpspider_interfaces/msg/detail/bno_data__rosidl_typesupport_introspection_c.h
-- Installing: /home/spider/ros2_ws/install/gwpspider_interfaces/include/gwpspider_interfaces/gwpspider_interfaces/msg/detail/gripper_state__rosidl_typesupport_introspection_c.h
-- Installing: /home/spider/ros2_ws/install/gwpspider_interfaces/include/gwpspider_interfaces/gwpspider_interfaces/msg/detail/gripper_command__rosidl_typesupport_introspection_c.h
-- Installing: /home/spider/ros2_ws/install/gwpspider_interfaces/include/gwpspider_interfaces/gwpspider_interfaces/msg/detail/bno_data__type_support.c
-- Installing: /home/spider/ros2_ws/install/gwpspider_interfaces/include/gwpspider_interfaces/gwpspider_interfaces/msg/detail/leg_trajectory__rosidl_typesupport_introspection_c.h
-- Installing: /home/spider/ros2_ws/install/gwpspider_interfaces/include/gwpspider_interfaces/gwpspider_interfaces/msg/detail/dynamixel_motors_data__type_support.c
-- Installing: /home/spider/ros2_ws/install/gwpspider_interfaces/include/gwpspider_interfaces/gwpspider_interfaces/msg/detail/walking_instructions__rosidl_typesupport_introspection_c.h
-- Up-to-date: /home/spider/ros2_ws/install/gwpspider_interfaces/include/gwpspider_interfaces/gwpspider_interfaces/srv
-- Up-to-date: /home/spider/ros2_ws/install/gwpspider_interfaces/include/gwpspider_interfaces/gwpspider_interfaces/srv/detail
-- Installing: /home/spider/ros2_ws/install/gwpspider_interfaces/include/gwpspider_interfaces/gwpspider_interfaces/srv/detail/get_leg_trajectory__rosidl_typesupport_introspection_c.h
-- Installing: /home/spider/ros2_ws/install/gwpspider_interfaces/include/gwpspider_interfaces/gwpspider_interfaces/srv/detail/init_bno__type_support.c
-- Installing: /home/spider/ros2_ws/install/gwpspider_interfaces/include/gwpspider_interfaces/gwpspider_interfaces/srv/detail/distribute_forces__type_support.c
-- Installing: /home/spider/ros2_ws/install/gwpspider_interfaces/include/gwpspider_interfaces/gwpspider_interfaces/srv/detail/spider_goal__rosidl_typesupport_introspection_c.h
-- Installing: /home/spider/ros2_ws/install/gwpspider_interfaces/include/gwpspider_interfaces/gwpspider_interfaces/srv/detail/set_bus_watchdog__rosidl_typesupport_introspection_c.h
-- Installing: /home/spider/ros2_ws/install/gwpspider_interfaces/include/gwpspider_interfaces/gwpspider_interfaces/srv/detail/control_water_pump__rosidl_typesupport_introspection_c.h
-- Installing: /home/spider/ros2_ws/install/gwpspider_interfaces/include/gwpspider_interfaces/gwpspider_interfaces/srv/detail/toggle_additional_controller_mode__rosidl_typesupport_introspection_c.h
-- Installing: /home/spider/ros2_ws/install/gwpspider_interfaces/include/gwpspider_interfaces/gwpspider_interfaces/srv/detail/get_modified_walking_instructions__type_support.c
-- Installing: /home/spider/ros2_ws/install/gwpspider_interfaces/include/gwpspider_interfaces/gwpspider_interfaces/srv/detail/toggle_motors_torque__rosidl_typesupport_introspection_c.h
-- Installing: /home/spider/ros2_ws/install/gwpspider_interfaces/include/gwpspider_interfaces/gwpspider_interfaces/srv/detail/init_bno__rosidl_typesupport_introspection_c.h
-- Installing: /home/spider/ros2_ws/install/gwpspider_interfaces/include/gwpspider_interfaces/gwpspider_interfaces/srv/detail/get_spider_pose__rosidl_typesupport_introspection_c.h
-- Installing: /home/spider/ros2_ws/install/gwpspider_interfaces/include/gwpspider_interfaces/gwpspider_interfaces/srv/detail/move_spider__type_support.c
-- Installing: /home/spider/ros2_ws/install/gwpspider_interfaces/include/gwpspider_interfaces/gwpspider_interfaces/srv/detail/move_leg_velocity_mode__type_support.c
-- Installing: /home/spider/ros2_ws/install/gwpspider_interfaces/include/gwpspider_interfaces/gwpspider_interfaces/srv/detail/reboot_motors__rosidl_typesupport_introspection_c.h
-- Installing: /home/spider/ros2_ws/install/gwpspider_interfaces/include/gwpspider_interfaces/gwpspider_interfaces/srv/detail/get_leg_trajectory__type_support.c
-- Installing: /home/spider/ros2_ws/install/gwpspider_interfaces/include/gwpspider_interfaces/gwpspider_interfaces/srv/detail/toggle_additional_controller_mode__type_support.c
-- Installing: /home/spider/ros2_ws/install/gwpspider_interfaces/include/gwpspider_interfaces/gwpspider_interfaces/srv/detail/get_spider_pose__type_support.c
-- Installing: /home/spider/ros2_ws/install/gwpspider_interfaces/include/gwpspider_interfaces/gwpspider_interfaces/srv/detail/control_water_pump__type_support.c
-- Installing: /home/spider/ros2_ws/install/gwpspider_interfaces/include/gwpspider_interfaces/gwpspider_interfaces/srv/detail/move_gripper__type_support.c
-- Installing: /home/spider/ros2_ws/install/gwpspider_interfaces/include/gwpspider_interfaces/gwpspider_interfaces/srv/detail/move_leg__type_support.c
-- Installing: /home/spider/ros2_ws/install/gwpspider_interfaces/include/gwpspider_interfaces/gwpspider_interfaces/srv/detail/apply_force_leg__rosidl_typesupport_introspection_c.h
-- Installing: /home/spider/ros2_ws/install/gwpspider_interfaces/include/gwpspider_interfaces/gwpspider_interfaces/srv/detail/get_walking_instructions__type_support.c
-- Installing: /home/spider/ros2_ws/install/gwpspider_interfaces/include/gwpspider_interfaces/gwpspider_interfaces/srv/detail/move_leg_velocity_mode__rosidl_typesupport_introspection_c.h
-- Installing: /home/spider/ros2_ws/install/gwpspider_interfaces/include/gwpspider_interfaces/gwpspider_interfaces/srv/detail/toggle_motors_torque__type_support.c
-- Installing: /home/spider/ros2_ws/install/gwpspider_interfaces/include/gwpspider_interfaces/gwpspider_interfaces/srv/detail/set_bus_watchdog__type_support.c
-- Installing: /home/spider/ros2_ws/install/gwpspider_interfaces/include/gwpspider_interfaces/gwpspider_interfaces/srv/detail/move_leg__rosidl_typesupport_introspection_c.h
-- Installing: /home/spider/ros2_ws/install/gwpspider_interfaces/include/gwpspider_interfaces/gwpspider_interfaces/srv/detail/apply_force_leg__type_support.c
-- Installing: /home/spider/ros2_ws/install/gwpspider_interfaces/include/gwpspider_interfaces/gwpspider_interfaces/srv/detail/get_walking_instructions__rosidl_typesupport_introspection_c.h
-- Installing: /home/spider/ros2_ws/install/gwpspider_interfaces/include/gwpspider_interfaces/gwpspider_interfaces/srv/detail/toggle_controller__type_support.c
-- Installing: /home/spider/ros2_ws/install/gwpspider_interfaces/include/gwpspider_interfaces/gwpspider_interfaces/srv/detail/toggle_controller__rosidl_typesupport_introspection_c.h
-- Installing: /home/spider/ros2_ws/install/gwpspider_interfaces/include/gwpspider_interfaces/gwpspider_interfaces/srv/detail/reboot_motors__type_support.c
-- Installing: /home/spider/ros2_ws/install/gwpspider_interfaces/include/gwpspider_interfaces/gwpspider_interfaces/srv/detail/distribute_forces__rosidl_typesupport_introspection_c.h
-- Installing: /home/spider/ros2_ws/install/gwpspider_interfaces/include/gwpspider_interfaces/gwpspider_interfaces/srv/detail/spider_goal__type_support.c
-- Installing: /home/spider/ros2_ws/install/gwpspider_interfaces/include/gwpspider_interfaces/gwpspider_interfaces/srv/detail/move_gripper__rosidl_typesupport_introspection_c.h
-- Installing: /home/spider/ros2_ws/install/gwpspider_interfaces/include/gwpspider_interfaces/gwpspider_interfaces/srv/detail/get_modified_walking_instructions__rosidl_typesupport_introspection_c.h
-- Installing: /home/spider/ros2_ws/install/gwpspider_interfaces/include/gwpspider_interfaces/gwpspider_interfaces/srv/detail/move_spider__rosidl_typesupport_introspection_c.h
-- Installing: /home/spider/ros2_ws/install/gwpspider_interfaces/lib/libgwpspider_interfaces__rosidl_typesupport_introspection_c.so
-- Set runtime path of "/home/spider/ros2_ws/install/gwpspider_interfaces/lib/libgwpspider_interfaces__rosidl_typesupport_introspection_c.so" to ""
-- Installing: /home/spider/ros2_ws/install/gwpspider_interfaces/lib/libgwpspider_interfaces__rosidl_typesupport_c.so
-- Set runtime path of "/home/spider/ros2_ws/install/gwpspider_interfaces/lib/libgwpspider_interfaces__rosidl_typesupport_c.so" to ""
-- Up-to-date: /home/spider/ros2_ws/install/gwpspider_interfaces/include/gwpspider_interfaces/gwpspider_interfaces
-- Up-to-date: /home/spider/ros2_ws/install/gwpspider_interfaces/include/gwpspider_interfaces/gwpspider_interfaces/msg
-- Up-to-date: /home/spider/ros2_ws/install/gwpspider_interfaces/include/gwpspider_interfaces/gwpspider_interfaces/msg/detail
-- Installing: /home/spider/ros2_ws/install/gwpspider_interfaces/include/gwpspider_interfaces/gwpspider_interfaces/msg/detail/leg_trajectory__type_support.cpp
-- Installing: /home/spider/ros2_ws/install/gwpspider_interfaces/include/gwpspider_interfaces/gwpspider_interfaces/msg/detail/walking_instructions__rosidl_typesupport_introspection_cpp.hpp
-- Installing: /home/spider/ros2_ws/install/gwpspider_interfaces/include/gwpspider_interfaces/gwpspider_interfaces/msg/detail/walking_instructions__type_support.cpp
-- Installing: /home/spider/ros2_ws/install/gwpspider_interfaces/include/gwpspider_interfaces/gwpspider_interfaces/msg/detail/legs_states__rosidl_typesupport_introspection_cpp.hpp
-- Installing: /home/spider/ros2_ws/install/gwpspider_interfaces/include/gwpspider_interfaces/gwpspider_interfaces/msg/detail/legs_states__type_support.cpp
-- Installing: /home/spider/ros2_ws/install/gwpspider_interfaces/include/gwpspider_interfaces/gwpspider_interfaces/msg/detail/leg_trajectory__rosidl_typesupport_introspection_cpp.hpp
-- Installing: /home/spider/ros2_ws/install/gwpspider_interfaces/include/gwpspider_interfaces/gwpspider_interfaces/msg/detail/bno_data__type_support.cpp
-- Installing: /home/spider/ros2_ws/install/gwpspider_interfaces/include/gwpspider_interfaces/gwpspider_interfaces/msg/detail/dynamixel_motors_data__rosidl_typesupport_introspection_cpp.hpp
-- Installing: /home/spider/ros2_ws/install/gwpspider_interfaces/include/gwpspider_interfaces/gwpspider_interfaces/msg/detail/gripper_command__type_support.cpp
-- Installing: /home/spider/ros2_ws/install/gwpspider_interfaces/include/gwpspider_interfaces/gwpspider_interfaces/msg/detail/gripper_command__rosidl_typesupport_introspection_cpp.hpp
-- Installing: /home/spider/ros2_ws/install/gwpspider_interfaces/include/gwpspider_interfaces/gwpspider_interfaces/msg/detail/gripper_state__rosidl_typesupport_introspection_cpp.hpp
-- Installing: /home/spider/ros2_ws/install/gwpspider_interfaces/include/gwpspider_interfaces/gwpspider_interfaces/msg/detail/bno_data__rosidl_typesupport_introspection_cpp.hpp
-- Installing: /home/spider/ros2_ws/install/gwpspider_interfaces/include/gwpspider_interfaces/gwpspider_interfaces/msg/detail/water_pump_command__type_support.cpp
-- Installing: /home/spider/ros2_ws/install/gwpspider_interfaces/include/gwpspider_interfaces/gwpspider_interfaces/msg/detail/grippers_states__rosidl_typesupport_introspection_cpp.hpp
-- Installing: /home/spider/ros2_ws/install/gwpspider_interfaces/include/gwpspider_interfaces/gwpspider_interfaces/msg/detail/grippers_states__type_support.cpp
-- Installing: /home/spider/ros2_ws/install/gwpspider_interfaces/include/gwpspider_interfaces/gwpspider_interfaces/msg/detail/gripper_state__type_support.cpp
-- Installing: /home/spider/ros2_ws/install/gwpspider_interfaces/include/gwpspider_interfaces/gwpspider_interfaces/msg/detail/dynamixel_motors_data__type_support.cpp
-- Installing: /home/spider/ros2_ws/install/gwpspider_interfaces/include/gwpspider_interfaces/gwpspider_interfaces/msg/detail/water_pump_command__rosidl_typesupport_introspection_cpp.hpp
-- Up-to-date: /home/spider/ros2_ws/install/gwpspider_interfaces/include/gwpspider_interfaces/gwpspider_interfaces/srv
-- Up-to-date: /home/spider/ros2_ws/install/gwpspider_interfaces/include/gwpspider_interfaces/gwpspider_interfaces/srv/detail
-- Installing: /home/spider/ros2_ws/install/gwpspider_interfaces/include/gwpspider_interfaces/gwpspider_interfaces/srv/detail/set_bus_watchdog__type_support.cpp
-- Installing: /home/spider/ros2_ws/install/gwpspider_interfaces/include/gwpspider_interfaces/gwpspider_interfaces/srv/detail/move_leg_velocity_mode__type_support.cpp
-- Installing: /home/spider/ros2_ws/install/gwpspider_interfaces/include/gwpspider_interfaces/gwpspider_interfaces/srv/detail/toggle_additional_controller_mode__type_support.cpp
-- Installing: /home/spider/ros2_ws/install/gwpspider_interfaces/include/gwpspider_interfaces/gwpspider_interfaces/srv/detail/init_bno__type_support.cpp
-- Installing: /home/spider/ros2_ws/install/gwpspider_interfaces/include/gwpspider_interfaces/gwpspider_interfaces/srv/detail/move_spider__rosidl_typesupport_introspection_cpp.hpp
-- Installing: /home/spider/ros2_ws/install/gwpspider_interfaces/include/gwpspider_interfaces/gwpspider_interfaces/srv/detail/move_gripper__type_support.cpp
-- Installing: /home/spider/ros2_ws/install/gwpspider_interfaces/include/gwpspider_interfaces/gwpspider_interfaces/srv/detail/init_bno__rosidl_typesupport_introspection_cpp.hpp
-- Installing: /home/spider/ros2_ws/install/gwpspider_interfaces/include/gwpspider_interfaces/gwpspider_interfaces/srv/detail/get_leg_trajectory__rosidl_typesupport_introspection_cpp.hpp
-- Installing: /home/spider/ros2_ws/install/gwpspider_interfaces/include/gwpspider_interfaces/gwpspider_interfaces/srv/detail/control_water_pump__type_support.cpp
-- Installing: /home/spider/ros2_ws/install/gwpspider_interfaces/include/gwpspider_interfaces/gwpspider_interfaces/srv/detail/get_leg_trajectory__type_support.cpp
-- Installing: /home/spider/ros2_ws/install/gwpspider_interfaces/include/gwpspider_interfaces/gwpspider_interfaces/srv/detail/toggle_motors_torque__type_support.cpp
-- Installing: /home/spider/ros2_ws/install/gwpspider_interfaces/include/gwpspider_interfaces/gwpspider_interfaces/srv/detail/reboot_motors__rosidl_typesupport_introspection_cpp.hpp
-- Installing: /home/spider/ros2_ws/install/gwpspider_interfaces/include/gwpspider_interfaces/gwpspider_interfaces/srv/detail/set_bus_watchdog__rosidl_typesupport_introspection_cpp.hpp
-- Installing: /home/spider/ros2_ws/install/gwpspider_interfaces/include/gwpspider_interfaces/gwpspider_interfaces/srv/detail/get_walking_instructions__rosidl_typesupport_introspection_cpp.hpp
-- Installing: /home/spider/ros2_ws/install/gwpspider_interfaces/include/gwpspider_interfaces/gwpspider_interfaces/srv/detail/get_modified_walking_instructions__rosidl_typesupport_introspection_cpp.hpp
-- Installing: /home/spider/ros2_ws/install/gwpspider_interfaces/include/gwpspider_interfaces/gwpspider_interfaces/srv/detail/move_leg_velocity_mode__rosidl_typesupport_introspection_cpp.hpp
-- Installing: /home/spider/ros2_ws/install/gwpspider_interfaces/include/gwpspider_interfaces/gwpspider_interfaces/srv/detail/move_gripper__rosidl_typesupport_introspection_cpp.hpp
-- Installing: /home/spider/ros2_ws/install/gwpspider_interfaces/include/gwpspider_interfaces/gwpspider_interfaces/srv/detail/move_leg__type_support.cpp
-- Installing: /home/spider/ros2_ws/install/gwpspider_interfaces/include/gwpspider_interfaces/gwpspider_interfaces/srv/detail/toggle_motors_torque__rosidl_typesupport_introspection_cpp.hpp
-- Installing: /home/spider/ros2_ws/install/gwpspider_interfaces/include/gwpspider_interfaces/gwpspider_interfaces/srv/detail/spider_goal__rosidl_typesupport_introspection_cpp.hpp
-- Installing: /home/spider/ros2_ws/install/gwpspider_interfaces/include/gwpspider_interfaces/gwpspider_interfaces/srv/detail/move_leg__rosidl_typesupport_introspection_cpp.hpp
-- Installing: /home/spider/ros2_ws/install/gwpspider_interfaces/include/gwpspider_interfaces/gwpspider_interfaces/srv/detail/distribute_forces__type_support.cpp
-- Installing: /home/spider/ros2_ws/install/gwpspider_interfaces/include/gwpspider_interfaces/gwpspider_interfaces/srv/detail/apply_force_leg__rosidl_typesupport_introspection_cpp.hpp
-- Installing: /home/spider/ros2_ws/install/gwpspider_interfaces/include/gwpspider_interfaces/gwpspider_interfaces/srv/detail/get_spider_pose__type_support.cpp
-- Installing: /home/spider/ros2_ws/install/gwpspider_interfaces/include/gwpspider_interfaces/gwpspider_interfaces/srv/detail/apply_force_leg__type_support.cpp
-- Installing: /home/spider/ros2_ws/install/gwpspider_interfaces/include/gwpspider_interfaces/gwpspider_interfaces/srv/detail/spider_goal__type_support.cpp
-- Installing: /home/spider/ros2_ws/install/gwpspider_interfaces/include/gwpspider_interfaces/gwpspider_interfaces/srv/detail/get_spider_pose__rosidl_typesupport_introspection_cpp.hpp
-- Installing: /home/spider/ros2_ws/install/gwpspider_interfaces/include/gwpspider_interfaces/gwpspider_interfaces/srv/detail/distribute_forces__rosidl_typesupport_introspection_cpp.hpp
-- Installing: /home/spider/ros2_ws/install/gwpspider_interfaces/include/gwpspider_interfaces/gwpspider_interfaces/srv/detail/toggle_controller__rosidl_typesupport_introspection_cpp.hpp
-- Installing: /home/spider/ros2_ws/install/gwpspider_interfaces/include/gwpspider_interfaces/gwpspider_interfaces/srv/detail/toggle_additional_controller_mode__rosidl_typesupport_introspection_cpp.hpp
-- Installing: /home/spider/ros2_ws/install/gwpspider_interfaces/include/gwpspider_interfaces/gwpspider_interfaces/srv/detail/get_walking_instructions__type_support.cpp
-- Installing: /home/spider/ros2_ws/install/gwpspider_interfaces/include/gwpspider_interfaces/gwpspider_interfaces/srv/detail/reboot_motors__type_support.cpp
-- Installing: /home/spider/ros2_ws/install/gwpspider_interfaces/include/gwpspider_interfaces/gwpspider_interfaces/srv/detail/move_spider__type_support.cpp
-- Installing: /home/spider/ros2_ws/install/gwpspider_interfaces/include/gwpspider_interfaces/gwpspider_interfaces/srv/detail/get_modified_walking_instructions__type_support.cpp
-- Installing: /home/spider/ros2_ws/install/gwpspider_interfaces/include/gwpspider_interfaces/gwpspider_interfaces/srv/detail/control_water_pump__rosidl_typesupport_introspection_cpp.hpp
-- Installing: /home/spider/ros2_ws/install/gwpspider_interfaces/include/gwpspider_interfaces/gwpspider_interfaces/srv/detail/toggle_controller__type_support.cpp
-- Installing: /home/spider/ros2_ws/install/gwpspider_interfaces/lib/libgwpspider_interfaces__rosidl_typesupport_introspection_cpp.so
-- Set runtime path of "/home/spider/ros2_ws/install/gwpspider_interfaces/lib/libgwpspider_interfaces__rosidl_typesupport_introspection_cpp.so" to ""
-- Installing: /home/spider/ros2_ws/install/gwpspider_interfaces/lib/libgwpspider_interfaces__rosidl_typesupport_cpp.so
-- Set runtime path of "/home/spider/ros2_ws/install/gwpspider_interfaces/lib/libgwpspider_interfaces__rosidl_typesupport_cpp.so" to ""
-- Installing: /home/spider/ros2_ws/install/gwpspider_interfaces/share/gwpspider_interfaces/msg/GripperCommand.idl
-- Installing: /home/spider/ros2_ws/install/gwpspider_interfaces/share/gwpspider_interfaces/msg/WaterPumpCommand.idl
-- Installing: /home/spider/ros2_ws/install/gwpspider_interfaces/share/gwpspider_interfaces/msg/BnoData.idl
-- Installing: /home/spider/ros2_ws/install/gwpspider_interfaces/share/gwpspider_interfaces/msg/DynamixelMotorsData.idl
-- Installing: /home/spider/ros2_ws/install/gwpspider_interfaces/share/gwpspider_interfaces/msg/WalkingInstructions.idl
-- Installing: /home/spider/ros2_ws/install/gwpspider_interfaces/share/gwpspider_interfaces/msg/LegTrajectory.idl
-- Installing: /home/spider/ros2_ws/install/gwpspider_interfaces/share/gwpspider_interfaces/msg/LegsStates.idl
-- Installing: /home/spider/ros2_ws/install/gwpspider_interfaces/share/gwpspider_interfaces/msg/GripperState.idl
-- Installing: /home/spider/ros2_ws/install/gwpspider_interfaces/share/gwpspider_interfaces/msg/GrippersStates.idl
-- Installing: /home/spider/ros2_ws/install/gwpspider_interfaces/share/gwpspider_interfaces/srv/MoveGripper.idl
-- Installing: /home/spider/ros2_ws/install/gwpspider_interfaces/share/gwpspider_interfaces/srv/ControlWaterPump.idl
-- Installing: /home/spider/ros2_ws/install/gwpspider_interfaces/share/gwpspider_interfaces/srv/InitBno.idl
-- Installing: /home/spider/ros2_ws/install/gwpspider_interfaces/share/gwpspider_interfaces/srv/ToggleMotorsTorque.idl
-- Installing: /home/spider/ros2_ws/install/gwpspider_interfaces/share/gwpspider_interfaces/srv/SetBusWatchdog.idl
-- Installing: /home/spider/ros2_ws/install/gwpspider_interfaces/share/gwpspider_interfaces/srv/GetWalkingInstructions.idl
-- Installing: /home/spider/ros2_ws/install/gwpspider_interfaces/share/gwpspider_interfaces/srv/GetModifiedWalkingInstructions.idl
-- Installing: /home/spider/ros2_ws/install/gwpspider_interfaces/share/gwpspider_interfaces/srv/GetLegTrajectory.idl
-- Installing: /home/spider/ros2_ws/install/gwpspider_interfaces/share/gwpspider_interfaces/srv/RebootMotors.idl
-- Installing: /home/spider/ros2_ws/install/gwpspider_interfaces/share/gwpspider_interfaces/srv/MoveLeg.idl
-- Installing: /home/spider/ros2_ws/install/gwpspider_interfaces/share/gwpspider_interfaces/srv/MoveSpider.idl
-- Installing: /home/spider/ros2_ws/install/gwpspider_interfaces/share/gwpspider_interfaces/srv/ToggleController.idl
-- Installing: /home/spider/ros2_ws/install/gwpspider_interfaces/share/gwpspider_interfaces/srv/DistributeForces.idl
-- Installing: /home/spider/ros2_ws/install/gwpspider_interfaces/share/gwpspider_interfaces/srv/ApplyForceLeg.idl
-- Installing: /home/spider/ros2_ws/install/gwpspider_interfaces/share/gwpspider_interfaces/srv/GetSpiderPose.idl
-- Installing: /home/spider/ros2_ws/install/gwpspider_interfaces/share/gwpspider_interfaces/srv/MoveLegVelocityMode.idl
-- Installing: /home/spider/ros2_ws/install/gwpspider_interfaces/share/gwpspider_interfaces/srv/ToggleAdditionalControllerMode.idl
-- Installing: /home/spider/ros2_ws/install/gwpspider_interfaces/share/gwpspider_interfaces/srv/SpiderGoal.idl
-- Installing: /home/spider/ros2_ws/install/gwpspider_interfaces/share/gwpspider_interfaces/msg/GripperCommand.msg
-- Installing: /home/spider/ros2_ws/install/gwpspider_interfaces/share/gwpspider_interfaces/msg/WaterPumpCommand.msg
-- Installing: /home/spider/ros2_ws/install/gwpspider_interfaces/share/gwpspider_interfaces/msg/BnoData.msg
-- Installing: /home/spider/ros2_ws/install/gwpspider_interfaces/share/gwpspider_interfaces/msg/DynamixelMotorsData.msg
-- Installing: /home/spider/ros2_ws/install/gwpspider_interfaces/share/gwpspider_interfaces/msg/WalkingInstructions.msg
-- Installing: /home/spider/ros2_ws/install/gwpspider_interfaces/share/gwpspider_interfaces/msg/LegTrajectory.msg
-- Installing: /home/spider/ros2_ws/install/gwpspider_interfaces/share/gwpspider_interfaces/msg/LegsStates.msg
-- Installing: /home/spider/ros2_ws/install/gwpspider_interfaces/share/gwpspider_interfaces/msg/GripperState.msg
-- Installing: /home/spider/ros2_ws/install/gwpspider_interfaces/share/gwpspider_interfaces/msg/GrippersStates.msg
-- Installing: /home/spider/ros2_ws/install/gwpspider_interfaces/share/gwpspider_interfaces/srv/MoveGripper.srv
-- Installing: /home/spider/ros2_ws/install/gwpspider_interfaces/share/gwpspider_interfaces/srv/MoveGripper_Request.msg
-- Installing: /home/spider/ros2_ws/install/gwpspider_interfaces/share/gwpspider_interfaces/srv/MoveGripper_Response.msg
-- Installing: /home/spider/ros2_ws/install/gwpspider_interfaces/share/gwpspider_interfaces/srv/ControlWaterPump.srv
-- Installing: /home/spider/ros2_ws/install/gwpspider_interfaces/share/gwpspider_interfaces/srv/ControlWaterPump_Request.msg
-- Installing: /home/spider/ros2_ws/install/gwpspider_interfaces/share/gwpspider_interfaces/srv/ControlWaterPump_Response.msg
-- Installing: /home/spider/ros2_ws/install/gwpspider_interfaces/share/gwpspider_interfaces/srv/InitBno.srv
-- Installing: /home/spider/ros2_ws/install/gwpspider_interfaces/share/gwpspider_interfaces/srv/InitBno_Request.msg
-- Installing: /home/spider/ros2_ws/install/gwpspider_interfaces/share/gwpspider_interfaces/srv/InitBno_Response.msg
-- Installing: /home/spider/ros2_ws/install/gwpspider_interfaces/share/gwpspider_interfaces/srv/ToggleMotorsTorque.srv
-- Installing: /home/spider/ros2_ws/install/gwpspider_interfaces/share/gwpspider_interfaces/srv/ToggleMotorsTorque_Request.msg
-- Installing: /home/spider/ros2_ws/install/gwpspider_interfaces/share/gwpspider_interfaces/srv/ToggleMotorsTorque_Response.msg
-- Installing: /home/spider/ros2_ws/install/gwpspider_interfaces/share/gwpspider_interfaces/srv/SetBusWatchdog.srv
-- Installing: /home/spider/ros2_ws/install/gwpspider_interfaces/share/gwpspider_interfaces/srv/SetBusWatchdog_Request.msg
-- Installing: /home/spider/ros2_ws/install/gwpspider_interfaces/share/gwpspider_interfaces/srv/SetBusWatchdog_Response.msg
-- Installing: /home/spider/ros2_ws/install/gwpspider_interfaces/share/gwpspider_interfaces/srv/GetWalkingInstructions.srv
-- Installing: /home/spider/ros2_ws/install/gwpspider_interfaces/share/gwpspider_interfaces/srv/GetWalkingInstructions_Request.msg
-- Installing: /home/spider/ros2_ws/install/gwpspider_interfaces/share/gwpspider_interfaces/srv/GetWalkingInstructions_Response.msg
-- Installing: /home/spider/ros2_ws/install/gwpspider_interfaces/share/gwpspider_interfaces/srv/GetModifiedWalkingInstructions.srv
-- Installing: /home/spider/ros2_ws/install/gwpspider_interfaces/share/gwpspider_interfaces/srv/GetModifiedWalkingInstructions_Request.msg
-- Installing: /home/spider/ros2_ws/install/gwpspider_interfaces/share/gwpspider_interfaces/srv/GetModifiedWalkingInstructions_Response.msg
-- Installing: /home/spider/ros2_ws/install/gwpspider_interfaces/share/gwpspider_interfaces/srv/GetLegTrajectory.srv
-- Installing: /home/spider/ros2_ws/install/gwpspider_interfaces/share/gwpspider_interfaces/srv/GetLegTrajectory_Request.msg
-- Installing: /home/spider/ros2_ws/install/gwpspider_interfaces/share/gwpspider_interfaces/srv/GetLegTrajectory_Response.msg
-- Installing: /home/spider/ros2_ws/install/gwpspider_interfaces/share/gwpspider_interfaces/srv/RebootMotors.srv
-- Installing: /home/spider/ros2_ws/install/gwpspider_interfaces/share/gwpspider_interfaces/srv/RebootMotors_Request.msg
-- Installing: /home/spider/ros2_ws/install/gwpspider_interfaces/share/gwpspider_interfaces/srv/RebootMotors_Response.msg
-- Installing: /home/spider/ros2_ws/install/gwpspider_interfaces/share/gwpspider_interfaces/srv/MoveLeg.srv
-- Installing: /home/spider/ros2_ws/install/gwpspider_interfaces/share/gwpspider_interfaces/srv/MoveLeg_Request.msg
-- Installing: /home/spider/ros2_ws/install/gwpspider_interfaces/share/gwpspider_interfaces/srv/MoveLeg_Response.msg
-- Installing: /home/spider/ros2_ws/install/gwpspider_interfaces/share/gwpspider_interfaces/srv/MoveSpider.srv
-- Installing: /home/spider/ros2_ws/install/gwpspider_interfaces/share/gwpspider_interfaces/srv/MoveSpider_Request.msg
-- Installing: /home/spider/ros2_ws/install/gwpspider_interfaces/share/gwpspider_interfaces/srv/MoveSpider_Response.msg
-- Installing: /home/spider/ros2_ws/install/gwpspider_interfaces/share/gwpspider_interfaces/srv/ToggleController.srv
-- Installing: /home/spider/ros2_ws/install/gwpspider_interfaces/share/gwpspider_interfaces/srv/ToggleController_Request.msg
-- Installing: /home/spider/ros2_ws/install/gwpspider_interfaces/share/gwpspider_interfaces/srv/ToggleController_Response.msg
-- Installing: /home/spider/ros2_ws/install/gwpspider_interfaces/share/gwpspider_interfaces/srv/DistributeForces.srv
-- Installing: /home/spider/ros2_ws/install/gwpspider_interfaces/share/gwpspider_interfaces/srv/DistributeForces_Request.msg
-- Installing: /home/spider/ros2_ws/install/gwpspider_interfaces/share/gwpspider_interfaces/srv/DistributeForces_Response.msg
-- Installing: /home/spider/ros2_ws/install/gwpspider_interfaces/share/gwpspider_interfaces/srv/ApplyForceLeg.srv
-- Installing: /home/spider/ros2_ws/install/gwpspider_interfaces/share/gwpspider_interfaces/srv/ApplyForceLeg_Request.msg
-- Installing: /home/spider/ros2_ws/install/gwpspider_interfaces/share/gwpspider_interfaces/srv/ApplyForceLeg_Response.msg
-- Installing: /home/spider/ros2_ws/install/gwpspider_interfaces/share/gwpspider_interfaces/srv/GetSpiderPose.srv
-- Installing: /home/spider/ros2_ws/install/gwpspider_interfaces/share/gwpspider_interfaces/srv/GetSpiderPose_Request.msg
-- Installing: /home/spider/ros2_ws/install/gwpspider_interfaces/share/gwpspider_interfaces/srv/GetSpiderPose_Response.msg
-- Installing: /home/spider/ros2_ws/install/gwpspider_interfaces/share/gwpspider_interfaces/srv/MoveLegVelocityMode.srv
-- Installing: /home/spider/ros2_ws/install/gwpspider_interfaces/share/gwpspider_interfaces/srv/MoveLegVelocityMode_Request.msg
-- Installing: /home/spider/ros2_ws/install/gwpspider_interfaces/share/gwpspider_interfaces/srv/MoveLegVelocityMode_Response.msg
-- Installing: /home/spider/ros2_ws/install/gwpspider_interfaces/share/gwpspider_interfaces/srv/ToggleAdditionalControllerMode.srv
-- Installing: /home/spider/ros2_ws/install/gwpspider_interfaces/share/gwpspider_interfaces/srv/ToggleAdditionalControllerMode_Request.msg
-- Installing: /home/spider/ros2_ws/install/gwpspider_interfaces/share/gwpspider_interfaces/srv/ToggleAdditionalControllerMode_Response.msg
-- Installing: /home/spider/ros2_ws/install/gwpspider_interfaces/share/gwpspider_interfaces/srv/SpiderGoal.srv
-- Installing: /home/spider/ros2_ws/install/gwpspider_interfaces/share/gwpspider_interfaces/srv/SpiderGoal_Request.msg
-- Installing: /home/spider/ros2_ws/install/gwpspider_interfaces/share/gwpspider_interfaces/srv/SpiderGoal_Response.msg
-- Installing: /home/spider/ros2_ws/install/gwpspider_interfaces/share/gwpspider_interfaces/environment/pythonpath.sh
-- Installing: /home/spider/ros2_ws/install/gwpspider_interfaces/share/gwpspider_interfaces/environment/pythonpath.dsv
-- Installing: /home/spider/ros2_ws/install/gwpspider_interfaces/local/lib/python3.10/dist-packages/gwpspider_interfaces-0.0.0-py3.10.egg-info
-- Installing: /home/spider/ros2_ws/install/gwpspider_interfaces/local/lib/python3.10/dist-packages/gwpspider_interfaces-0.0.0-py3.10.egg-info/PKG-INFO
-- Installing: /home/spider/ros2_ws/install/gwpspider_interfaces/local/lib/python3.10/dist-packages/gwpspider_interfaces-0.0.0-py3.10.egg-info/top_level.txt
-- Installing: /home/spider/ros2_ws/install/gwpspider_interfaces/local/lib/python3.10/dist-packages/gwpspider_interfaces-0.0.0-py3.10.egg-info/dependency_links.txt
-- Installing: /home/spider/ros2_ws/install/gwpspider_interfaces/local/lib/python3.10/dist-packages/gwpspider_interfaces-0.0.0-py3.10.egg-info/SOURCES.txt
-- Installing: /home/spider/ros2_ws/install/gwpspider_interfaces/local/lib/python3.10/dist-packages/gwpspider_interfaces
-- Installing: /home/spider/ros2_ws/install/gwpspider_interfaces/local/lib/python3.10/dist-packages/gwpspider_interfaces/__init__.py
-- Installing: /home/spider/ros2_ws/install/gwpspider_interfaces/local/lib/python3.10/dist-packages/gwpspider_interfaces/gwp_interfaces_data.py
Listing '/home/spider/ros2_ws/install/gwpspider_interfaces/local/lib/python3.10/dist-packages/gwpspider_interfaces'...
Compiling '/home/spider/ros2_ws/install/gwpspider_interfaces/local/lib/python3.10/dist-packages/gwpspider_interfaces/__init__.py'...
Compiling '/home/spider/ros2_ws/install/gwpspider_interfaces/local/lib/python3.10/dist-packages/gwpspider_interfaces/gwp_interfaces_data.py'...
-- Installing: /home/spider/ros2_ws/install/gwpspider_interfaces/share/ament_index/resource_index/package_run_dependencies/gwpspider_interfaces
-- Installing: /home/spider/ros2_ws/install/gwpspider_interfaces/share/ament_index/resource_index/parent_prefix_path/gwpspider_interfaces
-- Installing: /home/spider/ros2_ws/install/gwpspider_interfaces/share/gwpspider_interfaces/environment/ament_prefix_path.sh
-- Installing: /home/spider/ros2_ws/install/gwpspider_interfaces/share/gwpspider_interfaces/environment/ament_prefix_path.dsv
-- Installing: /home/spider/ros2_ws/install/gwpspider_interfaces/share/gwpspider_interfaces/environment/path.sh
-- Installing: /home/spider/ros2_ws/install/gwpspider_interfaces/share/gwpspider_interfaces/environment/path.dsv
-- Installing: /home/spider/ros2_ws/install/gwpspider_interfaces/share/gwpspider_interfaces/local_setup.bash
-- Installing: /home/spider/ros2_ws/install/gwpspider_interfaces/share/gwpspider_interfaces/local_setup.sh
-- Installing: /home/spider/ros2_ws/install/gwpspider_interfaces/share/gwpspider_interfaces/local_setup.zsh
-- Installing: /home/spider/ros2_ws/install/gwpspider_interfaces/share/gwpspider_interfaces/local_setup.dsv
-- Installing: /home/spider/ros2_ws/install/gwpspider_interfaces/share/gwpspider_interfaces/package.dsv
-- Installing: /home/spider/ros2_ws/install/gwpspider_interfaces/share/ament_index/resource_index/packages/gwpspider_interfaces
-- Installing: /home/spider/ros2_ws/install/gwpspider_interfaces/share/gwpspider_interfaces/cmake/export_gwpspider_interfaces__rosidl_generator_cExport.cmake
-- Installing: /home/spider/ros2_ws/install/gwpspider_interfaces/share/gwpspider_interfaces/cmake/export_gwpspider_interfaces__rosidl_generator_cExport-noconfig.cmake
-- Installing: /home/spider/ros2_ws/install/gwpspider_interfaces/share/gwpspider_interfaces/cmake/export_gwpspider_interfaces__rosidl_typesupport_fastrtps_cExport.cmake
-- Installing: /home/spider/ros2_ws/install/gwpspider_interfaces/share/gwpspider_interfaces/cmake/export_gwpspider_interfaces__rosidl_typesupport_fastrtps_cExport-noconfig.cmake
-- Installing: /home/spider/ros2_ws/install/gwpspider_interfaces/share/gwpspider_interfaces/cmake/export_gwpspider_interfaces__rosidl_generator_cppExport.cmake
-- Installing: /home/spider/ros2_ws/install/gwpspider_interfaces/share/gwpspider_interfaces/cmake/export_gwpspider_interfaces__rosidl_typesupport_fastrtps_cppExport.cmake
-- Installing: /home/spider/ros2_ws/install/gwpspider_interfaces/share/gwpspider_interfaces/cmake/export_gwpspider_interfaces__rosidl_typesupport_fastrtps_cppExport-noconfig.cmake
-- Installing: /home/spider/ros2_ws/install/gwpspider_interfaces/share/gwpspider_interfaces/cmake/gwpspider_interfaces__rosidl_typesupport_introspection_cExport.cmake
-- Installing: /home/spider/ros2_ws/install/gwpspider_interfaces/share/gwpspider_interfaces/cmake/gwpspider_interfaces__rosidl_typesupport_introspection_cExport-noconfig.cmake
-- Installing: /home/spider/ros2_ws/install/gwpspider_interfaces/share/gwpspider_interfaces/cmake/gwpspider_interfaces__rosidl_typesupport_cExport.cmake
-- Installing: /home/spider/ros2_ws/install/gwpspider_interfaces/share/gwpspider_interfaces/cmake/gwpspider_interfaces__rosidl_typesupport_cExport-noconfig.cmake
-- Installing: /home/spider/ros2_ws/install/gwpspider_interfaces/share/gwpspider_interfaces/cmake/gwpspider_interfaces__rosidl_typesupport_introspection_cppExport.cmake
-- Installing: /home/spider/ros2_ws/install/gwpspider_interfaces/share/gwpspider_interfaces/cmake/gwpspider_interfaces__rosidl_typesupport_introspection_cppExport-noconfig.cmake
-- Installing: /home/spider/ros2_ws/install/gwpspider_interfaces/share/gwpspider_interfaces/cmake/gwpspider_interfaces__rosidl_typesupport_cppExport.cmake
-- Installing: /home/spider/ros2_ws/install/gwpspider_interfaces/share/gwpspider_interfaces/cmake/gwpspider_interfaces__rosidl_typesupport_cppExport-noconfig.cmake
-- Installing: /home/spider/ros2_ws/install/gwpspider_interfaces/share/gwpspider_interfaces/cmake/rosidl_cmake-extras.cmake
-- Installing: /home/spider/ros2_ws/install/gwpspider_interfaces/share/gwpspider_interfaces/cmake/ament_cmake_export_dependencies-extras.cmake
-- Installing: /home/spider/ros2_ws/install/gwpspider_interfaces/share/gwpspider_interfaces/cmake/ament_cmake_export_include_directories-extras.cmake
-- Installing: /home/spider/ros2_ws/install/gwpspider_interfaces/share/gwpspider_interfaces/cmake/ament_cmake_export_libraries-extras.cmake
-- Installing: /home/spider/ros2_ws/install/gwpspider_interfaces/share/gwpspider_interfaces/cmake/ament_cmake_export_targets-extras.cmake
-- Installing: /home/spider/ros2_ws/install/gwpspider_interfaces/share/gwpspider_interfaces/cmake/rosidl_cmake_export_typesupport_targets-extras.cmake
-- Installing: /home/spider/ros2_ws/install/gwpspider_interfaces/share/gwpspider_interfaces/cmake/rosidl_cmake_export_typesupport_libraries-extras.cmake
-- Installing: /home/spider/ros2_ws/install/gwpspider_interfaces/share/gwpspider_interfaces/cmake/gwpspider_interfacesConfig.cmake
-- Installing: /home/spider/ros2_ws/install/gwpspider_interfaces/share/gwpspider_interfaces/cmake/gwpspider_interfacesConfig-version.cmake
-- Installing: /home/spider/ros2_ws/install/gwpspider_interfaces/share/gwpspider_interfaces/package.xml
