[0.014s] Invoking command in '/home/spider/ros2_ws/build/gwpspider_interfaces': CMAKE_PREFIX_PATH=${CMAKE_PREFIX_PATH}:/home/spider/ros2_ws/install/py_srvcli:/home/spider/ros2_ws/install/py_node_test:/home/spider/ros2_ws/install/flask_server:/opt/ros/humble /usr/bin/cmake --build /home/spider/ros2_ws/build/gwpspider_interfaces -- -j8 -l8
[0.072s] [  0%] Built target gwpspider_interfaces__cpp
[0.078s] [  0%] Built target ament_cmake_python_copy_gwpspider_interfaces
[0.082s] [ 14%] Built target gwpspider_interfaces__rosidl_generator_c
[0.117s] [ 29%] Built target gwpspider_interfaces__rosidl_typesupport_cpp
[0.122s] [ 43%] Built target gwpspider_interfaces__rosidl_typesupport_c
[0.125s] [ 62%] Built target gwpspider_interfaces__rosidl_typesupport_introspection_c
[0.125s] [ 71%] Built target gwpspider_interfaces__rosidl_typesupport_fastrtps_cpp
[0.130s] [ 86%] Built target gwpspider_interfaces__rosidl_typesupport_introspection_cpp
[0.135s] [100%] Built target gwpspider_interfaces__rosidl_typesupport_fastrtps_c
[0.156s] [100%] Built target gwpspider_interfaces
[0.324s] running egg_info
[0.324s] writing gwpspider_interfaces.egg-info/PKG-INFO
[0.324s] writing dependency_links to gwpspider_interfaces.egg-info/dependency_links.txt
[0.325s] writing top-level names to gwpspider_interfaces.egg-info/top_level.txt
[0.326s] reading manifest file 'gwpspider_interfaces.egg-info/SOURCES.txt'
[0.327s] writing manifest file 'gwpspider_interfaces.egg-info/SOURCES.txt'
[0.353s] [100%] Built target ament_cmake_python_build_gwpspider_interfaces_egg
[0.366s] Invoked command in '/home/spider/ros2_ws/build/gwpspider_interfaces' returned '0': CMAKE_PREFIX_PATH=${CMAKE_PREFIX_PATH}:/home/spider/ros2_ws/install/py_srvcli:/home/spider/ros2_ws/install/py_node_test:/home/spider/ros2_ws/install/flask_server:/opt/ros/humble /usr/bin/cmake --build /home/spider/ros2_ws/build/gwpspider_interfaces -- -j8 -l8
[0.762s] Invoking command in '/home/spider/ros2_ws/build/gwpspider_interfaces': CMAKE_PREFIX_PATH=${CMAKE_PREFIX_PATH}:/home/spider/ros2_ws/install/py_srvcli:/home/spider/ros2_ws/install/py_node_test:/home/spider/ros2_ws/install/flask_server:/opt/ros/humble /usr/bin/cmake --install /home/spider/ros2_ws/build/gwpspider_interfaces
[0.769s] -- Install configuration: ""
[0.769s] -- Installing: /home/spider/ros2_ws/install/gwpspider_interfaces/share/ament_index/resource_index/rosidl_interfaces/gwpspider_interfaces
[0.769s] -- Installing: /home/spider/ros2_ws/install/gwpspider_interfaces/include/gwpspider_interfaces/gwpspider_interfaces
[0.769s] -- Installing: /home/spider/ros2_ws/install/gwpspider_interfaces/include/gwpspider_interfaces/gwpspider_interfaces/msg
[0.769s] -- Installing: /home/spider/ros2_ws/install/gwpspider_interfaces/include/gwpspider_interfaces/gwpspider_interfaces/msg/rosidl_generator_c__visibility_control.h
[0.770s] -- Installing: /home/spider/ros2_ws/install/gwpspider_interfaces/include/gwpspider_interfaces/gwpspider_interfaces/msg/bno_data.h
[0.770s] -- Installing: /home/spider/ros2_ws/install/gwpspider_interfaces/include/gwpspider_interfaces/gwpspider_interfaces/msg/gripper_state.h
[0.770s] -- Installing: /home/spider/ros2_ws/install/gwpspider_interfaces/include/gwpspider_interfaces/gwpspider_interfaces/msg/water_pump_command.h
[0.770s] -- Installing: /home/spider/ros2_ws/install/gwpspider_interfaces/include/gwpspider_interfaces/gwpspider_interfaces/msg/legs_states.h
[0.770s] -- Installing: /home/spider/ros2_ws/install/gwpspider_interfaces/include/gwpspider_interfaces/gwpspider_interfaces/msg/gripper_command.h
[0.770s] -- Installing: /home/spider/ros2_ws/install/gwpspider_interfaces/include/gwpspider_interfaces/gwpspider_interfaces/msg/detail
[0.770s] -- Installing: /home/spider/ros2_ws/install/gwpspider_interfaces/include/gwpspider_interfaces/gwpspider_interfaces/msg/detail/gripper_state__type_support.h
[0.770s] -- Installing: /home/spider/ros2_ws/install/gwpspider_interfaces/include/gwpspider_interfaces/gwpspider_interfaces/msg/detail/water_pump_command__type_support.h
[0.770s] -- Installing: /home/spider/ros2_ws/install/gwpspider_interfaces/include/gwpspider_interfaces/gwpspider_interfaces/msg/detail/grippers_states__type_support.h
[0.770s] -- Installing: /home/spider/ros2_ws/install/gwpspider_interfaces/include/gwpspider_interfaces/gwpspider_interfaces/msg/detail/dynamixel_motors_data__functions.c
[0.770s] -- Installing: /home/spider/ros2_ws/install/gwpspider_interfaces/include/gwpspider_interfaces/gwpspider_interfaces/msg/detail/legs_states__functions.h
[0.770s] -- Installing: /home/spider/ros2_ws/install/gwpspider_interfaces/include/gwpspider_interfaces/gwpspider_interfaces/msg/detail/bno_data__type_support.h
[0.771s] -- Installing: /home/spider/ros2_ws/install/gwpspider_interfaces/include/gwpspider_interfaces/gwpspider_interfaces/msg/detail/gripper_command__struct.h
[0.771s] -- Installing: /home/spider/ros2_ws/install/gwpspider_interfaces/include/gwpspider_interfaces/gwpspider_interfaces/msg/detail/bno_data__functions.h
[0.771s] -- Installing: /home/spider/ros2_ws/install/gwpspider_interfaces/include/gwpspider_interfaces/gwpspider_interfaces/msg/detail/water_pump_command__functions.h
[0.771s] -- Installing: /home/spider/ros2_ws/install/gwpspider_interfaces/include/gwpspider_interfaces/gwpspider_interfaces/msg/detail/walking_instructions__type_support.h
[0.771s] -- Installing: /home/spider/ros2_ws/install/gwpspider_interfaces/include/gwpspider_interfaces/gwpspider_interfaces/msg/detail/walking_instructions__functions.h
[0.771s] -- Installing: /home/spider/ros2_ws/install/gwpspider_interfaces/include/gwpspider_interfaces/gwpspider_interfaces/msg/detail/dynamixel_motors_data__type_support.h
[0.771s] -- Installing: /home/spider/ros2_ws/install/gwpspider_interfaces/include/gwpspider_interfaces/gwpspider_interfaces/msg/detail/bno_data__struct.h
[0.771s] -- Installing: /home/spider/ros2_ws/install/gwpspider_interfaces/include/gwpspider_interfaces/gwpspider_interfaces/msg/detail/water_pump_command__functions.c
[0.771s] -- Installing: /home/spider/ros2_ws/install/gwpspider_interfaces/include/gwpspider_interfaces/gwpspider_interfaces/msg/detail/gripper_command__functions.c
[0.772s] -- Installing: /home/spider/ros2_ws/install/gwpspider_interfaces/include/gwpspider_interfaces/gwpspider_interfaces/msg/detail/grippers_states__functions.c
[0.772s] -- Installing: /home/spider/ros2_ws/install/gwpspider_interfaces/include/gwpspider_interfaces/gwpspider_interfaces/msg/detail/gripper_state__functions.h
[0.772s] -- Installing: /home/spider/ros2_ws/install/gwpspider_interfaces/include/gwpspider_interfaces/gwpspider_interfaces/msg/detail/leg_trajectory__struct.h
[0.772s] -- Installing: /home/spider/ros2_ws/install/gwpspider_interfaces/include/gwpspider_interfaces/gwpspider_interfaces/msg/detail/leg_trajectory__type_support.h
[0.772s] -- Installing: /home/spider/ros2_ws/install/gwpspider_interfaces/include/gwpspider_interfaces/gwpspider_interfaces/msg/detail/legs_states__type_support.h
[0.772s] -- Installing: /home/spider/ros2_ws/install/gwpspider_interfaces/include/gwpspider_interfaces/gwpspider_interfaces/msg/detail/legs_states__functions.c
[0.772s] -- Installing: /home/spider/ros2_ws/install/gwpspider_interfaces/include/gwpspider_interfaces/gwpspider_interfaces/msg/detail/gripper_state__functions.c
[0.772s] -- Installing: /home/spider/ros2_ws/install/gwpspider_interfaces/include/gwpspider_interfaces/gwpspider_interfaces/msg/detail/bno_data__functions.c
[0.773s] -- Installing: /home/spider/ros2_ws/install/gwpspider_interfaces/include/gwpspider_interfaces/gwpspider_interfaces/msg/detail/leg_trajectory__functions.c
[0.773s] -- Installing: /home/spider/ros2_ws/install/gwpspider_interfaces/include/gwpspider_interfaces/gwpspider_interfaces/msg/detail/water_pump_command__struct.h
[0.773s] -- Installing: /home/spider/ros2_ws/install/gwpspider_interfaces/include/gwpspider_interfaces/gwpspider_interfaces/msg/detail/legs_states__struct.h
[0.773s] -- Installing: /home/spider/ros2_ws/install/gwpspider_interfaces/include/gwpspider_interfaces/gwpspider_interfaces/msg/detail/gripper_state__struct.h
[0.773s] -- Installing: /home/spider/ros2_ws/install/gwpspider_interfaces/include/gwpspider_interfaces/gwpspider_interfaces/msg/detail/grippers_states__struct.h
[0.773s] -- Installing: /home/spider/ros2_ws/install/gwpspider_interfaces/include/gwpspider_interfaces/gwpspider_interfaces/msg/detail/walking_instructions__struct.h
[0.773s] -- Installing: /home/spider/ros2_ws/install/gwpspider_interfaces/include/gwpspider_interfaces/gwpspider_interfaces/msg/detail/gripper_command__type_support.h
[0.773s] -- Installing: /home/spider/ros2_ws/install/gwpspider_interfaces/include/gwpspider_interfaces/gwpspider_interfaces/msg/detail/gripper_command__functions.h
[0.774s] -- Installing: /home/spider/ros2_ws/install/gwpspider_interfaces/include/gwpspider_interfaces/gwpspider_interfaces/msg/detail/grippers_states__functions.h
[0.774s] -- Installing: /home/spider/ros2_ws/install/gwpspider_interfaces/include/gwpspider_interfaces/gwpspider_interfaces/msg/detail/leg_trajectory__functions.h
[0.774s] -- Installing: /home/spider/ros2_ws/install/gwpspider_interfaces/include/gwpspider_interfaces/gwpspider_interfaces/msg/detail/dynamixel_motors_data__struct.h
[0.774s] -- Installing: /home/spider/ros2_ws/install/gwpspider_interfaces/include/gwpspider_interfaces/gwpspider_interfaces/msg/detail/dynamixel_motors_data__functions.h
[0.774s] -- Installing: /home/spider/ros2_ws/install/gwpspider_interfaces/include/gwpspider_interfaces/gwpspider_interfaces/msg/detail/walking_instructions__functions.c
[0.774s] -- Installing: /home/spider/ros2_ws/install/gwpspider_interfaces/include/gwpspider_interfaces/gwpspider_interfaces/msg/walking_instructions.h
[0.774s] -- Installing: /home/spider/ros2_ws/install/gwpspider_interfaces/include/gwpspider_interfaces/gwpspider_interfaces/msg/grippers_states.h
[0.774s] -- Installing: /home/spider/ros2_ws/install/gwpspider_interfaces/include/gwpspider_interfaces/gwpspider_interfaces/msg/dynamixel_motors_data.h
[0.775s] -- Installing: /home/spider/ros2_ws/install/gwpspider_interfaces/include/gwpspider_interfaces/gwpspider_interfaces/msg/leg_trajectory.h
[0.775s] -- Installing: /home/spider/ros2_ws/install/gwpspider_interfaces/include/gwpspider_interfaces/gwpspider_interfaces/srv
[0.775s] -- Installing: /home/spider/ros2_ws/install/gwpspider_interfaces/include/gwpspider_interfaces/gwpspider_interfaces/srv/move_gripper.h
[0.775s] -- Installing: /home/spider/ros2_ws/install/gwpspider_interfaces/include/gwpspider_interfaces/gwpspider_interfaces/srv/get_leg_trajectory.h
[0.775s] -- Installing: /home/spider/ros2_ws/install/gwpspider_interfaces/include/gwpspider_interfaces/gwpspider_interfaces/srv/init_bno.h
[0.775s] -- Installing: /home/spider/ros2_ws/install/gwpspider_interfaces/include/gwpspider_interfaces/gwpspider_interfaces/srv/toggle_motors_torque.h
[0.775s] -- Installing: /home/spider/ros2_ws/install/gwpspider_interfaces/include/gwpspider_interfaces/gwpspider_interfaces/srv/reboot_motors.h
[0.775s] -- Installing: /home/spider/ros2_ws/install/gwpspider_interfaces/include/gwpspider_interfaces/gwpspider_interfaces/srv/control_water_pump.h
[0.776s] -- Installing: /home/spider/ros2_ws/install/gwpspider_interfaces/include/gwpspider_interfaces/gwpspider_interfaces/srv/get_spider_pose.h
[0.776s] -- Installing: /home/spider/ros2_ws/install/gwpspider_interfaces/include/gwpspider_interfaces/gwpspider_interfaces/srv/apply_force_leg.h
[0.776s] -- Installing: /home/spider/ros2_ws/install/gwpspider_interfaces/include/gwpspider_interfaces/gwpspider_interfaces/srv/get_modified_walking_instructions.h
[0.776s] -- Installing: /home/spider/ros2_ws/install/gwpspider_interfaces/include/gwpspider_interfaces/gwpspider_interfaces/srv/toggle_controller.h
[0.776s] -- Installing: /home/spider/ros2_ws/install/gwpspider_interfaces/include/gwpspider_interfaces/gwpspider_interfaces/srv/detail
[0.776s] -- Installing: /home/spider/ros2_ws/install/gwpspider_interfaces/include/gwpspider_interfaces/gwpspider_interfaces/srv/detail/get_walking_instructions__functions.h
[0.776s] -- Installing: /home/spider/ros2_ws/install/gwpspider_interfaces/include/gwpspider_interfaces/gwpspider_interfaces/srv/detail/spider_goal__type_support.h
[0.776s] -- Installing: /home/spider/ros2_ws/install/gwpspider_interfaces/include/gwpspider_interfaces/gwpspider_interfaces/srv/detail/toggle_controller__functions.c
[0.777s] -- Installing: /home/spider/ros2_ws/install/gwpspider_interfaces/include/gwpspider_interfaces/gwpspider_interfaces/srv/detail/move_leg_velocity_mode__functions.c
[0.777s] -- Installing: /home/spider/ros2_ws/install/gwpspider_interfaces/include/gwpspider_interfaces/gwpspider_interfaces/srv/detail/reboot_motors__type_support.h
[0.777s] -- Installing: /home/spider/ros2_ws/install/gwpspider_interfaces/include/gwpspider_interfaces/gwpspider_interfaces/srv/detail/get_walking_instructions__functions.c
[0.777s] -- Installing: /home/spider/ros2_ws/install/gwpspider_interfaces/include/gwpspider_interfaces/gwpspider_interfaces/srv/detail/move_gripper__functions.h
[0.777s] -- Installing: /home/spider/ros2_ws/install/gwpspider_interfaces/include/gwpspider_interfaces/gwpspider_interfaces/srv/detail/toggle_motors_torque__functions.c
[0.777s] -- Installing: /home/spider/ros2_ws/install/gwpspider_interfaces/include/gwpspider_interfaces/gwpspider_interfaces/srv/detail/set_bus_watchdog__functions.c
[0.777s] -- Installing: /home/spider/ros2_ws/install/gwpspider_interfaces/include/gwpspider_interfaces/gwpspider_interfaces/srv/detail/control_water_pump__functions.h
[0.777s] -- Installing: /home/spider/ros2_ws/install/gwpspider_interfaces/include/gwpspider_interfaces/gwpspider_interfaces/srv/detail/move_gripper__struct.h
[0.777s] -- Installing: /home/spider/ros2_ws/install/gwpspider_interfaces/include/gwpspider_interfaces/gwpspider_interfaces/srv/detail/distribute_forces__struct.h
[0.778s] -- Installing: /home/spider/ros2_ws/install/gwpspider_interfaces/include/gwpspider_interfaces/gwpspider_interfaces/srv/detail/distribute_forces__functions.c
[0.778s] -- Installing: /home/spider/ros2_ws/install/gwpspider_interfaces/include/gwpspider_interfaces/gwpspider_interfaces/srv/detail/control_water_pump__functions.c
[0.778s] -- Installing: /home/spider/ros2_ws/install/gwpspider_interfaces/include/gwpspider_interfaces/gwpspider_interfaces/srv/detail/init_bno__struct.h
[0.778s] -- Installing: /home/spider/ros2_ws/install/gwpspider_interfaces/include/gwpspider_interfaces/gwpspider_interfaces/srv/detail/toggle_additional_controller_mode__functions.h
[0.778s] -- Installing: /home/spider/ros2_ws/install/gwpspider_interfaces/include/gwpspider_interfaces/gwpspider_interfaces/srv/detail/get_modified_walking_instructions__functions.c
[0.778s] -- Installing: /home/spider/ros2_ws/install/gwpspider_interfaces/include/gwpspider_interfaces/gwpspider_interfaces/srv/detail/toggle_additional_controller_mode__struct.h
[0.778s] -- Installing: /home/spider/ros2_ws/install/gwpspider_interfaces/include/gwpspider_interfaces/gwpspider_interfaces/srv/detail/get_walking_instructions__type_support.h
[0.778s] -- Installing: /home/spider/ros2_ws/install/gwpspider_interfaces/include/gwpspider_interfaces/gwpspider_interfaces/srv/detail/spider_goal__struct.h
[0.779s] -- Installing: /home/spider/ros2_ws/install/gwpspider_interfaces/include/gwpspider_interfaces/gwpspider_interfaces/srv/detail/toggle_controller__functions.h
[0.779s] -- Installing: /home/spider/ros2_ws/install/gwpspider_interfaces/include/gwpspider_interfaces/gwpspider_interfaces/srv/detail/move_leg_velocity_mode__struct.h
[0.779s] -- Installing: /home/spider/ros2_ws/install/gwpspider_interfaces/include/gwpspider_interfaces/gwpspider_interfaces/srv/detail/toggle_motors_torque__type_support.h
[0.779s] -- Installing: /home/spider/ros2_ws/install/gwpspider_interfaces/include/gwpspider_interfaces/gwpspider_interfaces/srv/detail/reboot_motors__struct.h
[0.779s] -- Installing: /home/spider/ros2_ws/install/gwpspider_interfaces/include/gwpspider_interfaces/gwpspider_interfaces/srv/detail/get_leg_trajectory__functions.h
[0.779s] -- Installing: /home/spider/ros2_ws/install/gwpspider_interfaces/include/gwpspider_interfaces/gwpspider_interfaces/srv/detail/reboot_motors__functions.h
[0.779s] -- Installing: /home/spider/ros2_ws/install/gwpspider_interfaces/include/gwpspider_interfaces/gwpspider_interfaces/srv/detail/move_gripper__type_support.h
[0.779s] -- Installing: /home/spider/ros2_ws/install/gwpspider_interfaces/include/gwpspider_interfaces/gwpspider_interfaces/srv/detail/get_spider_pose__functions.h
[0.779s] -- Installing: /home/spider/ros2_ws/install/gwpspider_interfaces/include/gwpspider_interfaces/gwpspider_interfaces/srv/detail/toggle_controller__type_support.h
[0.780s] -- Installing: /home/spider/ros2_ws/install/gwpspider_interfaces/include/gwpspider_interfaces/gwpspider_interfaces/srv/detail/reboot_motors__functions.c
[0.780s] -- Installing: /home/spider/ros2_ws/install/gwpspider_interfaces/include/gwpspider_interfaces/gwpspider_interfaces/srv/detail/move_spider__type_support.h
[0.780s] -- Installing: /home/spider/ros2_ws/install/gwpspider_interfaces/include/gwpspider_interfaces/gwpspider_interfaces/srv/detail/apply_force_leg__type_support.h
[0.780s] -- Installing: /home/spider/ros2_ws/install/gwpspider_interfaces/include/gwpspider_interfaces/gwpspider_interfaces/srv/detail/apply_force_leg__functions.c
[0.780s] -- Installing: /home/spider/ros2_ws/install/gwpspider_interfaces/include/gwpspider_interfaces/gwpspider_interfaces/srv/detail/get_spider_pose__struct.h
[0.780s] -- Installing: /home/spider/ros2_ws/install/gwpspider_interfaces/include/gwpspider_interfaces/gwpspider_interfaces/srv/detail/move_leg__functions.h
[0.780s] -- Installing: /home/spider/ros2_ws/install/gwpspider_interfaces/include/gwpspider_interfaces/gwpspider_interfaces/srv/detail/get_spider_pose__functions.c
[0.780s] -- Installing: /home/spider/ros2_ws/install/gwpspider_interfaces/include/gwpspider_interfaces/gwpspider_interfaces/srv/detail/set_bus_watchdog__functions.h
[0.781s] -- Installing: /home/spider/ros2_ws/install/gwpspider_interfaces/include/gwpspider_interfaces/gwpspider_interfaces/srv/detail/apply_force_leg__functions.h
[0.781s] -- Installing: /home/spider/ros2_ws/install/gwpspider_interfaces/include/gwpspider_interfaces/gwpspider_interfaces/srv/detail/get_leg_trajectory__struct.h
[0.781s] -- Installing: /home/spider/ros2_ws/install/gwpspider_interfaces/include/gwpspider_interfaces/gwpspider_interfaces/srv/detail/get_spider_pose__type_support.h
[0.781s] -- Installing: /home/spider/ros2_ws/install/gwpspider_interfaces/include/gwpspider_interfaces/gwpspider_interfaces/srv/detail/set_bus_watchdog__struct.h
[0.781s] -- Installing: /home/spider/ros2_ws/install/gwpspider_interfaces/include/gwpspider_interfaces/gwpspider_interfaces/srv/detail/move_leg_velocity_mode__functions.h
[0.781s] -- Installing: /home/spider/ros2_ws/install/gwpspider_interfaces/include/gwpspider_interfaces/gwpspider_interfaces/srv/detail/distribute_forces__functions.h
[0.781s] -- Installing: /home/spider/ros2_ws/install/gwpspider_interfaces/include/gwpspider_interfaces/gwpspider_interfaces/srv/detail/move_spider__struct.h
[0.781s] -- Installing: /home/spider/ros2_ws/install/gwpspider_interfaces/include/gwpspider_interfaces/gwpspider_interfaces/srv/detail/toggle_controller__struct.h
[0.782s] -- Installing: /home/spider/ros2_ws/install/gwpspider_interfaces/include/gwpspider_interfaces/gwpspider_interfaces/srv/detail/move_spider__functions.h
[0.782s] -- Installing: /home/spider/ros2_ws/install/gwpspider_interfaces/include/gwpspider_interfaces/gwpspider_interfaces/srv/detail/get_modified_walking_instructions__struct.h
[0.782s] -- Installing: /home/spider/ros2_ws/install/gwpspider_interfaces/include/gwpspider_interfaces/gwpspider_interfaces/srv/detail/apply_force_leg__struct.h
[0.782s] -- Installing: /home/spider/ros2_ws/install/gwpspider_interfaces/include/gwpspider_interfaces/gwpspider_interfaces/srv/detail/move_leg__struct.h
[0.782s] -- Installing: /home/spider/ros2_ws/install/gwpspider_interfaces/include/gwpspider_interfaces/gwpspider_interfaces/srv/detail/move_leg_velocity_mode__type_support.h
[0.782s] -- Installing: /home/spider/ros2_ws/install/gwpspider_interfaces/include/gwpspider_interfaces/gwpspider_interfaces/srv/detail/distribute_forces__type_support.h
[0.782s] -- Installing: /home/spider/ros2_ws/install/gwpspider_interfaces/include/gwpspider_interfaces/gwpspider_interfaces/srv/detail/get_walking_instructions__struct.h
[0.782s] -- Installing: /home/spider/ros2_ws/install/gwpspider_interfaces/include/gwpspider_interfaces/gwpspider_interfaces/srv/detail/control_water_pump__struct.h
[0.783s] -- Installing: /home/spider/ros2_ws/install/gwpspider_interfaces/include/gwpspider_interfaces/gwpspider_interfaces/srv/detail/set_bus_watchdog__type_support.h
[0.783s] -- Installing: /home/spider/ros2_ws/install/gwpspider_interfaces/include/gwpspider_interfaces/gwpspider_interfaces/srv/detail/init_bno__type_support.h
[0.783s] -- Installing: /home/spider/ros2_ws/install/gwpspider_interfaces/include/gwpspider_interfaces/gwpspider_interfaces/srv/detail/spider_goal__functions.h
[0.783s] -- Installing: /home/spider/ros2_ws/install/gwpspider_interfaces/include/gwpspider_interfaces/gwpspider_interfaces/srv/detail/toggle_motors_torque__struct.h
[0.783s] -- Installing: /home/spider/ros2_ws/install/gwpspider_interfaces/include/gwpspider_interfaces/gwpspider_interfaces/srv/detail/toggle_additional_controller_mode__functions.c
[0.783s] -- Installing: /home/spider/ros2_ws/install/gwpspider_interfaces/include/gwpspider_interfaces/gwpspider_interfaces/srv/detail/toggle_additional_controller_mode__type_support.h
[0.783s] -- Installing: /home/spider/ros2_ws/install/gwpspider_interfaces/include/gwpspider_interfaces/gwpspider_interfaces/srv/detail/get_leg_trajectory__functions.c
[0.783s] -- Installing: /home/spider/ros2_ws/install/gwpspider_interfaces/include/gwpspider_interfaces/gwpspider_interfaces/srv/detail/spider_goal__functions.c
[0.783s] -- Installing: /home/spider/ros2_ws/install/gwpspider_interfaces/include/gwpspider_interfaces/gwpspider_interfaces/srv/detail/control_water_pump__type_support.h
[0.784s] -- Installing: /home/spider/ros2_ws/install/gwpspider_interfaces/include/gwpspider_interfaces/gwpspider_interfaces/srv/detail/move_gripper__functions.c
[0.784s] -- Installing: /home/spider/ros2_ws/install/gwpspider_interfaces/include/gwpspider_interfaces/gwpspider_interfaces/srv/detail/init_bno__functions.h
[0.784s] -- Installing: /home/spider/ros2_ws/install/gwpspider_interfaces/include/gwpspider_interfaces/gwpspider_interfaces/srv/detail/get_leg_trajectory__type_support.h
[0.784s] -- Installing: /home/spider/ros2_ws/install/gwpspider_interfaces/include/gwpspider_interfaces/gwpspider_interfaces/srv/detail/toggle_motors_torque__functions.h
[0.784s] -- Installing: /home/spider/ros2_ws/install/gwpspider_interfaces/include/gwpspider_interfaces/gwpspider_interfaces/srv/detail/init_bno__functions.c
[0.784s] -- Installing: /home/spider/ros2_ws/install/gwpspider_interfaces/include/gwpspider_interfaces/gwpspider_interfaces/srv/detail/get_modified_walking_instructions__type_support.h
[0.784s] -- Installing: /home/spider/ros2_ws/install/gwpspider_interfaces/include/gwpspider_interfaces/gwpspider_interfaces/srv/detail/move_leg__functions.c
[0.784s] -- Installing: /home/spider/ros2_ws/install/gwpspider_interfaces/include/gwpspider_interfaces/gwpspider_interfaces/srv/detail/get_modified_walking_instructions__functions.h
[0.784s] -- Installing: /home/spider/ros2_ws/install/gwpspider_interfaces/include/gwpspider_interfaces/gwpspider_interfaces/srv/detail/move_leg__type_support.h
[0.785s] -- Installing: /home/spider/ros2_ws/install/gwpspider_interfaces/include/gwpspider_interfaces/gwpspider_interfaces/srv/detail/move_spider__functions.c
[0.785s] -- Installing: /home/spider/ros2_ws/install/gwpspider_interfaces/include/gwpspider_interfaces/gwpspider_interfaces/srv/spider_goal.h
[0.785s] -- Installing: /home/spider/ros2_ws/install/gwpspider_interfaces/include/gwpspider_interfaces/gwpspider_interfaces/srv/move_spider.h
[0.785s] -- Installing: /home/spider/ros2_ws/install/gwpspider_interfaces/include/gwpspider_interfaces/gwpspider_interfaces/srv/toggle_additional_controller_mode.h
[0.785s] -- Installing: /home/spider/ros2_ws/install/gwpspider_interfaces/include/gwpspider_interfaces/gwpspider_interfaces/srv/distribute_forces.h
[0.785s] -- Installing: /home/spider/ros2_ws/install/gwpspider_interfaces/include/gwpspider_interfaces/gwpspider_interfaces/srv/move_leg_velocity_mode.h
[0.785s] -- Installing: /home/spider/ros2_ws/install/gwpspider_interfaces/include/gwpspider_interfaces/gwpspider_interfaces/srv/move_leg.h
[0.785s] -- Installing: /home/spider/ros2_ws/install/gwpspider_interfaces/include/gwpspider_interfaces/gwpspider_interfaces/srv/get_walking_instructions.h
[0.786s] -- Installing: /home/spider/ros2_ws/install/gwpspider_interfaces/include/gwpspider_interfaces/gwpspider_interfaces/srv/set_bus_watchdog.h
[0.786s] -- Installing: /home/spider/ros2_ws/install/gwpspider_interfaces/share/gwpspider_interfaces/environment/library_path.sh
[0.786s] -- Installing: /home/spider/ros2_ws/install/gwpspider_interfaces/share/gwpspider_interfaces/environment/library_path.dsv
[0.786s] -- Installing: /home/spider/ros2_ws/install/gwpspider_interfaces/lib/libgwpspider_interfaces__rosidl_generator_c.so
[0.786s] -- Set runtime path of "/home/spider/ros2_ws/install/gwpspider_interfaces/lib/libgwpspider_interfaces__rosidl_generator_c.so" to ""
[0.786s] -- Up-to-date: /home/spider/ros2_ws/install/gwpspider_interfaces/include/gwpspider_interfaces/gwpspider_interfaces
[0.786s] -- Up-to-date: /home/spider/ros2_ws/install/gwpspider_interfaces/include/gwpspider_interfaces/gwpspider_interfaces/msg
[0.786s] -- Up-to-date: /home/spider/ros2_ws/install/gwpspider_interfaces/include/gwpspider_interfaces/gwpspider_interfaces/msg/detail
[0.787s] -- Installing: /home/spider/ros2_ws/install/gwpspider_interfaces/include/gwpspider_interfaces/gwpspider_interfaces/msg/detail/bno_data__rosidl_typesupport_fastrtps_c.h
[0.787s] -- Installing: /home/spider/ros2_ws/install/gwpspider_interfaces/include/gwpspider_interfaces/gwpspider_interfaces/msg/detail/grippers_states__rosidl_typesupport_fastrtps_c.h
[0.787s] -- Installing: /home/spider/ros2_ws/install/gwpspider_interfaces/include/gwpspider_interfaces/gwpspider_interfaces/msg/detail/water_pump_command__rosidl_typesupport_fastrtps_c.h
[0.787s] -- Installing: /home/spider/ros2_ws/install/gwpspider_interfaces/include/gwpspider_interfaces/gwpspider_interfaces/msg/detail/leg_trajectory__rosidl_typesupport_fastrtps_c.h
[0.787s] -- Installing: /home/spider/ros2_ws/install/gwpspider_interfaces/include/gwpspider_interfaces/gwpspider_interfaces/msg/detail/legs_states__rosidl_typesupport_fastrtps_c.h
[0.787s] -- Installing: /home/spider/ros2_ws/install/gwpspider_interfaces/include/gwpspider_interfaces/gwpspider_interfaces/msg/detail/gripper_command__rosidl_typesupport_fastrtps_c.h
[0.787s] -- Installing: /home/spider/ros2_ws/install/gwpspider_interfaces/include/gwpspider_interfaces/gwpspider_interfaces/msg/detail/dynamixel_motors_data__rosidl_typesupport_fastrtps_c.h
[0.787s] -- Installing: /home/spider/ros2_ws/install/gwpspider_interfaces/include/gwpspider_interfaces/gwpspider_interfaces/msg/detail/gripper_state__rosidl_typesupport_fastrtps_c.h
[0.788s] -- Installing: /home/spider/ros2_ws/install/gwpspider_interfaces/include/gwpspider_interfaces/gwpspider_interfaces/msg/detail/walking_instructions__rosidl_typesupport_fastrtps_c.h
[0.788s] -- Installing: /home/spider/ros2_ws/install/gwpspider_interfaces/include/gwpspider_interfaces/gwpspider_interfaces/msg/rosidl_typesupport_fastrtps_c__visibility_control.h
[0.788s] -- Up-to-date: /home/spider/ros2_ws/install/gwpspider_interfaces/include/gwpspider_interfaces/gwpspider_interfaces/srv
[0.788s] -- Up-to-date: /home/spider/ros2_ws/install/gwpspider_interfaces/include/gwpspider_interfaces/gwpspider_interfaces/srv/detail
[0.788s] -- Installing: /home/spider/ros2_ws/install/gwpspider_interfaces/include/gwpspider_interfaces/gwpspider_interfaces/srv/detail/toggle_controller__rosidl_typesupport_fastrtps_c.h
[0.788s] -- Installing: /home/spider/ros2_ws/install/gwpspider_interfaces/include/gwpspider_interfaces/gwpspider_interfaces/srv/detail/get_leg_trajectory__rosidl_typesupport_fastrtps_c.h
[0.788s] -- Installing: /home/spider/ros2_ws/install/gwpspider_interfaces/include/gwpspider_interfaces/gwpspider_interfaces/srv/detail/move_leg_velocity_mode__rosidl_typesupport_fastrtps_c.h
[0.788s] -- Installing: /home/spider/ros2_ws/install/gwpspider_interfaces/include/gwpspider_interfaces/gwpspider_interfaces/srv/detail/move_leg__rosidl_typesupport_fastrtps_c.h
[0.789s] -- Installing: /home/spider/ros2_ws/install/gwpspider_interfaces/include/gwpspider_interfaces/gwpspider_interfaces/srv/detail/move_gripper__rosidl_typesupport_fastrtps_c.h
[0.789s] -- Installing: /home/spider/ros2_ws/install/gwpspider_interfaces/include/gwpspider_interfaces/gwpspider_interfaces/srv/detail/apply_force_leg__rosidl_typesupport_fastrtps_c.h
[0.789s] -- Installing: /home/spider/ros2_ws/install/gwpspider_interfaces/include/gwpspider_interfaces/gwpspider_interfaces/srv/detail/spider_goal__rosidl_typesupport_fastrtps_c.h
[0.789s] -- Installing: /home/spider/ros2_ws/install/gwpspider_interfaces/include/gwpspider_interfaces/gwpspider_interfaces/srv/detail/distribute_forces__rosidl_typesupport_fastrtps_c.h
[0.789s] -- Installing: /home/spider/ros2_ws/install/gwpspider_interfaces/include/gwpspider_interfaces/gwpspider_interfaces/srv/detail/toggle_motors_torque__rosidl_typesupport_fastrtps_c.h
[0.789s] -- Installing: /home/spider/ros2_ws/install/gwpspider_interfaces/include/gwpspider_interfaces/gwpspider_interfaces/srv/detail/get_walking_instructions__rosidl_typesupport_fastrtps_c.h
[0.789s] -- Installing: /home/spider/ros2_ws/install/gwpspider_interfaces/include/gwpspider_interfaces/gwpspider_interfaces/srv/detail/control_water_pump__rosidl_typesupport_fastrtps_c.h
[0.789s] -- Installing: /home/spider/ros2_ws/install/gwpspider_interfaces/include/gwpspider_interfaces/gwpspider_interfaces/srv/detail/reboot_motors__rosidl_typesupport_fastrtps_c.h
[0.790s] -- Installing: /home/spider/ros2_ws/install/gwpspider_interfaces/include/gwpspider_interfaces/gwpspider_interfaces/srv/detail/set_bus_watchdog__rosidl_typesupport_fastrtps_c.h
[0.790s] -- Installing: /home/spider/ros2_ws/install/gwpspider_interfaces/include/gwpspider_interfaces/gwpspider_interfaces/srv/detail/get_modified_walking_instructions__rosidl_typesupport_fastrtps_c.h
[0.790s] -- Installing: /home/spider/ros2_ws/install/gwpspider_interfaces/include/gwpspider_interfaces/gwpspider_interfaces/srv/detail/move_spider__rosidl_typesupport_fastrtps_c.h
[0.790s] -- Installing: /home/spider/ros2_ws/install/gwpspider_interfaces/include/gwpspider_interfaces/gwpspider_interfaces/srv/detail/toggle_additional_controller_mode__rosidl_typesupport_fastrtps_c.h
[0.790s] -- Installing: /home/spider/ros2_ws/install/gwpspider_interfaces/include/gwpspider_interfaces/gwpspider_interfaces/srv/detail/init_bno__rosidl_typesupport_fastrtps_c.h
[0.790s] -- Installing: /home/spider/ros2_ws/install/gwpspider_interfaces/include/gwpspider_interfaces/gwpspider_interfaces/srv/detail/get_spider_pose__rosidl_typesupport_fastrtps_c.h
[0.790s] -- Installing: /home/spider/ros2_ws/install/gwpspider_interfaces/lib/libgwpspider_interfaces__rosidl_typesupport_fastrtps_c.so
[0.790s] -- Set runtime path of "/home/spider/ros2_ws/install/gwpspider_interfaces/lib/libgwpspider_interfaces__rosidl_typesupport_fastrtps_c.so" to ""
[0.791s] -- Up-to-date: /home/spider/ros2_ws/install/gwpspider_interfaces/include/gwpspider_interfaces/gwpspider_interfaces
[0.791s] -- Up-to-date: /home/spider/ros2_ws/install/gwpspider_interfaces/include/gwpspider_interfaces/gwpspider_interfaces/msg
[0.791s] -- Installing: /home/spider/ros2_ws/install/gwpspider_interfaces/include/gwpspider_interfaces/gwpspider_interfaces/msg/leg_trajectory.hpp
[0.791s] -- Installing: /home/spider/ros2_ws/install/gwpspider_interfaces/include/gwpspider_interfaces/gwpspider_interfaces/msg/dynamixel_motors_data.hpp
[0.791s] -- Installing: /home/spider/ros2_ws/install/gwpspider_interfaces/include/gwpspider_interfaces/gwpspider_interfaces/msg/walking_instructions.hpp
[0.791s] -- Installing: /home/spider/ros2_ws/install/gwpspider_interfaces/include/gwpspider_interfaces/gwpspider_interfaces/msg/gripper_command.hpp
[0.791s] -- Up-to-date: /home/spider/ros2_ws/install/gwpspider_interfaces/include/gwpspider_interfaces/gwpspider_interfaces/msg/detail
[0.791s] -- Installing: /home/spider/ros2_ws/install/gwpspider_interfaces/include/gwpspider_interfaces/gwpspider_interfaces/msg/detail/water_pump_command__traits.hpp
[0.791s] -- Installing: /home/spider/ros2_ws/install/gwpspider_interfaces/include/gwpspider_interfaces/gwpspider_interfaces/msg/detail/gripper_command__traits.hpp
[0.792s] -- Installing: /home/spider/ros2_ws/install/gwpspider_interfaces/include/gwpspider_interfaces/gwpspider_interfaces/msg/detail/water_pump_command__builder.hpp
[0.792s] -- Installing: /home/spider/ros2_ws/install/gwpspider_interfaces/include/gwpspider_interfaces/gwpspider_interfaces/msg/detail/gripper_state__traits.hpp
[0.792s] -- Installing: /home/spider/ros2_ws/install/gwpspider_interfaces/include/gwpspider_interfaces/gwpspider_interfaces/msg/detail/leg_trajectory__struct.hpp
[0.792s] -- Installing: /home/spider/ros2_ws/install/gwpspider_interfaces/include/gwpspider_interfaces/gwpspider_interfaces/msg/detail/bno_data__builder.hpp
[0.792s] -- Installing: /home/spider/ros2_ws/install/gwpspider_interfaces/include/gwpspider_interfaces/gwpspider_interfaces/msg/detail/legs_states__traits.hpp
[0.792s] -- Installing: /home/spider/ros2_ws/install/gwpspider_interfaces/include/gwpspider_interfaces/gwpspider_interfaces/msg/detail/bno_data__traits.hpp
[0.792s] -- Installing: /home/spider/ros2_ws/install/gwpspider_interfaces/include/gwpspider_interfaces/gwpspider_interfaces/msg/detail/gripper_command__builder.hpp
[0.792s] -- Installing: /home/spider/ros2_ws/install/gwpspider_interfaces/include/gwpspider_interfaces/gwpspider_interfaces/msg/detail/legs_states__builder.hpp
[0.792s] -- Installing: /home/spider/ros2_ws/install/gwpspider_interfaces/include/gwpspider_interfaces/gwpspider_interfaces/msg/detail/bno_data__struct.hpp
[0.793s] -- Installing: /home/spider/ros2_ws/install/gwpspider_interfaces/include/gwpspider_interfaces/gwpspider_interfaces/msg/detail/dynamixel_motors_data__struct.hpp
[0.793s] -- Installing: /home/spider/ros2_ws/install/gwpspider_interfaces/include/gwpspider_interfaces/gwpspider_interfaces/msg/detail/gripper_state__struct.hpp
[0.793s] -- Installing: /home/spider/ros2_ws/install/gwpspider_interfaces/include/gwpspider_interfaces/gwpspider_interfaces/msg/detail/grippers_states__struct.hpp
[0.793s] -- Installing: /home/spider/ros2_ws/install/gwpspider_interfaces/include/gwpspider_interfaces/gwpspider_interfaces/msg/detail/leg_trajectory__builder.hpp
[0.793s] -- Installing: /home/spider/ros2_ws/install/gwpspider_interfaces/include/gwpspider_interfaces/gwpspider_interfaces/msg/detail/leg_trajectory__traits.hpp
[0.793s] -- Installing: /home/spider/ros2_ws/install/gwpspider_interfaces/include/gwpspider_interfaces/gwpspider_interfaces/msg/detail/water_pump_command__struct.hpp
[0.793s] -- Installing: /home/spider/ros2_ws/install/gwpspider_interfaces/include/gwpspider_interfaces/gwpspider_interfaces/msg/detail/grippers_states__builder.hpp
[0.793s] -- Installing: /home/spider/ros2_ws/install/gwpspider_interfaces/include/gwpspider_interfaces/gwpspider_interfaces/msg/detail/legs_states__struct.hpp
[0.793s] -- Installing: /home/spider/ros2_ws/install/gwpspider_interfaces/include/gwpspider_interfaces/gwpspider_interfaces/msg/detail/walking_instructions__builder.hpp
[0.794s] -- Installing: /home/spider/ros2_ws/install/gwpspider_interfaces/include/gwpspider_interfaces/gwpspider_interfaces/msg/detail/walking_instructions__traits.hpp
[0.794s] -- Installing: /home/spider/ros2_ws/install/gwpspider_interfaces/include/gwpspider_interfaces/gwpspider_interfaces/msg/detail/dynamixel_motors_data__traits.hpp
[0.794s] -- Installing: /home/spider/ros2_ws/install/gwpspider_interfaces/include/gwpspider_interfaces/gwpspider_interfaces/msg/detail/gripper_state__builder.hpp
[0.794s] -- Installing: /home/spider/ros2_ws/install/gwpspider_interfaces/include/gwpspider_interfaces/gwpspider_interfaces/msg/detail/gripper_command__struct.hpp
[0.794s] -- Installing: /home/spider/ros2_ws/install/gwpspider_interfaces/include/gwpspider_interfaces/gwpspider_interfaces/msg/detail/walking_instructions__struct.hpp
[0.794s] -- Installing: /home/spider/ros2_ws/install/gwpspider_interfaces/include/gwpspider_interfaces/gwpspider_interfaces/msg/detail/grippers_states__traits.hpp
[0.794s] -- Installing: /home/spider/ros2_ws/install/gwpspider_interfaces/include/gwpspider_interfaces/gwpspider_interfaces/msg/detail/dynamixel_motors_data__builder.hpp
[0.794s] -- Installing: /home/spider/ros2_ws/install/gwpspider_interfaces/include/gwpspider_interfaces/gwpspider_interfaces/msg/bno_data.hpp
[0.794s] -- Installing: /home/spider/ros2_ws/install/gwpspider_interfaces/include/gwpspider_interfaces/gwpspider_interfaces/msg/gripper_state.hpp
[0.795s] -- Installing: /home/spider/ros2_ws/install/gwpspider_interfaces/include/gwpspider_interfaces/gwpspider_interfaces/msg/water_pump_command.hpp
[0.795s] -- Installing: /home/spider/ros2_ws/install/gwpspider_interfaces/include/gwpspider_interfaces/gwpspider_interfaces/msg/grippers_states.hpp
[0.795s] -- Installing: /home/spider/ros2_ws/install/gwpspider_interfaces/include/gwpspider_interfaces/gwpspider_interfaces/msg/legs_states.hpp
[0.795s] -- Up-to-date: /home/spider/ros2_ws/install/gwpspider_interfaces/include/gwpspider_interfaces/gwpspider_interfaces/srv
[0.795s] -- Installing: /home/spider/ros2_ws/install/gwpspider_interfaces/include/gwpspider_interfaces/gwpspider_interfaces/srv/init_bno.hpp
[0.795s] -- Installing: /home/spider/ros2_ws/install/gwpspider_interfaces/include/gwpspider_interfaces/gwpspider_interfaces/srv/move_leg_velocity_mode.hpp
[0.795s] -- Installing: /home/spider/ros2_ws/install/gwpspider_interfaces/include/gwpspider_interfaces/gwpspider_interfaces/srv/move_spider.hpp
[0.795s] -- Installing: /home/spider/ros2_ws/install/gwpspider_interfaces/include/gwpspider_interfaces/gwpspider_interfaces/srv/control_water_pump.hpp
[0.795s] -- Installing: /home/spider/ros2_ws/install/gwpspider_interfaces/include/gwpspider_interfaces/gwpspider_interfaces/srv/move_gripper.hpp
[0.796s] -- Installing: /home/spider/ros2_ws/install/gwpspider_interfaces/include/gwpspider_interfaces/gwpspider_interfaces/srv/reboot_motors.hpp
[0.796s] -- Installing: /home/spider/ros2_ws/install/gwpspider_interfaces/include/gwpspider_interfaces/gwpspider_interfaces/srv/apply_force_leg.hpp
[0.796s] -- Installing: /home/spider/ros2_ws/install/gwpspider_interfaces/include/gwpspider_interfaces/gwpspider_interfaces/srv/get_walking_instructions.hpp
[0.796s] -- Installing: /home/spider/ros2_ws/install/gwpspider_interfaces/include/gwpspider_interfaces/gwpspider_interfaces/srv/move_leg.hpp
[0.796s] -- Installing: /home/spider/ros2_ws/install/gwpspider_interfaces/include/gwpspider_interfaces/gwpspider_interfaces/srv/get_leg_trajectory.hpp
[0.796s] -- Up-to-date: /home/spider/ros2_ws/install/gwpspider_interfaces/include/gwpspider_interfaces/gwpspider_interfaces/srv/detail
[0.796s] -- Installing: /home/spider/ros2_ws/install/gwpspider_interfaces/include/gwpspider_interfaces/gwpspider_interfaces/srv/detail/reboot_motors__builder.hpp
[0.796s] -- Installing: /home/spider/ros2_ws/install/gwpspider_interfaces/include/gwpspider_interfaces/gwpspider_interfaces/srv/detail/reboot_motors__traits.hpp
[0.796s] -- Installing: /home/spider/ros2_ws/install/gwpspider_interfaces/include/gwpspider_interfaces/gwpspider_interfaces/srv/detail/control_water_pump__builder.hpp
[0.797s] -- Installing: /home/spider/ros2_ws/install/gwpspider_interfaces/include/gwpspider_interfaces/gwpspider_interfaces/srv/detail/distribute_forces__struct.hpp
[0.797s] -- Installing: /home/spider/ros2_ws/install/gwpspider_interfaces/include/gwpspider_interfaces/gwpspider_interfaces/srv/detail/toggle_motors_torque__struct.hpp
[0.797s] -- Installing: /home/spider/ros2_ws/install/gwpspider_interfaces/include/gwpspider_interfaces/gwpspider_interfaces/srv/detail/set_bus_watchdog__struct.hpp
[0.797s] -- Installing: /home/spider/ros2_ws/install/gwpspider_interfaces/include/gwpspider_interfaces/gwpspider_interfaces/srv/detail/move_leg_velocity_mode__builder.hpp
[0.797s] -- Installing: /home/spider/ros2_ws/install/gwpspider_interfaces/include/gwpspider_interfaces/gwpspider_interfaces/srv/detail/set_bus_watchdog__builder.hpp
[0.797s] -- Installing: /home/spider/ros2_ws/install/gwpspider_interfaces/include/gwpspider_interfaces/gwpspider_interfaces/srv/detail/move_leg_velocity_mode__traits.hpp
[0.797s] -- Installing: /home/spider/ros2_ws/install/gwpspider_interfaces/include/gwpspider_interfaces/gwpspider_interfaces/srv/detail/toggle_additional_controller_mode__traits.hpp
[0.797s] -- Installing: /home/spider/ros2_ws/install/gwpspider_interfaces/include/gwpspider_interfaces/gwpspider_interfaces/srv/detail/spider_goal__builder.hpp
[0.797s] -- Installing: /home/spider/ros2_ws/install/gwpspider_interfaces/include/gwpspider_interfaces/gwpspider_interfaces/srv/detail/control_water_pump__struct.hpp
[0.797s] -- Installing: /home/spider/ros2_ws/install/gwpspider_interfaces/include/gwpspider_interfaces/gwpspider_interfaces/srv/detail/get_walking_instructions__struct.hpp
[0.798s] -- Installing: /home/spider/ros2_ws/install/gwpspider_interfaces/include/gwpspider_interfaces/gwpspider_interfaces/srv/detail/apply_force_leg__struct.hpp
[0.798s] -- Installing: /home/spider/ros2_ws/install/gwpspider_interfaces/include/gwpspider_interfaces/gwpspider_interfaces/srv/detail/move_gripper__builder.hpp
[0.798s] -- Installing: /home/spider/ros2_ws/install/gwpspider_interfaces/include/gwpspider_interfaces/gwpspider_interfaces/srv/detail/get_walking_instructions__builder.hpp
[0.798s] -- Installing: /home/spider/ros2_ws/install/gwpspider_interfaces/include/gwpspider_interfaces/gwpspider_interfaces/srv/detail/toggle_additional_controller_mode__builder.hpp
[0.798s] -- Installing: /home/spider/ros2_ws/install/gwpspider_interfaces/include/gwpspider_interfaces/gwpspider_interfaces/srv/detail/get_leg_trajectory__builder.hpp
[0.798s] -- Installing: /home/spider/ros2_ws/install/gwpspider_interfaces/include/gwpspider_interfaces/gwpspider_interfaces/srv/detail/toggle_controller__struct.hpp
[0.798s] -- Installing: /home/spider/ros2_ws/install/gwpspider_interfaces/include/gwpspider_interfaces/gwpspider_interfaces/srv/detail/move_leg__traits.hpp
[0.798s] -- Installing: /home/spider/ros2_ws/install/gwpspider_interfaces/include/gwpspider_interfaces/gwpspider_interfaces/srv/detail/init_bno__builder.hpp
[0.798s] -- Installing: /home/spider/ros2_ws/install/gwpspider_interfaces/include/gwpspider_interfaces/gwpspider_interfaces/srv/detail/toggle_motors_torque__traits.hpp
[0.799s] -- Installing: /home/spider/ros2_ws/install/gwpspider_interfaces/include/gwpspider_interfaces/gwpspider_interfaces/srv/detail/move_leg__builder.hpp
[0.799s] -- Installing: /home/spider/ros2_ws/install/gwpspider_interfaces/include/gwpspider_interfaces/gwpspider_interfaces/srv/detail/get_leg_trajectory__traits.hpp
[0.799s] -- Installing: /home/spider/ros2_ws/install/gwpspider_interfaces/include/gwpspider_interfaces/gwpspider_interfaces/srv/detail/get_modified_walking_instructions__builder.hpp
[0.799s] -- Installing: /home/spider/ros2_ws/install/gwpspider_interfaces/include/gwpspider_interfaces/gwpspider_interfaces/srv/detail/get_leg_trajectory__struct.hpp
[0.799s] -- Installing: /home/spider/ros2_ws/install/gwpspider_interfaces/include/gwpspider_interfaces/gwpspider_interfaces/srv/detail/toggle_controller__traits.hpp
[0.799s] -- Installing: /home/spider/ros2_ws/install/gwpspider_interfaces/include/gwpspider_interfaces/gwpspider_interfaces/srv/detail/get_modified_walking_instructions__traits.hpp
[0.799s] -- Installing: /home/spider/ros2_ws/install/gwpspider_interfaces/include/gwpspider_interfaces/gwpspider_interfaces/srv/detail/toggle_motors_torque__builder.hpp
[0.799s] -- Installing: /home/spider/ros2_ws/install/gwpspider_interfaces/include/gwpspider_interfaces/gwpspider_interfaces/srv/detail/toggle_additional_controller_mode__struct.hpp
[0.799s] -- Installing: /home/spider/ros2_ws/install/gwpspider_interfaces/include/gwpspider_interfaces/gwpspider_interfaces/srv/detail/get_spider_pose__builder.hpp
[0.799s] -- Installing: /home/spider/ros2_ws/install/gwpspider_interfaces/include/gwpspider_interfaces/gwpspider_interfaces/srv/detail/move_spider__traits.hpp
[0.800s] -- Installing: /home/spider/ros2_ws/install/gwpspider_interfaces/include/gwpspider_interfaces/gwpspider_interfaces/srv/detail/toggle_controller__builder.hpp
[0.800s] -- Installing: /home/spider/ros2_ws/install/gwpspider_interfaces/include/gwpspider_interfaces/gwpspider_interfaces/srv/detail/move_spider__builder.hpp
[0.800s] -- Installing: /home/spider/ros2_ws/install/gwpspider_interfaces/include/gwpspider_interfaces/gwpspider_interfaces/srv/detail/apply_force_leg__builder.hpp
[0.800s] -- Installing: /home/spider/ros2_ws/install/gwpspider_interfaces/include/gwpspider_interfaces/gwpspider_interfaces/srv/detail/get_modified_walking_instructions__struct.hpp
[0.800s] -- Installing: /home/spider/ros2_ws/install/gwpspider_interfaces/include/gwpspider_interfaces/gwpspider_interfaces/srv/detail/get_spider_pose__traits.hpp
[0.800s] -- Installing: /home/spider/ros2_ws/install/gwpspider_interfaces/include/gwpspider_interfaces/gwpspider_interfaces/srv/detail/set_bus_watchdog__traits.hpp
[0.800s] -- Installing: /home/spider/ros2_ws/install/gwpspider_interfaces/include/gwpspider_interfaces/gwpspider_interfaces/srv/detail/init_bno__struct.hpp
[0.800s] -- Installing: /home/spider/ros2_ws/install/gwpspider_interfaces/include/gwpspider_interfaces/gwpspider_interfaces/srv/detail/get_spider_pose__struct.hpp
[0.800s] -- Installing: /home/spider/ros2_ws/install/gwpspider_interfaces/include/gwpspider_interfaces/gwpspider_interfaces/srv/detail/distribute_forces__builder.hpp
[0.800s] -- Installing: /home/spider/ros2_ws/install/gwpspider_interfaces/include/gwpspider_interfaces/gwpspider_interfaces/srv/detail/distribute_forces__traits.hpp
[0.801s] -- Installing: /home/spider/ros2_ws/install/gwpspider_interfaces/include/gwpspider_interfaces/gwpspider_interfaces/srv/detail/move_gripper__struct.hpp
[0.801s] -- Installing: /home/spider/ros2_ws/install/gwpspider_interfaces/include/gwpspider_interfaces/gwpspider_interfaces/srv/detail/spider_goal__struct.hpp
[0.801s] -- Installing: /home/spider/ros2_ws/install/gwpspider_interfaces/include/gwpspider_interfaces/gwpspider_interfaces/srv/detail/move_gripper__traits.hpp
[0.801s] -- Installing: /home/spider/ros2_ws/install/gwpspider_interfaces/include/gwpspider_interfaces/gwpspider_interfaces/srv/detail/move_leg_velocity_mode__struct.hpp
[0.801s] -- Installing: /home/spider/ros2_ws/install/gwpspider_interfaces/include/gwpspider_interfaces/gwpspider_interfaces/srv/detail/apply_force_leg__traits.hpp
[0.801s] -- Installing: /home/spider/ros2_ws/install/gwpspider_interfaces/include/gwpspider_interfaces/gwpspider_interfaces/srv/detail/get_walking_instructions__traits.hpp
[0.801s] -- Installing: /home/spider/ros2_ws/install/gwpspider_interfaces/include/gwpspider_interfaces/gwpspider_interfaces/srv/detail/init_bno__traits.hpp
[0.801s] -- Installing: /home/spider/ros2_ws/install/gwpspider_interfaces/include/gwpspider_interfaces/gwpspider_interfaces/srv/detail/reboot_motors__struct.hpp
[0.802s] -- Installing: /home/spider/ros2_ws/install/gwpspider_interfaces/include/gwpspider_interfaces/gwpspider_interfaces/srv/detail/move_leg__struct.hpp
[0.802s] -- Installing: /home/spider/ros2_ws/install/gwpspider_interfaces/include/gwpspider_interfaces/gwpspider_interfaces/srv/detail/control_water_pump__traits.hpp
[0.802s] -- Installing: /home/spider/ros2_ws/install/gwpspider_interfaces/include/gwpspider_interfaces/gwpspider_interfaces/srv/detail/move_spider__struct.hpp
[0.802s] -- Installing: /home/spider/ros2_ws/install/gwpspider_interfaces/include/gwpspider_interfaces/gwpspider_interfaces/srv/detail/spider_goal__traits.hpp
[0.802s] -- Installing: /home/spider/ros2_ws/install/gwpspider_interfaces/include/gwpspider_interfaces/gwpspider_interfaces/srv/toggle_motors_torque.hpp
[0.802s] -- Installing: /home/spider/ros2_ws/install/gwpspider_interfaces/include/gwpspider_interfaces/gwpspider_interfaces/srv/spider_goal.hpp
[0.802s] -- Installing: /home/spider/ros2_ws/install/gwpspider_interfaces/include/gwpspider_interfaces/gwpspider_interfaces/srv/toggle_controller.hpp
[0.802s] -- Installing: /home/spider/ros2_ws/install/gwpspider_interfaces/include/gwpspider_interfaces/gwpspider_interfaces/srv/toggle_additional_controller_mode.hpp
[0.802s] -- Installing: /home/spider/ros2_ws/install/gwpspider_interfaces/include/gwpspider_interfaces/gwpspider_interfaces/srv/set_bus_watchdog.hpp
[0.803s] -- Installing: /home/spider/ros2_ws/install/gwpspider_interfaces/include/gwpspider_interfaces/gwpspider_interfaces/srv/get_modified_walking_instructions.hpp
[0.803s] -- Installing: /home/spider/ros2_ws/install/gwpspider_interfaces/include/gwpspider_interfaces/gwpspider_interfaces/srv/distribute_forces.hpp
[0.803s] -- Installing: /home/spider/ros2_ws/install/gwpspider_interfaces/include/gwpspider_interfaces/gwpspider_interfaces/srv/get_spider_pose.hpp
[0.803s] -- Up-to-date: /home/spider/ros2_ws/install/gwpspider_interfaces/include/gwpspider_interfaces/gwpspider_interfaces
[0.803s] -- Up-to-date: /home/spider/ros2_ws/install/gwpspider_interfaces/include/gwpspider_interfaces/gwpspider_interfaces/msg
[0.803s] -- Up-to-date: /home/spider/ros2_ws/install/gwpspider_interfaces/include/gwpspider_interfaces/gwpspider_interfaces/msg/detail
[0.803s] -- Installing: /home/spider/ros2_ws/install/gwpspider_interfaces/include/gwpspider_interfaces/gwpspider_interfaces/msg/detail/legs_states__rosidl_typesupport_fastrtps_cpp.hpp
[0.803s] -- Installing: /home/spider/ros2_ws/install/gwpspider_interfaces/include/gwpspider_interfaces/gwpspider_interfaces/msg/detail/leg_trajectory__rosidl_typesupport_fastrtps_cpp.hpp
[0.803s] -- Installing: /home/spider/ros2_ws/install/gwpspider_interfaces/include/gwpspider_interfaces/gwpspider_interfaces/msg/detail/gripper_state__rosidl_typesupport_fastrtps_cpp.hpp
[0.803s] -- Installing: /home/spider/ros2_ws/install/gwpspider_interfaces/include/gwpspider_interfaces/gwpspider_interfaces/msg/detail/grippers_states__rosidl_typesupport_fastrtps_cpp.hpp
[0.803s] -- Installing: /home/spider/ros2_ws/install/gwpspider_interfaces/include/gwpspider_interfaces/gwpspider_interfaces/msg/detail/walking_instructions__rosidl_typesupport_fastrtps_cpp.hpp
[0.804s] -- Installing: /home/spider/ros2_ws/install/gwpspider_interfaces/include/gwpspider_interfaces/gwpspider_interfaces/msg/detail/gripper_command__rosidl_typesupport_fastrtps_cpp.hpp
[0.804s] -- Installing: /home/spider/ros2_ws/install/gwpspider_interfaces/include/gwpspider_interfaces/gwpspider_interfaces/msg/detail/water_pump_command__rosidl_typesupport_fastrtps_cpp.hpp
[0.804s] -- Installing: /home/spider/ros2_ws/install/gwpspider_interfaces/include/gwpspider_interfaces/gwpspider_interfaces/msg/detail/bno_data__rosidl_typesupport_fastrtps_cpp.hpp
[0.804s] -- Installing: /home/spider/ros2_ws/install/gwpspider_interfaces/include/gwpspider_interfaces/gwpspider_interfaces/msg/detail/dynamixel_motors_data__rosidl_typesupport_fastrtps_cpp.hpp
[0.804s] -- Installing: /home/spider/ros2_ws/install/gwpspider_interfaces/include/gwpspider_interfaces/gwpspider_interfaces/msg/detail/dds_fastrtps
[0.804s] -- Installing: /home/spider/ros2_ws/install/gwpspider_interfaces/include/gwpspider_interfaces/gwpspider_interfaces/msg/rosidl_typesupport_fastrtps_cpp__visibility_control.h
[0.804s] -- Up-to-date: /home/spider/ros2_ws/install/gwpspider_interfaces/include/gwpspider_interfaces/gwpspider_interfaces/srv
[0.804s] -- Up-to-date: /home/spider/ros2_ws/install/gwpspider_interfaces/include/gwpspider_interfaces/gwpspider_interfaces/srv/detail
[0.804s] -- Installing: /home/spider/ros2_ws/install/gwpspider_interfaces/include/gwpspider_interfaces/gwpspider_interfaces/srv/detail/get_spider_pose__rosidl_typesupport_fastrtps_cpp.hpp
[0.804s] -- Installing: /home/spider/ros2_ws/install/gwpspider_interfaces/include/gwpspider_interfaces/gwpspider_interfaces/srv/detail/distribute_forces__rosidl_typesupport_fastrtps_cpp.hpp
[0.805s] -- Installing: /home/spider/ros2_ws/install/gwpspider_interfaces/include/gwpspider_interfaces/gwpspider_interfaces/srv/detail/control_water_pump__rosidl_typesupport_fastrtps_cpp.hpp
[0.805s] -- Installing: /home/spider/ros2_ws/install/gwpspider_interfaces/include/gwpspider_interfaces/gwpspider_interfaces/srv/detail/toggle_motors_torque__rosidl_typesupport_fastrtps_cpp.hpp
[0.805s] -- Installing: /home/spider/ros2_ws/install/gwpspider_interfaces/include/gwpspider_interfaces/gwpspider_interfaces/srv/detail/get_walking_instructions__rosidl_typesupport_fastrtps_cpp.hpp
[0.805s] -- Installing: /home/spider/ros2_ws/install/gwpspider_interfaces/include/gwpspider_interfaces/gwpspider_interfaces/srv/detail/reboot_motors__rosidl_typesupport_fastrtps_cpp.hpp
[0.805s] -- Installing: /home/spider/ros2_ws/install/gwpspider_interfaces/include/gwpspider_interfaces/gwpspider_interfaces/srv/detail/get_modified_walking_instructions__rosidl_typesupport_fastrtps_cpp.hpp
[0.805s] -- Installing: /home/spider/ros2_ws/install/gwpspider_interfaces/include/gwpspider_interfaces/gwpspider_interfaces/srv/detail/apply_force_leg__rosidl_typesupport_fastrtps_cpp.hpp
[0.805s] -- Installing: /home/spider/ros2_ws/install/gwpspider_interfaces/include/gwpspider_interfaces/gwpspider_interfaces/srv/detail/toggle_additional_controller_mode__rosidl_typesupport_fastrtps_cpp.hpp
[0.805s] -- Installing: /home/spider/ros2_ws/install/gwpspider_interfaces/include/gwpspider_interfaces/gwpspider_interfaces/srv/detail/move_gripper__rosidl_typesupport_fastrtps_cpp.hpp
[0.805s] -- Installing: /home/spider/ros2_ws/install/gwpspider_interfaces/include/gwpspider_interfaces/gwpspider_interfaces/srv/detail/move_spider__rosidl_typesupport_fastrtps_cpp.hpp
[0.806s] -- Installing: /home/spider/ros2_ws/install/gwpspider_interfaces/include/gwpspider_interfaces/gwpspider_interfaces/srv/detail/set_bus_watchdog__rosidl_typesupport_fastrtps_cpp.hpp
[0.806s] -- Installing: /home/spider/ros2_ws/install/gwpspider_interfaces/include/gwpspider_interfaces/gwpspider_interfaces/srv/detail/spider_goal__rosidl_typesupport_fastrtps_cpp.hpp
[0.806s] -- Installing: /home/spider/ros2_ws/install/gwpspider_interfaces/include/gwpspider_interfaces/gwpspider_interfaces/srv/detail/toggle_controller__rosidl_typesupport_fastrtps_cpp.hpp
[0.806s] -- Installing: /home/spider/ros2_ws/install/gwpspider_interfaces/include/gwpspider_interfaces/gwpspider_interfaces/srv/detail/move_leg_velocity_mode__rosidl_typesupport_fastrtps_cpp.hpp
[0.806s] -- Installing: /home/spider/ros2_ws/install/gwpspider_interfaces/include/gwpspider_interfaces/gwpspider_interfaces/srv/detail/get_leg_trajectory__rosidl_typesupport_fastrtps_cpp.hpp
[0.806s] -- Installing: /home/spider/ros2_ws/install/gwpspider_interfaces/include/gwpspider_interfaces/gwpspider_interfaces/srv/detail/move_leg__rosidl_typesupport_fastrtps_cpp.hpp
[0.806s] -- Installing: /home/spider/ros2_ws/install/gwpspider_interfaces/include/gwpspider_interfaces/gwpspider_interfaces/srv/detail/init_bno__rosidl_typesupport_fastrtps_cpp.hpp
[0.806s] -- Installing: /home/spider/ros2_ws/install/gwpspider_interfaces/include/gwpspider_interfaces/gwpspider_interfaces/srv/detail/dds_fastrtps
[0.806s] -- Installing: /home/spider/ros2_ws/install/gwpspider_interfaces/lib/libgwpspider_interfaces__rosidl_typesupport_fastrtps_cpp.so
[0.806s] -- Set runtime path of "/home/spider/ros2_ws/install/gwpspider_interfaces/lib/libgwpspider_interfaces__rosidl_typesupport_fastrtps_cpp.so" to ""
[0.807s] -- Up-to-date: /home/spider/ros2_ws/install/gwpspider_interfaces/include/gwpspider_interfaces/gwpspider_interfaces
[0.807s] -- Up-to-date: /home/spider/ros2_ws/install/gwpspider_interfaces/include/gwpspider_interfaces/gwpspider_interfaces/msg
[0.807s] -- Installing: /home/spider/ros2_ws/install/gwpspider_interfaces/include/gwpspider_interfaces/gwpspider_interfaces/msg/rosidl_typesupport_introspection_c__visibility_control.h
[0.807s] -- Up-to-date: /home/spider/ros2_ws/install/gwpspider_interfaces/include/gwpspider_interfaces/gwpspider_interfaces/msg/detail
[0.807s] -- Installing: /home/spider/ros2_ws/install/gwpspider_interfaces/include/gwpspider_interfaces/gwpspider_interfaces/msg/detail/water_pump_command__rosidl_typesupport_introspection_c.h
[0.807s] -- Installing: /home/spider/ros2_ws/install/gwpspider_interfaces/include/gwpspider_interfaces/gwpspider_interfaces/msg/detail/gripper_command__type_support.c
[0.807s] -- Installing: /home/spider/ros2_ws/install/gwpspider_interfaces/include/gwpspider_interfaces/gwpspider_interfaces/msg/detail/water_pump_command__type_support.c
[0.807s] -- Installing: /home/spider/ros2_ws/install/gwpspider_interfaces/include/gwpspider_interfaces/gwpspider_interfaces/msg/detail/grippers_states__type_support.c
[0.807s] -- Installing: /home/spider/ros2_ws/install/gwpspider_interfaces/include/gwpspider_interfaces/gwpspider_interfaces/msg/detail/legs_states__rosidl_typesupport_introspection_c.h
[0.807s] -- Installing: /home/spider/ros2_ws/install/gwpspider_interfaces/include/gwpspider_interfaces/gwpspider_interfaces/msg/detail/gripper_state__type_support.c
[0.808s] -- Installing: /home/spider/ros2_ws/install/gwpspider_interfaces/include/gwpspider_interfaces/gwpspider_interfaces/msg/detail/grippers_states__rosidl_typesupport_introspection_c.h
[0.808s] -- Installing: /home/spider/ros2_ws/install/gwpspider_interfaces/include/gwpspider_interfaces/gwpspider_interfaces/msg/detail/leg_trajectory__type_support.c
[0.808s] -- Installing: /home/spider/ros2_ws/install/gwpspider_interfaces/include/gwpspider_interfaces/gwpspider_interfaces/msg/detail/legs_states__type_support.c
[0.808s] -- Installing: /home/spider/ros2_ws/install/gwpspider_interfaces/include/gwpspider_interfaces/gwpspider_interfaces/msg/detail/dynamixel_motors_data__rosidl_typesupport_introspection_c.h
[0.808s] -- Installing: /home/spider/ros2_ws/install/gwpspider_interfaces/include/gwpspider_interfaces/gwpspider_interfaces/msg/detail/walking_instructions__type_support.c
[0.808s] -- Installing: /home/spider/ros2_ws/install/gwpspider_interfaces/include/gwpspider_interfaces/gwpspider_interfaces/msg/detail/bno_data__rosidl_typesupport_introspection_c.h
[0.808s] -- Installing: /home/spider/ros2_ws/install/gwpspider_interfaces/include/gwpspider_interfaces/gwpspider_interfaces/msg/detail/gripper_state__rosidl_typesupport_introspection_c.h
[0.808s] -- Installing: /home/spider/ros2_ws/install/gwpspider_interfaces/include/gwpspider_interfaces/gwpspider_interfaces/msg/detail/gripper_command__rosidl_typesupport_introspection_c.h
[0.808s] -- Installing: /home/spider/ros2_ws/install/gwpspider_interfaces/include/gwpspider_interfaces/gwpspider_interfaces/msg/detail/bno_data__type_support.c
[0.808s] -- Installing: /home/spider/ros2_ws/install/gwpspider_interfaces/include/gwpspider_interfaces/gwpspider_interfaces/msg/detail/leg_trajectory__rosidl_typesupport_introspection_c.h
[0.809s] -- Installing: /home/spider/ros2_ws/install/gwpspider_interfaces/include/gwpspider_interfaces/gwpspider_interfaces/msg/detail/dynamixel_motors_data__type_support.c
[0.809s] -- Installing: /home/spider/ros2_ws/install/gwpspider_interfaces/include/gwpspider_interfaces/gwpspider_interfaces/msg/detail/walking_instructions__rosidl_typesupport_introspection_c.h
[0.809s] -- Up-to-date: /home/spider/ros2_ws/install/gwpspider_interfaces/include/gwpspider_interfaces/gwpspider_interfaces/srv
[0.809s] -- Up-to-date: /home/spider/ros2_ws/install/gwpspider_interfaces/include/gwpspider_interfaces/gwpspider_interfaces/srv/detail
[0.809s] -- Installing: /home/spider/ros2_ws/install/gwpspider_interfaces/include/gwpspider_interfaces/gwpspider_interfaces/srv/detail/get_leg_trajectory__rosidl_typesupport_introspection_c.h
[0.809s] -- Installing: /home/spider/ros2_ws/install/gwpspider_interfaces/include/gwpspider_interfaces/gwpspider_interfaces/srv/detail/init_bno__type_support.c
[0.809s] -- Installing: /home/spider/ros2_ws/install/gwpspider_interfaces/include/gwpspider_interfaces/gwpspider_interfaces/srv/detail/distribute_forces__type_support.c
[0.809s] -- Installing: /home/spider/ros2_ws/install/gwpspider_interfaces/include/gwpspider_interfaces/gwpspider_interfaces/srv/detail/spider_goal__rosidl_typesupport_introspection_c.h
[0.810s] -- Installing: /home/spider/ros2_ws/install/gwpspider_interfaces/include/gwpspider_interfaces/gwpspider_interfaces/srv/detail/set_bus_watchdog__rosidl_typesupport_introspection_c.h
[0.810s] -- Installing: /home/spider/ros2_ws/install/gwpspider_interfaces/include/gwpspider_interfaces/gwpspider_interfaces/srv/detail/control_water_pump__rosidl_typesupport_introspection_c.h
[0.810s] -- Installing: /home/spider/ros2_ws/install/gwpspider_interfaces/include/gwpspider_interfaces/gwpspider_interfaces/srv/detail/toggle_additional_controller_mode__rosidl_typesupport_introspection_c.h
[0.810s] -- Installing: /home/spider/ros2_ws/install/gwpspider_interfaces/include/gwpspider_interfaces/gwpspider_interfaces/srv/detail/get_modified_walking_instructions__type_support.c
[0.810s] -- Installing: /home/spider/ros2_ws/install/gwpspider_interfaces/include/gwpspider_interfaces/gwpspider_interfaces/srv/detail/toggle_motors_torque__rosidl_typesupport_introspection_c.h
[0.810s] -- Installing: /home/spider/ros2_ws/install/gwpspider_interfaces/include/gwpspider_interfaces/gwpspider_interfaces/srv/detail/init_bno__rosidl_typesupport_introspection_c.h
[0.810s] -- Installing: /home/spider/ros2_ws/install/gwpspider_interfaces/include/gwpspider_interfaces/gwpspider_interfaces/srv/detail/get_spider_pose__rosidl_typesupport_introspection_c.h
[0.810s] -- Installing: /home/spider/ros2_ws/install/gwpspider_interfaces/include/gwpspider_interfaces/gwpspider_interfaces/srv/detail/move_spider__type_support.c
[0.810s] -- Installing: /home/spider/ros2_ws/install/gwpspider_interfaces/include/gwpspider_interfaces/gwpspider_interfaces/srv/detail/move_leg_velocity_mode__type_support.c
[0.811s] -- Installing: /home/spider/ros2_ws/install/gwpspider_interfaces/include/gwpspider_interfaces/gwpspider_interfaces/srv/detail/reboot_motors__rosidl_typesupport_introspection_c.h
[0.811s] -- Installing: /home/spider/ros2_ws/install/gwpspider_interfaces/include/gwpspider_interfaces/gwpspider_interfaces/srv/detail/get_leg_trajectory__type_support.c
[0.811s] -- Installing: /home/spider/ros2_ws/install/gwpspider_interfaces/include/gwpspider_interfaces/gwpspider_interfaces/srv/detail/toggle_additional_controller_mode__type_support.c
[0.811s] -- Installing: /home/spider/ros2_ws/install/gwpspider_interfaces/include/gwpspider_interfaces/gwpspider_interfaces/srv/detail/get_spider_pose__type_support.c
[0.811s] -- Installing: /home/spider/ros2_ws/install/gwpspider_interfaces/include/gwpspider_interfaces/gwpspider_interfaces/srv/detail/control_water_pump__type_support.c
[0.811s] -- Installing: /home/spider/ros2_ws/install/gwpspider_interfaces/include/gwpspider_interfaces/gwpspider_interfaces/srv/detail/move_gripper__type_support.c
[0.811s] -- Installing: /home/spider/ros2_ws/install/gwpspider_interfaces/include/gwpspider_interfaces/gwpspider_interfaces/srv/detail/move_leg__type_support.c
[0.811s] -- Installing: /home/spider/ros2_ws/install/gwpspider_interfaces/include/gwpspider_interfaces/gwpspider_interfaces/srv/detail/apply_force_leg__rosidl_typesupport_introspection_c.h
[0.811s] -- Installing: /home/spider/ros2_ws/install/gwpspider_interfaces/include/gwpspider_interfaces/gwpspider_interfaces/srv/detail/get_walking_instructions__type_support.c
[0.812s] -- Installing: /home/spider/ros2_ws/install/gwpspider_interfaces/include/gwpspider_interfaces/gwpspider_interfaces/srv/detail/move_leg_velocity_mode__rosidl_typesupport_introspection_c.h
[0.812s] -- Installing: /home/spider/ros2_ws/install/gwpspider_interfaces/include/gwpspider_interfaces/gwpspider_interfaces/srv/detail/toggle_motors_torque__type_support.c
[0.812s] -- Installing: /home/spider/ros2_ws/install/gwpspider_interfaces/include/gwpspider_interfaces/gwpspider_interfaces/srv/detail/set_bus_watchdog__type_support.c
[0.812s] -- Installing: /home/spider/ros2_ws/install/gwpspider_interfaces/include/gwpspider_interfaces/gwpspider_interfaces/srv/detail/move_leg__rosidl_typesupport_introspection_c.h
[0.812s] -- Installing: /home/spider/ros2_ws/install/gwpspider_interfaces/include/gwpspider_interfaces/gwpspider_interfaces/srv/detail/apply_force_leg__type_support.c
[0.812s] -- Installing: /home/spider/ros2_ws/install/gwpspider_interfaces/include/gwpspider_interfaces/gwpspider_interfaces/srv/detail/get_walking_instructions__rosidl_typesupport_introspection_c.h
[0.812s] -- Installing: /home/spider/ros2_ws/install/gwpspider_interfaces/include/gwpspider_interfaces/gwpspider_interfaces/srv/detail/toggle_controller__type_support.c
[0.812s] -- Installing: /home/spider/ros2_ws/install/gwpspider_interfaces/include/gwpspider_interfaces/gwpspider_interfaces/srv/detail/toggle_controller__rosidl_typesupport_introspection_c.h
[0.813s] -- Installing: /home/spider/ros2_ws/install/gwpspider_interfaces/include/gwpspider_interfaces/gwpspider_interfaces/srv/detail/reboot_motors__type_support.c
[0.813s] -- Installing: /home/spider/ros2_ws/install/gwpspider_interfaces/include/gwpspider_interfaces/gwpspider_interfaces/srv/detail/distribute_forces__rosidl_typesupport_introspection_c.h
[0.813s] -- Installing: /home/spider/ros2_ws/install/gwpspider_interfaces/include/gwpspider_interfaces/gwpspider_interfaces/srv/detail/spider_goal__type_support.c
[0.813s] -- Installing: /home/spider/ros2_ws/install/gwpspider_interfaces/include/gwpspider_interfaces/gwpspider_interfaces/srv/detail/move_gripper__rosidl_typesupport_introspection_c.h
[0.813s] -- Installing: /home/spider/ros2_ws/install/gwpspider_interfaces/include/gwpspider_interfaces/gwpspider_interfaces/srv/detail/get_modified_walking_instructions__rosidl_typesupport_introspection_c.h
[0.813s] -- Installing: /home/spider/ros2_ws/install/gwpspider_interfaces/include/gwpspider_interfaces/gwpspider_interfaces/srv/detail/move_spider__rosidl_typesupport_introspection_c.h
[0.813s] -- Installing: /home/spider/ros2_ws/install/gwpspider_interfaces/lib/libgwpspider_interfaces__rosidl_typesupport_introspection_c.so
[0.813s] -- Set runtime path of "/home/spider/ros2_ws/install/gwpspider_interfaces/lib/libgwpspider_interfaces__rosidl_typesupport_introspection_c.so" to ""
[0.814s] -- Installing: /home/spider/ros2_ws/install/gwpspider_interfaces/lib/libgwpspider_interfaces__rosidl_typesupport_c.so
[0.814s] -- Set runtime path of "/home/spider/ros2_ws/install/gwpspider_interfaces/lib/libgwpspider_interfaces__rosidl_typesupport_c.so" to ""
[0.814s] -- Up-to-date: /home/spider/ros2_ws/install/gwpspider_interfaces/include/gwpspider_interfaces/gwpspider_interfaces
[0.814s] -- Up-to-date: /home/spider/ros2_ws/install/gwpspider_interfaces/include/gwpspider_interfaces/gwpspider_interfaces/msg
[0.814s] -- Up-to-date: /home/spider/ros2_ws/install/gwpspider_interfaces/include/gwpspider_interfaces/gwpspider_interfaces/msg/detail
[0.814s] -- Installing: /home/spider/ros2_ws/install/gwpspider_interfaces/include/gwpspider_interfaces/gwpspider_interfaces/msg/detail/leg_trajectory__type_support.cpp
[0.814s] -- Installing: /home/spider/ros2_ws/install/gwpspider_interfaces/include/gwpspider_interfaces/gwpspider_interfaces/msg/detail/walking_instructions__rosidl_typesupport_introspection_cpp.hpp
[0.814s] -- Installing: /home/spider/ros2_ws/install/gwpspider_interfaces/include/gwpspider_interfaces/gwpspider_interfaces/msg/detail/walking_instructions__type_support.cpp
[0.814s] -- Installing: /home/spider/ros2_ws/install/gwpspider_interfaces/include/gwpspider_interfaces/gwpspider_interfaces/msg/detail/legs_states__rosidl_typesupport_introspection_cpp.hpp
[0.814s] -- Installing: /home/spider/ros2_ws/install/gwpspider_interfaces/include/gwpspider_interfaces/gwpspider_interfaces/msg/detail/legs_states__type_support.cpp
[0.815s] -- Installing: /home/spider/ros2_ws/install/gwpspider_interfaces/include/gwpspider_interfaces/gwpspider_interfaces/msg/detail/leg_trajectory__rosidl_typesupport_introspection_cpp.hpp
[0.815s] -- Installing: /home/spider/ros2_ws/install/gwpspider_interfaces/include/gwpspider_interfaces/gwpspider_interfaces/msg/detail/bno_data__type_support.cpp
[0.815s] -- Installing: /home/spider/ros2_ws/install/gwpspider_interfaces/include/gwpspider_interfaces/gwpspider_interfaces/msg/detail/dynamixel_motors_data__rosidl_typesupport_introspection_cpp.hpp
[0.815s] -- Installing: /home/spider/ros2_ws/install/gwpspider_interfaces/include/gwpspider_interfaces/gwpspider_interfaces/msg/detail/gripper_command__type_support.cpp
[0.815s] -- Installing: /home/spider/ros2_ws/install/gwpspider_interfaces/include/gwpspider_interfaces/gwpspider_interfaces/msg/detail/gripper_command__rosidl_typesupport_introspection_cpp.hpp
[0.815s] -- Installing: /home/spider/ros2_ws/install/gwpspider_interfaces/include/gwpspider_interfaces/gwpspider_interfaces/msg/detail/gripper_state__rosidl_typesupport_introspection_cpp.hpp
[0.815s] -- Installing: /home/spider/ros2_ws/install/gwpspider_interfaces/include/gwpspider_interfaces/gwpspider_interfaces/msg/detail/bno_data__rosidl_typesupport_introspection_cpp.hpp
[0.815s] -- Installing: /home/spider/ros2_ws/install/gwpspider_interfaces/include/gwpspider_interfaces/gwpspider_interfaces/msg/detail/water_pump_command__type_support.cpp
[0.815s] -- Installing: /home/spider/ros2_ws/install/gwpspider_interfaces/include/gwpspider_interfaces/gwpspider_interfaces/msg/detail/grippers_states__rosidl_typesupport_introspection_cpp.hpp
[0.815s] -- Installing: /home/spider/ros2_ws/install/gwpspider_interfaces/include/gwpspider_interfaces/gwpspider_interfaces/msg/detail/grippers_states__type_support.cpp
[0.815s] -- Installing: /home/spider/ros2_ws/install/gwpspider_interfaces/include/gwpspider_interfaces/gwpspider_interfaces/msg/detail/gripper_state__type_support.cpp
[0.816s] -- Installing: /home/spider/ros2_ws/install/gwpspider_interfaces/include/gwpspider_interfaces/gwpspider_interfaces/msg/detail/dynamixel_motors_data__type_support.cpp
[0.816s] -- Installing: /home/spider/ros2_ws/install/gwpspider_interfaces/include/gwpspider_interfaces/gwpspider_interfaces/msg/detail/water_pump_command__rosidl_typesupport_introspection_cpp.hpp
[0.816s] -- Up-to-date: /home/spider/ros2_ws/install/gwpspider_interfaces/include/gwpspider_interfaces/gwpspider_interfaces/srv
[0.816s] -- Up-to-date: /home/spider/ros2_ws/install/gwpspider_interfaces/include/gwpspider_interfaces/gwpspider_interfaces/srv/detail
[0.816s] -- Installing: /home/spider/ros2_ws/install/gwpspider_interfaces/include/gwpspider_interfaces/gwpspider_interfaces/srv/detail/set_bus_watchdog__type_support.cpp
[0.816s] -- Installing: /home/spider/ros2_ws/install/gwpspider_interfaces/include/gwpspider_interfaces/gwpspider_interfaces/srv/detail/move_leg_velocity_mode__type_support.cpp
[0.816s] -- Installing: /home/spider/ros2_ws/install/gwpspider_interfaces/include/gwpspider_interfaces/gwpspider_interfaces/srv/detail/toggle_additional_controller_mode__type_support.cpp
[0.816s] -- Installing: /home/spider/ros2_ws/install/gwpspider_interfaces/include/gwpspider_interfaces/gwpspider_interfaces/srv/detail/init_bno__type_support.cpp
[0.817s] -- Installing: /home/spider/ros2_ws/install/gwpspider_interfaces/include/gwpspider_interfaces/gwpspider_interfaces/srv/detail/move_spider__rosidl_typesupport_introspection_cpp.hpp
[0.817s] -- Installing: /home/spider/ros2_ws/install/gwpspider_interfaces/include/gwpspider_interfaces/gwpspider_interfaces/srv/detail/move_gripper__type_support.cpp
[0.817s] -- Installing: /home/spider/ros2_ws/install/gwpspider_interfaces/include/gwpspider_interfaces/gwpspider_interfaces/srv/detail/init_bno__rosidl_typesupport_introspection_cpp.hpp
[0.817s] -- Installing: /home/spider/ros2_ws/install/gwpspider_interfaces/include/gwpspider_interfaces/gwpspider_interfaces/srv/detail/get_leg_trajectory__rosidl_typesupport_introspection_cpp.hpp
[0.817s] -- Installing: /home/spider/ros2_ws/install/gwpspider_interfaces/include/gwpspider_interfaces/gwpspider_interfaces/srv/detail/control_water_pump__type_support.cpp
[0.817s] -- Installing: /home/spider/ros2_ws/install/gwpspider_interfaces/include/gwpspider_interfaces/gwpspider_interfaces/srv/detail/get_leg_trajectory__type_support.cpp
[0.817s] -- Installing: /home/spider/ros2_ws/install/gwpspider_interfaces/include/gwpspider_interfaces/gwpspider_interfaces/srv/detail/toggle_motors_torque__type_support.cpp
[0.817s] -- Installing: /home/spider/ros2_ws/install/gwpspider_interfaces/include/gwpspider_interfaces/gwpspider_interfaces/srv/detail/reboot_motors__rosidl_typesupport_introspection_cpp.hpp
[0.817s] -- Installing: /home/spider/ros2_ws/install/gwpspider_interfaces/include/gwpspider_interfaces/gwpspider_interfaces/srv/detail/set_bus_watchdog__rosidl_typesupport_introspection_cpp.hpp
[0.817s] -- Installing: /home/spider/ros2_ws/install/gwpspider_interfaces/include/gwpspider_interfaces/gwpspider_interfaces/srv/detail/get_walking_instructions__rosidl_typesupport_introspection_cpp.hpp
[0.818s] -- Installing: /home/spider/ros2_ws/install/gwpspider_interfaces/include/gwpspider_interfaces/gwpspider_interfaces/srv/detail/get_modified_walking_instructions__rosidl_typesupport_introspection_cpp.hpp
[0.818s] -- Installing: /home/spider/ros2_ws/install/gwpspider_interfaces/include/gwpspider_interfaces/gwpspider_interfaces/srv/detail/move_leg_velocity_mode__rosidl_typesupport_introspection_cpp.hpp
[0.818s] -- Installing: /home/spider/ros2_ws/install/gwpspider_interfaces/include/gwpspider_interfaces/gwpspider_interfaces/srv/detail/move_gripper__rosidl_typesupport_introspection_cpp.hpp
[0.818s] -- Installing: /home/spider/ros2_ws/install/gwpspider_interfaces/include/gwpspider_interfaces/gwpspider_interfaces/srv/detail/move_leg__type_support.cpp
[0.818s] -- Installing: /home/spider/ros2_ws/install/gwpspider_interfaces/include/gwpspider_interfaces/gwpspider_interfaces/srv/detail/toggle_motors_torque__rosidl_typesupport_introspection_cpp.hpp
[0.818s] -- Installing: /home/spider/ros2_ws/install/gwpspider_interfaces/include/gwpspider_interfaces/gwpspider_interfaces/srv/detail/spider_goal__rosidl_typesupport_introspection_cpp.hpp
[0.818s] -- Installing: /home/spider/ros2_ws/install/gwpspider_interfaces/include/gwpspider_interfaces/gwpspider_interfaces/srv/detail/move_leg__rosidl_typesupport_introspection_cpp.hpp
[0.818s] -- Installing: /home/spider/ros2_ws/install/gwpspider_interfaces/include/gwpspider_interfaces/gwpspider_interfaces/srv/detail/distribute_forces__type_support.cpp
[0.818s] -- Installing: /home/spider/ros2_ws/install/gwpspider_interfaces/include/gwpspider_interfaces/gwpspider_interfaces/srv/detail/apply_force_leg__rosidl_typesupport_introspection_cpp.hpp
[0.818s] -- Installing: /home/spider/ros2_ws/install/gwpspider_interfaces/include/gwpspider_interfaces/gwpspider_interfaces/srv/detail/get_spider_pose__type_support.cpp
[0.819s] -- Installing: /home/spider/ros2_ws/install/gwpspider_interfaces/include/gwpspider_interfaces/gwpspider_interfaces/srv/detail/apply_force_leg__type_support.cpp
[0.819s] -- Installing: /home/spider/ros2_ws/install/gwpspider_interfaces/include/gwpspider_interfaces/gwpspider_interfaces/srv/detail/spider_goal__type_support.cpp
[0.819s] -- Installing: /home/spider/ros2_ws/install/gwpspider_interfaces/include/gwpspider_interfaces/gwpspider_interfaces/srv/detail/get_spider_pose__rosidl_typesupport_introspection_cpp.hpp
[0.819s] -- Installing: /home/spider/ros2_ws/install/gwpspider_interfaces/include/gwpspider_interfaces/gwpspider_interfaces/srv/detail/distribute_forces__rosidl_typesupport_introspection_cpp.hpp
[0.819s] -- Installing: /home/spider/ros2_ws/install/gwpspider_interfaces/include/gwpspider_interfaces/gwpspider_interfaces/srv/detail/toggle_controller__rosidl_typesupport_introspection_cpp.hpp
[0.819s] -- Installing: /home/spider/ros2_ws/install/gwpspider_interfaces/include/gwpspider_interfaces/gwpspider_interfaces/srv/detail/toggle_additional_controller_mode__rosidl_typesupport_introspection_cpp.hpp
[0.819s] -- Installing: /home/spider/ros2_ws/install/gwpspider_interfaces/include/gwpspider_interfaces/gwpspider_interfaces/srv/detail/get_walking_instructions__type_support.cpp
[0.819s] -- Installing: /home/spider/ros2_ws/install/gwpspider_interfaces/include/gwpspider_interfaces/gwpspider_interfaces/srv/detail/reboot_motors__type_support.cpp
[0.819s] -- Installing: /home/spider/ros2_ws/install/gwpspider_interfaces/include/gwpspider_interfaces/gwpspider_interfaces/srv/detail/move_spider__type_support.cpp
[0.819s] -- Installing: /home/spider/ros2_ws/install/gwpspider_interfaces/include/gwpspider_interfaces/gwpspider_interfaces/srv/detail/get_modified_walking_instructions__type_support.cpp
[0.819s] -- Installing: /home/spider/ros2_ws/install/gwpspider_interfaces/include/gwpspider_interfaces/gwpspider_interfaces/srv/detail/control_water_pump__rosidl_typesupport_introspection_cpp.hpp
[0.819s] -- Installing: /home/spider/ros2_ws/install/gwpspider_interfaces/include/gwpspider_interfaces/gwpspider_interfaces/srv/detail/toggle_controller__type_support.cpp
[0.820s] -- Installing: /home/spider/ros2_ws/install/gwpspider_interfaces/lib/libgwpspider_interfaces__rosidl_typesupport_introspection_cpp.so
[0.820s] -- Set runtime path of "/home/spider/ros2_ws/install/gwpspider_interfaces/lib/libgwpspider_interfaces__rosidl_typesupport_introspection_cpp.so" to ""
[0.820s] -- Installing: /home/spider/ros2_ws/install/gwpspider_interfaces/lib/libgwpspider_interfaces__rosidl_typesupport_cpp.so
[0.820s] -- Set runtime path of "/home/spider/ros2_ws/install/gwpspider_interfaces/lib/libgwpspider_interfaces__rosidl_typesupport_cpp.so" to ""
[0.820s] -- Installing: /home/spider/ros2_ws/install/gwpspider_interfaces/share/gwpspider_interfaces/msg/GripperCommand.idl
[0.820s] -- Installing: /home/spider/ros2_ws/install/gwpspider_interfaces/share/gwpspider_interfaces/msg/WaterPumpCommand.idl
[0.820s] -- Installing: /home/spider/ros2_ws/install/gwpspider_interfaces/share/gwpspider_interfaces/msg/BnoData.idl
[0.820s] -- Installing: /home/spider/ros2_ws/install/gwpspider_interfaces/share/gwpspider_interfaces/msg/DynamixelMotorsData.idl
[0.820s] -- Installing: /home/spider/ros2_ws/install/gwpspider_interfaces/share/gwpspider_interfaces/msg/WalkingInstructions.idl
[0.820s] -- Installing: /home/spider/ros2_ws/install/gwpspider_interfaces/share/gwpspider_interfaces/msg/LegTrajectory.idl
[0.820s] -- Installing: /home/spider/ros2_ws/install/gwpspider_interfaces/share/gwpspider_interfaces/msg/LegsStates.idl
[0.820s] -- Installing: /home/spider/ros2_ws/install/gwpspider_interfaces/share/gwpspider_interfaces/msg/GripperState.idl
[0.820s] -- Installing: /home/spider/ros2_ws/install/gwpspider_interfaces/share/gwpspider_interfaces/msg/GrippersStates.idl
[0.821s] -- Installing: /home/spider/ros2_ws/install/gwpspider_interfaces/share/gwpspider_interfaces/srv/MoveGripper.idl
[0.821s] -- Installing: /home/spider/ros2_ws/install/gwpspider_interfaces/share/gwpspider_interfaces/srv/ControlWaterPump.idl
[0.821s] -- Installing: /home/spider/ros2_ws/install/gwpspider_interfaces/share/gwpspider_interfaces/srv/InitBno.idl
[0.821s] -- Installing: /home/spider/ros2_ws/install/gwpspider_interfaces/share/gwpspider_interfaces/srv/ToggleMotorsTorque.idl
[0.821s] -- Installing: /home/spider/ros2_ws/install/gwpspider_interfaces/share/gwpspider_interfaces/srv/SetBusWatchdog.idl
[0.821s] -- Installing: /home/spider/ros2_ws/install/gwpspider_interfaces/share/gwpspider_interfaces/srv/GetWalkingInstructions.idl
[0.822s] -- Installing: /home/spider/ros2_ws/install/gwpspider_interfaces/share/gwpspider_interfaces/srv/GetModifiedWalkingInstructions.idl
[0.822s] -- Installing: /home/spider/ros2_ws/install/gwpspider_interfaces/share/gwpspider_interfaces/srv/GetLegTrajectory.idl
[0.822s] -- Installing: /home/spider/ros2_ws/install/gwpspider_interfaces/share/gwpspider_interfaces/srv/RebootMotors.idl
[0.822s] -- Installing: /home/spider/ros2_ws/install/gwpspider_interfaces/share/gwpspider_interfaces/srv/MoveLeg.idl
[0.822s] -- Installing: /home/spider/ros2_ws/install/gwpspider_interfaces/share/gwpspider_interfaces/srv/MoveSpider.idl
[0.822s] -- Installing: /home/spider/ros2_ws/install/gwpspider_interfaces/share/gwpspider_interfaces/srv/ToggleController.idl
[0.823s] -- Installing: /home/spider/ros2_ws/install/gwpspider_interfaces/share/gwpspider_interfaces/srv/DistributeForces.idl
[0.823s] -- Installing: /home/spider/ros2_ws/install/gwpspider_interfaces/share/gwpspider_interfaces/srv/ApplyForceLeg.idl
[0.823s] -- Installing: /home/spider/ros2_ws/install/gwpspider_interfaces/share/gwpspider_interfaces/srv/GetSpiderPose.idl
[0.823s] -- Installing: /home/spider/ros2_ws/install/gwpspider_interfaces/share/gwpspider_interfaces/srv/MoveLegVelocityMode.idl
[0.823s] -- Installing: /home/spider/ros2_ws/install/gwpspider_interfaces/share/gwpspider_interfaces/srv/ToggleAdditionalControllerMode.idl
[0.824s] -- Installing: /home/spider/ros2_ws/install/gwpspider_interfaces/share/gwpspider_interfaces/srv/SpiderGoal.idl
[0.824s] -- Installing: /home/spider/ros2_ws/install/gwpspider_interfaces/share/gwpspider_interfaces/msg/GripperCommand.msg
[0.824s] -- Installing: /home/spider/ros2_ws/install/gwpspider_interfaces/share/gwpspider_interfaces/msg/WaterPumpCommand.msg
[0.824s] -- Installing: /home/spider/ros2_ws/install/gwpspider_interfaces/share/gwpspider_interfaces/msg/BnoData.msg
[0.824s] -- Installing: /home/spider/ros2_ws/install/gwpspider_interfaces/share/gwpspider_interfaces/msg/DynamixelMotorsData.msg
[0.824s] -- Installing: /home/spider/ros2_ws/install/gwpspider_interfaces/share/gwpspider_interfaces/msg/WalkingInstructions.msg
[0.825s] -- Installing: /home/spider/ros2_ws/install/gwpspider_interfaces/share/gwpspider_interfaces/msg/LegTrajectory.msg
[0.825s] -- Installing: /home/spider/ros2_ws/install/gwpspider_interfaces/share/gwpspider_interfaces/msg/LegsStates.msg
[0.825s] -- Installing: /home/spider/ros2_ws/install/gwpspider_interfaces/share/gwpspider_interfaces/msg/GripperState.msg
[0.825s] -- Installing: /home/spider/ros2_ws/install/gwpspider_interfaces/share/gwpspider_interfaces/msg/GrippersStates.msg
[0.825s] -- Installing: /home/spider/ros2_ws/install/gwpspider_interfaces/share/gwpspider_interfaces/srv/MoveGripper.srv
[0.825s] -- Installing: /home/spider/ros2_ws/install/gwpspider_interfaces/share/gwpspider_interfaces/srv/MoveGripper_Request.msg
[0.825s] -- Installing: /home/spider/ros2_ws/install/gwpspider_interfaces/share/gwpspider_interfaces/srv/MoveGripper_Response.msg
[0.826s] -- Installing: /home/spider/ros2_ws/install/gwpspider_interfaces/share/gwpspider_interfaces/srv/ControlWaterPump.srv
[0.826s] -- Installing: /home/spider/ros2_ws/install/gwpspider_interfaces/share/gwpspider_interfaces/srv/ControlWaterPump_Request.msg
[0.826s] -- Installing: /home/spider/ros2_ws/install/gwpspider_interfaces/share/gwpspider_interfaces/srv/ControlWaterPump_Response.msg
[0.826s] -- Installing: /home/spider/ros2_ws/install/gwpspider_interfaces/share/gwpspider_interfaces/srv/InitBno.srv
[0.826s] -- Installing: /home/spider/ros2_ws/install/gwpspider_interfaces/share/gwpspider_interfaces/srv/InitBno_Request.msg
[0.827s] -- Installing: /home/spider/ros2_ws/install/gwpspider_interfaces/share/gwpspider_interfaces/srv/InitBno_Response.msg
[0.827s] -- Installing: /home/spider/ros2_ws/install/gwpspider_interfaces/share/gwpspider_interfaces/srv/ToggleMotorsTorque.srv
[0.827s] -- Installing: /home/spider/ros2_ws/install/gwpspider_interfaces/share/gwpspider_interfaces/srv/ToggleMotorsTorque_Request.msg
[0.827s] -- Installing: /home/spider/ros2_ws/install/gwpspider_interfaces/share/gwpspider_interfaces/srv/ToggleMotorsTorque_Response.msg
[0.827s] -- Installing: /home/spider/ros2_ws/install/gwpspider_interfaces/share/gwpspider_interfaces/srv/SetBusWatchdog.srv
[0.827s] -- Installing: /home/spider/ros2_ws/install/gwpspider_interfaces/share/gwpspider_interfaces/srv/SetBusWatchdog_Request.msg
[0.828s] -- Installing: /home/spider/ros2_ws/install/gwpspider_interfaces/share/gwpspider_interfaces/srv/SetBusWatchdog_Response.msg
[0.828s] -- Installing: /home/spider/ros2_ws/install/gwpspider_interfaces/share/gwpspider_interfaces/srv/GetWalkingInstructions.srv
[0.828s] -- Installing: /home/spider/ros2_ws/install/gwpspider_interfaces/share/gwpspider_interfaces/srv/GetWalkingInstructions_Request.msg
[0.828s] -- Installing: /home/spider/ros2_ws/install/gwpspider_interfaces/share/gwpspider_interfaces/srv/GetWalkingInstructions_Response.msg
[0.828s] -- Installing: /home/spider/ros2_ws/install/gwpspider_interfaces/share/gwpspider_interfaces/srv/GetModifiedWalkingInstructions.srv
[0.828s] -- Installing: /home/spider/ros2_ws/install/gwpspider_interfaces/share/gwpspider_interfaces/srv/GetModifiedWalkingInstructions_Request.msg
[0.828s] -- Installing: /home/spider/ros2_ws/install/gwpspider_interfaces/share/gwpspider_interfaces/srv/GetModifiedWalkingInstructions_Response.msg
[0.829s] -- Installing: /home/spider/ros2_ws/install/gwpspider_interfaces/share/gwpspider_interfaces/srv/GetLegTrajectory.srv
[0.829s] -- Installing: /home/spider/ros2_ws/install/gwpspider_interfaces/share/gwpspider_interfaces/srv/GetLegTrajectory_Request.msg
[0.829s] -- Installing: /home/spider/ros2_ws/install/gwpspider_interfaces/share/gwpspider_interfaces/srv/GetLegTrajectory_Response.msg
[0.829s] -- Installing: /home/spider/ros2_ws/install/gwpspider_interfaces/share/gwpspider_interfaces/srv/RebootMotors.srv
[0.829s] -- Installing: /home/spider/ros2_ws/install/gwpspider_interfaces/share/gwpspider_interfaces/srv/RebootMotors_Request.msg
[0.829s] -- Installing: /home/spider/ros2_ws/install/gwpspider_interfaces/share/gwpspider_interfaces/srv/RebootMotors_Response.msg
[0.830s] -- Installing: /home/spider/ros2_ws/install/gwpspider_interfaces/share/gwpspider_interfaces/srv/MoveLeg.srv
[0.830s] -- Installing: /home/spider/ros2_ws/install/gwpspider_interfaces/share/gwpspider_interfaces/srv/MoveLeg_Request.msg
[0.830s] -- Installing: /home/spider/ros2_ws/install/gwpspider_interfaces/share/gwpspider_interfaces/srv/MoveLeg_Response.msg
[0.830s] -- Installing: /home/spider/ros2_ws/install/gwpspider_interfaces/share/gwpspider_interfaces/srv/MoveSpider.srv
[0.830s] -- Installing: /home/spider/ros2_ws/install/gwpspider_interfaces/share/gwpspider_interfaces/srv/MoveSpider_Request.msg
[0.830s] -- Installing: /home/spider/ros2_ws/install/gwpspider_interfaces/share/gwpspider_interfaces/srv/MoveSpider_Response.msg
[0.831s] -- Installing: /home/spider/ros2_ws/install/gwpspider_interfaces/share/gwpspider_interfaces/srv/ToggleController.srv
[0.831s] -- Installing: /home/spider/ros2_ws/install/gwpspider_interfaces/share/gwpspider_interfaces/srv/ToggleController_Request.msg
[0.831s] -- Installing: /home/spider/ros2_ws/install/gwpspider_interfaces/share/gwpspider_interfaces/srv/ToggleController_Response.msg
[0.831s] -- Installing: /home/spider/ros2_ws/install/gwpspider_interfaces/share/gwpspider_interfaces/srv/DistributeForces.srv
[0.831s] -- Installing: /home/spider/ros2_ws/install/gwpspider_interfaces/share/gwpspider_interfaces/srv/DistributeForces_Request.msg
[0.831s] -- Installing: /home/spider/ros2_ws/install/gwpspider_interfaces/share/gwpspider_interfaces/srv/DistributeForces_Response.msg
[0.832s] -- Installing: /home/spider/ros2_ws/install/gwpspider_interfaces/share/gwpspider_interfaces/srv/ApplyForceLeg.srv
[0.832s] -- Installing: /home/spider/ros2_ws/install/gwpspider_interfaces/share/gwpspider_interfaces/srv/ApplyForceLeg_Request.msg
[0.832s] -- Installing: /home/spider/ros2_ws/install/gwpspider_interfaces/share/gwpspider_interfaces/srv/ApplyForceLeg_Response.msg
[0.832s] -- Installing: /home/spider/ros2_ws/install/gwpspider_interfaces/share/gwpspider_interfaces/srv/GetSpiderPose.srv
[0.833s] -- Installing: /home/spider/ros2_ws/install/gwpspider_interfaces/share/gwpspider_interfaces/srv/GetSpiderPose_Request.msg
[0.833s] -- Installing: /home/spider/ros2_ws/install/gwpspider_interfaces/share/gwpspider_interfaces/srv/GetSpiderPose_Response.msg
[0.833s] -- Installing: /home/spider/ros2_ws/install/gwpspider_interfaces/share/gwpspider_interfaces/srv/MoveLegVelocityMode.srv
[0.833s] -- Installing: /home/spider/ros2_ws/install/gwpspider_interfaces/share/gwpspider_interfaces/srv/MoveLegVelocityMode_Request.msg
[0.833s] -- Installing: /home/spider/ros2_ws/install/gwpspider_interfaces/share/gwpspider_interfaces/srv/MoveLegVelocityMode_Response.msg
[0.833s] -- Installing: /home/spider/ros2_ws/install/gwpspider_interfaces/share/gwpspider_interfaces/srv/ToggleAdditionalControllerMode.srv
[0.834s] -- Installing: /home/spider/ros2_ws/install/gwpspider_interfaces/share/gwpspider_interfaces/srv/ToggleAdditionalControllerMode_Request.msg
[0.834s] -- Installing: /home/spider/ros2_ws/install/gwpspider_interfaces/share/gwpspider_interfaces/srv/ToggleAdditionalControllerMode_Response.msg
[0.834s] -- Installing: /home/spider/ros2_ws/install/gwpspider_interfaces/share/gwpspider_interfaces/srv/SpiderGoal.srv
[0.834s] -- Installing: /home/spider/ros2_ws/install/gwpspider_interfaces/share/gwpspider_interfaces/srv/SpiderGoal_Request.msg
[0.834s] -- Installing: /home/spider/ros2_ws/install/gwpspider_interfaces/share/gwpspider_interfaces/srv/SpiderGoal_Response.msg
[0.834s] -- Installing: /home/spider/ros2_ws/install/gwpspider_interfaces/share/gwpspider_interfaces/environment/pythonpath.sh
[0.835s] -- Installing: /home/spider/ros2_ws/install/gwpspider_interfaces/share/gwpspider_interfaces/environment/pythonpath.dsv
[0.835s] -- Installing: /home/spider/ros2_ws/install/gwpspider_interfaces/local/lib/python3.10/dist-packages/gwpspider_interfaces-0.0.0-py3.10.egg-info
[0.835s] -- Installing: /home/spider/ros2_ws/install/gwpspider_interfaces/local/lib/python3.10/dist-packages/gwpspider_interfaces-0.0.0-py3.10.egg-info/PKG-INFO
[0.835s] -- Installing: /home/spider/ros2_ws/install/gwpspider_interfaces/local/lib/python3.10/dist-packages/gwpspider_interfaces-0.0.0-py3.10.egg-info/top_level.txt
[0.835s] -- Installing: /home/spider/ros2_ws/install/gwpspider_interfaces/local/lib/python3.10/dist-packages/gwpspider_interfaces-0.0.0-py3.10.egg-info/dependency_links.txt
[0.835s] -- Installing: /home/spider/ros2_ws/install/gwpspider_interfaces/local/lib/python3.10/dist-packages/gwpspider_interfaces-0.0.0-py3.10.egg-info/SOURCES.txt
[0.835s] -- Installing: /home/spider/ros2_ws/install/gwpspider_interfaces/local/lib/python3.10/dist-packages/gwpspider_interfaces
[0.836s] -- Installing: /home/spider/ros2_ws/install/gwpspider_interfaces/local/lib/python3.10/dist-packages/gwpspider_interfaces/__init__.py
[0.836s] -- Installing: /home/spider/ros2_ws/install/gwpspider_interfaces/local/lib/python3.10/dist-packages/gwpspider_interfaces/gwp_interfaces_data.py
[0.863s] Listing '/home/spider/ros2_ws/install/gwpspider_interfaces/local/lib/python3.10/dist-packages/gwpspider_interfaces'...
[0.863s] Compiling '/home/spider/ros2_ws/install/gwpspider_interfaces/local/lib/python3.10/dist-packages/gwpspider_interfaces/__init__.py'...
[0.863s] Compiling '/home/spider/ros2_ws/install/gwpspider_interfaces/local/lib/python3.10/dist-packages/gwpspider_interfaces/gwp_interfaces_data.py'...
[0.867s] -- Installing: /home/spider/ros2_ws/install/gwpspider_interfaces/share/ament_index/resource_index/package_run_dependencies/gwpspider_interfaces
[0.868s] -- Installing: /home/spider/ros2_ws/install/gwpspider_interfaces/share/ament_index/resource_index/parent_prefix_path/gwpspider_interfaces
[0.868s] -- Installing: /home/spider/ros2_ws/install/gwpspider_interfaces/share/gwpspider_interfaces/environment/ament_prefix_path.sh
[0.868s] -- Installing: /home/spider/ros2_ws/install/gwpspider_interfaces/share/gwpspider_interfaces/environment/ament_prefix_path.dsv
[0.868s] -- Installing: /home/spider/ros2_ws/install/gwpspider_interfaces/share/gwpspider_interfaces/environment/path.sh
[0.868s] -- Installing: /home/spider/ros2_ws/install/gwpspider_interfaces/share/gwpspider_interfaces/environment/path.dsv
[0.869s] -- Installing: /home/spider/ros2_ws/install/gwpspider_interfaces/share/gwpspider_interfaces/local_setup.bash
[0.869s] -- Installing: /home/spider/ros2_ws/install/gwpspider_interfaces/share/gwpspider_interfaces/local_setup.sh
[0.869s] -- Installing: /home/spider/ros2_ws/install/gwpspider_interfaces/share/gwpspider_interfaces/local_setup.zsh
[0.869s] -- Installing: /home/spider/ros2_ws/install/gwpspider_interfaces/share/gwpspider_interfaces/local_setup.dsv
[0.869s] -- Installing: /home/spider/ros2_ws/install/gwpspider_interfaces/share/gwpspider_interfaces/package.dsv
[0.870s] -- Installing: /home/spider/ros2_ws/install/gwpspider_interfaces/share/ament_index/resource_index/packages/gwpspider_interfaces
[0.870s] -- Installing: /home/spider/ros2_ws/install/gwpspider_interfaces/share/gwpspider_interfaces/cmake/export_gwpspider_interfaces__rosidl_generator_cExport.cmake
[0.870s] -- Installing: /home/spider/ros2_ws/install/gwpspider_interfaces/share/gwpspider_interfaces/cmake/export_gwpspider_interfaces__rosidl_generator_cExport-noconfig.cmake
[0.870s] -- Installing: /home/spider/ros2_ws/install/gwpspider_interfaces/share/gwpspider_interfaces/cmake/export_gwpspider_interfaces__rosidl_typesupport_fastrtps_cExport.cmake
[0.870s] -- Installing: /home/spider/ros2_ws/install/gwpspider_interfaces/share/gwpspider_interfaces/cmake/export_gwpspider_interfaces__rosidl_typesupport_fastrtps_cExport-noconfig.cmake
[0.870s] -- Installing: /home/spider/ros2_ws/install/gwpspider_interfaces/share/gwpspider_interfaces/cmake/export_gwpspider_interfaces__rosidl_generator_cppExport.cmake
[0.871s] -- Installing: /home/spider/ros2_ws/install/gwpspider_interfaces/share/gwpspider_interfaces/cmake/export_gwpspider_interfaces__rosidl_typesupport_fastrtps_cppExport.cmake
[0.871s] -- Installing: /home/spider/ros2_ws/install/gwpspider_interfaces/share/gwpspider_interfaces/cmake/export_gwpspider_interfaces__rosidl_typesupport_fastrtps_cppExport-noconfig.cmake
[0.871s] -- Installing: /home/spider/ros2_ws/install/gwpspider_interfaces/share/gwpspider_interfaces/cmake/gwpspider_interfaces__rosidl_typesupport_introspection_cExport.cmake
[0.871s] -- Installing: /home/spider/ros2_ws/install/gwpspider_interfaces/share/gwpspider_interfaces/cmake/gwpspider_interfaces__rosidl_typesupport_introspection_cExport-noconfig.cmake
[0.871s] -- Installing: /home/spider/ros2_ws/install/gwpspider_interfaces/share/gwpspider_interfaces/cmake/gwpspider_interfaces__rosidl_typesupport_cExport.cmake
[0.872s] -- Installing: /home/spider/ros2_ws/install/gwpspider_interfaces/share/gwpspider_interfaces/cmake/gwpspider_interfaces__rosidl_typesupport_cExport-noconfig.cmake
[0.872s] -- Installing: /home/spider/ros2_ws/install/gwpspider_interfaces/share/gwpspider_interfaces/cmake/gwpspider_interfaces__rosidl_typesupport_introspection_cppExport.cmake
[0.872s] -- Installing: /home/spider/ros2_ws/install/gwpspider_interfaces/share/gwpspider_interfaces/cmake/gwpspider_interfaces__rosidl_typesupport_introspection_cppExport-noconfig.cmake
[0.872s] -- Installing: /home/spider/ros2_ws/install/gwpspider_interfaces/share/gwpspider_interfaces/cmake/gwpspider_interfaces__rosidl_typesupport_cppExport.cmake
[0.872s] -- Installing: /home/spider/ros2_ws/install/gwpspider_interfaces/share/gwpspider_interfaces/cmake/gwpspider_interfaces__rosidl_typesupport_cppExport-noconfig.cmake
[0.873s] -- Installing: /home/spider/ros2_ws/install/gwpspider_interfaces/share/gwpspider_interfaces/cmake/rosidl_cmake-extras.cmake
[0.873s] -- Installing: /home/spider/ros2_ws/install/gwpspider_interfaces/share/gwpspider_interfaces/cmake/ament_cmake_export_dependencies-extras.cmake
[0.873s] -- Installing: /home/spider/ros2_ws/install/gwpspider_interfaces/share/gwpspider_interfaces/cmake/ament_cmake_export_include_directories-extras.cmake
[0.873s] -- Installing: /home/spider/ros2_ws/install/gwpspider_interfaces/share/gwpspider_interfaces/cmake/ament_cmake_export_libraries-extras.cmake
[0.873s] -- Installing: /home/spider/ros2_ws/install/gwpspider_interfaces/share/gwpspider_interfaces/cmake/ament_cmake_export_targets-extras.cmake
[0.873s] -- Installing: /home/spider/ros2_ws/install/gwpspider_interfaces/share/gwpspider_interfaces/cmake/rosidl_cmake_export_typesupport_targets-extras.cmake
[0.874s] -- Installing: /home/spider/ros2_ws/install/gwpspider_interfaces/share/gwpspider_interfaces/cmake/rosidl_cmake_export_typesupport_libraries-extras.cmake
[0.874s] -- Installing: /home/spider/ros2_ws/install/gwpspider_interfaces/share/gwpspider_interfaces/cmake/gwpspider_interfacesConfig.cmake
[0.874s] -- Installing: /home/spider/ros2_ws/install/gwpspider_interfaces/share/gwpspider_interfaces/cmake/gwpspider_interfacesConfig-version.cmake
[0.874s] -- Installing: /home/spider/ros2_ws/install/gwpspider_interfaces/share/gwpspider_interfaces/package.xml
[0.877s] Invoked command in '/home/spider/ros2_ws/build/gwpspider_interfaces' returned '0': CMAKE_PREFIX_PATH=${CMAKE_PREFIX_PATH}:/home/spider/ros2_ws/install/py_srvcli:/home/spider/ros2_ws/install/py_node_test:/home/spider/ros2_ws/install/flask_server:/opt/ros/humble /usr/bin/cmake --install /home/spider/ros2_ws/build/gwpspider_interfaces
