[0.283s] DEBUG:colcon:Command line arguments: ['/usr/bin/colcon', 'build', '--merge-install']
[0.283s] DEBUG:colcon:Parsed command line arguments: Namespace(log_base=None, log_level=None, verb_name='build', build_base='build', install_base='install', merge_install=True, symlink_install=False, test_result_base=None, continue_on_error=False, executor='parallel', parallel_workers=8, event_handlers=None, ignore_user_meta=False, metas=['./colcon.meta'], base_paths=['.'], packages_ignore=None, packages_ignore_regex=None, paths=None, packages_up_to=None, packages_up_to_regex=None, packages_above=None, packages_above_and_dependencies=None, packages_above_depth=None, packages_select_by_dep=None, packages_skip_by_dep=None, packages_skip_up_to=None, packages_select_build_failed=False, packages_skip_build_finished=False, packages_select_test_failures=False, packages_skip_test_passed=False, packages_select=None, packages_skip=None, packages_select_regex=None, packages_skip_regex=None, packages_start=None, packages_end=None, allow_overriding=[], cmake_args=None, cmake_target=None, cmake_target_skip_unavailable=False, cmake_clean_cache=False, cmake_clean_first=False, cmake_force_configure=False, ament_cmake_args=None, catkin_cmake_args=None, catkin_skip_building_tests=False, verb_parser=<colcon_defaults.argument_parser.defaults.DefaultArgumentsDecorator object at 0x7f3caeeb9030>, verb_extension=<colcon_core.verb.build.BuildVerb object at 0x7f3caf62d2a0>, main=<bound method BuildVerb.main of <colcon_core.verb.build.BuildVerb object at 0x7f3caf62d2a0>>)
[0.313s] Level 1:colcon.colcon_core.package_discovery:discover_packages(colcon_meta) check parameters
[0.313s] Level 1:colcon.colcon_core.package_discovery:discover_packages(recursive) check parameters
[0.313s] Level 1:colcon.colcon_core.package_discovery:discover_packages(ignore) check parameters
[0.313s] Level 1:colcon.colcon_core.package_discovery:discover_packages(path) check parameters
[0.313s] Level 1:colcon.colcon_core.package_discovery:discover_packages(colcon_meta) discover
[0.313s] Level 1:colcon.colcon_core.package_discovery:discover_packages(recursive) discover
[0.313s] INFO:colcon.colcon_core.package_discovery:Crawling recursively for packages in '/home/spider/ros2_ws'
[0.313s] Level 1:colcon.colcon_core.package_identification:_identify(.) by extensions ['ignore', 'ignore_ament_install']
[0.313s] Level 1:colcon.colcon_core.package_identification:_identify(.) by extension 'ignore'
[0.313s] Level 1:colcon.colcon_core.package_identification:_identify(.) by extension 'ignore_ament_install'
[0.314s] Level 1:colcon.colcon_core.package_identification:_identify(.) by extensions ['colcon_pkg']
[0.314s] Level 1:colcon.colcon_core.package_identification:_identify(.) by extension 'colcon_pkg'
[0.314s] Level 1:colcon.colcon_core.package_identification:_identify(.) by extensions ['colcon_meta']
[0.314s] Level 1:colcon.colcon_core.package_identification:_identify(.) by extension 'colcon_meta'
[0.314s] Level 1:colcon.colcon_core.package_identification:_identify(.) by extensions ['ros']
[0.314s] Level 1:colcon.colcon_core.package_identification:_identify(.) by extension 'ros'
[0.325s] Level 1:colcon.colcon_core.package_identification:_identify(.) by extensions ['cmake', 'python']
[0.325s] Level 1:colcon.colcon_core.package_identification:_identify(.) by extension 'cmake'
[0.325s] Level 1:colcon.colcon_core.package_identification:_identify(.) by extension 'python'
[0.325s] Level 1:colcon.colcon_core.package_identification:_identify(.) by extensions ['python_setup_py']
[0.325s] Level 1:colcon.colcon_core.package_identification:_identify(.) by extension 'python_setup_py'
[0.326s] Level 1:colcon.colcon_core.package_identification:_identify(build) by extensions ['ignore', 'ignore_ament_install']
[0.326s] Level 1:colcon.colcon_core.package_identification:_identify(build) by extension 'ignore'
[0.326s] Level 1:colcon.colcon_core.package_identification:_identify(build) ignored
[0.326s] Level 1:colcon.colcon_core.package_identification:_identify(install) by extensions ['ignore', 'ignore_ament_install']
[0.326s] Level 1:colcon.colcon_core.package_identification:_identify(install) by extension 'ignore'
[0.326s] Level 1:colcon.colcon_core.package_identification:_identify(install) ignored
[0.326s] Level 1:colcon.colcon_core.package_identification:_identify(log) by extensions ['ignore', 'ignore_ament_install']
[0.326s] Level 1:colcon.colcon_core.package_identification:_identify(log) by extension 'ignore'
[0.326s] Level 1:colcon.colcon_core.package_identification:_identify(log) ignored
[0.326s] Level 1:colcon.colcon_core.package_identification:_identify(src) by extensions ['ignore', 'ignore_ament_install']
[0.326s] Level 1:colcon.colcon_core.package_identification:_identify(src) by extension 'ignore'
[0.326s] Level 1:colcon.colcon_core.package_identification:_identify(src) by extension 'ignore_ament_install'
[0.327s] Level 1:colcon.colcon_core.package_identification:_identify(src) by extensions ['colcon_pkg']
[0.327s] Level 1:colcon.colcon_core.package_identification:_identify(src) by extension 'colcon_pkg'
[0.327s] Level 1:colcon.colcon_core.package_identification:_identify(src) by extensions ['colcon_meta']
[0.327s] Level 1:colcon.colcon_core.package_identification:_identify(src) by extension 'colcon_meta'
[0.327s] Level 1:colcon.colcon_core.package_identification:_identify(src) by extensions ['ros']
[0.327s] Level 1:colcon.colcon_core.package_identification:_identify(src) by extension 'ros'
[0.327s] Level 1:colcon.colcon_core.package_identification:_identify(src) by extensions ['cmake', 'python']
[0.327s] Level 1:colcon.colcon_core.package_identification:_identify(src) by extension 'cmake'
[0.327s] Level 1:colcon.colcon_core.package_identification:_identify(src) by extension 'python'
[0.327s] Level 1:colcon.colcon_core.package_identification:_identify(src) by extensions ['python_setup_py']
[0.327s] Level 1:colcon.colcon_core.package_identification:_identify(src) by extension 'python_setup_py'
[0.327s] Level 1:colcon.colcon_core.package_identification:_identify(src/flask_server) by extensions ['ignore', 'ignore_ament_install']
[0.327s] Level 1:colcon.colcon_core.package_identification:_identify(src/flask_server) by extension 'ignore'
[0.327s] Level 1:colcon.colcon_core.package_identification:_identify(src/flask_server) by extension 'ignore_ament_install'
[0.327s] Level 1:colcon.colcon_core.package_identification:_identify(src/flask_server) by extensions ['colcon_pkg']
[0.327s] Level 1:colcon.colcon_core.package_identification:_identify(src/flask_server) by extension 'colcon_pkg'
[0.327s] Level 1:colcon.colcon_core.package_identification:_identify(src/flask_server) by extensions ['colcon_meta']
[0.327s] Level 1:colcon.colcon_core.package_identification:_identify(src/flask_server) by extension 'colcon_meta'
[0.327s] Level 1:colcon.colcon_core.package_identification:_identify(src/flask_server) by extensions ['ros']
[0.327s] Level 1:colcon.colcon_core.package_identification:_identify(src/flask_server) by extension 'ros'
[0.330s] DEBUG:colcon.colcon_core.package_identification:Package 'src/flask_server' with type 'ros.ament_python' and name 'flask_server'
[0.330s] Level 1:colcon.colcon_core.package_identification:_identify(src/gwpspider_interfaces) by extensions ['ignore', 'ignore_ament_install']
[0.330s] Level 1:colcon.colcon_core.package_identification:_identify(src/gwpspider_interfaces) by extension 'ignore'
[0.330s] Level 1:colcon.colcon_core.package_identification:_identify(src/gwpspider_interfaces) by extension 'ignore_ament_install'
[0.330s] Level 1:colcon.colcon_core.package_identification:_identify(src/gwpspider_interfaces) by extensions ['colcon_pkg']
[0.330s] Level 1:colcon.colcon_core.package_identification:_identify(src/gwpspider_interfaces) by extension 'colcon_pkg'
[0.330s] Level 1:colcon.colcon_core.package_identification:_identify(src/gwpspider_interfaces) by extensions ['colcon_meta']
[0.330s] Level 1:colcon.colcon_core.package_identification:_identify(src/gwpspider_interfaces) by extension 'colcon_meta'
[0.330s] Level 1:colcon.colcon_core.package_identification:_identify(src/gwpspider_interfaces) by extensions ['ros']
[0.330s] Level 1:colcon.colcon_core.package_identification:_identify(src/gwpspider_interfaces) by extension 'ros'
[0.331s] DEBUG:colcon.colcon_core.package_identification:Package 'src/gwpspider_interfaces' with type 'ros.ament_cmake' and name 'gwpspider_interfaces'
[0.331s] Level 1:colcon.colcon_core.package_identification:_identify(src/my_service_interfaces) by extensions ['ignore', 'ignore_ament_install']
[0.331s] Level 1:colcon.colcon_core.package_identification:_identify(src/my_service_interfaces) by extension 'ignore'
[0.331s] Level 1:colcon.colcon_core.package_identification:_identify(src/my_service_interfaces) by extension 'ignore_ament_install'
[0.331s] Level 1:colcon.colcon_core.package_identification:_identify(src/my_service_interfaces) by extensions ['colcon_pkg']
[0.331s] Level 1:colcon.colcon_core.package_identification:_identify(src/my_service_interfaces) by extension 'colcon_pkg'
[0.331s] Level 1:colcon.colcon_core.package_identification:_identify(src/my_service_interfaces) by extensions ['colcon_meta']
[0.331s] Level 1:colcon.colcon_core.package_identification:_identify(src/my_service_interfaces) by extension 'colcon_meta'
[0.332s] Level 1:colcon.colcon_core.package_identification:_identify(src/my_service_interfaces) by extensions ['ros']
[0.332s] Level 1:colcon.colcon_core.package_identification:_identify(src/my_service_interfaces) by extension 'ros'
[0.332s] DEBUG:colcon.colcon_core.package_identification:Package 'src/my_service_interfaces' with type 'ros.ament_cmake' and name 'my_service_interfaces'
[0.332s] Level 1:colcon.colcon_core.package_identification:_identify(src/py_node_test) by extensions ['ignore', 'ignore_ament_install']
[0.332s] Level 1:colcon.colcon_core.package_identification:_identify(src/py_node_test) by extension 'ignore'
[0.332s] Level 1:colcon.colcon_core.package_identification:_identify(src/py_node_test) by extension 'ignore_ament_install'
[0.332s] Level 1:colcon.colcon_core.package_identification:_identify(src/py_node_test) by extensions ['colcon_pkg']
[0.332s] Level 1:colcon.colcon_core.package_identification:_identify(src/py_node_test) by extension 'colcon_pkg'
[0.332s] Level 1:colcon.colcon_core.package_identification:_identify(src/py_node_test) by extensions ['colcon_meta']
[0.332s] Level 1:colcon.colcon_core.package_identification:_identify(src/py_node_test) by extension 'colcon_meta'
[0.333s] Level 1:colcon.colcon_core.package_identification:_identify(src/py_node_test) by extensions ['ros']
[0.333s] Level 1:colcon.colcon_core.package_identification:_identify(src/py_node_test) by extension 'ros'
[0.333s] DEBUG:colcon.colcon_core.package_identification:Package 'src/py_node_test' with type 'ros.ament_python' and name 'py_node_test'
[0.333s] Level 1:colcon.colcon_core.package_identification:_identify(src/py_srvcli) by extensions ['ignore', 'ignore_ament_install']
[0.333s] Level 1:colcon.colcon_core.package_identification:_identify(src/py_srvcli) by extension 'ignore'
[0.333s] Level 1:colcon.colcon_core.package_identification:_identify(src/py_srvcli) by extension 'ignore_ament_install'
[0.333s] Level 1:colcon.colcon_core.package_identification:_identify(src/py_srvcli) by extensions ['colcon_pkg']
[0.333s] Level 1:colcon.colcon_core.package_identification:_identify(src/py_srvcli) by extension 'colcon_pkg'
[0.333s] Level 1:colcon.colcon_core.package_identification:_identify(src/py_srvcli) by extensions ['colcon_meta']
[0.334s] Level 1:colcon.colcon_core.package_identification:_identify(src/py_srvcli) by extension 'colcon_meta'
[0.334s] Level 1:colcon.colcon_core.package_identification:_identify(src/py_srvcli) by extensions ['ros']
[0.334s] Level 1:colcon.colcon_core.package_identification:_identify(src/py_srvcli) by extension 'ros'
[0.334s] DEBUG:colcon.colcon_core.package_identification:Package 'src/py_srvcli' with type 'ros.ament_python' and name 'py_srvcli'
[0.334s] Level 1:colcon.colcon_core.package_discovery:discover_packages(recursive) using defaults
[0.334s] Level 1:colcon.colcon_core.package_discovery:discover_packages(ignore) discover
[0.334s] Level 1:colcon.colcon_core.package_discovery:discover_packages(ignore) using defaults
[0.334s] Level 1:colcon.colcon_core.package_discovery:discover_packages(path) discover
[0.334s] Level 1:colcon.colcon_core.package_discovery:discover_packages(path) using defaults
[0.356s] Level 1:colcon.colcon_core.package_discovery:discover_packages(prefix_path) check parameters
[0.356s] Level 1:colcon.colcon_core.package_discovery:discover_packages(prefix_path) discover
[0.358s] WARNING:colcon.colcon_ros.prefix_path.ament:The path '/home/spider/ros2_ws/install/py_srvcli' in the environment variable AMENT_PREFIX_PATH doesn't exist
[0.358s] WARNING:colcon.colcon_ros.prefix_path.ament:The path '/home/spider/ros2_ws/install/py_node_test' in the environment variable AMENT_PREFIX_PATH doesn't exist
[0.358s] WARNING:colcon.colcon_ros.prefix_path.ament:The path '/home/spider/ros2_ws/install/flask_server' in the environment variable AMENT_PREFIX_PATH doesn't exist
[0.358s] WARNING:colcon.colcon_ros.prefix_path.ament:The path '/home/spider/ros2_ws/install/my_service_interfaces' in the environment variable AMENT_PREFIX_PATH doesn't exist
[0.358s] WARNING:colcon.colcon_ros.prefix_path.ament:The path '/home/spider/ros2_ws/install/gwpspider_interfaces' in the environment variable AMENT_PREFIX_PATH doesn't use the expected install layout 'isolated'.
[0.358s] WARNING:colcon.colcon_ros.prefix_path.catkin:The path '/home/spider/ros2_ws/install/my_service_interfaces' in the environment variable CMAKE_PREFIX_PATH doesn't exist
[0.359s] DEBUG:colcon.colcon_installed_package_information.package_discovery:Found 1 installed packages in /home/spider/ros2_ws/install
[0.360s] DEBUG:colcon.colcon_installed_package_information.package_discovery:Found 270 installed packages in /opt/ros/humble
[0.361s] Level 1:colcon.colcon_core.package_discovery:discover_packages(prefix_path) using defaults
[0.415s] Level 5:colcon.colcon_core.verb:set package 'gwpspider_interfaces' build argument 'cmake_args' from command line to 'None'
[0.415s] Level 5:colcon.colcon_core.verb:set package 'gwpspider_interfaces' build argument 'cmake_target' from command line to 'None'
[0.416s] Level 5:colcon.colcon_core.verb:set package 'gwpspider_interfaces' build argument 'cmake_target_skip_unavailable' from command line to 'False'
[0.416s] Level 5:colcon.colcon_core.verb:set package 'gwpspider_interfaces' build argument 'cmake_clean_cache' from command line to 'False'
[0.416s] Level 5:colcon.colcon_core.verb:set package 'gwpspider_interfaces' build argument 'cmake_clean_first' from command line to 'False'
[0.416s] Level 5:colcon.colcon_core.verb:set package 'gwpspider_interfaces' build argument 'cmake_force_configure' from command line to 'False'
[0.416s] Level 5:colcon.colcon_core.verb:set package 'gwpspider_interfaces' build argument 'ament_cmake_args' from command line to 'None'
[0.416s] Level 5:colcon.colcon_core.verb:set package 'gwpspider_interfaces' build argument 'catkin_cmake_args' from command line to 'None'
[0.416s] Level 5:colcon.colcon_core.verb:set package 'gwpspider_interfaces' build argument 'catkin_skip_building_tests' from command line to 'False'
[0.416s] DEBUG:colcon.colcon_core.verb:Building package 'gwpspider_interfaces' with the following arguments: {'ament_cmake_args': None, 'build_base': '/home/spider/ros2_ws/build/gwpspider_interfaces', 'catkin_cmake_args': None, 'catkin_skip_building_tests': False, 'cmake_args': None, 'cmake_clean_cache': False, 'cmake_clean_first': False, 'cmake_force_configure': False, 'cmake_target': None, 'cmake_target_skip_unavailable': False, 'install_base': '/home/spider/ros2_ws/install', 'merge_install': True, 'path': '/home/spider/ros2_ws/src/gwpspider_interfaces', 'symlink_install': False, 'test_result_base': None}
[0.417s] Level 5:colcon.colcon_core.verb:set package 'my_service_interfaces' build argument 'cmake_args' from command line to 'None'
[0.417s] Level 5:colcon.colcon_core.verb:set package 'my_service_interfaces' build argument 'cmake_target' from command line to 'None'
[0.417s] Level 5:colcon.colcon_core.verb:set package 'my_service_interfaces' build argument 'cmake_target_skip_unavailable' from command line to 'False'
[0.417s] Level 5:colcon.colcon_core.verb:set package 'my_service_interfaces' build argument 'cmake_clean_cache' from command line to 'False'
[0.417s] Level 5:colcon.colcon_core.verb:set package 'my_service_interfaces' build argument 'cmake_clean_first' from command line to 'False'
[0.417s] Level 5:colcon.colcon_core.verb:set package 'my_service_interfaces' build argument 'cmake_force_configure' from command line to 'False'
[0.417s] Level 5:colcon.colcon_core.verb:set package 'my_service_interfaces' build argument 'ament_cmake_args' from command line to 'None'
[0.417s] Level 5:colcon.colcon_core.verb:set package 'my_service_interfaces' build argument 'catkin_cmake_args' from command line to 'None'
[0.417s] Level 5:colcon.colcon_core.verb:set package 'my_service_interfaces' build argument 'catkin_skip_building_tests' from command line to 'False'
[0.417s] DEBUG:colcon.colcon_core.verb:Building package 'my_service_interfaces' with the following arguments: {'ament_cmake_args': None, 'build_base': '/home/spider/ros2_ws/build/my_service_interfaces', 'catkin_cmake_args': None, 'catkin_skip_building_tests': False, 'cmake_args': None, 'cmake_clean_cache': False, 'cmake_clean_first': False, 'cmake_force_configure': False, 'cmake_target': None, 'cmake_target_skip_unavailable': False, 'install_base': '/home/spider/ros2_ws/install', 'merge_install': True, 'path': '/home/spider/ros2_ws/src/my_service_interfaces', 'symlink_install': False, 'test_result_base': None}
[0.418s] Level 5:colcon.colcon_core.verb:set package 'flask_server' build argument 'cmake_args' from command line to 'None'
[0.418s] Level 5:colcon.colcon_core.verb:set package 'flask_server' build argument 'cmake_target' from command line to 'None'
[0.418s] Level 5:colcon.colcon_core.verb:set package 'flask_server' build argument 'cmake_target_skip_unavailable' from command line to 'False'
[0.418s] Level 5:colcon.colcon_core.verb:set package 'flask_server' build argument 'cmake_clean_cache' from command line to 'False'
[0.418s] Level 5:colcon.colcon_core.verb:set package 'flask_server' build argument 'cmake_clean_first' from command line to 'False'
[0.418s] Level 5:colcon.colcon_core.verb:set package 'flask_server' build argument 'cmake_force_configure' from command line to 'False'
[0.418s] Level 5:colcon.colcon_core.verb:set package 'flask_server' build argument 'ament_cmake_args' from command line to 'None'
[0.418s] Level 5:colcon.colcon_core.verb:set package 'flask_server' build argument 'catkin_cmake_args' from command line to 'None'
[0.418s] Level 5:colcon.colcon_core.verb:set package 'flask_server' build argument 'catkin_skip_building_tests' from command line to 'False'
[0.418s] DEBUG:colcon.colcon_core.verb:Building package 'flask_server' with the following arguments: {'ament_cmake_args': None, 'build_base': '/home/spider/ros2_ws/build/flask_server', 'catkin_cmake_args': None, 'catkin_skip_building_tests': False, 'cmake_args': None, 'cmake_clean_cache': False, 'cmake_clean_first': False, 'cmake_force_configure': False, 'cmake_target': None, 'cmake_target_skip_unavailable': False, 'install_base': '/home/spider/ros2_ws/install', 'merge_install': True, 'path': '/home/spider/ros2_ws/src/flask_server', 'symlink_install': False, 'test_result_base': None}
[0.419s] Level 5:colcon.colcon_core.verb:set package 'py_node_test' build argument 'cmake_args' from command line to 'None'
[0.419s] Level 5:colcon.colcon_core.verb:set package 'py_node_test' build argument 'cmake_target' from command line to 'None'
[0.419s] Level 5:colcon.colcon_core.verb:set package 'py_node_test' build argument 'cmake_target_skip_unavailable' from command line to 'False'
[0.419s] Level 5:colcon.colcon_core.verb:set package 'py_node_test' build argument 'cmake_clean_cache' from command line to 'False'
[0.419s] Level 5:colcon.colcon_core.verb:set package 'py_node_test' build argument 'cmake_clean_first' from command line to 'False'
[0.419s] Level 5:colcon.colcon_core.verb:set package 'py_node_test' build argument 'cmake_force_configure' from command line to 'False'
[0.419s] Level 5:colcon.colcon_core.verb:set package 'py_node_test' build argument 'ament_cmake_args' from command line to 'None'
[0.419s] Level 5:colcon.colcon_core.verb:set package 'py_node_test' build argument 'catkin_cmake_args' from command line to 'None'
[0.419s] Level 5:colcon.colcon_core.verb:set package 'py_node_test' build argument 'catkin_skip_building_tests' from command line to 'False'
[0.419s] DEBUG:colcon.colcon_core.verb:Building package 'py_node_test' with the following arguments: {'ament_cmake_args': None, 'build_base': '/home/spider/ros2_ws/build/py_node_test', 'catkin_cmake_args': None, 'catkin_skip_building_tests': False, 'cmake_args': None, 'cmake_clean_cache': False, 'cmake_clean_first': False, 'cmake_force_configure': False, 'cmake_target': None, 'cmake_target_skip_unavailable': False, 'install_base': '/home/spider/ros2_ws/install', 'merge_install': True, 'path': '/home/spider/ros2_ws/src/py_node_test', 'symlink_install': False, 'test_result_base': None}
[0.420s] Level 5:colcon.colcon_core.verb:set package 'py_srvcli' build argument 'cmake_args' from command line to 'None'
[0.420s] Level 5:colcon.colcon_core.verb:set package 'py_srvcli' build argument 'cmake_target' from command line to 'None'
[0.420s] Level 5:colcon.colcon_core.verb:set package 'py_srvcli' build argument 'cmake_target_skip_unavailable' from command line to 'False'
[0.420s] Level 5:colcon.colcon_core.verb:set package 'py_srvcli' build argument 'cmake_clean_cache' from command line to 'False'
[0.420s] Level 5:colcon.colcon_core.verb:set package 'py_srvcli' build argument 'cmake_clean_first' from command line to 'False'
[0.420s] Level 5:colcon.colcon_core.verb:set package 'py_srvcli' build argument 'cmake_force_configure' from command line to 'False'
[0.420s] Level 5:colcon.colcon_core.verb:set package 'py_srvcli' build argument 'ament_cmake_args' from command line to 'None'
[0.420s] Level 5:colcon.colcon_core.verb:set package 'py_srvcli' build argument 'catkin_cmake_args' from command line to 'None'
[0.420s] Level 5:colcon.colcon_core.verb:set package 'py_srvcli' build argument 'catkin_skip_building_tests' from command line to 'False'
[0.420s] DEBUG:colcon.colcon_core.verb:Building package 'py_srvcli' with the following arguments: {'ament_cmake_args': None, 'build_base': '/home/spider/ros2_ws/build/py_srvcli', 'catkin_cmake_args': None, 'catkin_skip_building_tests': False, 'cmake_args': None, 'cmake_clean_cache': False, 'cmake_clean_first': False, 'cmake_force_configure': False, 'cmake_target': None, 'cmake_target_skip_unavailable': False, 'install_base': '/home/spider/ros2_ws/install', 'merge_install': True, 'path': '/home/spider/ros2_ws/src/py_srvcli', 'symlink_install': False, 'test_result_base': None}
[0.420s] INFO:colcon.colcon_core.executor:Executing jobs using 'parallel' executor
[0.423s] DEBUG:colcon.colcon_parallel_executor.executor.parallel:run_until_complete
[0.423s] INFO:colcon.colcon_ros.task.ament_cmake.build:Building ROS package in '/home/spider/ros2_ws/src/my_service_interfaces' with build type 'ament_cmake'
[0.424s] INFO:colcon.colcon_cmake.task.cmake.build:Building CMake package in '/home/spider/ros2_ws/src/my_service_interfaces'
[0.427s] INFO:colcon.colcon_core.plugin_system:Skipping extension 'colcon_core.shell.bat': Not used on non-Windows systems
[0.427s] INFO:colcon.colcon_core.shell:Skip shell extension 'powershell' for command environment: Not usable outside of PowerShell
[0.427s] DEBUG:colcon.colcon_core.shell:Skip shell extension 'dsv' for command environment
[0.431s] INFO:colcon.colcon_ros.task.ament_cmake.build:Building ROS package in '/home/spider/ros2_ws/src/gwpspider_interfaces' with build type 'ament_cmake'
[0.431s] INFO:colcon.colcon_cmake.task.cmake.build:Building CMake package in '/home/spider/ros2_ws/src/gwpspider_interfaces'
[0.432s] INFO:colcon.colcon_core.shell:Skip shell extension 'powershell' for command environment: Not usable outside of PowerShell
[0.432s] DEBUG:colcon.colcon_core.shell:Skip shell extension 'dsv' for command environment
[0.439s] DEBUG:colcon.colcon_core.event_handler.log_command:Invoking command in '/home/spider/ros2_ws/build/my_service_interfaces': CMAKE_PREFIX_PATH=${CMAKE_PREFIX_PATH}:/home/spider/ros2_ws/install/py_srvcli:/home/spider/ros2_ws/install/py_node_test:/home/spider/ros2_ws/install/flask_server:/opt/ros/humble /usr/bin/cmake --build /home/spider/ros2_ws/build/my_service_interfaces -- -j8 -l8
[0.443s] DEBUG:colcon.colcon_core.event_handler.log_command:Invoking command in '/home/spider/ros2_ws/build/gwpspider_interfaces': CMAKE_PREFIX_PATH=${CMAKE_PREFIX_PATH}:/home/spider/ros2_ws/install/py_srvcli:/home/spider/ros2_ws/install/py_node_test:/home/spider/ros2_ws/install/flask_server:/opt/ros/humble /usr/bin/cmake --build /home/spider/ros2_ws/build/gwpspider_interfaces -- -j8 -l8
[0.852s] DEBUG:colcon.colcon_core.event_handler.log_command:Invoked command in '/home/spider/ros2_ws/build/my_service_interfaces' returned '0': CMAKE_PREFIX_PATH=${CMAKE_PREFIX_PATH}:/home/spider/ros2_ws/install/py_srvcli:/home/spider/ros2_ws/install/py_node_test:/home/spider/ros2_ws/install/flask_server:/opt/ros/humble /usr/bin/cmake --build /home/spider/ros2_ws/build/my_service_interfaces -- -j8 -l8
[0.861s] DEBUG:colcon.colcon_core.event_handler.log_command:Invoked command in '/home/spider/ros2_ws/build/gwpspider_interfaces' returned '0': CMAKE_PREFIX_PATH=${CMAKE_PREFIX_PATH}:/home/spider/ros2_ws/install/py_srvcli:/home/spider/ros2_ws/install/py_node_test:/home/spider/ros2_ws/install/flask_server:/opt/ros/humble /usr/bin/cmake --build /home/spider/ros2_ws/build/gwpspider_interfaces -- -j8 -l8
[0.942s] DEBUG:colcon.colcon_core.event_handler.log_command:Invoking command in '/home/spider/ros2_ws/build/my_service_interfaces': CMAKE_PREFIX_PATH=${CMAKE_PREFIX_PATH}:/home/spider/ros2_ws/install/py_srvcli:/home/spider/ros2_ws/install/py_node_test:/home/spider/ros2_ws/install/flask_server:/opt/ros/humble /usr/bin/cmake --install /home/spider/ros2_ws/build/my_service_interfaces
[1.038s] Level 1:colcon.colcon_core.environment:create_environment_scripts_only(my_service_interfaces)
[1.039s] DEBUG:colcon.colcon_core.event_handler.log_command:Invoked command in '/home/spider/ros2_ws/build/my_service_interfaces' returned '0': CMAKE_PREFIX_PATH=${CMAKE_PREFIX_PATH}:/home/spider/ros2_ws/install/py_srvcli:/home/spider/ros2_ws/install/py_node_test:/home/spider/ros2_ws/install/flask_server:/opt/ros/humble /usr/bin/cmake --install /home/spider/ros2_ws/build/my_service_interfaces
[1.043s] Level 1:colcon.colcon_core.environment:checking '/home/spider/ros2_ws/install' for CMake module files
[1.043s] Level 1:colcon.colcon_core.environment:checking '/home/spider/ros2_ws/install' for CMake config files
[1.044s] Level 1:colcon.colcon_core.shell:create_environment_hook('my_service_interfaces', 'cmake_prefix_path')
[1.046s] INFO:colcon.colcon_core.shell:Creating environment hook '/home/spider/ros2_ws/install/share/my_service_interfaces/hook/cmake_prefix_path.ps1'
[1.046s] INFO:colcon.colcon_core.shell:Creating environment descriptor '/home/spider/ros2_ws/install/share/my_service_interfaces/hook/cmake_prefix_path.dsv'
[1.047s] INFO:colcon.colcon_core.shell:Creating environment hook '/home/spider/ros2_ws/install/share/my_service_interfaces/hook/cmake_prefix_path.sh'
[1.047s] Level 1:colcon.colcon_core.environment:checking '/home/spider/ros2_ws/install/bin'
[1.048s] Level 1:colcon.colcon_core.environment:checking '/home/spider/ros2_ws/install/lib/pkgconfig/my_service_interfaces.pc'
[1.048s] Level 1:colcon.colcon_core.environment:checking '/home/spider/ros2_ws/install/lib/python3.10/site-packages'
[1.048s] Level 1:colcon.colcon_core.environment:checking '/home/spider/ros2_ws/install/bin'
[1.050s] INFO:colcon.colcon_core.shell:Creating package script '/home/spider/ros2_ws/install/share/my_service_interfaces/package.ps1'
[1.051s] INFO:colcon.colcon_core.shell:Creating package descriptor '/home/spider/ros2_ws/install/share/my_service_interfaces/package.dsv'
[1.051s] INFO:colcon.colcon_core.shell:Creating package script '/home/spider/ros2_ws/install/share/my_service_interfaces/package.sh'
[1.052s] INFO:colcon.colcon_core.shell:Creating package script '/home/spider/ros2_ws/install/share/my_service_interfaces/package.bash'
[1.052s] INFO:colcon.colcon_core.shell:Creating package script '/home/spider/ros2_ws/install/share/my_service_interfaces/package.zsh'
[1.053s] Level 1:colcon.colcon_core.environment:create_file_with_runtime_dependencies(/home/spider/ros2_ws/install/share/colcon-core/packages/my_service_interfaces)
[1.118s] Level 1:colcon.colcon_core.environment:create_environment_scripts_only(my_service_interfaces)
[1.120s] Level 1:colcon.colcon_core.environment:checking '/home/spider/ros2_ws/install' for CMake module files
[1.120s] Level 1:colcon.colcon_core.environment:checking '/home/spider/ros2_ws/install' for CMake config files
[1.120s] Level 1:colcon.colcon_core.shell:create_environment_hook('my_service_interfaces', 'cmake_prefix_path')
[1.122s] INFO:colcon.colcon_core.shell:Creating environment hook '/home/spider/ros2_ws/install/share/my_service_interfaces/hook/cmake_prefix_path.ps1'
[1.122s] INFO:colcon.colcon_core.shell:Creating environment descriptor '/home/spider/ros2_ws/install/share/my_service_interfaces/hook/cmake_prefix_path.dsv'
[1.122s] INFO:colcon.colcon_core.shell:Creating environment hook '/home/spider/ros2_ws/install/share/my_service_interfaces/hook/cmake_prefix_path.sh'
[1.123s] Level 1:colcon.colcon_core.environment:checking '/home/spider/ros2_ws/install/bin'
[1.123s] Level 1:colcon.colcon_core.environment:checking '/home/spider/ros2_ws/install/lib/pkgconfig/my_service_interfaces.pc'
[1.123s] Level 1:colcon.colcon_core.environment:checking '/home/spider/ros2_ws/install/lib/python3.10/site-packages'
[1.123s] Level 1:colcon.colcon_core.environment:checking '/home/spider/ros2_ws/install/bin'
[1.124s] INFO:colcon.colcon_core.shell:Creating package script '/home/spider/ros2_ws/install/share/my_service_interfaces/package.ps1'
[1.125s] INFO:colcon.colcon_core.shell:Creating package descriptor '/home/spider/ros2_ws/install/share/my_service_interfaces/package.dsv'
[1.125s] INFO:colcon.colcon_core.shell:Creating package script '/home/spider/ros2_ws/install/share/my_service_interfaces/package.sh'
[1.126s] INFO:colcon.colcon_core.shell:Creating package script '/home/spider/ros2_ws/install/share/my_service_interfaces/package.bash'
[1.126s] INFO:colcon.colcon_core.shell:Creating package script '/home/spider/ros2_ws/install/share/my_service_interfaces/package.zsh'
[1.127s] Level 1:colcon.colcon_core.environment:create_file_with_runtime_dependencies(/home/spider/ros2_ws/install/share/colcon-core/packages/my_service_interfaces)
[1.127s] INFO:colcon.colcon_ros.task.ament_python.build:Building ROS package in '/home/spider/ros2_ws/src/py_node_test' with build type 'ament_python'
[1.127s] Level 1:colcon.colcon_core.shell:create_environment_hook('py_node_test', 'ament_prefix_path')
[1.128s] INFO:colcon.colcon_core.shell:Creating environment hook '/home/spider/ros2_ws/install/share/py_node_test/hook/ament_prefix_path.ps1'
[1.129s] INFO:colcon.colcon_core.shell:Creating environment descriptor '/home/spider/ros2_ws/install/share/py_node_test/hook/ament_prefix_path.dsv'
[1.129s] INFO:colcon.colcon_core.shell:Creating environment hook '/home/spider/ros2_ws/install/share/py_node_test/hook/ament_prefix_path.sh'
[1.131s] INFO:colcon.colcon_core.shell:Skip shell extension 'powershell' for command environment: Not usable outside of PowerShell
[1.131s] DEBUG:colcon.colcon_core.shell:Skip shell extension 'dsv' for command environment
[1.135s] INFO:colcon.colcon_ros.task.ament_python.build:Building ROS package in '/home/spider/ros2_ws/src/py_srvcli' with build type 'ament_python'
[1.135s] Level 1:colcon.colcon_core.shell:create_environment_hook('py_srvcli', 'ament_prefix_path')
[1.136s] INFO:colcon.colcon_core.shell:Creating environment hook '/home/spider/ros2_ws/install/share/py_srvcli/hook/ament_prefix_path.ps1'
[1.137s] INFO:colcon.colcon_core.shell:Creating environment descriptor '/home/spider/ros2_ws/install/share/py_srvcli/hook/ament_prefix_path.dsv'
[1.137s] INFO:colcon.colcon_core.shell:Creating environment hook '/home/spider/ros2_ws/install/share/py_srvcli/hook/ament_prefix_path.sh'
[1.139s] INFO:colcon.colcon_core.shell:Skip shell extension 'powershell' for command environment: Not usable outside of PowerShell
[1.139s] DEBUG:colcon.colcon_core.shell:Skip shell extension 'dsv' for command environment
[1.380s] INFO:colcon.colcon_core.task.python.build:Building Python package in '/home/spider/ros2_ws/src/py_node_test'
[1.381s] INFO:colcon.colcon_core.shell:Skip shell extension 'powershell' for command environment: Not usable outside of PowerShell
[1.381s] DEBUG:colcon.colcon_core.shell:Skip shell extension 'dsv' for command environment
[1.388s] DEBUG:colcon.colcon_core.event_handler.log_command:Invoking command in '/home/spider/ros2_ws/build/gwpspider_interfaces': CMAKE_PREFIX_PATH=${CMAKE_PREFIX_PATH}:/home/spider/ros2_ws/install/py_srvcli:/home/spider/ros2_ws/install/py_node_test:/home/spider/ros2_ws/install/flask_server:/opt/ros/humble /usr/bin/cmake --install /home/spider/ros2_ws/build/gwpspider_interfaces
[1.619s] INFO:colcon.colcon_core.task.python.build:Building Python package in '/home/spider/ros2_ws/src/py_srvcli'
[1.621s] INFO:colcon.colcon_core.shell:Skip shell extension 'powershell' for command environment: Not usable outside of PowerShell
[1.621s] DEBUG:colcon.colcon_core.shell:Skip shell extension 'dsv' for command environment
[1.700s] Level 1:colcon.colcon_core.environment:create_environment_scripts_only(gwpspider_interfaces)
[1.702s] Level 1:colcon.colcon_core.environment:checking '/home/spider/ros2_ws/install' for CMake module files
[1.703s] DEBUG:colcon.colcon_core.event_handler.log_command:Invoked command in '/home/spider/ros2_ws/build/gwpspider_interfaces' returned '0': CMAKE_PREFIX_PATH=${CMAKE_PREFIX_PATH}:/home/spider/ros2_ws/install/py_srvcli:/home/spider/ros2_ws/install/py_node_test:/home/spider/ros2_ws/install/flask_server:/opt/ros/humble /usr/bin/cmake --install /home/spider/ros2_ws/build/gwpspider_interfaces
[1.703s] Level 1:colcon.colcon_core.environment:checking '/home/spider/ros2_ws/install' for CMake config files
[1.704s] Level 1:colcon.colcon_core.shell:create_environment_hook('gwpspider_interfaces', 'cmake_prefix_path')
[1.705s] INFO:colcon.colcon_core.shell:Creating environment hook '/home/spider/ros2_ws/install/share/gwpspider_interfaces/hook/cmake_prefix_path.ps1'
[1.706s] INFO:colcon.colcon_core.shell:Creating environment descriptor '/home/spider/ros2_ws/install/share/gwpspider_interfaces/hook/cmake_prefix_path.dsv'
[1.706s] INFO:colcon.colcon_core.shell:Creating environment hook '/home/spider/ros2_ws/install/share/gwpspider_interfaces/hook/cmake_prefix_path.sh'
[1.706s] Level 1:colcon.colcon_core.environment:checking '/home/spider/ros2_ws/install/lib'
[1.706s] Level 1:colcon.colcon_core.environment:checking '/home/spider/ros2_ws/install/bin'
[1.707s] Level 1:colcon.colcon_core.environment:checking '/home/spider/ros2_ws/install/lib/pkgconfig/gwpspider_interfaces.pc'
[1.707s] Level 1:colcon.colcon_core.environment:checking '/home/spider/ros2_ws/install/lib/python3.10/site-packages'
[1.707s] Level 1:colcon.colcon_core.shell:create_environment_hook('gwpspider_interfaces', 'pythonpath')
[1.708s] INFO:colcon.colcon_core.shell:Creating environment hook '/home/spider/ros2_ws/install/share/gwpspider_interfaces/hook/pythonpath.ps1'
[1.708s] INFO:colcon.colcon_core.shell:Creating environment descriptor '/home/spider/ros2_ws/install/share/gwpspider_interfaces/hook/pythonpath.dsv'
[1.709s] INFO:colcon.colcon_core.shell:Creating environment hook '/home/spider/ros2_ws/install/share/gwpspider_interfaces/hook/pythonpath.sh'
[1.709s] Level 1:colcon.colcon_core.environment:checking '/home/spider/ros2_ws/install/bin'
[1.710s] INFO:colcon.colcon_core.shell:Creating package script '/home/spider/ros2_ws/install/share/gwpspider_interfaces/package.ps1'
[1.711s] INFO:colcon.colcon_core.shell:Creating package descriptor '/home/spider/ros2_ws/install/share/gwpspider_interfaces/package.dsv'
[1.711s] INFO:colcon.colcon_core.shell:Creating package script '/home/spider/ros2_ws/install/share/gwpspider_interfaces/package.sh'
[1.712s] INFO:colcon.colcon_core.shell:Creating package script '/home/spider/ros2_ws/install/share/gwpspider_interfaces/package.bash'
[1.712s] INFO:colcon.colcon_core.shell:Creating package script '/home/spider/ros2_ws/install/share/gwpspider_interfaces/package.zsh'
[1.712s] Level 1:colcon.colcon_core.environment:create_file_with_runtime_dependencies(/home/spider/ros2_ws/install/share/colcon-core/packages/gwpspider_interfaces)
[2.022s] DEBUG:colcon.colcon_core.event_handler.log_command:Invoking command in '/home/spider/ros2_ws/src/py_srvcli': CMAKE_PREFIX_PATH=/home/spider/ros2_ws/install:${CMAKE_PREFIX_PATH} PYTHONPATH=/home/spider/ros2_ws/build/py_srvcli/prefix_override:/home/spider/ros2_ws/install/lib/python3.10/site-packages:${PYTHONPATH} /usr/bin/python3 setup.py egg_info --egg-base ../../build/py_srvcli build --build-base /home/spider/ros2_ws/build/py_srvcli/build install --record /home/spider/ros2_ws/build/py_srvcli/install.log --single-version-externally-managed
[2.029s] DEBUG:colcon.colcon_core.event_handler.log_command:Invoking command in '/home/spider/ros2_ws/src/py_node_test': CMAKE_PREFIX_PATH=/home/spider/ros2_ws/install:${CMAKE_PREFIX_PATH} PYTHONPATH=/home/spider/ros2_ws/build/py_node_test/prefix_override:/home/spider/ros2_ws/install/lib/python3.10/site-packages:${PYTHONPATH} /usr/bin/python3 setup.py egg_info --egg-base ../../build/py_node_test build --build-base /home/spider/ros2_ws/build/py_node_test/build install --record /home/spider/ros2_ws/build/py_node_test/install.log --single-version-externally-managed
[2.170s] Level 1:colcon.colcon_core.environment:create_environment_scripts_only(gwpspider_interfaces)
[2.173s] Level 1:colcon.colcon_core.environment:checking '/home/spider/ros2_ws/install' for CMake module files
[2.173s] Level 1:colcon.colcon_core.environment:checking '/home/spider/ros2_ws/install' for CMake config files
[2.174s] Level 1:colcon.colcon_core.shell:create_environment_hook('gwpspider_interfaces', 'cmake_prefix_path')
[2.175s] INFO:colcon.colcon_core.shell:Creating environment hook '/home/spider/ros2_ws/install/share/gwpspider_interfaces/hook/cmake_prefix_path.ps1'
[2.175s] INFO:colcon.colcon_core.shell:Creating environment descriptor '/home/spider/ros2_ws/install/share/gwpspider_interfaces/hook/cmake_prefix_path.dsv'
[2.176s] INFO:colcon.colcon_core.shell:Creating environment hook '/home/spider/ros2_ws/install/share/gwpspider_interfaces/hook/cmake_prefix_path.sh'
[2.176s] Level 1:colcon.colcon_core.environment:checking '/home/spider/ros2_ws/install/lib'
[2.176s] Level 1:colcon.colcon_core.environment:checking '/home/spider/ros2_ws/install/bin'
[2.176s] Level 1:colcon.colcon_core.environment:checking '/home/spider/ros2_ws/install/lib/pkgconfig/gwpspider_interfaces.pc'
[2.176s] Level 1:colcon.colcon_core.environment:checking '/home/spider/ros2_ws/install/lib/python3.10/site-packages'
[2.177s] Level 1:colcon.colcon_core.shell:create_environment_hook('gwpspider_interfaces', 'pythonpath')
[2.178s] INFO:colcon.colcon_core.shell:Creating environment hook '/home/spider/ros2_ws/install/share/gwpspider_interfaces/hook/pythonpath.ps1'
[2.178s] INFO:colcon.colcon_core.shell:Creating environment descriptor '/home/spider/ros2_ws/install/share/gwpspider_interfaces/hook/pythonpath.dsv'
[2.178s] INFO:colcon.colcon_core.shell:Creating environment hook '/home/spider/ros2_ws/install/share/gwpspider_interfaces/hook/pythonpath.sh'
[2.179s] Level 1:colcon.colcon_core.environment:checking '/home/spider/ros2_ws/install/bin'
[2.180s] INFO:colcon.colcon_core.shell:Creating package script '/home/spider/ros2_ws/install/share/gwpspider_interfaces/package.ps1'
[2.180s] INFO:colcon.colcon_core.shell:Creating package descriptor '/home/spider/ros2_ws/install/share/gwpspider_interfaces/package.dsv'
[2.181s] INFO:colcon.colcon_core.shell:Creating package script '/home/spider/ros2_ws/install/share/gwpspider_interfaces/package.sh'
[2.181s] INFO:colcon.colcon_core.shell:Creating package script '/home/spider/ros2_ws/install/share/gwpspider_interfaces/package.bash'
[2.181s] INFO:colcon.colcon_core.shell:Creating package script '/home/spider/ros2_ws/install/share/gwpspider_interfaces/package.zsh'
[2.182s] Level 1:colcon.colcon_core.environment:create_file_with_runtime_dependencies(/home/spider/ros2_ws/install/share/colcon-core/packages/gwpspider_interfaces)
[2.182s] INFO:colcon.colcon_ros.task.ament_python.build:Building ROS package in '/home/spider/ros2_ws/src/flask_server' with build type 'ament_python'
[2.182s] Level 1:colcon.colcon_core.shell:create_environment_hook('flask_server', 'ament_prefix_path')
[2.183s] INFO:colcon.colcon_core.shell:Creating environment hook '/home/spider/ros2_ws/install/share/flask_server/hook/ament_prefix_path.ps1'
[2.184s] INFO:colcon.colcon_core.shell:Creating environment descriptor '/home/spider/ros2_ws/install/share/flask_server/hook/ament_prefix_path.dsv'
[2.184s] INFO:colcon.colcon_core.shell:Creating environment hook '/home/spider/ros2_ws/install/share/flask_server/hook/ament_prefix_path.sh'
[2.186s] INFO:colcon.colcon_core.shell:Skip shell extension 'powershell' for command environment: Not usable outside of PowerShell
[2.186s] DEBUG:colcon.colcon_core.shell:Skip shell extension 'dsv' for command environment
[2.466s] INFO:colcon.colcon_core.task.python.build:Building Python package in '/home/spider/ros2_ws/src/flask_server'
[2.467s] INFO:colcon.colcon_core.shell:Skip shell extension 'powershell' for command environment: Not usable outside of PowerShell
[2.467s] DEBUG:colcon.colcon_core.shell:Skip shell extension 'dsv' for command environment
[2.475s] Level 1:colcon.colcon_core.environment:checking '/home/spider/ros2_ws/install' for CMake module files
[2.476s] DEBUG:colcon.colcon_core.event_handler.log_command:Invoked command in '/home/spider/ros2_ws/src/py_srvcli' returned '0': CMAKE_PREFIX_PATH=/home/spider/ros2_ws/install:${CMAKE_PREFIX_PATH} PYTHONPATH=/home/spider/ros2_ws/build/py_srvcli/prefix_override:/home/spider/ros2_ws/install/lib/python3.10/site-packages:${PYTHONPATH} /usr/bin/python3 setup.py egg_info --egg-base ../../build/py_srvcli build --build-base /home/spider/ros2_ws/build/py_srvcli/build install --record /home/spider/ros2_ws/build/py_srvcli/install.log --single-version-externally-managed
[2.477s] Level 1:colcon.colcon_core.environment:checking '/home/spider/ros2_ws/install' for CMake config files
[2.478s] Level 1:colcon.colcon_core.shell:create_environment_hook('py_srvcli', 'cmake_prefix_path')
[2.480s] INFO:colcon.colcon_core.shell:Creating environment hook '/home/spider/ros2_ws/install/share/py_srvcli/hook/cmake_prefix_path.ps1'
[2.481s] INFO:colcon.colcon_core.shell:Creating environment descriptor '/home/spider/ros2_ws/install/share/py_srvcli/hook/cmake_prefix_path.dsv'
[2.481s] INFO:colcon.colcon_core.shell:Creating environment hook '/home/spider/ros2_ws/install/share/py_srvcli/hook/cmake_prefix_path.sh'
[2.482s] Level 1:colcon.colcon_core.environment:checking '/home/spider/ros2_ws/install/lib'
[2.482s] Level 1:colcon.colcon_core.environment:checking '/home/spider/ros2_ws/install/bin'
[2.482s] Level 1:colcon.colcon_core.environment:checking '/home/spider/ros2_ws/install/lib/pkgconfig/py_srvcli.pc'
[2.482s] Level 1:colcon.colcon_core.environment:checking '/home/spider/ros2_ws/install/lib/python3.10/site-packages'
[2.482s] Level 1:colcon.colcon_core.shell:create_environment_hook('py_srvcli', 'pythonpath')
[2.484s] INFO:colcon.colcon_core.shell:Creating environment hook '/home/spider/ros2_ws/install/share/py_srvcli/hook/pythonpath.ps1'
[2.484s] INFO:colcon.colcon_core.shell:Creating environment descriptor '/home/spider/ros2_ws/install/share/py_srvcli/hook/pythonpath.dsv'
[2.485s] INFO:colcon.colcon_core.shell:Creating environment hook '/home/spider/ros2_ws/install/share/py_srvcli/hook/pythonpath.sh'
[2.485s] Level 1:colcon.colcon_core.environment:checking '/home/spider/ros2_ws/install/bin'
[2.485s] Level 1:colcon.colcon_core.environment:create_environment_scripts_only(py_srvcli)
[2.486s] INFO:colcon.colcon_core.shell:Creating package script '/home/spider/ros2_ws/install/share/py_srvcli/package.ps1'
[2.487s] INFO:colcon.colcon_core.shell:Creating package descriptor '/home/spider/ros2_ws/install/share/py_srvcli/package.dsv'
[2.487s] INFO:colcon.colcon_core.shell:Creating package script '/home/spider/ros2_ws/install/share/py_srvcli/package.sh'
[2.488s] INFO:colcon.colcon_core.shell:Creating package script '/home/spider/ros2_ws/install/share/py_srvcli/package.bash'
[2.488s] INFO:colcon.colcon_core.shell:Creating package script '/home/spider/ros2_ws/install/share/py_srvcli/package.zsh'
[2.488s] Level 1:colcon.colcon_core.environment:create_file_with_runtime_dependencies(/home/spider/ros2_ws/install/share/colcon-core/packages/py_srvcli)
[2.490s] Level 1:colcon.colcon_core.environment:checking '/home/spider/ros2_ws/install' for CMake module files
[2.492s] DEBUG:colcon.colcon_core.event_handler.log_command:Invoked command in '/home/spider/ros2_ws/src/py_node_test' returned '0': CMAKE_PREFIX_PATH=/home/spider/ros2_ws/install:${CMAKE_PREFIX_PATH} PYTHONPATH=/home/spider/ros2_ws/build/py_node_test/prefix_override:/home/spider/ros2_ws/install/lib/python3.10/site-packages:${PYTHONPATH} /usr/bin/python3 setup.py egg_info --egg-base ../../build/py_node_test build --build-base /home/spider/ros2_ws/build/py_node_test/build install --record /home/spider/ros2_ws/build/py_node_test/install.log --single-version-externally-managed
[2.492s] Level 1:colcon.colcon_core.environment:checking '/home/spider/ros2_ws/install' for CMake config files
[2.493s] Level 1:colcon.colcon_core.shell:create_environment_hook('py_node_test', 'cmake_prefix_path')
[2.494s] INFO:colcon.colcon_core.shell:Creating environment hook '/home/spider/ros2_ws/install/share/py_node_test/hook/cmake_prefix_path.ps1'
[2.494s] INFO:colcon.colcon_core.shell:Creating environment descriptor '/home/spider/ros2_ws/install/share/py_node_test/hook/cmake_prefix_path.dsv'
[2.494s] INFO:colcon.colcon_core.shell:Creating environment hook '/home/spider/ros2_ws/install/share/py_node_test/hook/cmake_prefix_path.sh'
[2.495s] Level 1:colcon.colcon_core.environment:checking '/home/spider/ros2_ws/install/lib'
[2.495s] Level 1:colcon.colcon_core.environment:checking '/home/spider/ros2_ws/install/bin'
[2.495s] Level 1:colcon.colcon_core.environment:checking '/home/spider/ros2_ws/install/lib/pkgconfig/py_node_test.pc'
[2.495s] Level 1:colcon.colcon_core.environment:checking '/home/spider/ros2_ws/install/lib/python3.10/site-packages'
[2.495s] Level 1:colcon.colcon_core.shell:create_environment_hook('py_node_test', 'pythonpath')
[2.497s] INFO:colcon.colcon_core.shell:Creating environment hook '/home/spider/ros2_ws/install/share/py_node_test/hook/pythonpath.ps1'
[2.497s] INFO:colcon.colcon_core.shell:Creating environment descriptor '/home/spider/ros2_ws/install/share/py_node_test/hook/pythonpath.dsv'
[2.497s] INFO:colcon.colcon_core.shell:Creating environment hook '/home/spider/ros2_ws/install/share/py_node_test/hook/pythonpath.sh'
[2.498s] Level 1:colcon.colcon_core.environment:checking '/home/spider/ros2_ws/install/bin'
[2.498s] Level 1:colcon.colcon_core.environment:create_environment_scripts_only(py_node_test)
[2.499s] INFO:colcon.colcon_core.shell:Creating package script '/home/spider/ros2_ws/install/share/py_node_test/package.ps1'
[2.499s] INFO:colcon.colcon_core.shell:Creating package descriptor '/home/spider/ros2_ws/install/share/py_node_test/package.dsv'
[2.500s] INFO:colcon.colcon_core.shell:Creating package script '/home/spider/ros2_ws/install/share/py_node_test/package.sh'
[2.500s] INFO:colcon.colcon_core.shell:Creating package script '/home/spider/ros2_ws/install/share/py_node_test/package.bash'
[2.501s] INFO:colcon.colcon_core.shell:Creating package script '/home/spider/ros2_ws/install/share/py_node_test/package.zsh'
[2.501s] Level 1:colcon.colcon_core.environment:create_file_with_runtime_dependencies(/home/spider/ros2_ws/install/share/colcon-core/packages/py_node_test)
[2.826s] DEBUG:colcon.colcon_core.event_handler.log_command:Invoking command in '/home/spider/ros2_ws/src/flask_server': CMAKE_PREFIX_PATH=/home/spider/ros2_ws/install:${CMAKE_PREFIX_PATH} PYTHONPATH=/home/spider/ros2_ws/build/flask_server/prefix_override:/home/spider/ros2_ws/install/lib/python3.10/site-packages:/home/spider/ros2_ws/install/lib/python3.10/site-packages:${PYTHONPATH} /usr/bin/python3 setup.py egg_info --egg-base ../../build/flask_server build --build-base /home/spider/ros2_ws/build/flask_server/build install --record /home/spider/ros2_ws/build/flask_server/install.log --single-version-externally-managed
[3.100s] Level 1:colcon.colcon_core.environment:checking '/home/spider/ros2_ws/install' for CMake module files
[3.101s] DEBUG:colcon.colcon_core.event_handler.log_command:Invoked command in '/home/spider/ros2_ws/src/flask_server' returned '0': CMAKE_PREFIX_PATH=/home/spider/ros2_ws/install:${CMAKE_PREFIX_PATH} PYTHONPATH=/home/spider/ros2_ws/build/flask_server/prefix_override:/home/spider/ros2_ws/install/lib/python3.10/site-packages:/home/spider/ros2_ws/install/lib/python3.10/site-packages:${PYTHONPATH} /usr/bin/python3 setup.py egg_info --egg-base ../../build/flask_server build --build-base /home/spider/ros2_ws/build/flask_server/build install --record /home/spider/ros2_ws/build/flask_server/install.log --single-version-externally-managed
[3.101s] Level 1:colcon.colcon_core.environment:checking '/home/spider/ros2_ws/install' for CMake config files
[3.102s] Level 1:colcon.colcon_core.shell:create_environment_hook('flask_server', 'cmake_prefix_path')
[3.103s] INFO:colcon.colcon_core.shell:Creating environment hook '/home/spider/ros2_ws/install/share/flask_server/hook/cmake_prefix_path.ps1'
[3.104s] INFO:colcon.colcon_core.shell:Creating environment descriptor '/home/spider/ros2_ws/install/share/flask_server/hook/cmake_prefix_path.dsv'
[3.104s] INFO:colcon.colcon_core.shell:Creating environment hook '/home/spider/ros2_ws/install/share/flask_server/hook/cmake_prefix_path.sh'
[3.105s] Level 1:colcon.colcon_core.environment:checking '/home/spider/ros2_ws/install/lib'
[3.105s] Level 1:colcon.colcon_core.environment:checking '/home/spider/ros2_ws/install/bin'
[3.105s] Level 1:colcon.colcon_core.environment:checking '/home/spider/ros2_ws/install/lib/pkgconfig/flask_server.pc'
[3.105s] Level 1:colcon.colcon_core.environment:checking '/home/spider/ros2_ws/install/lib/python3.10/site-packages'
[3.105s] Level 1:colcon.colcon_core.shell:create_environment_hook('flask_server', 'pythonpath')
[3.106s] INFO:colcon.colcon_core.shell:Creating environment hook '/home/spider/ros2_ws/install/share/flask_server/hook/pythonpath.ps1'
[3.107s] INFO:colcon.colcon_core.shell:Creating environment descriptor '/home/spider/ros2_ws/install/share/flask_server/hook/pythonpath.dsv'
[3.107s] INFO:colcon.colcon_core.shell:Creating environment hook '/home/spider/ros2_ws/install/share/flask_server/hook/pythonpath.sh'
[3.107s] Level 1:colcon.colcon_core.environment:checking '/home/spider/ros2_ws/install/bin'
[3.108s] Level 1:colcon.colcon_core.environment:create_environment_scripts_only(flask_server)
[3.109s] INFO:colcon.colcon_core.shell:Creating package script '/home/spider/ros2_ws/install/share/flask_server/package.ps1'
[3.109s] INFO:colcon.colcon_core.shell:Creating package descriptor '/home/spider/ros2_ws/install/share/flask_server/package.dsv'
[3.110s] INFO:colcon.colcon_core.shell:Creating package script '/home/spider/ros2_ws/install/share/flask_server/package.sh'
[3.110s] INFO:colcon.colcon_core.shell:Creating package script '/home/spider/ros2_ws/install/share/flask_server/package.bash'
[3.110s] INFO:colcon.colcon_core.shell:Creating package script '/home/spider/ros2_ws/install/share/flask_server/package.zsh'
[3.111s] Level 1:colcon.colcon_core.environment:create_file_with_runtime_dependencies(/home/spider/ros2_ws/install/share/colcon-core/packages/flask_server)
[3.111s] DEBUG:colcon.colcon_parallel_executor.executor.parallel:closing loop
[3.111s] DEBUG:colcon.colcon_parallel_executor.executor.parallel:loop closed
[3.111s] DEBUG:colcon.colcon_parallel_executor.executor.parallel:run_until_complete finished with '0'
[3.111s] DEBUG:colcon.colcon_core.event_reactor:joining thread
[3.117s] INFO:colcon.colcon_core.plugin_system:Skipping extension 'colcon_notification.desktop_notification.terminal_notifier': Not used on non-Darwin systems
[3.117s] INFO:colcon.colcon_core.plugin_system:Skipping extension 'colcon_notification.desktop_notification.win32': Not used on non-Windows systems
[3.117s] INFO:colcon.colcon_notification.desktop_notification:Sending desktop notification using 'notify2'
[3.129s] DEBUG:colcon.colcon_core.event_reactor:joined thread
[3.130s] INFO:colcon.colcon_core.shell:Creating prefix script '/home/spider/ros2_ws/install/local_setup.ps1'
[3.131s] INFO:colcon.colcon_core.shell:Creating prefix util module '/home/spider/ros2_ws/install/_local_setup_util_ps1.py'
[3.132s] INFO:colcon.colcon_core.shell:Creating prefix chain script '/home/spider/ros2_ws/install/setup.ps1'
[3.134s] INFO:colcon.colcon_core.shell:Creating prefix script '/home/spider/ros2_ws/install/local_setup.sh'
[3.134s] INFO:colcon.colcon_core.shell:Creating prefix util module '/home/spider/ros2_ws/install/_local_setup_util_sh.py'
[3.135s] INFO:colcon.colcon_core.shell:Creating prefix chain script '/home/spider/ros2_ws/install/setup.sh'
[3.136s] INFO:colcon.colcon_core.shell:Creating prefix script '/home/spider/ros2_ws/install/local_setup.bash'
[3.136s] INFO:colcon.colcon_core.shell:Creating prefix chain script '/home/spider/ros2_ws/install/setup.bash'
[3.138s] INFO:colcon.colcon_core.shell:Creating prefix script '/home/spider/ros2_ws/install/local_setup.zsh'
[3.138s] INFO:colcon.colcon_core.shell:Creating prefix chain script '/home/spider/ros2_ws/install/setup.zsh'
