[0.287s] DEBUG:colcon:Command line arguments: ['/usr/bin/colcon', 'build']
[0.287s] DEBUG:colcon:Parsed command line arguments: Namespace(log_base=None, log_level=None, verb_name='build', build_base='build', install_base='install', merge_install=False, symlink_install=False, test_result_base=None, continue_on_error=False, executor='parallel', parallel_workers=8, event_handlers=None, ignore_user_meta=False, metas=['./colcon.meta'], base_paths=['.'], packages_ignore=None, packages_ignore_regex=None, paths=None, packages_up_to=None, packages_up_to_regex=None, packages_above=None, packages_above_and_dependencies=None, packages_above_depth=None, packages_select_by_dep=None, packages_skip_by_dep=None, packages_skip_up_to=None, packages_select_build_failed=False, packages_skip_build_finished=False, packages_select_test_failures=False, packages_skip_test_passed=False, packages_select=None, packages_skip=None, packages_select_regex=None, packages_skip_regex=None, packages_start=None, packages_end=None, allow_overriding=[], cmake_args=None, cmake_target=None, cmake_target_skip_unavailable=False, cmake_clean_cache=False, cmake_clean_first=False, cmake_force_configure=False, ament_cmake_args=None, catkin_cmake_args=None, catkin_skip_building_tests=False, verb_parser=<colcon_defaults.argument_parser.defaults.DefaultArgumentsDecorator object at 0x7fc2919acaf0>, verb_extension=<colcon_core.verb.build.BuildVerb object at 0x7fc29219b6a0>, main=<bound method BuildVerb.main of <colcon_core.verb.build.BuildVerb object at 0x7fc29219b6a0>>)
[0.318s] Level 1:colcon.colcon_core.package_discovery:discover_packages(colcon_meta) check parameters
[0.318s] Level 1:colcon.colcon_core.package_discovery:discover_packages(recursive) check parameters
[0.318s] Level 1:colcon.colcon_core.package_discovery:discover_packages(ignore) check parameters
[0.318s] Level 1:colcon.colcon_core.package_discovery:discover_packages(path) check parameters
[0.318s] Level 1:colcon.colcon_core.package_discovery:discover_packages(colcon_meta) discover
[0.318s] Level 1:colcon.colcon_core.package_discovery:discover_packages(recursive) discover
[0.319s] INFO:colcon.colcon_core.package_discovery:Crawling recursively for packages in '/home/spider/ros2_ws'
[0.319s] Level 1:colcon.colcon_core.package_identification:_identify(.) by extensions ['ignore', 'ignore_ament_install']
[0.319s] Level 1:colcon.colcon_core.package_identification:_identify(.) by extension 'ignore'
[0.319s] Level 1:colcon.colcon_core.package_identification:_identify(.) by extension 'ignore_ament_install'
[0.319s] Level 1:colcon.colcon_core.package_identification:_identify(.) by extensions ['colcon_pkg']
[0.319s] Level 1:colcon.colcon_core.package_identification:_identify(.) by extension 'colcon_pkg'
[0.319s] Level 1:colcon.colcon_core.package_identification:_identify(.) by extensions ['colcon_meta']
[0.319s] Level 1:colcon.colcon_core.package_identification:_identify(.) by extension 'colcon_meta'
[0.319s] Level 1:colcon.colcon_core.package_identification:_identify(.) by extensions ['ros']
[0.319s] Level 1:colcon.colcon_core.package_identification:_identify(.) by extension 'ros'
[0.331s] Level 1:colcon.colcon_core.package_identification:_identify(.) by extensions ['cmake', 'python']
[0.331s] Level 1:colcon.colcon_core.package_identification:_identify(.) by extension 'cmake'
[0.331s] Level 1:colcon.colcon_core.package_identification:_identify(.) by extension 'python'
[0.331s] Level 1:colcon.colcon_core.package_identification:_identify(.) by extensions ['python_setup_py']
[0.331s] Level 1:colcon.colcon_core.package_identification:_identify(.) by extension 'python_setup_py'
[0.331s] Level 1:colcon.colcon_core.package_identification:_identify(build) by extensions ['ignore', 'ignore_ament_install']
[0.331s] Level 1:colcon.colcon_core.package_identification:_identify(build) by extension 'ignore'
[0.331s] Level 1:colcon.colcon_core.package_identification:_identify(build) ignored
[0.331s] Level 1:colcon.colcon_core.package_identification:_identify(install) by extensions ['ignore', 'ignore_ament_install']
[0.331s] Level 1:colcon.colcon_core.package_identification:_identify(install) by extension 'ignore'
[0.331s] Level 1:colcon.colcon_core.package_identification:_identify(install) ignored
[0.332s] Level 1:colcon.colcon_core.package_identification:_identify(log) by extensions ['ignore', 'ignore_ament_install']
[0.332s] Level 1:colcon.colcon_core.package_identification:_identify(log) by extension 'ignore'
[0.332s] Level 1:colcon.colcon_core.package_identification:_identify(log) ignored
[0.332s] Level 1:colcon.colcon_core.package_identification:_identify(src) by extensions ['ignore', 'ignore_ament_install']
[0.332s] Level 1:colcon.colcon_core.package_identification:_identify(src) by extension 'ignore'
[0.332s] Level 1:colcon.colcon_core.package_identification:_identify(src) by extension 'ignore_ament_install'
[0.332s] Level 1:colcon.colcon_core.package_identification:_identify(src) by extensions ['colcon_pkg']
[0.332s] Level 1:colcon.colcon_core.package_identification:_identify(src) by extension 'colcon_pkg'
[0.332s] Level 1:colcon.colcon_core.package_identification:_identify(src) by extensions ['colcon_meta']
[0.332s] Level 1:colcon.colcon_core.package_identification:_identify(src) by extension 'colcon_meta'
[0.332s] Level 1:colcon.colcon_core.package_identification:_identify(src) by extensions ['ros']
[0.332s] Level 1:colcon.colcon_core.package_identification:_identify(src) by extension 'ros'
[0.332s] Level 1:colcon.colcon_core.package_identification:_identify(src) by extensions ['cmake', 'python']
[0.332s] Level 1:colcon.colcon_core.package_identification:_identify(src) by extension 'cmake'
[0.332s] Level 1:colcon.colcon_core.package_identification:_identify(src) by extension 'python'
[0.332s] Level 1:colcon.colcon_core.package_identification:_identify(src) by extensions ['python_setup_py']
[0.332s] Level 1:colcon.colcon_core.package_identification:_identify(src) by extension 'python_setup_py'
[0.332s] Level 1:colcon.colcon_core.package_identification:_identify(src/flask_server) by extensions ['ignore', 'ignore_ament_install']
[0.333s] Level 1:colcon.colcon_core.package_identification:_identify(src/flask_server) by extension 'ignore'
[0.333s] Level 1:colcon.colcon_core.package_identification:_identify(src/flask_server) by extension 'ignore_ament_install'
[0.333s] Level 1:colcon.colcon_core.package_identification:_identify(src/flask_server) by extensions ['colcon_pkg']
[0.333s] Level 1:colcon.colcon_core.package_identification:_identify(src/flask_server) by extension 'colcon_pkg'
[0.333s] Level 1:colcon.colcon_core.package_identification:_identify(src/flask_server) by extensions ['colcon_meta']
[0.333s] Level 1:colcon.colcon_core.package_identification:_identify(src/flask_server) by extension 'colcon_meta'
[0.333s] Level 1:colcon.colcon_core.package_identification:_identify(src/flask_server) by extensions ['ros']
[0.333s] Level 1:colcon.colcon_core.package_identification:_identify(src/flask_server) by extension 'ros'
[0.335s] DEBUG:colcon.colcon_core.package_identification:Package 'src/flask_server' with type 'ros.ament_python' and name 'flask_server'
[0.335s] Level 1:colcon.colcon_core.package_identification:_identify(src/my_service_interfaces) by extensions ['ignore', 'ignore_ament_install']
[0.335s] Level 1:colcon.colcon_core.package_identification:_identify(src/my_service_interfaces) by extension 'ignore'
[0.335s] Level 1:colcon.colcon_core.package_identification:_identify(src/my_service_interfaces) by extension 'ignore_ament_install'
[0.336s] Level 1:colcon.colcon_core.package_identification:_identify(src/my_service_interfaces) by extensions ['colcon_pkg']
[0.336s] Level 1:colcon.colcon_core.package_identification:_identify(src/my_service_interfaces) by extension 'colcon_pkg'
[0.336s] Level 1:colcon.colcon_core.package_identification:_identify(src/my_service_interfaces) by extensions ['colcon_meta']
[0.336s] Level 1:colcon.colcon_core.package_identification:_identify(src/my_service_interfaces) by extension 'colcon_meta'
[0.336s] Level 1:colcon.colcon_core.package_identification:_identify(src/my_service_interfaces) by extensions ['ros']
[0.336s] Level 1:colcon.colcon_core.package_identification:_identify(src/my_service_interfaces) by extension 'ros'
[0.336s] DEBUG:colcon.colcon_core.package_identification:Package 'src/my_service_interfaces' with type 'ros.ament_cmake' and name 'my_service_interfaces'
[0.336s] Level 1:colcon.colcon_core.package_identification:_identify(src/py_node_test) by extensions ['ignore', 'ignore_ament_install']
[0.336s] Level 1:colcon.colcon_core.package_identification:_identify(src/py_node_test) by extension 'ignore'
[0.337s] Level 1:colcon.colcon_core.package_identification:_identify(src/py_node_test) by extension 'ignore_ament_install'
[0.337s] Level 1:colcon.colcon_core.package_identification:_identify(src/py_node_test) by extensions ['colcon_pkg']
[0.337s] Level 1:colcon.colcon_core.package_identification:_identify(src/py_node_test) by extension 'colcon_pkg'
[0.337s] Level 1:colcon.colcon_core.package_identification:_identify(src/py_node_test) by extensions ['colcon_meta']
[0.337s] Level 1:colcon.colcon_core.package_identification:_identify(src/py_node_test) by extension 'colcon_meta'
[0.337s] Level 1:colcon.colcon_core.package_identification:_identify(src/py_node_test) by extensions ['ros']
[0.337s] Level 1:colcon.colcon_core.package_identification:_identify(src/py_node_test) by extension 'ros'
[0.337s] DEBUG:colcon.colcon_core.package_identification:Package 'src/py_node_test' with type 'ros.ament_python' and name 'py_node_test'
[0.337s] Level 1:colcon.colcon_core.package_identification:_identify(src/py_srvcli) by extensions ['ignore', 'ignore_ament_install']
[0.337s] Level 1:colcon.colcon_core.package_identification:_identify(src/py_srvcli) by extension 'ignore'
[0.338s] Level 1:colcon.colcon_core.package_identification:_identify(src/py_srvcli) by extension 'ignore_ament_install'
[0.338s] Level 1:colcon.colcon_core.package_identification:_identify(src/py_srvcli) by extensions ['colcon_pkg']
[0.338s] Level 1:colcon.colcon_core.package_identification:_identify(src/py_srvcli) by extension 'colcon_pkg'
[0.338s] Level 1:colcon.colcon_core.package_identification:_identify(src/py_srvcli) by extensions ['colcon_meta']
[0.338s] Level 1:colcon.colcon_core.package_identification:_identify(src/py_srvcli) by extension 'colcon_meta'
[0.338s] Level 1:colcon.colcon_core.package_identification:_identify(src/py_srvcli) by extensions ['ros']
[0.338s] Level 1:colcon.colcon_core.package_identification:_identify(src/py_srvcli) by extension 'ros'
[0.338s] DEBUG:colcon.colcon_core.package_identification:Package 'src/py_srvcli' with type 'ros.ament_python' and name 'py_srvcli'
[0.338s] Level 1:colcon.colcon_core.package_discovery:discover_packages(recursive) using defaults
[0.338s] Level 1:colcon.colcon_core.package_discovery:discover_packages(ignore) discover
[0.338s] Level 1:colcon.colcon_core.package_discovery:discover_packages(ignore) using defaults
[0.339s] Level 1:colcon.colcon_core.package_discovery:discover_packages(path) discover
[0.339s] Level 1:colcon.colcon_core.package_discovery:discover_packages(path) using defaults
[0.362s] Level 1:colcon.colcon_core.package_discovery:discover_packages(prefix_path) check parameters
[0.362s] Level 1:colcon.colcon_core.package_discovery:discover_packages(prefix_path) discover
[0.364s] DEBUG:colcon.colcon_installed_package_information.package_discovery:Found 4 installed packages in /home/spider/ros2_ws/install
[0.366s] DEBUG:colcon.colcon_installed_package_information.package_discovery:Found 270 installed packages in /opt/ros/humble
[0.367s] Level 1:colcon.colcon_core.package_discovery:discover_packages(prefix_path) using defaults
[0.420s] Level 5:colcon.colcon_core.verb:set package 'my_service_interfaces' build argument 'cmake_args' from command line to 'None'
[0.420s] Level 5:colcon.colcon_core.verb:set package 'my_service_interfaces' build argument 'cmake_target' from command line to 'None'
[0.420s] Level 5:colcon.colcon_core.verb:set package 'my_service_interfaces' build argument 'cmake_target_skip_unavailable' from command line to 'False'
[0.420s] Level 5:colcon.colcon_core.verb:set package 'my_service_interfaces' build argument 'cmake_clean_cache' from command line to 'False'
[0.420s] Level 5:colcon.colcon_core.verb:set package 'my_service_interfaces' build argument 'cmake_clean_first' from command line to 'False'
[0.420s] Level 5:colcon.colcon_core.verb:set package 'my_service_interfaces' build argument 'cmake_force_configure' from command line to 'False'
[0.420s] Level 5:colcon.colcon_core.verb:set package 'my_service_interfaces' build argument 'ament_cmake_args' from command line to 'None'
[0.420s] Level 5:colcon.colcon_core.verb:set package 'my_service_interfaces' build argument 'catkin_cmake_args' from command line to 'None'
[0.420s] Level 5:colcon.colcon_core.verb:set package 'my_service_interfaces' build argument 'catkin_skip_building_tests' from command line to 'False'
[0.420s] DEBUG:colcon.colcon_core.verb:Building package 'my_service_interfaces' with the following arguments: {'ament_cmake_args': None, 'build_base': '/home/spider/ros2_ws/build/my_service_interfaces', 'catkin_cmake_args': None, 'catkin_skip_building_tests': False, 'cmake_args': None, 'cmake_clean_cache': False, 'cmake_clean_first': False, 'cmake_force_configure': False, 'cmake_target': None, 'cmake_target_skip_unavailable': False, 'install_base': '/home/spider/ros2_ws/install/my_service_interfaces', 'merge_install': False, 'path': '/home/spider/ros2_ws/src/my_service_interfaces', 'symlink_install': False, 'test_result_base': None}
[0.421s] Level 5:colcon.colcon_core.verb:set package 'flask_server' build argument 'cmake_args' from command line to 'None'
[0.421s] Level 5:colcon.colcon_core.verb:set package 'flask_server' build argument 'cmake_target' from command line to 'None'
[0.421s] Level 5:colcon.colcon_core.verb:set package 'flask_server' build argument 'cmake_target_skip_unavailable' from command line to 'False'
[0.421s] Level 5:colcon.colcon_core.verb:set package 'flask_server' build argument 'cmake_clean_cache' from command line to 'False'
[0.421s] Level 5:colcon.colcon_core.verb:set package 'flask_server' build argument 'cmake_clean_first' from command line to 'False'
[0.421s] Level 5:colcon.colcon_core.verb:set package 'flask_server' build argument 'cmake_force_configure' from command line to 'False'
[0.421s] Level 5:colcon.colcon_core.verb:set package 'flask_server' build argument 'ament_cmake_args' from command line to 'None'
[0.421s] Level 5:colcon.colcon_core.verb:set package 'flask_server' build argument 'catkin_cmake_args' from command line to 'None'
[0.421s] Level 5:colcon.colcon_core.verb:set package 'flask_server' build argument 'catkin_skip_building_tests' from command line to 'False'
[0.421s] DEBUG:colcon.colcon_core.verb:Building package 'flask_server' with the following arguments: {'ament_cmake_args': None, 'build_base': '/home/spider/ros2_ws/build/flask_server', 'catkin_cmake_args': None, 'catkin_skip_building_tests': False, 'cmake_args': None, 'cmake_clean_cache': False, 'cmake_clean_first': False, 'cmake_force_configure': False, 'cmake_target': None, 'cmake_target_skip_unavailable': False, 'install_base': '/home/spider/ros2_ws/install/flask_server', 'merge_install': False, 'path': '/home/spider/ros2_ws/src/flask_server', 'symlink_install': False, 'test_result_base': None}
[0.422s] Level 5:colcon.colcon_core.verb:set package 'py_node_test' build argument 'cmake_args' from command line to 'None'
[0.422s] Level 5:colcon.colcon_core.verb:set package 'py_node_test' build argument 'cmake_target' from command line to 'None'
[0.422s] Level 5:colcon.colcon_core.verb:set package 'py_node_test' build argument 'cmake_target_skip_unavailable' from command line to 'False'
[0.422s] Level 5:colcon.colcon_core.verb:set package 'py_node_test' build argument 'cmake_clean_cache' from command line to 'False'
[0.422s] Level 5:colcon.colcon_core.verb:set package 'py_node_test' build argument 'cmake_clean_first' from command line to 'False'
[0.422s] Level 5:colcon.colcon_core.verb:set package 'py_node_test' build argument 'cmake_force_configure' from command line to 'False'
[0.422s] Level 5:colcon.colcon_core.verb:set package 'py_node_test' build argument 'ament_cmake_args' from command line to 'None'
[0.422s] Level 5:colcon.colcon_core.verb:set package 'py_node_test' build argument 'catkin_cmake_args' from command line to 'None'
[0.422s] Level 5:colcon.colcon_core.verb:set package 'py_node_test' build argument 'catkin_skip_building_tests' from command line to 'False'
[0.422s] DEBUG:colcon.colcon_core.verb:Building package 'py_node_test' with the following arguments: {'ament_cmake_args': None, 'build_base': '/home/spider/ros2_ws/build/py_node_test', 'catkin_cmake_args': None, 'catkin_skip_building_tests': False, 'cmake_args': None, 'cmake_clean_cache': False, 'cmake_clean_first': False, 'cmake_force_configure': False, 'cmake_target': None, 'cmake_target_skip_unavailable': False, 'install_base': '/home/spider/ros2_ws/install/py_node_test', 'merge_install': False, 'path': '/home/spider/ros2_ws/src/py_node_test', 'symlink_install': False, 'test_result_base': None}
[0.423s] Level 5:colcon.colcon_core.verb:set package 'py_srvcli' build argument 'cmake_args' from command line to 'None'
[0.423s] Level 5:colcon.colcon_core.verb:set package 'py_srvcli' build argument 'cmake_target' from command line to 'None'
[0.423s] Level 5:colcon.colcon_core.verb:set package 'py_srvcli' build argument 'cmake_target_skip_unavailable' from command line to 'False'
[0.423s] Level 5:colcon.colcon_core.verb:set package 'py_srvcli' build argument 'cmake_clean_cache' from command line to 'False'
[0.423s] Level 5:colcon.colcon_core.verb:set package 'py_srvcli' build argument 'cmake_clean_first' from command line to 'False'
[0.423s] Level 5:colcon.colcon_core.verb:set package 'py_srvcli' build argument 'cmake_force_configure' from command line to 'False'
[0.423s] Level 5:colcon.colcon_core.verb:set package 'py_srvcli' build argument 'ament_cmake_args' from command line to 'None'
[0.423s] Level 5:colcon.colcon_core.verb:set package 'py_srvcli' build argument 'catkin_cmake_args' from command line to 'None'
[0.423s] Level 5:colcon.colcon_core.verb:set package 'py_srvcli' build argument 'catkin_skip_building_tests' from command line to 'False'
[0.423s] DEBUG:colcon.colcon_core.verb:Building package 'py_srvcli' with the following arguments: {'ament_cmake_args': None, 'build_base': '/home/spider/ros2_ws/build/py_srvcli', 'catkin_cmake_args': None, 'catkin_skip_building_tests': False, 'cmake_args': None, 'cmake_clean_cache': False, 'cmake_clean_first': False, 'cmake_force_configure': False, 'cmake_target': None, 'cmake_target_skip_unavailable': False, 'install_base': '/home/spider/ros2_ws/install/py_srvcli', 'merge_install': False, 'path': '/home/spider/ros2_ws/src/py_srvcli', 'symlink_install': False, 'test_result_base': None}
[0.424s] INFO:colcon.colcon_core.executor:Executing jobs using 'parallel' executor
[0.427s] DEBUG:colcon.colcon_parallel_executor.executor.parallel:run_until_complete
[0.427s] INFO:colcon.colcon_ros.task.ament_cmake.build:Building ROS package in '/home/spider/ros2_ws/src/my_service_interfaces' with build type 'ament_cmake'
[0.427s] INFO:colcon.colcon_cmake.task.cmake.build:Building CMake package in '/home/spider/ros2_ws/src/my_service_interfaces'
[0.431s] INFO:colcon.colcon_core.plugin_system:Skipping extension 'colcon_core.shell.bat': Not used on non-Windows systems
[0.431s] INFO:colcon.colcon_core.shell:Skip shell extension 'powershell' for command environment: Not usable outside of PowerShell
[0.431s] DEBUG:colcon.colcon_core.shell:Skip shell extension 'dsv' for command environment
[0.439s] DEBUG:colcon.colcon_core.event_handler.log_command:Invoking command in '/home/spider/ros2_ws/build/my_service_interfaces': CMAKE_PREFIX_PATH=${CMAKE_PREFIX_PATH}:/home/spider/ros2_ws/install/py_node_test:/home/spider/ros2_ws/install/flask_server:/home/spider/ros2_ws/install/py_srvcli:/opt/ros/humble /usr/bin/cmake --build /home/spider/ros2_ws/build/my_service_interfaces -- -j8 -l8
[5.172s] DEBUG:colcon.colcon_core.event_handler.log_command:Invoked command in '/home/spider/ros2_ws/build/my_service_interfaces' returned '0': CMAKE_PREFIX_PATH=${CMAKE_PREFIX_PATH}:/home/spider/ros2_ws/install/py_node_test:/home/spider/ros2_ws/install/flask_server:/home/spider/ros2_ws/install/py_srvcli:/opt/ros/humble /usr/bin/cmake --build /home/spider/ros2_ws/build/my_service_interfaces -- -j8 -l8
[5.271s] DEBUG:colcon.colcon_core.event_handler.log_command:Invoking command in '/home/spider/ros2_ws/build/my_service_interfaces': CMAKE_PREFIX_PATH=${CMAKE_PREFIX_PATH}:/home/spider/ros2_ws/install/py_node_test:/home/spider/ros2_ws/install/flask_server:/home/spider/ros2_ws/install/py_srvcli:/opt/ros/humble /usr/bin/cmake --install /home/spider/ros2_ws/build/my_service_interfaces
[5.344s] Level 1:colcon.colcon_core.environment:create_environment_scripts_only(my_service_interfaces)
[5.345s] DEBUG:colcon.colcon_core.event_handler.log_command:Invoked command in '/home/spider/ros2_ws/build/my_service_interfaces' returned '0': CMAKE_PREFIX_PATH=${CMAKE_PREFIX_PATH}:/home/spider/ros2_ws/install/py_node_test:/home/spider/ros2_ws/install/flask_server:/home/spider/ros2_ws/install/py_srvcli:/opt/ros/humble /usr/bin/cmake --install /home/spider/ros2_ws/build/my_service_interfaces
[5.350s] Level 1:colcon.colcon_core.environment:checking '/home/spider/ros2_ws/install/my_service_interfaces' for CMake module files
[5.350s] Level 1:colcon.colcon_core.environment:checking '/home/spider/ros2_ws/install/my_service_interfaces' for CMake config files
[5.350s] Level 1:colcon.colcon_core.shell:create_environment_hook('my_service_interfaces', 'cmake_prefix_path')
[5.352s] INFO:colcon.colcon_core.shell:Creating environment hook '/home/spider/ros2_ws/install/my_service_interfaces/share/my_service_interfaces/hook/cmake_prefix_path.ps1'
[5.352s] INFO:colcon.colcon_core.shell:Creating environment descriptor '/home/spider/ros2_ws/install/my_service_interfaces/share/my_service_interfaces/hook/cmake_prefix_path.dsv'
[5.352s] INFO:colcon.colcon_core.shell:Creating environment hook '/home/spider/ros2_ws/install/my_service_interfaces/share/my_service_interfaces/hook/cmake_prefix_path.sh'
[5.353s] Level 1:colcon.colcon_core.environment:checking '/home/spider/ros2_ws/install/my_service_interfaces/lib'
[5.353s] Level 1:colcon.colcon_core.shell:create_environment_hook('my_service_interfaces', 'ld_library_path_lib')
[5.354s] INFO:colcon.colcon_core.shell:Creating environment hook '/home/spider/ros2_ws/install/my_service_interfaces/share/my_service_interfaces/hook/ld_library_path_lib.ps1'
[5.355s] INFO:colcon.colcon_core.shell:Creating environment descriptor '/home/spider/ros2_ws/install/my_service_interfaces/share/my_service_interfaces/hook/ld_library_path_lib.dsv'
[5.355s] INFO:colcon.colcon_core.shell:Creating environment hook '/home/spider/ros2_ws/install/my_service_interfaces/share/my_service_interfaces/hook/ld_library_path_lib.sh'
[5.355s] Level 1:colcon.colcon_core.environment:checking '/home/spider/ros2_ws/install/my_service_interfaces/bin'
[5.355s] Level 1:colcon.colcon_core.environment:checking '/home/spider/ros2_ws/install/my_service_interfaces/lib/pkgconfig/my_service_interfaces.pc'
[5.356s] Level 1:colcon.colcon_core.environment:checking '/home/spider/ros2_ws/install/my_service_interfaces/lib/python3.10/site-packages'
[5.356s] Level 1:colcon.colcon_core.environment:checking '/home/spider/ros2_ws/install/my_service_interfaces/bin'
[5.357s] INFO:colcon.colcon_core.shell:Creating package script '/home/spider/ros2_ws/install/my_service_interfaces/share/my_service_interfaces/package.ps1'
[5.358s] INFO:colcon.colcon_core.shell:Creating package descriptor '/home/spider/ros2_ws/install/my_service_interfaces/share/my_service_interfaces/package.dsv'
[5.358s] INFO:colcon.colcon_core.shell:Creating package script '/home/spider/ros2_ws/install/my_service_interfaces/share/my_service_interfaces/package.sh'
[5.359s] INFO:colcon.colcon_core.shell:Creating package script '/home/spider/ros2_ws/install/my_service_interfaces/share/my_service_interfaces/package.bash'
[5.359s] INFO:colcon.colcon_core.shell:Creating package script '/home/spider/ros2_ws/install/my_service_interfaces/share/my_service_interfaces/package.zsh'
[5.360s] Level 1:colcon.colcon_core.environment:create_file_with_runtime_dependencies(/home/spider/ros2_ws/install/my_service_interfaces/share/colcon-core/packages/my_service_interfaces)
[5.446s] Level 1:colcon.colcon_core.environment:create_environment_scripts_only(my_service_interfaces)
[5.448s] Level 1:colcon.colcon_core.environment:checking '/home/spider/ros2_ws/install/my_service_interfaces' for CMake module files
[5.448s] Level 1:colcon.colcon_core.environment:checking '/home/spider/ros2_ws/install/my_service_interfaces' for CMake config files
[5.448s] Level 1:colcon.colcon_core.shell:create_environment_hook('my_service_interfaces', 'cmake_prefix_path')
[5.449s] INFO:colcon.colcon_core.shell:Creating environment hook '/home/spider/ros2_ws/install/my_service_interfaces/share/my_service_interfaces/hook/cmake_prefix_path.ps1'
[5.450s] INFO:colcon.colcon_core.shell:Creating environment descriptor '/home/spider/ros2_ws/install/my_service_interfaces/share/my_service_interfaces/hook/cmake_prefix_path.dsv'
[5.450s] INFO:colcon.colcon_core.shell:Creating environment hook '/home/spider/ros2_ws/install/my_service_interfaces/share/my_service_interfaces/hook/cmake_prefix_path.sh'
[5.450s] Level 1:colcon.colcon_core.environment:checking '/home/spider/ros2_ws/install/my_service_interfaces/lib'
[5.450s] Level 1:colcon.colcon_core.shell:create_environment_hook('my_service_interfaces', 'ld_library_path_lib')
[5.451s] INFO:colcon.colcon_core.shell:Creating environment hook '/home/spider/ros2_ws/install/my_service_interfaces/share/my_service_interfaces/hook/ld_library_path_lib.ps1'
[5.452s] INFO:colcon.colcon_core.shell:Creating environment descriptor '/home/spider/ros2_ws/install/my_service_interfaces/share/my_service_interfaces/hook/ld_library_path_lib.dsv'
[5.452s] INFO:colcon.colcon_core.shell:Creating environment hook '/home/spider/ros2_ws/install/my_service_interfaces/share/my_service_interfaces/hook/ld_library_path_lib.sh'
[5.452s] Level 1:colcon.colcon_core.environment:checking '/home/spider/ros2_ws/install/my_service_interfaces/bin'
[5.452s] Level 1:colcon.colcon_core.environment:checking '/home/spider/ros2_ws/install/my_service_interfaces/lib/pkgconfig/my_service_interfaces.pc'
[5.453s] Level 1:colcon.colcon_core.environment:checking '/home/spider/ros2_ws/install/my_service_interfaces/lib/python3.10/site-packages'
[5.453s] Level 1:colcon.colcon_core.environment:checking '/home/spider/ros2_ws/install/my_service_interfaces/bin'
[5.454s] INFO:colcon.colcon_core.shell:Creating package script '/home/spider/ros2_ws/install/my_service_interfaces/share/my_service_interfaces/package.ps1'
[5.454s] INFO:colcon.colcon_core.shell:Creating package descriptor '/home/spider/ros2_ws/install/my_service_interfaces/share/my_service_interfaces/package.dsv'
[5.454s] INFO:colcon.colcon_core.shell:Creating package script '/home/spider/ros2_ws/install/my_service_interfaces/share/my_service_interfaces/package.sh'
[5.455s] INFO:colcon.colcon_core.shell:Creating package script '/home/spider/ros2_ws/install/my_service_interfaces/share/my_service_interfaces/package.bash'
[5.455s] INFO:colcon.colcon_core.shell:Creating package script '/home/spider/ros2_ws/install/my_service_interfaces/share/my_service_interfaces/package.zsh'
[5.455s] Level 1:colcon.colcon_core.environment:create_file_with_runtime_dependencies(/home/spider/ros2_ws/install/my_service_interfaces/share/colcon-core/packages/my_service_interfaces)
[5.456s] INFO:colcon.colcon_ros.task.ament_python.build:Building ROS package in '/home/spider/ros2_ws/src/flask_server' with build type 'ament_python'
[5.456s] Level 1:colcon.colcon_core.shell:create_environment_hook('flask_server', 'ament_prefix_path')
[5.457s] INFO:colcon.colcon_core.shell:Creating environment hook '/home/spider/ros2_ws/install/flask_server/share/flask_server/hook/ament_prefix_path.ps1'
[5.457s] INFO:colcon.colcon_core.shell:Creating environment descriptor '/home/spider/ros2_ws/install/flask_server/share/flask_server/hook/ament_prefix_path.dsv'
[5.458s] INFO:colcon.colcon_core.shell:Creating environment hook '/home/spider/ros2_ws/install/flask_server/share/flask_server/hook/ament_prefix_path.sh'
[5.459s] INFO:colcon.colcon_core.shell:Skip shell extension 'powershell' for command environment: Not usable outside of PowerShell
[5.459s] DEBUG:colcon.colcon_core.shell:Skip shell extension 'dsv' for command environment
[5.462s] INFO:colcon.colcon_ros.task.ament_python.build:Building ROS package in '/home/spider/ros2_ws/src/py_node_test' with build type 'ament_python'
[5.463s] Level 1:colcon.colcon_core.shell:create_environment_hook('py_node_test', 'ament_prefix_path')
[5.464s] INFO:colcon.colcon_core.shell:Creating environment hook '/home/spider/ros2_ws/install/py_node_test/share/py_node_test/hook/ament_prefix_path.ps1'
[5.464s] INFO:colcon.colcon_core.shell:Creating environment descriptor '/home/spider/ros2_ws/install/py_node_test/share/py_node_test/hook/ament_prefix_path.dsv'
[5.465s] INFO:colcon.colcon_core.shell:Creating environment hook '/home/spider/ros2_ws/install/py_node_test/share/py_node_test/hook/ament_prefix_path.sh'
[5.468s] INFO:colcon.colcon_core.shell:Skip shell extension 'powershell' for command environment: Not usable outside of PowerShell
[5.468s] DEBUG:colcon.colcon_core.shell:Skip shell extension 'dsv' for command environment
[5.473s] INFO:colcon.colcon_ros.task.ament_python.build:Building ROS package in '/home/spider/ros2_ws/src/py_srvcli' with build type 'ament_python'
[5.473s] Level 1:colcon.colcon_core.shell:create_environment_hook('py_srvcli', 'ament_prefix_path')
[5.475s] INFO:colcon.colcon_core.shell:Creating environment hook '/home/spider/ros2_ws/install/py_srvcli/share/py_srvcli/hook/ament_prefix_path.ps1'
[5.476s] INFO:colcon.colcon_core.shell:Creating environment descriptor '/home/spider/ros2_ws/install/py_srvcli/share/py_srvcli/hook/ament_prefix_path.dsv'
[5.476s] INFO:colcon.colcon_core.shell:Creating environment hook '/home/spider/ros2_ws/install/py_srvcli/share/py_srvcli/hook/ament_prefix_path.sh'
[5.477s] INFO:colcon.colcon_core.shell:Skip shell extension 'powershell' for command environment: Not usable outside of PowerShell
[5.478s] DEBUG:colcon.colcon_core.shell:Skip shell extension 'dsv' for command environment
[5.731s] INFO:colcon.colcon_core.task.python.build:Building Python package in '/home/spider/ros2_ws/src/flask_server'
[5.733s] INFO:colcon.colcon_core.shell:Skip shell extension 'powershell' for command environment: Not usable outside of PowerShell
[5.733s] DEBUG:colcon.colcon_core.shell:Skip shell extension 'dsv' for command environment
[5.981s] INFO:colcon.colcon_core.task.python.build:Building Python package in '/home/spider/ros2_ws/src/py_node_test'
[5.983s] INFO:colcon.colcon_core.shell:Skip shell extension 'powershell' for command environment: Not usable outside of PowerShell
[5.983s] DEBUG:colcon.colcon_core.shell:Skip shell extension 'dsv' for command environment
[6.233s] INFO:colcon.colcon_core.task.python.build:Building Python package in '/home/spider/ros2_ws/src/py_srvcli'
[6.234s] INFO:colcon.colcon_core.shell:Skip shell extension 'powershell' for command environment: Not usable outside of PowerShell
[6.234s] DEBUG:colcon.colcon_core.shell:Skip shell extension 'dsv' for command environment
[6.638s] DEBUG:colcon.colcon_core.event_handler.log_command:Invoking command in '/home/spider/ros2_ws/src/py_node_test': PYTHONPATH=/home/spider/ros2_ws/build/py_node_test/prefix_override:/home/spider/ros2_ws/install/py_node_test/lib/python3.10/site-packages:${PYTHONPATH} /usr/bin/python3 setup.py egg_info --egg-base ../../build/py_node_test build --build-base /home/spider/ros2_ws/build/py_node_test/build install --record /home/spider/ros2_ws/build/py_node_test/install.log --single-version-externally-managed
[6.640s] DEBUG:colcon.colcon_core.event_handler.log_command:Invoking command in '/home/spider/ros2_ws/src/flask_server': PYTHONPATH=/home/spider/ros2_ws/build/flask_server/prefix_override:/home/spider/ros2_ws/install/flask_server/lib/python3.10/site-packages:${PYTHONPATH} /usr/bin/python3 setup.py egg_info --egg-base ../../build/flask_server build --build-base /home/spider/ros2_ws/build/flask_server/build install --record /home/spider/ros2_ws/build/flask_server/install.log --single-version-externally-managed
[6.655s] DEBUG:colcon.colcon_core.event_handler.log_command:Invoking command in '/home/spider/ros2_ws/src/py_srvcli': PYTHONPATH=/home/spider/ros2_ws/build/py_srvcli/prefix_override:/home/spider/ros2_ws/install/py_srvcli/lib/python3.10/site-packages:${PYTHONPATH} /usr/bin/python3 setup.py egg_info --egg-base ../../build/py_srvcli build --build-base /home/spider/ros2_ws/build/py_srvcli/build install --record /home/spider/ros2_ws/build/py_srvcli/install.log --single-version-externally-managed
[6.970s] Level 1:colcon.colcon_core.environment:checking '/home/spider/ros2_ws/install/flask_server' for CMake module files
[6.972s] DEBUG:colcon.colcon_core.event_handler.log_command:Invoked command in '/home/spider/ros2_ws/src/flask_server' returned '0': PYTHONPATH=/home/spider/ros2_ws/build/flask_server/prefix_override:/home/spider/ros2_ws/install/flask_server/lib/python3.10/site-packages:${PYTHONPATH} /usr/bin/python3 setup.py egg_info --egg-base ../../build/flask_server build --build-base /home/spider/ros2_ws/build/flask_server/build install --record /home/spider/ros2_ws/build/flask_server/install.log --single-version-externally-managed
[6.972s] Level 1:colcon.colcon_core.environment:checking '/home/spider/ros2_ws/install/flask_server' for CMake config files
[6.973s] Level 1:colcon.colcon_core.environment:checking '/home/spider/ros2_ws/install/flask_server/lib'
[6.974s] Level 1:colcon.colcon_core.environment:checking '/home/spider/ros2_ws/install/flask_server/bin'
[6.974s] Level 1:colcon.colcon_core.environment:checking '/home/spider/ros2_ws/install/flask_server/lib/pkgconfig/flask_server.pc'
[6.974s] Level 1:colcon.colcon_core.environment:checking '/home/spider/ros2_ws/install/flask_server/lib/python3.10/site-packages'
[6.974s] Level 1:colcon.colcon_core.shell:create_environment_hook('flask_server', 'pythonpath')
[6.978s] INFO:colcon.colcon_core.shell:Creating environment hook '/home/spider/ros2_ws/install/flask_server/share/flask_server/hook/pythonpath.ps1'
[6.979s] INFO:colcon.colcon_core.shell:Creating environment descriptor '/home/spider/ros2_ws/install/flask_server/share/flask_server/hook/pythonpath.dsv'
[6.979s] INFO:colcon.colcon_core.shell:Creating environment hook '/home/spider/ros2_ws/install/flask_server/share/flask_server/hook/pythonpath.sh'
[6.981s] Level 1:colcon.colcon_core.environment:checking '/home/spider/ros2_ws/install/flask_server/bin'
[6.981s] Level 1:colcon.colcon_core.environment:create_environment_scripts_only(flask_server)
[6.984s] INFO:colcon.colcon_core.shell:Creating package script '/home/spider/ros2_ws/install/flask_server/share/flask_server/package.ps1'
[6.986s] INFO:colcon.colcon_core.shell:Creating package descriptor '/home/spider/ros2_ws/install/flask_server/share/flask_server/package.dsv'
[6.987s] INFO:colcon.colcon_core.shell:Creating package script '/home/spider/ros2_ws/install/flask_server/share/flask_server/package.sh'
[6.989s] INFO:colcon.colcon_core.shell:Creating package script '/home/spider/ros2_ws/install/flask_server/share/flask_server/package.bash'
[6.989s] INFO:colcon.colcon_core.shell:Creating package script '/home/spider/ros2_ws/install/flask_server/share/flask_server/package.zsh'
[6.990s] Level 1:colcon.colcon_core.environment:create_file_with_runtime_dependencies(/home/spider/ros2_ws/install/flask_server/share/colcon-core/packages/flask_server)
[6.999s] Level 1:colcon.colcon_core.environment:checking '/home/spider/ros2_ws/install/py_node_test' for CMake module files
[7.001s] DEBUG:colcon.colcon_core.event_handler.log_command:Invoked command in '/home/spider/ros2_ws/src/py_node_test' returned '0': PYTHONPATH=/home/spider/ros2_ws/build/py_node_test/prefix_override:/home/spider/ros2_ws/install/py_node_test/lib/python3.10/site-packages:${PYTHONPATH} /usr/bin/python3 setup.py egg_info --egg-base ../../build/py_node_test build --build-base /home/spider/ros2_ws/build/py_node_test/build install --record /home/spider/ros2_ws/build/py_node_test/install.log --single-version-externally-managed
[7.001s] Level 1:colcon.colcon_core.environment:checking '/home/spider/ros2_ws/install/py_node_test' for CMake config files
[7.002s] Level 1:colcon.colcon_core.environment:checking '/home/spider/ros2_ws/install/py_node_test/lib'
[7.002s] Level 1:colcon.colcon_core.environment:checking '/home/spider/ros2_ws/install/py_node_test/bin'
[7.002s] Level 1:colcon.colcon_core.environment:checking '/home/spider/ros2_ws/install/py_node_test/lib/pkgconfig/py_node_test.pc'
[7.003s] Level 1:colcon.colcon_core.environment:checking '/home/spider/ros2_ws/install/py_node_test/lib/python3.10/site-packages'
[7.003s] Level 1:colcon.colcon_core.shell:create_environment_hook('py_node_test', 'pythonpath')
[7.005s] INFO:colcon.colcon_core.shell:Creating environment hook '/home/spider/ros2_ws/install/py_node_test/share/py_node_test/hook/pythonpath.ps1'
[7.005s] INFO:colcon.colcon_core.shell:Creating environment descriptor '/home/spider/ros2_ws/install/py_node_test/share/py_node_test/hook/pythonpath.dsv'
[7.006s] INFO:colcon.colcon_core.shell:Creating environment hook '/home/spider/ros2_ws/install/py_node_test/share/py_node_test/hook/pythonpath.sh'
[7.006s] Level 1:colcon.colcon_core.environment:checking '/home/spider/ros2_ws/install/py_node_test/bin'
[7.006s] Level 1:colcon.colcon_core.environment:create_environment_scripts_only(py_node_test)
[7.008s] INFO:colcon.colcon_core.shell:Creating package script '/home/spider/ros2_ws/install/py_node_test/share/py_node_test/package.ps1'
[7.009s] INFO:colcon.colcon_core.shell:Creating package descriptor '/home/spider/ros2_ws/install/py_node_test/share/py_node_test/package.dsv'
[7.009s] INFO:colcon.colcon_core.shell:Creating package script '/home/spider/ros2_ws/install/py_node_test/share/py_node_test/package.sh'
[7.010s] INFO:colcon.colcon_core.shell:Creating package script '/home/spider/ros2_ws/install/py_node_test/share/py_node_test/package.bash'
[7.010s] INFO:colcon.colcon_core.shell:Creating package script '/home/spider/ros2_ws/install/py_node_test/share/py_node_test/package.zsh'
[7.011s] Level 1:colcon.colcon_core.environment:create_file_with_runtime_dependencies(/home/spider/ros2_ws/install/py_node_test/share/colcon-core/packages/py_node_test)
[7.015s] Level 1:colcon.colcon_core.environment:checking '/home/spider/ros2_ws/install/py_srvcli' for CMake module files
[7.015s] DEBUG:colcon.colcon_core.event_handler.log_command:Invoked command in '/home/spider/ros2_ws/src/py_srvcli' returned '0': PYTHONPATH=/home/spider/ros2_ws/build/py_srvcli/prefix_override:/home/spider/ros2_ws/install/py_srvcli/lib/python3.10/site-packages:${PYTHONPATH} /usr/bin/python3 setup.py egg_info --egg-base ../../build/py_srvcli build --build-base /home/spider/ros2_ws/build/py_srvcli/build install --record /home/spider/ros2_ws/build/py_srvcli/install.log --single-version-externally-managed
[7.016s] Level 1:colcon.colcon_core.environment:checking '/home/spider/ros2_ws/install/py_srvcli' for CMake config files
[7.016s] Level 1:colcon.colcon_core.environment:checking '/home/spider/ros2_ws/install/py_srvcli/lib'
[7.016s] Level 1:colcon.colcon_core.environment:checking '/home/spider/ros2_ws/install/py_srvcli/bin'
[7.017s] Level 1:colcon.colcon_core.environment:checking '/home/spider/ros2_ws/install/py_srvcli/lib/pkgconfig/py_srvcli.pc'
[7.017s] Level 1:colcon.colcon_core.environment:checking '/home/spider/ros2_ws/install/py_srvcli/lib/python3.10/site-packages'
[7.017s] Level 1:colcon.colcon_core.shell:create_environment_hook('py_srvcli', 'pythonpath')
[7.019s] INFO:colcon.colcon_core.shell:Creating environment hook '/home/spider/ros2_ws/install/py_srvcli/share/py_srvcli/hook/pythonpath.ps1'
[7.019s] INFO:colcon.colcon_core.shell:Creating environment descriptor '/home/spider/ros2_ws/install/py_srvcli/share/py_srvcli/hook/pythonpath.dsv'
[7.020s] INFO:colcon.colcon_core.shell:Creating environment hook '/home/spider/ros2_ws/install/py_srvcli/share/py_srvcli/hook/pythonpath.sh'
[7.021s] Level 1:colcon.colcon_core.environment:checking '/home/spider/ros2_ws/install/py_srvcli/bin'
[7.021s] Level 1:colcon.colcon_core.environment:create_environment_scripts_only(py_srvcli)
[7.023s] INFO:colcon.colcon_core.shell:Creating package script '/home/spider/ros2_ws/install/py_srvcli/share/py_srvcli/package.ps1'
[7.023s] INFO:colcon.colcon_core.shell:Creating package descriptor '/home/spider/ros2_ws/install/py_srvcli/share/py_srvcli/package.dsv'
[7.024s] INFO:colcon.colcon_core.shell:Creating package script '/home/spider/ros2_ws/install/py_srvcli/share/py_srvcli/package.sh'
[7.024s] INFO:colcon.colcon_core.shell:Creating package script '/home/spider/ros2_ws/install/py_srvcli/share/py_srvcli/package.bash'
[7.025s] INFO:colcon.colcon_core.shell:Creating package script '/home/spider/ros2_ws/install/py_srvcli/share/py_srvcli/package.zsh'
[7.025s] Level 1:colcon.colcon_core.environment:create_file_with_runtime_dependencies(/home/spider/ros2_ws/install/py_srvcli/share/colcon-core/packages/py_srvcli)
[7.025s] DEBUG:colcon.colcon_parallel_executor.executor.parallel:closing loop
[7.026s] DEBUG:colcon.colcon_parallel_executor.executor.parallel:loop closed
[7.026s] DEBUG:colcon.colcon_parallel_executor.executor.parallel:run_until_complete finished with '0'
[7.026s] DEBUG:colcon.colcon_core.event_reactor:joining thread
[7.033s] INFO:colcon.colcon_core.plugin_system:Skipping extension 'colcon_notification.desktop_notification.terminal_notifier': Not used on non-Darwin systems
[7.033s] INFO:colcon.colcon_core.plugin_system:Skipping extension 'colcon_notification.desktop_notification.win32': Not used on non-Windows systems
[7.033s] INFO:colcon.colcon_notification.desktop_notification:Sending desktop notification using 'notify2'
[7.048s] DEBUG:colcon.colcon_core.event_reactor:joined thread
[7.051s] INFO:colcon.colcon_core.shell:Creating prefix script '/home/spider/ros2_ws/install/local_setup.ps1'
[7.053s] INFO:colcon.colcon_core.shell:Creating prefix util module '/home/spider/ros2_ws/install/_local_setup_util_ps1.py'
[7.055s] INFO:colcon.colcon_core.shell:Creating prefix chain script '/home/spider/ros2_ws/install/setup.ps1'
[7.057s] INFO:colcon.colcon_core.shell:Creating prefix script '/home/spider/ros2_ws/install/local_setup.sh'
[7.058s] INFO:colcon.colcon_core.shell:Creating prefix util module '/home/spider/ros2_ws/install/_local_setup_util_sh.py'
[7.059s] INFO:colcon.colcon_core.shell:Creating prefix chain script '/home/spider/ros2_ws/install/setup.sh'
[7.061s] INFO:colcon.colcon_core.shell:Creating prefix script '/home/spider/ros2_ws/install/local_setup.bash'
[7.061s] INFO:colcon.colcon_core.shell:Creating prefix chain script '/home/spider/ros2_ws/install/setup.bash'
[7.063s] INFO:colcon.colcon_core.shell:Creating prefix script '/home/spider/ros2_ws/install/local_setup.zsh'
[7.063s] INFO:colcon.colcon_core.shell:Creating prefix chain script '/home/spider/ros2_ws/install/setup.zsh'
