[0.736s] Invoking command in '/home/spider/ros2_ws/src/flask_server': PYTHONPATH=/home/spider/ros2_ws/build/flask_server/prefix_override:/home/spider/ros2_ws/install/flask_server/lib/python3.10/site-packages:${PYTHONPATH} /usr/bin/python3 setup.py egg_info --egg-base ../../build/flask_server build --build-base /home/spider/ros2_ws/build/flask_server/build install --record /home/spider/ros2_ws/build/flask_server/install.log --single-version-externally-managed
[0.982s] running egg_info
[0.983s] writing ../../build/flask_server/flask_server.egg-info/PKG-INFO
[0.993s] writing dependency_links to ../../build/flask_server/flask_server.egg-info/dependency_links.txt
[0.993s] writing entry points to ../../build/flask_server/flask_server.egg-info/entry_points.txt
[0.993s] writing requirements to ../../build/flask_server/flask_server.egg-info/requires.txt
[0.993s] writing top-level names to ../../build/flask_server/flask_server.egg-info/top_level.txt
[0.995s] reading manifest file '../../build/flask_server/flask_server.egg-info/SOURCES.txt'
[0.996s] writing manifest file '../../build/flask_server/flask_server.egg-info/SOURCES.txt'
[0.997s] running build
[0.997s] running build_py
[0.997s] running install
[0.997s] /usr/lib/python3/dist-packages/setuptools/command/install.py:34: SetuptoolsDeprecationWarning: setup.py install is deprecated. Use build and pip and other standards-based tools.
[0.998s]   warnings.warn(
[0.998s] running install_lib
[0.999s] running install_data
[1.000s] running install_egg_info
[1.001s] removing '/home/spider/ros2_ws/install/flask_server/lib/python3.10/site-packages/flask_server-0.0.0-py3.10.egg-info' (and everything under it)
[1.002s] Copying ../../build/flask_server/flask_server.egg-info to /home/spider/ros2_ws/install/flask_server/lib/python3.10/site-packages/flask_server-0.0.0-py3.10.egg-info
[1.003s] running install_scripts
[1.025s] writing list of installed files to '/home/spider/ros2_ws/build/flask_server/install.log'
[1.064s] Invoked command in '/home/spider/ros2_ws/src/flask_server' returned '0': PYTHONPATH=/home/spider/ros2_ws/build/flask_server/prefix_override:/home/spider/ros2_ws/install/flask_server/lib/python3.10/site-packages:${PYTHONPATH} /usr/bin/python3 setup.py egg_info --egg-base ../../build/flask_server build --build-base /home/spider/ros2_ws/build/flask_server/build install --record /home/spider/ros2_ws/build/flask_server/install.log --single-version-externally-managed
