[0.089s] Invoking command in '/home/spiderpi/ros2_ws/build/my_service_interfaces': CMAKE_PREFIX_PATH=/opt/ros/humble /usr/bin/cmake --build /home/spiderpi/ros2_ws/build/my_service_interfaces -- -j4 -l4
[0.290s] [35m[1mConsolidate compiler generated dependencies of target my_service_interfaces__rosidl_generator_c[0m
[0.317s] [  2%] Built target my_service_interfaces__cpp
[0.356s] [ 12%] Built target my_service_interfaces__rosidl_generator_c
[0.395s] [35m[1mConsolidate compiler generated dependencies of target my_service_interfaces__rosidl_typesupport_cpp[0m
[0.420s] [ 12%] Built target ament_cmake_python_copy_my_service_interfaces
[0.427s] [35m[1mConsolidate compiler generated dependencies of target my_service_interfaces__rosidl_typesupport_fastrtps_cpp[0m
[0.453s] [35m[1mConsolidate compiler generated dependencies of target my_service_interfaces__rosidl_typesupport_introspection_cpp[0m
[0.503s] [ 23%] Built target my_service_interfaces__rosidl_typesupport_cpp
[0.540s] [35m[1mConsolidate compiler generated dependencies of target my_service_interfaces__rosidl_typesupport_fastrtps_c[0m
[0.550s] [ 33%] Built target my_service_interfaces__rosidl_typesupport_introspection_cpp
[0.618s] [35m[1mConsolidate compiler generated dependencies of target my_service_interfaces__rosidl_typesupport_c[0m
[0.620s] [35m[1mConsolidate compiler generated dependencies of target my_service_interfaces__rosidl_typesupport_introspection_c[0m
[0.681s] [ 43%] Built target my_service_interfaces__rosidl_typesupport_fastrtps_c
[0.729s] [ 64%] Built target my_service_interfaces__rosidl_typesupport_c
[0.730s] [ 64%] Built target my_service_interfaces__rosidl_typesupport_fastrtps_cpp
[0.736s] [ 74%] Built target my_service_interfaces__rosidl_typesupport_introspection_c
[0.923s] [ 74%] Built target my_service_interfaces
[1.031s] [ 76%] Built target my_service_interfaces__py
[1.086s] [35m[1mConsolidate compiler generated dependencies of target my_service_interfaces__rosidl_generator_py[0m
[1.166s] [ 84%] Built target my_service_interfaces__rosidl_generator_py
[1.244s] [35m[1mConsolidate compiler generated dependencies of target my_service_interfaces__rosidl_typesupport_fastrtps_c__pyext[0m
[1.267s] [35m[1mConsolidate compiler generated dependencies of target my_service_interfaces__rosidl_typesupport_introspection_c__pyext[0m
[1.279s] [35m[1mConsolidate compiler generated dependencies of target my_service_interfaces__rosidl_typesupport_c__pyext[0m
[1.364s] [ 89%] Built target my_service_interfaces__rosidl_typesupport_fastrtps_c__pyext
[1.409s] [ 94%] Built target my_service_interfaces__rosidl_typesupport_introspection_c__pyext
[1.434s] [100%] Built target my_service_interfaces__rosidl_typesupport_c__pyext
[2.207s] running egg_info
[2.211s] writing my_service_interfaces.egg-info/PKG-INFO
[2.212s] writing dependency_links to my_service_interfaces.egg-info/dependency_links.txt
[2.213s] writing top-level names to my_service_interfaces.egg-info/top_level.txt
[2.225s] reading manifest file 'my_service_interfaces.egg-info/SOURCES.txt'
[2.228s] writing manifest file 'my_service_interfaces.egg-info/SOURCES.txt'
[2.364s] [100%] Built target ament_cmake_python_build_my_service_interfaces_egg
[2.412s] Invoked command in '/home/spiderpi/ros2_ws/build/my_service_interfaces' returned '0': CMAKE_PREFIX_PATH=/opt/ros/humble /usr/bin/cmake --build /home/spiderpi/ros2_ws/build/my_service_interfaces -- -j4 -l4
[2.878s] Invoking command in '/home/spiderpi/ros2_ws/build/my_service_interfaces': CMAKE_PREFIX_PATH=/opt/ros/humble /usr/bin/cmake --install /home/spiderpi/ros2_ws/build/my_service_interfaces
[2.906s] -- Install configuration: ""
[2.907s] -- Up-to-date: /home/spiderpi/ros2_ws/install/my_service_interfaces/share/ament_index/resource_index/rosidl_interfaces/my_service_interfaces
[2.907s] -- Up-to-date: /home/spiderpi/ros2_ws/install/my_service_interfaces/include/my_service_interfaces/my_service_interfaces
[2.908s] -- Up-to-date: /home/spiderpi/ros2_ws/install/my_service_interfaces/include/my_service_interfaces/my_service_interfaces/srv
[2.908s] -- Up-to-date: /home/spiderpi/ros2_ws/install/my_service_interfaces/include/my_service_interfaces/my_service_interfaces/srv/detail
[2.909s] -- Up-to-date: /home/spiderpi/ros2_ws/install/my_service_interfaces/include/my_service_interfaces/my_service_interfaces/srv/detail/set_value__functions.h
[2.910s] -- Up-to-date: /home/spiderpi/ros2_ws/install/my_service_interfaces/include/my_service_interfaces/my_service_interfaces/srv/detail/set_value__struct.h
[2.910s] -- Up-to-date: /home/spiderpi/ros2_ws/install/my_service_interfaces/include/my_service_interfaces/my_service_interfaces/srv/detail/set_value__functions.c
[2.911s] -- Up-to-date: /home/spiderpi/ros2_ws/install/my_service_interfaces/include/my_service_interfaces/my_service_interfaces/srv/detail/set_value__type_support.h
[2.912s] -- Up-to-date: /home/spiderpi/ros2_ws/install/my_service_interfaces/include/my_service_interfaces/my_service_interfaces/srv/set_value.h
[2.912s] -- Up-to-date: /home/spiderpi/ros2_ws/install/my_service_interfaces/include/my_service_interfaces/my_service_interfaces/msg
[2.913s] -- Up-to-date: /home/spiderpi/ros2_ws/install/my_service_interfaces/include/my_service_interfaces/my_service_interfaces/msg/detail
[2.914s] -- Up-to-date: /home/spiderpi/ros2_ws/install/my_service_interfaces/include/my_service_interfaces/my_service_interfaces/msg/detail/target_coordinates__functions.h
[2.914s] -- Up-to-date: /home/spiderpi/ros2_ws/install/my_service_interfaces/include/my_service_interfaces/my_service_interfaces/msg/detail/target_coordinates__struct.h
[2.914s] -- Up-to-date: /home/spiderpi/ros2_ws/install/my_service_interfaces/include/my_service_interfaces/my_service_interfaces/msg/detail/target_coordinates__functions.c
[2.915s] -- Up-to-date: /home/spiderpi/ros2_ws/install/my_service_interfaces/include/my_service_interfaces/my_service_interfaces/msg/detail/target_coordinates__type_support.h
[2.915s] -- Up-to-date: /home/spiderpi/ros2_ws/install/my_service_interfaces/include/my_service_interfaces/my_service_interfaces/msg/target_coordinates.h
[2.916s] -- Up-to-date: /home/spiderpi/ros2_ws/install/my_service_interfaces/include/my_service_interfaces/my_service_interfaces/msg/rosidl_generator_c__visibility_control.h
[2.916s] -- Up-to-date: /home/spiderpi/ros2_ws/install/my_service_interfaces/share/my_service_interfaces/environment/library_path.sh
[2.917s] -- Up-to-date: /home/spiderpi/ros2_ws/install/my_service_interfaces/share/my_service_interfaces/environment/library_path.dsv
[2.917s] -- Up-to-date: /home/spiderpi/ros2_ws/install/my_service_interfaces/lib/libmy_service_interfaces__rosidl_generator_c.so
[2.918s] -- Up-to-date: /home/spiderpi/ros2_ws/install/my_service_interfaces/include/my_service_interfaces/my_service_interfaces
[2.919s] -- Up-to-date: /home/spiderpi/ros2_ws/install/my_service_interfaces/include/my_service_interfaces/my_service_interfaces/srv
[2.920s] -- Up-to-date: /home/spiderpi/ros2_ws/install/my_service_interfaces/include/my_service_interfaces/my_service_interfaces/srv/detail
[2.921s] -- Up-to-date: /home/spiderpi/ros2_ws/install/my_service_interfaces/include/my_service_interfaces/my_service_interfaces/srv/detail/set_value__rosidl_typesupport_fastrtps_c.h
[2.922s] -- Up-to-date: /home/spiderpi/ros2_ws/install/my_service_interfaces/include/my_service_interfaces/my_service_interfaces/msg
[2.922s] -- Up-to-date: /home/spiderpi/ros2_ws/install/my_service_interfaces/include/my_service_interfaces/my_service_interfaces/msg/detail
[2.922s] -- Up-to-date: /home/spiderpi/ros2_ws/install/my_service_interfaces/include/my_service_interfaces/my_service_interfaces/msg/detail/target_coordinates__rosidl_typesupport_fastrtps_c.h
[2.923s] -- Up-to-date: /home/spiderpi/ros2_ws/install/my_service_interfaces/include/my_service_interfaces/my_service_interfaces/msg/rosidl_typesupport_fastrtps_c__visibility_control.h
[2.926s] -- Up-to-date: /home/spiderpi/ros2_ws/install/my_service_interfaces/lib/libmy_service_interfaces__rosidl_typesupport_fastrtps_c.so
[2.928s] -- Up-to-date: /home/spiderpi/ros2_ws/install/my_service_interfaces/include/my_service_interfaces/my_service_interfaces
[2.928s] -- Up-to-date: /home/spiderpi/ros2_ws/install/my_service_interfaces/include/my_service_interfaces/my_service_interfaces/srv
[2.929s] -- Up-to-date: /home/spiderpi/ros2_ws/install/my_service_interfaces/include/my_service_interfaces/my_service_interfaces/srv/detail
[2.929s] -- Up-to-date: /home/spiderpi/ros2_ws/install/my_service_interfaces/include/my_service_interfaces/my_service_interfaces/srv/detail/set_value__type_support.c
[2.929s] -- Up-to-date: /home/spiderpi/ros2_ws/install/my_service_interfaces/include/my_service_interfaces/my_service_interfaces/srv/detail/set_value__rosidl_typesupport_introspection_c.h
[2.930s] -- Up-to-date: /home/spiderpi/ros2_ws/install/my_service_interfaces/include/my_service_interfaces/my_service_interfaces/msg
[2.931s] -- Up-to-date: /home/spiderpi/ros2_ws/install/my_service_interfaces/include/my_service_interfaces/my_service_interfaces/msg/detail
[2.931s] -- Up-to-date: /home/spiderpi/ros2_ws/install/my_service_interfaces/include/my_service_interfaces/my_service_interfaces/msg/detail/target_coordinates__rosidl_typesupport_introspection_c.h
[2.932s] -- Up-to-date: /home/spiderpi/ros2_ws/install/my_service_interfaces/include/my_service_interfaces/my_service_interfaces/msg/detail/target_coordinates__type_support.c
[2.933s] -- Up-to-date: /home/spiderpi/ros2_ws/install/my_service_interfaces/include/my_service_interfaces/my_service_interfaces/msg/rosidl_typesupport_introspection_c__visibility_control.h
[2.934s] -- Up-to-date: /home/spiderpi/ros2_ws/install/my_service_interfaces/lib/libmy_service_interfaces__rosidl_typesupport_introspection_c.so
[2.934s] -- Up-to-date: /home/spiderpi/ros2_ws/install/my_service_interfaces/lib/libmy_service_interfaces__rosidl_typesupport_c.so
[2.936s] -- Up-to-date: /home/spiderpi/ros2_ws/install/my_service_interfaces/include/my_service_interfaces/my_service_interfaces
[2.936s] -- Up-to-date: /home/spiderpi/ros2_ws/install/my_service_interfaces/include/my_service_interfaces/my_service_interfaces/srv
[2.937s] -- Up-to-date: /home/spiderpi/ros2_ws/install/my_service_interfaces/include/my_service_interfaces/my_service_interfaces/srv/detail
[2.938s] -- Up-to-date: /home/spiderpi/ros2_ws/install/my_service_interfaces/include/my_service_interfaces/my_service_interfaces/srv/detail/set_value__traits.hpp
[2.939s] -- Up-to-date: /home/spiderpi/ros2_ws/install/my_service_interfaces/include/my_service_interfaces/my_service_interfaces/srv/detail/set_value__builder.hpp
[2.940s] -- Up-to-date: /home/spiderpi/ros2_ws/install/my_service_interfaces/include/my_service_interfaces/my_service_interfaces/srv/detail/set_value__struct.hpp
[2.940s] -- Up-to-date: /home/spiderpi/ros2_ws/install/my_service_interfaces/include/my_service_interfaces/my_service_interfaces/srv/set_value.hpp
[2.941s] -- Up-to-date: /home/spiderpi/ros2_ws/install/my_service_interfaces/include/my_service_interfaces/my_service_interfaces/msg
[2.941s] -- Up-to-date: /home/spiderpi/ros2_ws/install/my_service_interfaces/include/my_service_interfaces/my_service_interfaces/msg/detail
[2.942s] -- Up-to-date: /home/spiderpi/ros2_ws/install/my_service_interfaces/include/my_service_interfaces/my_service_interfaces/msg/detail/target_coordinates__struct.hpp
[2.942s] -- Up-to-date: /home/spiderpi/ros2_ws/install/my_service_interfaces/include/my_service_interfaces/my_service_interfaces/msg/detail/target_coordinates__builder.hpp
[2.942s] -- Up-to-date: /home/spiderpi/ros2_ws/install/my_service_interfaces/include/my_service_interfaces/my_service_interfaces/msg/detail/target_coordinates__traits.hpp
[2.943s] -- Up-to-date: /home/spiderpi/ros2_ws/install/my_service_interfaces/include/my_service_interfaces/my_service_interfaces/msg/target_coordinates.hpp
[2.944s] -- Up-to-date: /home/spiderpi/ros2_ws/install/my_service_interfaces/include/my_service_interfaces/my_service_interfaces
[2.945s] -- Up-to-date: /home/spiderpi/ros2_ws/install/my_service_interfaces/include/my_service_interfaces/my_service_interfaces/srv
[2.945s] -- Up-to-date: /home/spiderpi/ros2_ws/install/my_service_interfaces/include/my_service_interfaces/my_service_interfaces/srv/detail
[2.946s] -- Up-to-date: /home/spiderpi/ros2_ws/install/my_service_interfaces/include/my_service_interfaces/my_service_interfaces/srv/detail/dds_fastrtps
[2.946s] -- Up-to-date: /home/spiderpi/ros2_ws/install/my_service_interfaces/include/my_service_interfaces/my_service_interfaces/srv/detail/set_value__rosidl_typesupport_fastrtps_cpp.hpp
[2.947s] -- Up-to-date: /home/spiderpi/ros2_ws/install/my_service_interfaces/include/my_service_interfaces/my_service_interfaces/msg
[2.947s] -- Up-to-date: /home/spiderpi/ros2_ws/install/my_service_interfaces/include/my_service_interfaces/my_service_interfaces/msg/detail
[2.948s] -- Up-to-date: /home/spiderpi/ros2_ws/install/my_service_interfaces/include/my_service_interfaces/my_service_interfaces/msg/detail/dds_fastrtps
[2.948s] -- Up-to-date: /home/spiderpi/ros2_ws/install/my_service_interfaces/include/my_service_interfaces/my_service_interfaces/msg/detail/target_coordinates__rosidl_typesupport_fastrtps_cpp.hpp
[2.949s] -- Up-to-date: /home/spiderpi/ros2_ws/install/my_service_interfaces/include/my_service_interfaces/my_service_interfaces/msg/rosidl_typesupport_fastrtps_cpp__visibility_control.h
[2.949s] -- Up-to-date: /home/spiderpi/ros2_ws/install/my_service_interfaces/lib/libmy_service_interfaces__rosidl_typesupport_fastrtps_cpp.so
[2.949s] -- Up-to-date: /home/spiderpi/ros2_ws/install/my_service_interfaces/include/my_service_interfaces/my_service_interfaces
[2.950s] -- Up-to-date: /home/spiderpi/ros2_ws/install/my_service_interfaces/include/my_service_interfaces/my_service_interfaces/srv
[2.950s] -- Up-to-date: /home/spiderpi/ros2_ws/install/my_service_interfaces/include/my_service_interfaces/my_service_interfaces/srv/detail
[2.951s] -- Up-to-date: /home/spiderpi/ros2_ws/install/my_service_interfaces/include/my_service_interfaces/my_service_interfaces/srv/detail/set_value__rosidl_typesupport_introspection_cpp.hpp
[2.952s] -- Up-to-date: /home/spiderpi/ros2_ws/install/my_service_interfaces/include/my_service_interfaces/my_service_interfaces/srv/detail/set_value__type_support.cpp
[2.953s] -- Up-to-date: /home/spiderpi/ros2_ws/install/my_service_interfaces/include/my_service_interfaces/my_service_interfaces/msg
[2.953s] -- Up-to-date: /home/spiderpi/ros2_ws/install/my_service_interfaces/include/my_service_interfaces/my_service_interfaces/msg/detail
[2.953s] -- Up-to-date: /home/spiderpi/ros2_ws/install/my_service_interfaces/include/my_service_interfaces/my_service_interfaces/msg/detail/target_coordinates__type_support.cpp
[2.954s] -- Up-to-date: /home/spiderpi/ros2_ws/install/my_service_interfaces/include/my_service_interfaces/my_service_interfaces/msg/detail/target_coordinates__rosidl_typesupport_introspection_cpp.hpp
[2.954s] -- Up-to-date: /home/spiderpi/ros2_ws/install/my_service_interfaces/lib/libmy_service_interfaces__rosidl_typesupport_introspection_cpp.so
[2.955s] -- Up-to-date: /home/spiderpi/ros2_ws/install/my_service_interfaces/lib/libmy_service_interfaces__rosidl_typesupport_cpp.so
[2.955s] -- Up-to-date: /home/spiderpi/ros2_ws/install/my_service_interfaces/share/my_service_interfaces/environment/pythonpath.sh
[2.956s] -- Up-to-date: /home/spiderpi/ros2_ws/install/my_service_interfaces/share/my_service_interfaces/environment/pythonpath.dsv
[2.956s] -- Up-to-date: /home/spiderpi/ros2_ws/install/my_service_interfaces/local/lib/python3.10/dist-packages/my_service_interfaces-0.0.0-py3.10.egg-info
[2.957s] -- Installing: /home/spiderpi/ros2_ws/install/my_service_interfaces/local/lib/python3.10/dist-packages/my_service_interfaces-0.0.0-py3.10.egg-info/SOURCES.txt
[2.958s] -- Installing: /home/spiderpi/ros2_ws/install/my_service_interfaces/local/lib/python3.10/dist-packages/my_service_interfaces-0.0.0-py3.10.egg-info/PKG-INFO
[2.958s] -- Installing: /home/spiderpi/ros2_ws/install/my_service_interfaces/local/lib/python3.10/dist-packages/my_service_interfaces-0.0.0-py3.10.egg-info/dependency_links.txt
[2.959s] -- Installing: /home/spiderpi/ros2_ws/install/my_service_interfaces/local/lib/python3.10/dist-packages/my_service_interfaces-0.0.0-py3.10.egg-info/top_level.txt
[2.959s] -- Up-to-date: /home/spiderpi/ros2_ws/install/my_service_interfaces/local/lib/python3.10/dist-packages/my_service_interfaces
[2.960s] -- Up-to-date: /home/spiderpi/ros2_ws/install/my_service_interfaces/local/lib/python3.10/dist-packages/my_service_interfaces/my_service_interfaces_s__rosidl_typesupport_c.cpython-310-aarch64-linux-gnu.so
[2.961s] -- Up-to-date: /home/spiderpi/ros2_ws/install/my_service_interfaces/local/lib/python3.10/dist-packages/my_service_interfaces/libmy_service_interfaces__rosidl_generator_py.so
[2.962s] -- Up-to-date: /home/spiderpi/ros2_ws/install/my_service_interfaces/local/lib/python3.10/dist-packages/my_service_interfaces/__init__.py
[2.963s] -- Up-to-date: /home/spiderpi/ros2_ws/install/my_service_interfaces/local/lib/python3.10/dist-packages/my_service_interfaces/_my_service_interfaces_s.ep.rosidl_typesupport_introspection_c.c
[2.963s] -- Up-to-date: /home/spiderpi/ros2_ws/install/my_service_interfaces/local/lib/python3.10/dist-packages/my_service_interfaces/my_service_interfaces_s__rosidl_typesupport_introspection_c.cpython-310-aarch64-linux-gnu.so
[2.964s] -- Up-to-date: /home/spiderpi/ros2_ws/install/my_service_interfaces/local/lib/python3.10/dist-packages/my_service_interfaces/srv
[2.965s] -- Up-to-date: /home/spiderpi/ros2_ws/install/my_service_interfaces/local/lib/python3.10/dist-packages/my_service_interfaces/srv/__init__.py
[2.965s] -- Up-to-date: /home/spiderpi/ros2_ws/install/my_service_interfaces/local/lib/python3.10/dist-packages/my_service_interfaces/srv/_set_value_s.c
[2.965s] -- Up-to-date: /home/spiderpi/ros2_ws/install/my_service_interfaces/local/lib/python3.10/dist-packages/my_service_interfaces/srv/_set_value.py
[2.966s] -- Up-to-date: /home/spiderpi/ros2_ws/install/my_service_interfaces/local/lib/python3.10/dist-packages/my_service_interfaces/my_service_interfaces_s__rosidl_typesupport_fastrtps_c.cpython-310-aarch64-linux-gnu.so
[2.966s] -- Up-to-date: /home/spiderpi/ros2_ws/install/my_service_interfaces/local/lib/python3.10/dist-packages/my_service_interfaces/msg
[2.967s] -- Up-to-date: /home/spiderpi/ros2_ws/install/my_service_interfaces/local/lib/python3.10/dist-packages/my_service_interfaces/msg/_target_coordinates.py
[2.967s] -- Up-to-date: /home/spiderpi/ros2_ws/install/my_service_interfaces/local/lib/python3.10/dist-packages/my_service_interfaces/msg/__init__.py
[2.968s] -- Up-to-date: /home/spiderpi/ros2_ws/install/my_service_interfaces/local/lib/python3.10/dist-packages/my_service_interfaces/msg/_target_coordinates_s.c
[2.968s] -- Up-to-date: /home/spiderpi/ros2_ws/install/my_service_interfaces/local/lib/python3.10/dist-packages/my_service_interfaces/_my_service_interfaces_s.ep.rosidl_typesupport_c.c
[2.969s] -- Up-to-date: /home/spiderpi/ros2_ws/install/my_service_interfaces/local/lib/python3.10/dist-packages/my_service_interfaces/_my_service_interfaces_s.ep.rosidl_typesupport_fastrtps_c.c
[3.114s] Listing '/home/spiderpi/ros2_ws/install/my_service_interfaces/local/lib/python3.10/dist-packages/my_service_interfaces'...
[3.116s] Listing '/home/spiderpi/ros2_ws/install/my_service_interfaces/local/lib/python3.10/dist-packages/my_service_interfaces/msg'...
[3.118s] Listing '/home/spiderpi/ros2_ws/install/my_service_interfaces/local/lib/python3.10/dist-packages/my_service_interfaces/srv'...
[3.144s] -- Up-to-date: /home/spiderpi/ros2_ws/install/my_service_interfaces/local/lib/python3.10/dist-packages/my_service_interfaces/my_service_interfaces_s__rosidl_typesupport_fastrtps_c.cpython-310-aarch64-linux-gnu.so
[3.147s] -- Up-to-date: /home/spiderpi/ros2_ws/install/my_service_interfaces/local/lib/python3.10/dist-packages/my_service_interfaces/my_service_interfaces_s__rosidl_typesupport_introspection_c.cpython-310-aarch64-linux-gnu.so
[3.149s] -- Up-to-date: /home/spiderpi/ros2_ws/install/my_service_interfaces/local/lib/python3.10/dist-packages/my_service_interfaces/my_service_interfaces_s__rosidl_typesupport_c.cpython-310-aarch64-linux-gnu.so
[3.152s] -- Up-to-date: /home/spiderpi/ros2_ws/install/my_service_interfaces/lib/libmy_service_interfaces__rosidl_generator_py.so
[3.154s] -- Up-to-date: /home/spiderpi/ros2_ws/install/my_service_interfaces/share/my_service_interfaces/msg/TargetCoordinates.idl
[3.155s] -- Up-to-date: /home/spiderpi/ros2_ws/install/my_service_interfaces/share/my_service_interfaces/srv/SetValue.idl
[3.156s] -- Up-to-date: /home/spiderpi/ros2_ws/install/my_service_interfaces/share/my_service_interfaces/msg/TargetCoordinates.msg
[3.157s] -- Up-to-date: /home/spiderpi/ros2_ws/install/my_service_interfaces/share/my_service_interfaces/srv/SetValue.srv
[3.158s] -- Up-to-date: /home/spiderpi/ros2_ws/install/my_service_interfaces/share/my_service_interfaces/srv/SetValue_Request.msg
[3.158s] -- Up-to-date: /home/spiderpi/ros2_ws/install/my_service_interfaces/share/my_service_interfaces/srv/SetValue_Response.msg
[3.159s] -- Up-to-date: /home/spiderpi/ros2_ws/install/my_service_interfaces/share/ament_index/resource_index/package_run_dependencies/my_service_interfaces
[3.160s] -- Up-to-date: /home/spiderpi/ros2_ws/install/my_service_interfaces/share/ament_index/resource_index/parent_prefix_path/my_service_interfaces
[3.160s] -- Up-to-date: /home/spiderpi/ros2_ws/install/my_service_interfaces/share/my_service_interfaces/environment/ament_prefix_path.sh
[3.161s] -- Up-to-date: /home/spiderpi/ros2_ws/install/my_service_interfaces/share/my_service_interfaces/environment/ament_prefix_path.dsv
[3.161s] -- Up-to-date: /home/spiderpi/ros2_ws/install/my_service_interfaces/share/my_service_interfaces/environment/path.sh
[3.162s] -- Up-to-date: /home/spiderpi/ros2_ws/install/my_service_interfaces/share/my_service_interfaces/environment/path.dsv
[3.163s] -- Up-to-date: /home/spiderpi/ros2_ws/install/my_service_interfaces/share/my_service_interfaces/local_setup.bash
[3.164s] -- Up-to-date: /home/spiderpi/ros2_ws/install/my_service_interfaces/share/my_service_interfaces/local_setup.sh
[3.164s] -- Up-to-date: /home/spiderpi/ros2_ws/install/my_service_interfaces/share/my_service_interfaces/local_setup.zsh
[3.165s] -- Up-to-date: /home/spiderpi/ros2_ws/install/my_service_interfaces/share/my_service_interfaces/local_setup.dsv
[3.165s] -- Installing: /home/spiderpi/ros2_ws/install/my_service_interfaces/share/my_service_interfaces/package.dsv
[3.166s] -- Up-to-date: /home/spiderpi/ros2_ws/install/my_service_interfaces/share/ament_index/resource_index/packages/my_service_interfaces
[3.167s] -- Up-to-date: /home/spiderpi/ros2_ws/install/my_service_interfaces/share/my_service_interfaces/cmake/export_my_service_interfaces__rosidl_generator_cExport.cmake
[3.167s] -- Up-to-date: /home/spiderpi/ros2_ws/install/my_service_interfaces/share/my_service_interfaces/cmake/export_my_service_interfaces__rosidl_generator_cExport-noconfig.cmake
[3.168s] -- Up-to-date: /home/spiderpi/ros2_ws/install/my_service_interfaces/share/my_service_interfaces/cmake/export_my_service_interfaces__rosidl_typesupport_fastrtps_cExport.cmake
[3.169s] -- Up-to-date: /home/spiderpi/ros2_ws/install/my_service_interfaces/share/my_service_interfaces/cmake/export_my_service_interfaces__rosidl_typesupport_fastrtps_cExport-noconfig.cmake
[3.170s] -- Up-to-date: /home/spiderpi/ros2_ws/install/my_service_interfaces/share/my_service_interfaces/cmake/my_service_interfaces__rosidl_typesupport_introspection_cExport.cmake
[3.170s] -- Up-to-date: /home/spiderpi/ros2_ws/install/my_service_interfaces/share/my_service_interfaces/cmake/my_service_interfaces__rosidl_typesupport_introspection_cExport-noconfig.cmake
[3.171s] -- Up-to-date: /home/spiderpi/ros2_ws/install/my_service_interfaces/share/my_service_interfaces/cmake/my_service_interfaces__rosidl_typesupport_cExport.cmake
[3.172s] -- Up-to-date: /home/spiderpi/ros2_ws/install/my_service_interfaces/share/my_service_interfaces/cmake/my_service_interfaces__rosidl_typesupport_cExport-noconfig.cmake
[3.172s] -- Up-to-date: /home/spiderpi/ros2_ws/install/my_service_interfaces/share/my_service_interfaces/cmake/export_my_service_interfaces__rosidl_generator_cppExport.cmake
[3.173s] -- Up-to-date: /home/spiderpi/ros2_ws/install/my_service_interfaces/share/my_service_interfaces/cmake/export_my_service_interfaces__rosidl_typesupport_fastrtps_cppExport.cmake
[3.174s] -- Up-to-date: /home/spiderpi/ros2_ws/install/my_service_interfaces/share/my_service_interfaces/cmake/export_my_service_interfaces__rosidl_typesupport_fastrtps_cppExport-noconfig.cmake
[3.175s] -- Up-to-date: /home/spiderpi/ros2_ws/install/my_service_interfaces/share/my_service_interfaces/cmake/my_service_interfaces__rosidl_typesupport_introspection_cppExport.cmake
[3.175s] -- Up-to-date: /home/spiderpi/ros2_ws/install/my_service_interfaces/share/my_service_interfaces/cmake/my_service_interfaces__rosidl_typesupport_introspection_cppExport-noconfig.cmake
[3.176s] -- Up-to-date: /home/spiderpi/ros2_ws/install/my_service_interfaces/share/my_service_interfaces/cmake/my_service_interfaces__rosidl_typesupport_cppExport.cmake
[3.177s] -- Up-to-date: /home/spiderpi/ros2_ws/install/my_service_interfaces/share/my_service_interfaces/cmake/my_service_interfaces__rosidl_typesupport_cppExport-noconfig.cmake
[3.177s] -- Up-to-date: /home/spiderpi/ros2_ws/install/my_service_interfaces/share/my_service_interfaces/cmake/export_my_service_interfaces__rosidl_generator_pyExport.cmake
[3.178s] -- Up-to-date: /home/spiderpi/ros2_ws/install/my_service_interfaces/share/my_service_interfaces/cmake/export_my_service_interfaces__rosidl_generator_pyExport-noconfig.cmake
[3.179s] -- Up-to-date: /home/spiderpi/ros2_ws/install/my_service_interfaces/share/my_service_interfaces/cmake/rosidl_cmake-extras.cmake
[3.180s] -- Up-to-date: /home/spiderpi/ros2_ws/install/my_service_interfaces/share/my_service_interfaces/cmake/ament_cmake_export_dependencies-extras.cmake
[3.180s] -- Up-to-date: /home/spiderpi/ros2_ws/install/my_service_interfaces/share/my_service_interfaces/cmake/ament_cmake_export_include_directories-extras.cmake
[3.181s] -- Up-to-date: /home/spiderpi/ros2_ws/install/my_service_interfaces/share/my_service_interfaces/cmake/ament_cmake_export_libraries-extras.cmake
[3.182s] -- Up-to-date: /home/spiderpi/ros2_ws/install/my_service_interfaces/share/my_service_interfaces/cmake/ament_cmake_export_targets-extras.cmake
[3.182s] -- Up-to-date: /home/spiderpi/ros2_ws/install/my_service_interfaces/share/my_service_interfaces/cmake/rosidl_cmake_export_typesupport_targets-extras.cmake
[3.183s] -- Up-to-date: /home/spiderpi/ros2_ws/install/my_service_interfaces/share/my_service_interfaces/cmake/rosidl_cmake_export_typesupport_libraries-extras.cmake
[3.184s] -- Up-to-date: /home/spiderpi/ros2_ws/install/my_service_interfaces/share/my_service_interfaces/cmake/my_service_interfacesConfig.cmake
[3.184s] -- Up-to-date: /home/spiderpi/ros2_ws/install/my_service_interfaces/share/my_service_interfaces/cmake/my_service_interfacesConfig-version.cmake
[3.188s] -- Up-to-date: /home/spiderpi/ros2_ws/install/my_service_interfaces/share/my_service_interfaces/package.xml
[3.204s] Invoked command in '/home/spiderpi/ros2_ws/build/my_service_interfaces' returned '0': CMAKE_PREFIX_PATH=/opt/ros/humble /usr/bin/cmake --install /home/spiderpi/ros2_ws/build/my_service_interfaces
