[0.678s] Invoking command in '/home/spider/ros2_ws/src/flask_server': CMAKE_PREFIX_PATH=/home/spider/ros2_ws/install/gwpspider_interfaces:/home/spider/ros2_ws/install:/home/spider/ros2_ws/install/my_service_interfaces PYTHONPATH=/home/spider/ros2_ws/build/flask_server/prefix_override:/home/spider/ros2_ws/install/flask_server/lib/python3.10/site-packages:${PYTHONPATH} /usr/bin/python3 setup.py egg_info --egg-base ../../build/flask_server build --build-base /home/spider/ros2_ws/build/flask_server/build install --record /home/spider/ros2_ws/build/flask_server/install.log --single-version-externally-managed
[0.957s] running egg_info
[0.958s] writing ../../build/flask_server/flask_server.egg-info/PKG-INFO
[0.958s] writing dependency_links to ../../build/flask_server/flask_server.egg-info/dependency_links.txt
[0.958s] writing entry points to ../../build/flask_server/flask_server.egg-info/entry_points.txt
[0.959s] writing requirements to ../../build/flask_server/flask_server.egg-info/requires.txt
[0.959s] writing top-level names to ../../build/flask_server/flask_server.egg-info/top_level.txt
[0.960s] reading manifest file '../../build/flask_server/flask_server.egg-info/SOURCES.txt'
[0.961s] writing manifest file '../../build/flask_server/flask_server.egg-info/SOURCES.txt'
[0.961s] running build
[0.962s] running build_py
[0.962s] running install
[0.962s] /usr/lib/python3/dist-packages/setuptools/command/install.py:34: SetuptoolsDeprecationWarning: setup.py install is deprecated. Use build and pip and other standards-based tools.
[0.962s]   warnings.warn(
[0.962s] running install_lib
[0.963s] creating /home/spider/ros2_ws/install/flask_server/lib/python3.10/site-packages/flask_server
[0.963s] copying /home/spider/ros2_ws/build/flask_server/build/lib/flask_server/__init__.py -> /home/spider/ros2_ws/install/flask_server/lib/python3.10/site-packages/flask_server
[0.964s] byte-compiling /home/spider/ros2_ws/install/flask_server/lib/python3.10/site-packages/flask_server/__init__.py to __init__.cpython-310.pyc
[0.964s] running install_data
[0.965s] creating /home/spider/ros2_ws/install/flask_server/share/ament_index
[0.965s] creating /home/spider/ros2_ws/install/flask_server/share/ament_index/resource_index
[0.965s] creating /home/spider/ros2_ws/install/flask_server/share/ament_index/resource_index/packages
[0.965s] copying resource/flask_server -> /home/spider/ros2_ws/install/flask_server/share/ament_index/resource_index/packages
[0.965s] copying package.xml -> /home/spider/ros2_ws/install/flask_server/share/flask_server
[0.965s] running install_egg_info
[0.967s] Copying ../../build/flask_server/flask_server.egg-info to /home/spider/ros2_ws/install/flask_server/lib/python3.10/site-packages/flask_server-0.0.0-py3.10.egg-info
[0.968s] running install_scripts
[0.988s] writing list of installed files to '/home/spider/ros2_ws/build/flask_server/install.log'
[1.014s] Invoked command in '/home/spider/ros2_ws/src/flask_server' returned '0': CMAKE_PREFIX_PATH=/home/spider/ros2_ws/install/gwpspider_interfaces:/home/spider/ros2_ws/install:/home/spider/ros2_ws/install/my_service_interfaces PYTHONPATH=/home/spider/ros2_ws/build/flask_server/prefix_override:/home/spider/ros2_ws/install/flask_server/lib/python3.10/site-packages:${PYTHONPATH} /usr/bin/python3 setup.py egg_info --egg-base ../../build/flask_server build --build-base /home/spider/ros2_ws/build/flask_server/build install --record /home/spider/ros2_ws/build/flask_server/install.log --single-version-externally-managed
