[0.012s] Invoking command in '/home/spider/ros2_ws/build/gwpspider_interfaces': CMAKE_PREFIX_PATH=${CMAKE_PREFIX_PATH}:/home/spider/ros2_ws/install/py_srvcli:/home/spider/ros2_ws/install/py_node_test:/home/spider/ros2_ws/install/flask_server:/opt/ros/humble /usr/bin/cmake --build /home/spider/ros2_ws/build/gwpspider_interfaces -- -j8 -l8
[0.078s] [  0%] Built target gwpspider_interfaces__cpp
[0.088s] [  0%] Built target ament_cmake_python_copy_gwpspider_interfaces
[0.100s] [ 14%] Built target gwpspider_interfaces__rosidl_generator_c
[0.143s] [ 29%] Built target gwpspider_interfaces__rosidl_typesupport_cpp
[0.156s] [ 44%] Built target gwpspider_interfaces__rosidl_typesupport_introspection_cpp
[0.158s] [ 69%] Built target gwpspider_interfaces__rosidl_typesupport_c
[0.159s] [ 72%] Built target gwpspider_interfaces__rosidl_typesupport_fastrtps_cpp
[0.163s] [ 86%] Built target gwpspider_interfaces__rosidl_typesupport_introspection_c
[0.181s] [100%] Built target gwpspider_interfaces__rosidl_typesupport_fastrtps_c
[0.202s] [100%] Built target gwpspider_interfaces
[0.376s] running egg_info
[0.377s] writing gwpspider_interfaces.egg-info/PKG-INFO
[0.377s] writing dependency_links to gwpspider_interfaces.egg-info/dependency_links.txt
[0.377s] writing top-level names to gwpspider_interfaces.egg-info/top_level.txt
[0.380s] reading manifest file 'gwpspider_interfaces.egg-info/SOURCES.txt'
[0.381s] writing manifest file 'gwpspider_interfaces.egg-info/SOURCES.txt'
[0.414s] [100%] Built target ament_cmake_python_build_gwpspider_interfaces_egg
[0.428s] Invoked command in '/home/spider/ros2_ws/build/gwpspider_interfaces' returned '0': CMAKE_PREFIX_PATH=${CMAKE_PREFIX_PATH}:/home/spider/ros2_ws/install/py_srvcli:/home/spider/ros2_ws/install/py_node_test:/home/spider/ros2_ws/install/flask_server:/opt/ros/humble /usr/bin/cmake --build /home/spider/ros2_ws/build/gwpspider_interfaces -- -j8 -l8
[1.172s] Invoking command in '/home/spider/ros2_ws/build/gwpspider_interfaces': CMAKE_PREFIX_PATH=${CMAKE_PREFIX_PATH}:/home/spider/ros2_ws/install/py_srvcli:/home/spider/ros2_ws/install/py_node_test:/home/spider/ros2_ws/install/flask_server:/opt/ros/humble /usr/bin/cmake --install /home/spider/ros2_ws/build/gwpspider_interfaces
[1.180s] -- Install configuration: ""
[1.181s] -- Up-to-date: /home/spider/ros2_ws/install/gwpspider_interfaces/share/ament_index/resource_index/rosidl_interfaces/gwpspider_interfaces
[1.181s] -- Up-to-date: /home/spider/ros2_ws/install/gwpspider_interfaces/include/gwpspider_interfaces/gwpspider_interfaces
[1.181s] -- Up-to-date: /home/spider/ros2_ws/install/gwpspider_interfaces/include/gwpspider_interfaces/gwpspider_interfaces/msg
[1.181s] -- Up-to-date: /home/spider/ros2_ws/install/gwpspider_interfaces/include/gwpspider_interfaces/gwpspider_interfaces/msg/rosidl_generator_c__visibility_control.h
[1.182s] -- Up-to-date: /home/spider/ros2_ws/install/gwpspider_interfaces/include/gwpspider_interfaces/gwpspider_interfaces/msg/bno_data.h
[1.182s] -- Up-to-date: /home/spider/ros2_ws/install/gwpspider_interfaces/include/gwpspider_interfaces/gwpspider_interfaces/msg/gripper_state.h
[1.182s] -- Up-to-date: /home/spider/ros2_ws/install/gwpspider_interfaces/include/gwpspider_interfaces/gwpspider_interfaces/msg/water_pump_command.h
[1.182s] -- Up-to-date: /home/spider/ros2_ws/install/gwpspider_interfaces/include/gwpspider_interfaces/gwpspider_interfaces/msg/legs_states.h
[1.182s] -- Up-to-date: /home/spider/ros2_ws/install/gwpspider_interfaces/include/gwpspider_interfaces/gwpspider_interfaces/msg/gripper_command.h
[1.183s] -- Up-to-date: /home/spider/ros2_ws/install/gwpspider_interfaces/include/gwpspider_interfaces/gwpspider_interfaces/msg/detail
[1.183s] -- Up-to-date: /home/spider/ros2_ws/install/gwpspider_interfaces/include/gwpspider_interfaces/gwpspider_interfaces/msg/detail/gripper_state__type_support.h
[1.183s] -- Up-to-date: /home/spider/ros2_ws/install/gwpspider_interfaces/include/gwpspider_interfaces/gwpspider_interfaces/msg/detail/water_pump_command__type_support.h
[1.183s] -- Up-to-date: /home/spider/ros2_ws/install/gwpspider_interfaces/include/gwpspider_interfaces/gwpspider_interfaces/msg/detail/grippers_states__type_support.h
[1.183s] -- Up-to-date: /home/spider/ros2_ws/install/gwpspider_interfaces/include/gwpspider_interfaces/gwpspider_interfaces/msg/detail/dynamixel_motors_data__functions.c
[1.184s] -- Up-to-date: /home/spider/ros2_ws/install/gwpspider_interfaces/include/gwpspider_interfaces/gwpspider_interfaces/msg/detail/legs_states__functions.h
[1.184s] -- Up-to-date: /home/spider/ros2_ws/install/gwpspider_interfaces/include/gwpspider_interfaces/gwpspider_interfaces/msg/detail/bno_data__type_support.h
[1.184s] -- Up-to-date: /home/spider/ros2_ws/install/gwpspider_interfaces/include/gwpspider_interfaces/gwpspider_interfaces/msg/detail/gripper_command__struct.h
[1.184s] -- Up-to-date: /home/spider/ros2_ws/install/gwpspider_interfaces/include/gwpspider_interfaces/gwpspider_interfaces/msg/detail/bno_data__functions.h
[1.184s] -- Up-to-date: /home/spider/ros2_ws/install/gwpspider_interfaces/include/gwpspider_interfaces/gwpspider_interfaces/msg/detail/water_pump_command__functions.h
[1.185s] -- Up-to-date: /home/spider/ros2_ws/install/gwpspider_interfaces/include/gwpspider_interfaces/gwpspider_interfaces/msg/detail/walking_instructions__type_support.h
[1.185s] -- Up-to-date: /home/spider/ros2_ws/install/gwpspider_interfaces/include/gwpspider_interfaces/gwpspider_interfaces/msg/detail/walking_instructions__functions.h
[1.185s] -- Up-to-date: /home/spider/ros2_ws/install/gwpspider_interfaces/include/gwpspider_interfaces/gwpspider_interfaces/msg/detail/dynamixel_motors_data__type_support.h
[1.185s] -- Up-to-date: /home/spider/ros2_ws/install/gwpspider_interfaces/include/gwpspider_interfaces/gwpspider_interfaces/msg/detail/bno_data__struct.h
[1.185s] -- Up-to-date: /home/spider/ros2_ws/install/gwpspider_interfaces/include/gwpspider_interfaces/gwpspider_interfaces/msg/detail/water_pump_command__functions.c
[1.186s] -- Up-to-date: /home/spider/ros2_ws/install/gwpspider_interfaces/include/gwpspider_interfaces/gwpspider_interfaces/msg/detail/gripper_command__functions.c
[1.186s] -- Up-to-date: /home/spider/ros2_ws/install/gwpspider_interfaces/include/gwpspider_interfaces/gwpspider_interfaces/msg/detail/grippers_states__functions.c
[1.186s] -- Up-to-date: /home/spider/ros2_ws/install/gwpspider_interfaces/include/gwpspider_interfaces/gwpspider_interfaces/msg/detail/gripper_state__functions.h
[1.186s] -- Up-to-date: /home/spider/ros2_ws/install/gwpspider_interfaces/include/gwpspider_interfaces/gwpspider_interfaces/msg/detail/leg_trajectory__struct.h
[1.186s] -- Up-to-date: /home/spider/ros2_ws/install/gwpspider_interfaces/include/gwpspider_interfaces/gwpspider_interfaces/msg/detail/leg_trajectory__type_support.h
[1.187s] -- Up-to-date: /home/spider/ros2_ws/install/gwpspider_interfaces/include/gwpspider_interfaces/gwpspider_interfaces/msg/detail/legs_states__type_support.h
[1.187s] -- Up-to-date: /home/spider/ros2_ws/install/gwpspider_interfaces/include/gwpspider_interfaces/gwpspider_interfaces/msg/detail/legs_states__functions.c
[1.187s] -- Up-to-date: /home/spider/ros2_ws/install/gwpspider_interfaces/include/gwpspider_interfaces/gwpspider_interfaces/msg/detail/gripper_state__functions.c
[1.187s] -- Up-to-date: /home/spider/ros2_ws/install/gwpspider_interfaces/include/gwpspider_interfaces/gwpspider_interfaces/msg/detail/bno_data__functions.c
[1.187s] -- Up-to-date: /home/spider/ros2_ws/install/gwpspider_interfaces/include/gwpspider_interfaces/gwpspider_interfaces/msg/detail/leg_trajectory__functions.c
[1.188s] -- Up-to-date: /home/spider/ros2_ws/install/gwpspider_interfaces/include/gwpspider_interfaces/gwpspider_interfaces/msg/detail/water_pump_command__struct.h
[1.188s] -- Up-to-date: /home/spider/ros2_ws/install/gwpspider_interfaces/include/gwpspider_interfaces/gwpspider_interfaces/msg/detail/legs_states__struct.h
[1.188s] -- Up-to-date: /home/spider/ros2_ws/install/gwpspider_interfaces/include/gwpspider_interfaces/gwpspider_interfaces/msg/detail/gripper_state__struct.h
[1.188s] -- Up-to-date: /home/spider/ros2_ws/install/gwpspider_interfaces/include/gwpspider_interfaces/gwpspider_interfaces/msg/detail/grippers_states__struct.h
[1.188s] -- Up-to-date: /home/spider/ros2_ws/install/gwpspider_interfaces/include/gwpspider_interfaces/gwpspider_interfaces/msg/detail/walking_instructions__struct.h
[1.188s] -- Up-to-date: /home/spider/ros2_ws/install/gwpspider_interfaces/include/gwpspider_interfaces/gwpspider_interfaces/msg/detail/gripper_command__type_support.h
[1.189s] -- Up-to-date: /home/spider/ros2_ws/install/gwpspider_interfaces/include/gwpspider_interfaces/gwpspider_interfaces/msg/detail/gripper_command__functions.h
[1.189s] -- Up-to-date: /home/spider/ros2_ws/install/gwpspider_interfaces/include/gwpspider_interfaces/gwpspider_interfaces/msg/detail/grippers_states__functions.h
[1.189s] -- Up-to-date: /home/spider/ros2_ws/install/gwpspider_interfaces/include/gwpspider_interfaces/gwpspider_interfaces/msg/detail/leg_trajectory__functions.h
[1.189s] -- Up-to-date: /home/spider/ros2_ws/install/gwpspider_interfaces/include/gwpspider_interfaces/gwpspider_interfaces/msg/detail/dynamixel_motors_data__struct.h
[1.189s] -- Up-to-date: /home/spider/ros2_ws/install/gwpspider_interfaces/include/gwpspider_interfaces/gwpspider_interfaces/msg/detail/dynamixel_motors_data__functions.h
[1.190s] -- Up-to-date: /home/spider/ros2_ws/install/gwpspider_interfaces/include/gwpspider_interfaces/gwpspider_interfaces/msg/detail/walking_instructions__functions.c
[1.190s] -- Up-to-date: /home/spider/ros2_ws/install/gwpspider_interfaces/include/gwpspider_interfaces/gwpspider_interfaces/msg/walking_instructions.h
[1.190s] -- Up-to-date: /home/spider/ros2_ws/install/gwpspider_interfaces/include/gwpspider_interfaces/gwpspider_interfaces/msg/grippers_states.h
[1.191s] -- Up-to-date: /home/spider/ros2_ws/install/gwpspider_interfaces/include/gwpspider_interfaces/gwpspider_interfaces/msg/dynamixel_motors_data.h
[1.191s] -- Up-to-date: /home/spider/ros2_ws/install/gwpspider_interfaces/include/gwpspider_interfaces/gwpspider_interfaces/msg/leg_trajectory.h
[1.191s] -- Up-to-date: /home/spider/ros2_ws/install/gwpspider_interfaces/include/gwpspider_interfaces/gwpspider_interfaces/srv
[1.192s] -- Up-to-date: /home/spider/ros2_ws/install/gwpspider_interfaces/include/gwpspider_interfaces/gwpspider_interfaces/srv/move_gripper.h
[1.192s] -- Up-to-date: /home/spider/ros2_ws/install/gwpspider_interfaces/include/gwpspider_interfaces/gwpspider_interfaces/srv/get_leg_trajectory.h
[1.192s] -- Up-to-date: /home/spider/ros2_ws/install/gwpspider_interfaces/include/gwpspider_interfaces/gwpspider_interfaces/srv/init_bno.h
[1.192s] -- Up-to-date: /home/spider/ros2_ws/install/gwpspider_interfaces/include/gwpspider_interfaces/gwpspider_interfaces/srv/toggle_motors_torque.h
[1.192s] -- Up-to-date: /home/spider/ros2_ws/install/gwpspider_interfaces/include/gwpspider_interfaces/gwpspider_interfaces/srv/reboot_motors.h
[1.193s] -- Up-to-date: /home/spider/ros2_ws/install/gwpspider_interfaces/include/gwpspider_interfaces/gwpspider_interfaces/srv/control_water_pump.h
[1.193s] -- Up-to-date: /home/spider/ros2_ws/install/gwpspider_interfaces/include/gwpspider_interfaces/gwpspider_interfaces/srv/get_spider_pose.h
[1.194s] -- Up-to-date: /home/spider/ros2_ws/install/gwpspider_interfaces/include/gwpspider_interfaces/gwpspider_interfaces/srv/apply_force_leg.h
[1.194s] -- Up-to-date: /home/spider/ros2_ws/install/gwpspider_interfaces/include/gwpspider_interfaces/gwpspider_interfaces/srv/get_modified_walking_instructions.h
[1.194s] -- Up-to-date: /home/spider/ros2_ws/install/gwpspider_interfaces/include/gwpspider_interfaces/gwpspider_interfaces/srv/toggle_controller.h
[1.194s] -- Up-to-date: /home/spider/ros2_ws/install/gwpspider_interfaces/include/gwpspider_interfaces/gwpspider_interfaces/srv/detail
[1.194s] -- Up-to-date: /home/spider/ros2_ws/install/gwpspider_interfaces/include/gwpspider_interfaces/gwpspider_interfaces/srv/detail/get_walking_instructions__functions.h
[1.194s] -- Up-to-date: /home/spider/ros2_ws/install/gwpspider_interfaces/include/gwpspider_interfaces/gwpspider_interfaces/srv/detail/spider_goal__type_support.h
[1.195s] -- Up-to-date: /home/spider/ros2_ws/install/gwpspider_interfaces/include/gwpspider_interfaces/gwpspider_interfaces/srv/detail/toggle_controller__functions.c
[1.195s] -- Up-to-date: /home/spider/ros2_ws/install/gwpspider_interfaces/include/gwpspider_interfaces/gwpspider_interfaces/srv/detail/move_leg_velocity_mode__functions.c
[1.195s] -- Up-to-date: /home/spider/ros2_ws/install/gwpspider_interfaces/include/gwpspider_interfaces/gwpspider_interfaces/srv/detail/reboot_motors__type_support.h
[1.195s] -- Up-to-date: /home/spider/ros2_ws/install/gwpspider_interfaces/include/gwpspider_interfaces/gwpspider_interfaces/srv/detail/get_walking_instructions__functions.c
[1.196s] -- Up-to-date: /home/spider/ros2_ws/install/gwpspider_interfaces/include/gwpspider_interfaces/gwpspider_interfaces/srv/detail/move_gripper__functions.h
[1.196s] -- Up-to-date: /home/spider/ros2_ws/install/gwpspider_interfaces/include/gwpspider_interfaces/gwpspider_interfaces/srv/detail/toggle_motors_torque__functions.c
[1.196s] -- Up-to-date: /home/spider/ros2_ws/install/gwpspider_interfaces/include/gwpspider_interfaces/gwpspider_interfaces/srv/detail/set_bus_watchdog__functions.c
[1.196s] -- Up-to-date: /home/spider/ros2_ws/install/gwpspider_interfaces/include/gwpspider_interfaces/gwpspider_interfaces/srv/detail/control_water_pump__functions.h
[1.197s] -- Up-to-date: /home/spider/ros2_ws/install/gwpspider_interfaces/include/gwpspider_interfaces/gwpspider_interfaces/srv/detail/move_gripper__struct.h
[1.197s] -- Up-to-date: /home/spider/ros2_ws/install/gwpspider_interfaces/include/gwpspider_interfaces/gwpspider_interfaces/srv/detail/distribute_forces__struct.h
[1.197s] -- Up-to-date: /home/spider/ros2_ws/install/gwpspider_interfaces/include/gwpspider_interfaces/gwpspider_interfaces/srv/detail/distribute_forces__functions.c
[1.197s] -- Up-to-date: /home/spider/ros2_ws/install/gwpspider_interfaces/include/gwpspider_interfaces/gwpspider_interfaces/srv/detail/control_water_pump__functions.c
[1.197s] -- Up-to-date: /home/spider/ros2_ws/install/gwpspider_interfaces/include/gwpspider_interfaces/gwpspider_interfaces/srv/detail/init_bno__struct.h
[1.197s] -- Up-to-date: /home/spider/ros2_ws/install/gwpspider_interfaces/include/gwpspider_interfaces/gwpspider_interfaces/srv/detail/toggle_additional_controller_mode__functions.h
[1.198s] -- Up-to-date: /home/spider/ros2_ws/install/gwpspider_interfaces/include/gwpspider_interfaces/gwpspider_interfaces/srv/detail/get_modified_walking_instructions__functions.c
[1.198s] -- Up-to-date: /home/spider/ros2_ws/install/gwpspider_interfaces/include/gwpspider_interfaces/gwpspider_interfaces/srv/detail/toggle_additional_controller_mode__struct.h
[1.198s] -- Up-to-date: /home/spider/ros2_ws/install/gwpspider_interfaces/include/gwpspider_interfaces/gwpspider_interfaces/srv/detail/get_walking_instructions__type_support.h
[1.198s] -- Up-to-date: /home/spider/ros2_ws/install/gwpspider_interfaces/include/gwpspider_interfaces/gwpspider_interfaces/srv/detail/spider_goal__struct.h
[1.199s] -- Up-to-date: /home/spider/ros2_ws/install/gwpspider_interfaces/include/gwpspider_interfaces/gwpspider_interfaces/srv/detail/toggle_controller__functions.h
[1.199s] -- Up-to-date: /home/spider/ros2_ws/install/gwpspider_interfaces/include/gwpspider_interfaces/gwpspider_interfaces/srv/detail/move_leg_velocity_mode__struct.h
[1.199s] -- Up-to-date: /home/spider/ros2_ws/install/gwpspider_interfaces/include/gwpspider_interfaces/gwpspider_interfaces/srv/detail/toggle_motors_torque__type_support.h
[1.199s] -- Up-to-date: /home/spider/ros2_ws/install/gwpspider_interfaces/include/gwpspider_interfaces/gwpspider_interfaces/srv/detail/reboot_motors__struct.h
[1.200s] -- Up-to-date: /home/spider/ros2_ws/install/gwpspider_interfaces/include/gwpspider_interfaces/gwpspider_interfaces/srv/detail/get_leg_trajectory__functions.h
[1.200s] -- Up-to-date: /home/spider/ros2_ws/install/gwpspider_interfaces/include/gwpspider_interfaces/gwpspider_interfaces/srv/detail/reboot_motors__functions.h
[1.200s] -- Up-to-date: /home/spider/ros2_ws/install/gwpspider_interfaces/include/gwpspider_interfaces/gwpspider_interfaces/srv/detail/move_gripper__type_support.h
[1.200s] -- Up-to-date: /home/spider/ros2_ws/install/gwpspider_interfaces/include/gwpspider_interfaces/gwpspider_interfaces/srv/detail/get_spider_pose__functions.h
[1.200s] -- Up-to-date: /home/spider/ros2_ws/install/gwpspider_interfaces/include/gwpspider_interfaces/gwpspider_interfaces/srv/detail/toggle_controller__type_support.h
[1.201s] -- Up-to-date: /home/spider/ros2_ws/install/gwpspider_interfaces/include/gwpspider_interfaces/gwpspider_interfaces/srv/detail/reboot_motors__functions.c
[1.201s] -- Up-to-date: /home/spider/ros2_ws/install/gwpspider_interfaces/include/gwpspider_interfaces/gwpspider_interfaces/srv/detail/move_spider__type_support.h
[1.201s] -- Up-to-date: /home/spider/ros2_ws/install/gwpspider_interfaces/include/gwpspider_interfaces/gwpspider_interfaces/srv/detail/apply_force_leg__type_support.h
[1.201s] -- Up-to-date: /home/spider/ros2_ws/install/gwpspider_interfaces/include/gwpspider_interfaces/gwpspider_interfaces/srv/detail/apply_force_leg__functions.c
[1.201s] -- Up-to-date: /home/spider/ros2_ws/install/gwpspider_interfaces/include/gwpspider_interfaces/gwpspider_interfaces/srv/detail/get_spider_pose__struct.h
[1.201s] -- Up-to-date: /home/spider/ros2_ws/install/gwpspider_interfaces/include/gwpspider_interfaces/gwpspider_interfaces/srv/detail/move_leg__functions.h
[1.202s] -- Up-to-date: /home/spider/ros2_ws/install/gwpspider_interfaces/include/gwpspider_interfaces/gwpspider_interfaces/srv/detail/get_spider_pose__functions.c
[1.202s] -- Up-to-date: /home/spider/ros2_ws/install/gwpspider_interfaces/include/gwpspider_interfaces/gwpspider_interfaces/srv/detail/set_bus_watchdog__functions.h
[1.202s] -- Up-to-date: /home/spider/ros2_ws/install/gwpspider_interfaces/include/gwpspider_interfaces/gwpspider_interfaces/srv/detail/apply_force_leg__functions.h
[1.202s] -- Up-to-date: /home/spider/ros2_ws/install/gwpspider_interfaces/include/gwpspider_interfaces/gwpspider_interfaces/srv/detail/get_leg_trajectory__struct.h
[1.202s] -- Up-to-date: /home/spider/ros2_ws/install/gwpspider_interfaces/include/gwpspider_interfaces/gwpspider_interfaces/srv/detail/get_spider_pose__type_support.h
[1.202s] -- Up-to-date: /home/spider/ros2_ws/install/gwpspider_interfaces/include/gwpspider_interfaces/gwpspider_interfaces/srv/detail/set_bus_watchdog__struct.h
[1.203s] -- Up-to-date: /home/spider/ros2_ws/install/gwpspider_interfaces/include/gwpspider_interfaces/gwpspider_interfaces/srv/detail/move_leg_velocity_mode__functions.h
[1.203s] -- Up-to-date: /home/spider/ros2_ws/install/gwpspider_interfaces/include/gwpspider_interfaces/gwpspider_interfaces/srv/detail/distribute_forces__functions.h
[1.203s] -- Up-to-date: /home/spider/ros2_ws/install/gwpspider_interfaces/include/gwpspider_interfaces/gwpspider_interfaces/srv/detail/move_spider__struct.h
[1.203s] -- Up-to-date: /home/spider/ros2_ws/install/gwpspider_interfaces/include/gwpspider_interfaces/gwpspider_interfaces/srv/detail/toggle_controller__struct.h
[1.203s] -- Up-to-date: /home/spider/ros2_ws/install/gwpspider_interfaces/include/gwpspider_interfaces/gwpspider_interfaces/srv/detail/move_spider__functions.h
[1.203s] -- Up-to-date: /home/spider/ros2_ws/install/gwpspider_interfaces/include/gwpspider_interfaces/gwpspider_interfaces/srv/detail/get_modified_walking_instructions__struct.h
[1.204s] -- Up-to-date: /home/spider/ros2_ws/install/gwpspider_interfaces/include/gwpspider_interfaces/gwpspider_interfaces/srv/detail/apply_force_leg__struct.h
[1.204s] -- Up-to-date: /home/spider/ros2_ws/install/gwpspider_interfaces/include/gwpspider_interfaces/gwpspider_interfaces/srv/detail/move_leg__struct.h
[1.204s] -- Up-to-date: /home/spider/ros2_ws/install/gwpspider_interfaces/include/gwpspider_interfaces/gwpspider_interfaces/srv/detail/move_leg_velocity_mode__type_support.h
[1.204s] -- Up-to-date: /home/spider/ros2_ws/install/gwpspider_interfaces/include/gwpspider_interfaces/gwpspider_interfaces/srv/detail/distribute_forces__type_support.h
[1.204s] -- Up-to-date: /home/spider/ros2_ws/install/gwpspider_interfaces/include/gwpspider_interfaces/gwpspider_interfaces/srv/detail/get_walking_instructions__struct.h
[1.204s] -- Up-to-date: /home/spider/ros2_ws/install/gwpspider_interfaces/include/gwpspider_interfaces/gwpspider_interfaces/srv/detail/control_water_pump__struct.h
[1.205s] -- Up-to-date: /home/spider/ros2_ws/install/gwpspider_interfaces/include/gwpspider_interfaces/gwpspider_interfaces/srv/detail/set_bus_watchdog__type_support.h
[1.205s] -- Up-to-date: /home/spider/ros2_ws/install/gwpspider_interfaces/include/gwpspider_interfaces/gwpspider_interfaces/srv/detail/init_bno__type_support.h
[1.205s] -- Up-to-date: /home/spider/ros2_ws/install/gwpspider_interfaces/include/gwpspider_interfaces/gwpspider_interfaces/srv/detail/spider_goal__functions.h
[1.205s] -- Up-to-date: /home/spider/ros2_ws/install/gwpspider_interfaces/include/gwpspider_interfaces/gwpspider_interfaces/srv/detail/toggle_motors_torque__struct.h
[1.205s] -- Up-to-date: /home/spider/ros2_ws/install/gwpspider_interfaces/include/gwpspider_interfaces/gwpspider_interfaces/srv/detail/toggle_additional_controller_mode__functions.c
[1.206s] -- Up-to-date: /home/spider/ros2_ws/install/gwpspider_interfaces/include/gwpspider_interfaces/gwpspider_interfaces/srv/detail/toggle_additional_controller_mode__type_support.h
[1.206s] -- Up-to-date: /home/spider/ros2_ws/install/gwpspider_interfaces/include/gwpspider_interfaces/gwpspider_interfaces/srv/detail/get_leg_trajectory__functions.c
[1.206s] -- Up-to-date: /home/spider/ros2_ws/install/gwpspider_interfaces/include/gwpspider_interfaces/gwpspider_interfaces/srv/detail/spider_goal__functions.c
[1.206s] -- Up-to-date: /home/spider/ros2_ws/install/gwpspider_interfaces/include/gwpspider_interfaces/gwpspider_interfaces/srv/detail/control_water_pump__type_support.h
[1.206s] -- Up-to-date: /home/spider/ros2_ws/install/gwpspider_interfaces/include/gwpspider_interfaces/gwpspider_interfaces/srv/detail/move_gripper__functions.c
[1.206s] -- Up-to-date: /home/spider/ros2_ws/install/gwpspider_interfaces/include/gwpspider_interfaces/gwpspider_interfaces/srv/detail/init_bno__functions.h
[1.206s] -- Up-to-date: /home/spider/ros2_ws/install/gwpspider_interfaces/include/gwpspider_interfaces/gwpspider_interfaces/srv/detail/get_leg_trajectory__type_support.h
[1.207s] -- Up-to-date: /home/spider/ros2_ws/install/gwpspider_interfaces/include/gwpspider_interfaces/gwpspider_interfaces/srv/detail/toggle_motors_torque__functions.h
[1.207s] -- Up-to-date: /home/spider/ros2_ws/install/gwpspider_interfaces/include/gwpspider_interfaces/gwpspider_interfaces/srv/detail/init_bno__functions.c
[1.207s] -- Up-to-date: /home/spider/ros2_ws/install/gwpspider_interfaces/include/gwpspider_interfaces/gwpspider_interfaces/srv/detail/get_modified_walking_instructions__type_support.h
[1.207s] -- Up-to-date: /home/spider/ros2_ws/install/gwpspider_interfaces/include/gwpspider_interfaces/gwpspider_interfaces/srv/detail/move_leg__functions.c
[1.207s] -- Up-to-date: /home/spider/ros2_ws/install/gwpspider_interfaces/include/gwpspider_interfaces/gwpspider_interfaces/srv/detail/get_modified_walking_instructions__functions.h
[1.207s] -- Up-to-date: /home/spider/ros2_ws/install/gwpspider_interfaces/include/gwpspider_interfaces/gwpspider_interfaces/srv/detail/move_leg__type_support.h
[1.208s] -- Up-to-date: /home/spider/ros2_ws/install/gwpspider_interfaces/include/gwpspider_interfaces/gwpspider_interfaces/srv/detail/move_spider__functions.c
[1.208s] -- Up-to-date: /home/spider/ros2_ws/install/gwpspider_interfaces/include/gwpspider_interfaces/gwpspider_interfaces/srv/spider_goal.h
[1.208s] -- Up-to-date: /home/spider/ros2_ws/install/gwpspider_interfaces/include/gwpspider_interfaces/gwpspider_interfaces/srv/move_spider.h
[1.208s] -- Up-to-date: /home/spider/ros2_ws/install/gwpspider_interfaces/include/gwpspider_interfaces/gwpspider_interfaces/srv/toggle_additional_controller_mode.h
[1.208s] -- Up-to-date: /home/spider/ros2_ws/install/gwpspider_interfaces/include/gwpspider_interfaces/gwpspider_interfaces/srv/distribute_forces.h
[1.208s] -- Up-to-date: /home/spider/ros2_ws/install/gwpspider_interfaces/include/gwpspider_interfaces/gwpspider_interfaces/srv/move_leg_velocity_mode.h
[1.209s] -- Up-to-date: /home/spider/ros2_ws/install/gwpspider_interfaces/include/gwpspider_interfaces/gwpspider_interfaces/srv/move_leg.h
[1.209s] -- Up-to-date: /home/spider/ros2_ws/install/gwpspider_interfaces/include/gwpspider_interfaces/gwpspider_interfaces/srv/get_walking_instructions.h
[1.209s] -- Up-to-date: /home/spider/ros2_ws/install/gwpspider_interfaces/include/gwpspider_interfaces/gwpspider_interfaces/srv/set_bus_watchdog.h
[1.209s] -- Up-to-date: /home/spider/ros2_ws/install/gwpspider_interfaces/share/gwpspider_interfaces/environment/library_path.sh
[1.209s] -- Up-to-date: /home/spider/ros2_ws/install/gwpspider_interfaces/share/gwpspider_interfaces/environment/library_path.dsv
[1.209s] -- Up-to-date: /home/spider/ros2_ws/install/gwpspider_interfaces/lib/libgwpspider_interfaces__rosidl_generator_c.so
[1.210s] -- Up-to-date: /home/spider/ros2_ws/install/gwpspider_interfaces/include/gwpspider_interfaces/gwpspider_interfaces
[1.210s] -- Up-to-date: /home/spider/ros2_ws/install/gwpspider_interfaces/include/gwpspider_interfaces/gwpspider_interfaces/msg
[1.210s] -- Up-to-date: /home/spider/ros2_ws/install/gwpspider_interfaces/include/gwpspider_interfaces/gwpspider_interfaces/msg/detail
[1.210s] -- Up-to-date: /home/spider/ros2_ws/install/gwpspider_interfaces/include/gwpspider_interfaces/gwpspider_interfaces/msg/detail/bno_data__rosidl_typesupport_fastrtps_c.h
[1.210s] -- Up-to-date: /home/spider/ros2_ws/install/gwpspider_interfaces/include/gwpspider_interfaces/gwpspider_interfaces/msg/detail/grippers_states__rosidl_typesupport_fastrtps_c.h
[1.210s] -- Up-to-date: /home/spider/ros2_ws/install/gwpspider_interfaces/include/gwpspider_interfaces/gwpspider_interfaces/msg/detail/water_pump_command__rosidl_typesupport_fastrtps_c.h
[1.211s] -- Up-to-date: /home/spider/ros2_ws/install/gwpspider_interfaces/include/gwpspider_interfaces/gwpspider_interfaces/msg/detail/leg_trajectory__rosidl_typesupport_fastrtps_c.h
[1.211s] -- Up-to-date: /home/spider/ros2_ws/install/gwpspider_interfaces/include/gwpspider_interfaces/gwpspider_interfaces/msg/detail/legs_states__rosidl_typesupport_fastrtps_c.h
[1.211s] -- Up-to-date: /home/spider/ros2_ws/install/gwpspider_interfaces/include/gwpspider_interfaces/gwpspider_interfaces/msg/detail/gripper_command__rosidl_typesupport_fastrtps_c.h
[1.211s] -- Up-to-date: /home/spider/ros2_ws/install/gwpspider_interfaces/include/gwpspider_interfaces/gwpspider_interfaces/msg/detail/dynamixel_motors_data__rosidl_typesupport_fastrtps_c.h
[1.211s] -- Up-to-date: /home/spider/ros2_ws/install/gwpspider_interfaces/include/gwpspider_interfaces/gwpspider_interfaces/msg/detail/gripper_state__rosidl_typesupport_fastrtps_c.h
[1.211s] -- Up-to-date: /home/spider/ros2_ws/install/gwpspider_interfaces/include/gwpspider_interfaces/gwpspider_interfaces/msg/detail/walking_instructions__rosidl_typesupport_fastrtps_c.h
[1.212s] -- Up-to-date: /home/spider/ros2_ws/install/gwpspider_interfaces/include/gwpspider_interfaces/gwpspider_interfaces/msg/rosidl_typesupport_fastrtps_c__visibility_control.h
[1.212s] -- Up-to-date: /home/spider/ros2_ws/install/gwpspider_interfaces/include/gwpspider_interfaces/gwpspider_interfaces/srv
[1.212s] -- Up-to-date: /home/spider/ros2_ws/install/gwpspider_interfaces/include/gwpspider_interfaces/gwpspider_interfaces/srv/detail
[1.212s] -- Up-to-date: /home/spider/ros2_ws/install/gwpspider_interfaces/include/gwpspider_interfaces/gwpspider_interfaces/srv/detail/toggle_controller__rosidl_typesupport_fastrtps_c.h
[1.212s] -- Up-to-date: /home/spider/ros2_ws/install/gwpspider_interfaces/include/gwpspider_interfaces/gwpspider_interfaces/srv/detail/get_leg_trajectory__rosidl_typesupport_fastrtps_c.h
[1.212s] -- Up-to-date: /home/spider/ros2_ws/install/gwpspider_interfaces/include/gwpspider_interfaces/gwpspider_interfaces/srv/detail/move_leg_velocity_mode__rosidl_typesupport_fastrtps_c.h
[1.212s] -- Up-to-date: /home/spider/ros2_ws/install/gwpspider_interfaces/include/gwpspider_interfaces/gwpspider_interfaces/srv/detail/move_leg__rosidl_typesupport_fastrtps_c.h
[1.213s] -- Up-to-date: /home/spider/ros2_ws/install/gwpspider_interfaces/include/gwpspider_interfaces/gwpspider_interfaces/srv/detail/move_gripper__rosidl_typesupport_fastrtps_c.h
[1.213s] -- Up-to-date: /home/spider/ros2_ws/install/gwpspider_interfaces/include/gwpspider_interfaces/gwpspider_interfaces/srv/detail/apply_force_leg__rosidl_typesupport_fastrtps_c.h
[1.213s] -- Up-to-date: /home/spider/ros2_ws/install/gwpspider_interfaces/include/gwpspider_interfaces/gwpspider_interfaces/srv/detail/spider_goal__rosidl_typesupport_fastrtps_c.h
[1.213s] -- Up-to-date: /home/spider/ros2_ws/install/gwpspider_interfaces/include/gwpspider_interfaces/gwpspider_interfaces/srv/detail/distribute_forces__rosidl_typesupport_fastrtps_c.h
[1.213s] -- Up-to-date: /home/spider/ros2_ws/install/gwpspider_interfaces/include/gwpspider_interfaces/gwpspider_interfaces/srv/detail/toggle_motors_torque__rosidl_typesupport_fastrtps_c.h
[1.213s] -- Up-to-date: /home/spider/ros2_ws/install/gwpspider_interfaces/include/gwpspider_interfaces/gwpspider_interfaces/srv/detail/get_walking_instructions__rosidl_typesupport_fastrtps_c.h
[1.213s] -- Up-to-date: /home/spider/ros2_ws/install/gwpspider_interfaces/include/gwpspider_interfaces/gwpspider_interfaces/srv/detail/control_water_pump__rosidl_typesupport_fastrtps_c.h
[1.213s] -- Up-to-date: /home/spider/ros2_ws/install/gwpspider_interfaces/include/gwpspider_interfaces/gwpspider_interfaces/srv/detail/reboot_motors__rosidl_typesupport_fastrtps_c.h
[1.213s] -- Up-to-date: /home/spider/ros2_ws/install/gwpspider_interfaces/include/gwpspider_interfaces/gwpspider_interfaces/srv/detail/set_bus_watchdog__rosidl_typesupport_fastrtps_c.h
[1.213s] -- Up-to-date: /home/spider/ros2_ws/install/gwpspider_interfaces/include/gwpspider_interfaces/gwpspider_interfaces/srv/detail/get_modified_walking_instructions__rosidl_typesupport_fastrtps_c.h
[1.213s] -- Up-to-date: /home/spider/ros2_ws/install/gwpspider_interfaces/include/gwpspider_interfaces/gwpspider_interfaces/srv/detail/move_spider__rosidl_typesupport_fastrtps_c.h
[1.213s] -- Up-to-date: /home/spider/ros2_ws/install/gwpspider_interfaces/include/gwpspider_interfaces/gwpspider_interfaces/srv/detail/toggle_additional_controller_mode__rosidl_typesupport_fastrtps_c.h
[1.214s] -- Up-to-date: /home/spider/ros2_ws/install/gwpspider_interfaces/include/gwpspider_interfaces/gwpspider_interfaces/srv/detail/init_bno__rosidl_typesupport_fastrtps_c.h
[1.214s] -- Up-to-date: /home/spider/ros2_ws/install/gwpspider_interfaces/include/gwpspider_interfaces/gwpspider_interfaces/srv/detail/get_spider_pose__rosidl_typesupport_fastrtps_c.h
[1.214s] -- Up-to-date: /home/spider/ros2_ws/install/gwpspider_interfaces/lib/libgwpspider_interfaces__rosidl_typesupport_fastrtps_c.so
[1.214s] -- Up-to-date: /home/spider/ros2_ws/install/gwpspider_interfaces/include/gwpspider_interfaces/gwpspider_interfaces
[1.214s] -- Up-to-date: /home/spider/ros2_ws/install/gwpspider_interfaces/include/gwpspider_interfaces/gwpspider_interfaces/msg
[1.214s] -- Up-to-date: /home/spider/ros2_ws/install/gwpspider_interfaces/include/gwpspider_interfaces/gwpspider_interfaces/msg/leg_trajectory.hpp
[1.214s] -- Up-to-date: /home/spider/ros2_ws/install/gwpspider_interfaces/include/gwpspider_interfaces/gwpspider_interfaces/msg/dynamixel_motors_data.hpp
[1.214s] -- Up-to-date: /home/spider/ros2_ws/install/gwpspider_interfaces/include/gwpspider_interfaces/gwpspider_interfaces/msg/walking_instructions.hpp
[1.214s] -- Up-to-date: /home/spider/ros2_ws/install/gwpspider_interfaces/include/gwpspider_interfaces/gwpspider_interfaces/msg/gripper_command.hpp
[1.214s] -- Up-to-date: /home/spider/ros2_ws/install/gwpspider_interfaces/include/gwpspider_interfaces/gwpspider_interfaces/msg/detail
[1.214s] -- Up-to-date: /home/spider/ros2_ws/install/gwpspider_interfaces/include/gwpspider_interfaces/gwpspider_interfaces/msg/detail/water_pump_command__traits.hpp
[1.214s] -- Up-to-date: /home/spider/ros2_ws/install/gwpspider_interfaces/include/gwpspider_interfaces/gwpspider_interfaces/msg/detail/gripper_command__traits.hpp
[1.214s] -- Up-to-date: /home/spider/ros2_ws/install/gwpspider_interfaces/include/gwpspider_interfaces/gwpspider_interfaces/msg/detail/water_pump_command__builder.hpp
[1.214s] -- Up-to-date: /home/spider/ros2_ws/install/gwpspider_interfaces/include/gwpspider_interfaces/gwpspider_interfaces/msg/detail/gripper_state__traits.hpp
[1.214s] -- Up-to-date: /home/spider/ros2_ws/install/gwpspider_interfaces/include/gwpspider_interfaces/gwpspider_interfaces/msg/detail/leg_trajectory__struct.hpp
[1.214s] -- Up-to-date: /home/spider/ros2_ws/install/gwpspider_interfaces/include/gwpspider_interfaces/gwpspider_interfaces/msg/detail/bno_data__builder.hpp
[1.214s] -- Up-to-date: /home/spider/ros2_ws/install/gwpspider_interfaces/include/gwpspider_interfaces/gwpspider_interfaces/msg/detail/legs_states__traits.hpp
[1.215s] -- Up-to-date: /home/spider/ros2_ws/install/gwpspider_interfaces/include/gwpspider_interfaces/gwpspider_interfaces/msg/detail/bno_data__traits.hpp
[1.215s] -- Up-to-date: /home/spider/ros2_ws/install/gwpspider_interfaces/include/gwpspider_interfaces/gwpspider_interfaces/msg/detail/gripper_command__builder.hpp
[1.215s] -- Up-to-date: /home/spider/ros2_ws/install/gwpspider_interfaces/include/gwpspider_interfaces/gwpspider_interfaces/msg/detail/legs_states__builder.hpp
[1.215s] -- Up-to-date: /home/spider/ros2_ws/install/gwpspider_interfaces/include/gwpspider_interfaces/gwpspider_interfaces/msg/detail/bno_data__struct.hpp
[1.215s] -- Up-to-date: /home/spider/ros2_ws/install/gwpspider_interfaces/include/gwpspider_interfaces/gwpspider_interfaces/msg/detail/dynamixel_motors_data__struct.hpp
[1.215s] -- Up-to-date: /home/spider/ros2_ws/install/gwpspider_interfaces/include/gwpspider_interfaces/gwpspider_interfaces/msg/detail/gripper_state__struct.hpp
[1.215s] -- Up-to-date: /home/spider/ros2_ws/install/gwpspider_interfaces/include/gwpspider_interfaces/gwpspider_interfaces/msg/detail/grippers_states__struct.hpp
[1.215s] -- Up-to-date: /home/spider/ros2_ws/install/gwpspider_interfaces/include/gwpspider_interfaces/gwpspider_interfaces/msg/detail/leg_trajectory__builder.hpp
[1.215s] -- Up-to-date: /home/spider/ros2_ws/install/gwpspider_interfaces/include/gwpspider_interfaces/gwpspider_interfaces/msg/detail/leg_trajectory__traits.hpp
[1.215s] -- Up-to-date: /home/spider/ros2_ws/install/gwpspider_interfaces/include/gwpspider_interfaces/gwpspider_interfaces/msg/detail/water_pump_command__struct.hpp
[1.215s] -- Up-to-date: /home/spider/ros2_ws/install/gwpspider_interfaces/include/gwpspider_interfaces/gwpspider_interfaces/msg/detail/grippers_states__builder.hpp
[1.215s] -- Up-to-date: /home/spider/ros2_ws/install/gwpspider_interfaces/include/gwpspider_interfaces/gwpspider_interfaces/msg/detail/legs_states__struct.hpp
[1.215s] -- Up-to-date: /home/spider/ros2_ws/install/gwpspider_interfaces/include/gwpspider_interfaces/gwpspider_interfaces/msg/detail/walking_instructions__builder.hpp
[1.215s] -- Up-to-date: /home/spider/ros2_ws/install/gwpspider_interfaces/include/gwpspider_interfaces/gwpspider_interfaces/msg/detail/walking_instructions__traits.hpp
[1.215s] -- Up-to-date: /home/spider/ros2_ws/install/gwpspider_interfaces/include/gwpspider_interfaces/gwpspider_interfaces/msg/detail/dynamixel_motors_data__traits.hpp
[1.215s] -- Up-to-date: /home/spider/ros2_ws/install/gwpspider_interfaces/include/gwpspider_interfaces/gwpspider_interfaces/msg/detail/gripper_state__builder.hpp
[1.215s] -- Up-to-date: /home/spider/ros2_ws/install/gwpspider_interfaces/include/gwpspider_interfaces/gwpspider_interfaces/msg/detail/gripper_command__struct.hpp
[1.215s] -- Up-to-date: /home/spider/ros2_ws/install/gwpspider_interfaces/include/gwpspider_interfaces/gwpspider_interfaces/msg/detail/walking_instructions__struct.hpp
[1.216s] -- Up-to-date: /home/spider/ros2_ws/install/gwpspider_interfaces/include/gwpspider_interfaces/gwpspider_interfaces/msg/detail/grippers_states__traits.hpp
[1.216s] -- Up-to-date: /home/spider/ros2_ws/install/gwpspider_interfaces/include/gwpspider_interfaces/gwpspider_interfaces/msg/detail/dynamixel_motors_data__builder.hpp
[1.216s] -- Up-to-date: /home/spider/ros2_ws/install/gwpspider_interfaces/include/gwpspider_interfaces/gwpspider_interfaces/msg/bno_data.hpp
[1.216s] -- Up-to-date: /home/spider/ros2_ws/install/gwpspider_interfaces/include/gwpspider_interfaces/gwpspider_interfaces/msg/gripper_state.hpp
[1.216s] -- Up-to-date: /home/spider/ros2_ws/install/gwpspider_interfaces/include/gwpspider_interfaces/gwpspider_interfaces/msg/water_pump_command.hpp
[1.216s] -- Up-to-date: /home/spider/ros2_ws/install/gwpspider_interfaces/include/gwpspider_interfaces/gwpspider_interfaces/msg/grippers_states.hpp
[1.216s] -- Up-to-date: /home/spider/ros2_ws/install/gwpspider_interfaces/include/gwpspider_interfaces/gwpspider_interfaces/msg/legs_states.hpp
[1.216s] -- Up-to-date: /home/spider/ros2_ws/install/gwpspider_interfaces/include/gwpspider_interfaces/gwpspider_interfaces/srv
[1.216s] -- Up-to-date: /home/spider/ros2_ws/install/gwpspider_interfaces/include/gwpspider_interfaces/gwpspider_interfaces/srv/init_bno.hpp
[1.216s] -- Up-to-date: /home/spider/ros2_ws/install/gwpspider_interfaces/include/gwpspider_interfaces/gwpspider_interfaces/srv/move_leg_velocity_mode.hpp
[1.216s] -- Up-to-date: /home/spider/ros2_ws/install/gwpspider_interfaces/include/gwpspider_interfaces/gwpspider_interfaces/srv/move_spider.hpp
[1.216s] -- Up-to-date: /home/spider/ros2_ws/install/gwpspider_interfaces/include/gwpspider_interfaces/gwpspider_interfaces/srv/control_water_pump.hpp
[1.216s] -- Up-to-date: /home/spider/ros2_ws/install/gwpspider_interfaces/include/gwpspider_interfaces/gwpspider_interfaces/srv/move_gripper.hpp
[1.216s] -- Up-to-date: /home/spider/ros2_ws/install/gwpspider_interfaces/include/gwpspider_interfaces/gwpspider_interfaces/srv/reboot_motors.hpp
[1.216s] -- Up-to-date: /home/spider/ros2_ws/install/gwpspider_interfaces/include/gwpspider_interfaces/gwpspider_interfaces/srv/apply_force_leg.hpp
[1.216s] -- Up-to-date: /home/spider/ros2_ws/install/gwpspider_interfaces/include/gwpspider_interfaces/gwpspider_interfaces/srv/get_walking_instructions.hpp
[1.216s] -- Up-to-date: /home/spider/ros2_ws/install/gwpspider_interfaces/include/gwpspider_interfaces/gwpspider_interfaces/srv/move_leg.hpp
[1.217s] -- Up-to-date: /home/spider/ros2_ws/install/gwpspider_interfaces/include/gwpspider_interfaces/gwpspider_interfaces/srv/get_leg_trajectory.hpp
[1.217s] -- Up-to-date: /home/spider/ros2_ws/install/gwpspider_interfaces/include/gwpspider_interfaces/gwpspider_interfaces/srv/detail
[1.217s] -- Up-to-date: /home/spider/ros2_ws/install/gwpspider_interfaces/include/gwpspider_interfaces/gwpspider_interfaces/srv/detail/reboot_motors__builder.hpp
[1.217s] -- Up-to-date: /home/spider/ros2_ws/install/gwpspider_interfaces/include/gwpspider_interfaces/gwpspider_interfaces/srv/detail/reboot_motors__traits.hpp
[1.217s] -- Up-to-date: /home/spider/ros2_ws/install/gwpspider_interfaces/include/gwpspider_interfaces/gwpspider_interfaces/srv/detail/control_water_pump__builder.hpp
[1.217s] -- Up-to-date: /home/spider/ros2_ws/install/gwpspider_interfaces/include/gwpspider_interfaces/gwpspider_interfaces/srv/detail/distribute_forces__struct.hpp
[1.217s] -- Up-to-date: /home/spider/ros2_ws/install/gwpspider_interfaces/include/gwpspider_interfaces/gwpspider_interfaces/srv/detail/toggle_motors_torque__struct.hpp
[1.217s] -- Up-to-date: /home/spider/ros2_ws/install/gwpspider_interfaces/include/gwpspider_interfaces/gwpspider_interfaces/srv/detail/set_bus_watchdog__struct.hpp
[1.217s] -- Up-to-date: /home/spider/ros2_ws/install/gwpspider_interfaces/include/gwpspider_interfaces/gwpspider_interfaces/srv/detail/move_leg_velocity_mode__builder.hpp
[1.217s] -- Up-to-date: /home/spider/ros2_ws/install/gwpspider_interfaces/include/gwpspider_interfaces/gwpspider_interfaces/srv/detail/set_bus_watchdog__builder.hpp
[1.217s] -- Up-to-date: /home/spider/ros2_ws/install/gwpspider_interfaces/include/gwpspider_interfaces/gwpspider_interfaces/srv/detail/move_leg_velocity_mode__traits.hpp
[1.217s] -- Up-to-date: /home/spider/ros2_ws/install/gwpspider_interfaces/include/gwpspider_interfaces/gwpspider_interfaces/srv/detail/toggle_additional_controller_mode__traits.hpp
[1.217s] -- Up-to-date: /home/spider/ros2_ws/install/gwpspider_interfaces/include/gwpspider_interfaces/gwpspider_interfaces/srv/detail/spider_goal__builder.hpp
[1.217s] -- Up-to-date: /home/spider/ros2_ws/install/gwpspider_interfaces/include/gwpspider_interfaces/gwpspider_interfaces/srv/detail/control_water_pump__struct.hpp
[1.217s] -- Up-to-date: /home/spider/ros2_ws/install/gwpspider_interfaces/include/gwpspider_interfaces/gwpspider_interfaces/srv/detail/get_walking_instructions__struct.hpp
[1.217s] -- Up-to-date: /home/spider/ros2_ws/install/gwpspider_interfaces/include/gwpspider_interfaces/gwpspider_interfaces/srv/detail/apply_force_leg__struct.hpp
[1.218s] -- Up-to-date: /home/spider/ros2_ws/install/gwpspider_interfaces/include/gwpspider_interfaces/gwpspider_interfaces/srv/detail/move_gripper__builder.hpp
[1.218s] -- Up-to-date: /home/spider/ros2_ws/install/gwpspider_interfaces/include/gwpspider_interfaces/gwpspider_interfaces/srv/detail/get_walking_instructions__builder.hpp
[1.218s] -- Up-to-date: /home/spider/ros2_ws/install/gwpspider_interfaces/include/gwpspider_interfaces/gwpspider_interfaces/srv/detail/toggle_additional_controller_mode__builder.hpp
[1.218s] -- Up-to-date: /home/spider/ros2_ws/install/gwpspider_interfaces/include/gwpspider_interfaces/gwpspider_interfaces/srv/detail/get_leg_trajectory__builder.hpp
[1.218s] -- Up-to-date: /home/spider/ros2_ws/install/gwpspider_interfaces/include/gwpspider_interfaces/gwpspider_interfaces/srv/detail/toggle_controller__struct.hpp
[1.218s] -- Up-to-date: /home/spider/ros2_ws/install/gwpspider_interfaces/include/gwpspider_interfaces/gwpspider_interfaces/srv/detail/move_leg__traits.hpp
[1.218s] -- Up-to-date: /home/spider/ros2_ws/install/gwpspider_interfaces/include/gwpspider_interfaces/gwpspider_interfaces/srv/detail/init_bno__builder.hpp
[1.218s] -- Up-to-date: /home/spider/ros2_ws/install/gwpspider_interfaces/include/gwpspider_interfaces/gwpspider_interfaces/srv/detail/toggle_motors_torque__traits.hpp
[1.218s] -- Up-to-date: /home/spider/ros2_ws/install/gwpspider_interfaces/include/gwpspider_interfaces/gwpspider_interfaces/srv/detail/move_leg__builder.hpp
[1.218s] -- Up-to-date: /home/spider/ros2_ws/install/gwpspider_interfaces/include/gwpspider_interfaces/gwpspider_interfaces/srv/detail/get_leg_trajectory__traits.hpp
[1.218s] -- Up-to-date: /home/spider/ros2_ws/install/gwpspider_interfaces/include/gwpspider_interfaces/gwpspider_interfaces/srv/detail/get_modified_walking_instructions__builder.hpp
[1.218s] -- Up-to-date: /home/spider/ros2_ws/install/gwpspider_interfaces/include/gwpspider_interfaces/gwpspider_interfaces/srv/detail/get_leg_trajectory__struct.hpp
[1.218s] -- Up-to-date: /home/spider/ros2_ws/install/gwpspider_interfaces/include/gwpspider_interfaces/gwpspider_interfaces/srv/detail/toggle_controller__traits.hpp
[1.218s] -- Up-to-date: /home/spider/ros2_ws/install/gwpspider_interfaces/include/gwpspider_interfaces/gwpspider_interfaces/srv/detail/get_modified_walking_instructions__traits.hpp
[1.218s] -- Up-to-date: /home/spider/ros2_ws/install/gwpspider_interfaces/include/gwpspider_interfaces/gwpspider_interfaces/srv/detail/toggle_motors_torque__builder.hpp
[1.218s] -- Up-to-date: /home/spider/ros2_ws/install/gwpspider_interfaces/include/gwpspider_interfaces/gwpspider_interfaces/srv/detail/toggle_additional_controller_mode__struct.hpp
[1.219s] -- Up-to-date: /home/spider/ros2_ws/install/gwpspider_interfaces/include/gwpspider_interfaces/gwpspider_interfaces/srv/detail/get_spider_pose__builder.hpp
[1.219s] -- Up-to-date: /home/spider/ros2_ws/install/gwpspider_interfaces/include/gwpspider_interfaces/gwpspider_interfaces/srv/detail/move_spider__traits.hpp
[1.219s] -- Up-to-date: /home/spider/ros2_ws/install/gwpspider_interfaces/include/gwpspider_interfaces/gwpspider_interfaces/srv/detail/toggle_controller__builder.hpp
[1.219s] -- Up-to-date: /home/spider/ros2_ws/install/gwpspider_interfaces/include/gwpspider_interfaces/gwpspider_interfaces/srv/detail/move_spider__builder.hpp
[1.219s] -- Up-to-date: /home/spider/ros2_ws/install/gwpspider_interfaces/include/gwpspider_interfaces/gwpspider_interfaces/srv/detail/apply_force_leg__builder.hpp
[1.219s] -- Up-to-date: /home/spider/ros2_ws/install/gwpspider_interfaces/include/gwpspider_interfaces/gwpspider_interfaces/srv/detail/get_modified_walking_instructions__struct.hpp
[1.219s] -- Up-to-date: /home/spider/ros2_ws/install/gwpspider_interfaces/include/gwpspider_interfaces/gwpspider_interfaces/srv/detail/get_spider_pose__traits.hpp
[1.219s] -- Up-to-date: /home/spider/ros2_ws/install/gwpspider_interfaces/include/gwpspider_interfaces/gwpspider_interfaces/srv/detail/set_bus_watchdog__traits.hpp
[1.219s] -- Up-to-date: /home/spider/ros2_ws/install/gwpspider_interfaces/include/gwpspider_interfaces/gwpspider_interfaces/srv/detail/init_bno__struct.hpp
[1.219s] -- Up-to-date: /home/spider/ros2_ws/install/gwpspider_interfaces/include/gwpspider_interfaces/gwpspider_interfaces/srv/detail/get_spider_pose__struct.hpp
[1.219s] -- Up-to-date: /home/spider/ros2_ws/install/gwpspider_interfaces/include/gwpspider_interfaces/gwpspider_interfaces/srv/detail/distribute_forces__builder.hpp
[1.219s] -- Up-to-date: /home/spider/ros2_ws/install/gwpspider_interfaces/include/gwpspider_interfaces/gwpspider_interfaces/srv/detail/distribute_forces__traits.hpp
[1.219s] -- Up-to-date: /home/spider/ros2_ws/install/gwpspider_interfaces/include/gwpspider_interfaces/gwpspider_interfaces/srv/detail/move_gripper__struct.hpp
[1.219s] -- Up-to-date: /home/spider/ros2_ws/install/gwpspider_interfaces/include/gwpspider_interfaces/gwpspider_interfaces/srv/detail/spider_goal__struct.hpp
[1.219s] -- Up-to-date: /home/spider/ros2_ws/install/gwpspider_interfaces/include/gwpspider_interfaces/gwpspider_interfaces/srv/detail/move_gripper__traits.hpp
[1.219s] -- Up-to-date: /home/spider/ros2_ws/install/gwpspider_interfaces/include/gwpspider_interfaces/gwpspider_interfaces/srv/detail/move_leg_velocity_mode__struct.hpp
[1.219s] -- Up-to-date: /home/spider/ros2_ws/install/gwpspider_interfaces/include/gwpspider_interfaces/gwpspider_interfaces/srv/detail/apply_force_leg__traits.hpp
[1.219s] -- Up-to-date: /home/spider/ros2_ws/install/gwpspider_interfaces/include/gwpspider_interfaces/gwpspider_interfaces/srv/detail/get_walking_instructions__traits.hpp
[1.220s] -- Up-to-date: /home/spider/ros2_ws/install/gwpspider_interfaces/include/gwpspider_interfaces/gwpspider_interfaces/srv/detail/init_bno__traits.hpp
[1.220s] -- Up-to-date: /home/spider/ros2_ws/install/gwpspider_interfaces/include/gwpspider_interfaces/gwpspider_interfaces/srv/detail/reboot_motors__struct.hpp
[1.220s] -- Up-to-date: /home/spider/ros2_ws/install/gwpspider_interfaces/include/gwpspider_interfaces/gwpspider_interfaces/srv/detail/move_leg__struct.hpp
[1.220s] -- Up-to-date: /home/spider/ros2_ws/install/gwpspider_interfaces/include/gwpspider_interfaces/gwpspider_interfaces/srv/detail/control_water_pump__traits.hpp
[1.220s] -- Up-to-date: /home/spider/ros2_ws/install/gwpspider_interfaces/include/gwpspider_interfaces/gwpspider_interfaces/srv/detail/move_spider__struct.hpp
[1.220s] -- Up-to-date: /home/spider/ros2_ws/install/gwpspider_interfaces/include/gwpspider_interfaces/gwpspider_interfaces/srv/detail/spider_goal__traits.hpp
[1.220s] -- Up-to-date: /home/spider/ros2_ws/install/gwpspider_interfaces/include/gwpspider_interfaces/gwpspider_interfaces/srv/toggle_motors_torque.hpp
[1.220s] -- Up-to-date: /home/spider/ros2_ws/install/gwpspider_interfaces/include/gwpspider_interfaces/gwpspider_interfaces/srv/spider_goal.hpp
[1.220s] -- Up-to-date: /home/spider/ros2_ws/install/gwpspider_interfaces/include/gwpspider_interfaces/gwpspider_interfaces/srv/toggle_controller.hpp
[1.220s] -- Up-to-date: /home/spider/ros2_ws/install/gwpspider_interfaces/include/gwpspider_interfaces/gwpspider_interfaces/srv/toggle_additional_controller_mode.hpp
[1.220s] -- Up-to-date: /home/spider/ros2_ws/install/gwpspider_interfaces/include/gwpspider_interfaces/gwpspider_interfaces/srv/set_bus_watchdog.hpp
[1.220s] -- Up-to-date: /home/spider/ros2_ws/install/gwpspider_interfaces/include/gwpspider_interfaces/gwpspider_interfaces/srv/get_modified_walking_instructions.hpp
[1.220s] -- Up-to-date: /home/spider/ros2_ws/install/gwpspider_interfaces/include/gwpspider_interfaces/gwpspider_interfaces/srv/distribute_forces.hpp
[1.220s] -- Up-to-date: /home/spider/ros2_ws/install/gwpspider_interfaces/include/gwpspider_interfaces/gwpspider_interfaces/srv/get_spider_pose.hpp
[1.220s] -- Up-to-date: /home/spider/ros2_ws/install/gwpspider_interfaces/include/gwpspider_interfaces/gwpspider_interfaces
[1.220s] -- Up-to-date: /home/spider/ros2_ws/install/gwpspider_interfaces/include/gwpspider_interfaces/gwpspider_interfaces/msg
[1.221s] -- Up-to-date: /home/spider/ros2_ws/install/gwpspider_interfaces/include/gwpspider_interfaces/gwpspider_interfaces/msg/detail
[1.221s] -- Up-to-date: /home/spider/ros2_ws/install/gwpspider_interfaces/include/gwpspider_interfaces/gwpspider_interfaces/msg/detail/legs_states__rosidl_typesupport_fastrtps_cpp.hpp
[1.221s] -- Up-to-date: /home/spider/ros2_ws/install/gwpspider_interfaces/include/gwpspider_interfaces/gwpspider_interfaces/msg/detail/leg_trajectory__rosidl_typesupport_fastrtps_cpp.hpp
[1.221s] -- Up-to-date: /home/spider/ros2_ws/install/gwpspider_interfaces/include/gwpspider_interfaces/gwpspider_interfaces/msg/detail/gripper_state__rosidl_typesupport_fastrtps_cpp.hpp
[1.221s] -- Up-to-date: /home/spider/ros2_ws/install/gwpspider_interfaces/include/gwpspider_interfaces/gwpspider_interfaces/msg/detail/grippers_states__rosidl_typesupport_fastrtps_cpp.hpp
[1.221s] -- Up-to-date: /home/spider/ros2_ws/install/gwpspider_interfaces/include/gwpspider_interfaces/gwpspider_interfaces/msg/detail/walking_instructions__rosidl_typesupport_fastrtps_cpp.hpp
[1.221s] -- Up-to-date: /home/spider/ros2_ws/install/gwpspider_interfaces/include/gwpspider_interfaces/gwpspider_interfaces/msg/detail/gripper_command__rosidl_typesupport_fastrtps_cpp.hpp
[1.221s] -- Up-to-date: /home/spider/ros2_ws/install/gwpspider_interfaces/include/gwpspider_interfaces/gwpspider_interfaces/msg/detail/water_pump_command__rosidl_typesupport_fastrtps_cpp.hpp
[1.221s] -- Up-to-date: /home/spider/ros2_ws/install/gwpspider_interfaces/include/gwpspider_interfaces/gwpspider_interfaces/msg/detail/bno_data__rosidl_typesupport_fastrtps_cpp.hpp
[1.221s] -- Up-to-date: /home/spider/ros2_ws/install/gwpspider_interfaces/include/gwpspider_interfaces/gwpspider_interfaces/msg/detail/dynamixel_motors_data__rosidl_typesupport_fastrtps_cpp.hpp
[1.221s] -- Up-to-date: /home/spider/ros2_ws/install/gwpspider_interfaces/include/gwpspider_interfaces/gwpspider_interfaces/msg/detail/dds_fastrtps
[1.221s] -- Up-to-date: /home/spider/ros2_ws/install/gwpspider_interfaces/include/gwpspider_interfaces/gwpspider_interfaces/msg/rosidl_typesupport_fastrtps_cpp__visibility_control.h
[1.221s] -- Up-to-date: /home/spider/ros2_ws/install/gwpspider_interfaces/include/gwpspider_interfaces/gwpspider_interfaces/srv
[1.221s] -- Up-to-date: /home/spider/ros2_ws/install/gwpspider_interfaces/include/gwpspider_interfaces/gwpspider_interfaces/srv/detail
[1.221s] -- Up-to-date: /home/spider/ros2_ws/install/gwpspider_interfaces/include/gwpspider_interfaces/gwpspider_interfaces/srv/detail/get_spider_pose__rosidl_typesupport_fastrtps_cpp.hpp
[1.221s] -- Up-to-date: /home/spider/ros2_ws/install/gwpspider_interfaces/include/gwpspider_interfaces/gwpspider_interfaces/srv/detail/distribute_forces__rosidl_typesupport_fastrtps_cpp.hpp
[1.222s] -- Up-to-date: /home/spider/ros2_ws/install/gwpspider_interfaces/include/gwpspider_interfaces/gwpspider_interfaces/srv/detail/control_water_pump__rosidl_typesupport_fastrtps_cpp.hpp
[1.222s] -- Up-to-date: /home/spider/ros2_ws/install/gwpspider_interfaces/include/gwpspider_interfaces/gwpspider_interfaces/srv/detail/toggle_motors_torque__rosidl_typesupport_fastrtps_cpp.hpp
[1.222s] -- Up-to-date: /home/spider/ros2_ws/install/gwpspider_interfaces/include/gwpspider_interfaces/gwpspider_interfaces/srv/detail/get_walking_instructions__rosidl_typesupport_fastrtps_cpp.hpp
[1.222s] -- Up-to-date: /home/spider/ros2_ws/install/gwpspider_interfaces/include/gwpspider_interfaces/gwpspider_interfaces/srv/detail/reboot_motors__rosidl_typesupport_fastrtps_cpp.hpp
[1.222s] -- Up-to-date: /home/spider/ros2_ws/install/gwpspider_interfaces/include/gwpspider_interfaces/gwpspider_interfaces/srv/detail/get_modified_walking_instructions__rosidl_typesupport_fastrtps_cpp.hpp
[1.222s] -- Up-to-date: /home/spider/ros2_ws/install/gwpspider_interfaces/include/gwpspider_interfaces/gwpspider_interfaces/srv/detail/apply_force_leg__rosidl_typesupport_fastrtps_cpp.hpp
[1.222s] -- Up-to-date: /home/spider/ros2_ws/install/gwpspider_interfaces/include/gwpspider_interfaces/gwpspider_interfaces/srv/detail/toggle_additional_controller_mode__rosidl_typesupport_fastrtps_cpp.hpp
[1.222s] -- Up-to-date: /home/spider/ros2_ws/install/gwpspider_interfaces/include/gwpspider_interfaces/gwpspider_interfaces/srv/detail/move_gripper__rosidl_typesupport_fastrtps_cpp.hpp
[1.222s] -- Up-to-date: /home/spider/ros2_ws/install/gwpspider_interfaces/include/gwpspider_interfaces/gwpspider_interfaces/srv/detail/move_spider__rosidl_typesupport_fastrtps_cpp.hpp
[1.222s] -- Up-to-date: /home/spider/ros2_ws/install/gwpspider_interfaces/include/gwpspider_interfaces/gwpspider_interfaces/srv/detail/set_bus_watchdog__rosidl_typesupport_fastrtps_cpp.hpp
[1.222s] -- Up-to-date: /home/spider/ros2_ws/install/gwpspider_interfaces/include/gwpspider_interfaces/gwpspider_interfaces/srv/detail/spider_goal__rosidl_typesupport_fastrtps_cpp.hpp
[1.222s] -- Up-to-date: /home/spider/ros2_ws/install/gwpspider_interfaces/include/gwpspider_interfaces/gwpspider_interfaces/srv/detail/toggle_controller__rosidl_typesupport_fastrtps_cpp.hpp
[1.222s] -- Up-to-date: /home/spider/ros2_ws/install/gwpspider_interfaces/include/gwpspider_interfaces/gwpspider_interfaces/srv/detail/move_leg_velocity_mode__rosidl_typesupport_fastrtps_cpp.hpp
[1.222s] -- Up-to-date: /home/spider/ros2_ws/install/gwpspider_interfaces/include/gwpspider_interfaces/gwpspider_interfaces/srv/detail/get_leg_trajectory__rosidl_typesupport_fastrtps_cpp.hpp
[1.222s] -- Up-to-date: /home/spider/ros2_ws/install/gwpspider_interfaces/include/gwpspider_interfaces/gwpspider_interfaces/srv/detail/move_leg__rosidl_typesupport_fastrtps_cpp.hpp
[1.222s] -- Up-to-date: /home/spider/ros2_ws/install/gwpspider_interfaces/include/gwpspider_interfaces/gwpspider_interfaces/srv/detail/init_bno__rosidl_typesupport_fastrtps_cpp.hpp
[1.222s] -- Up-to-date: /home/spider/ros2_ws/install/gwpspider_interfaces/include/gwpspider_interfaces/gwpspider_interfaces/srv/detail/dds_fastrtps
[1.222s] -- Up-to-date: /home/spider/ros2_ws/install/gwpspider_interfaces/lib/libgwpspider_interfaces__rosidl_typesupport_fastrtps_cpp.so
[1.223s] -- Up-to-date: /home/spider/ros2_ws/install/gwpspider_interfaces/include/gwpspider_interfaces/gwpspider_interfaces
[1.223s] -- Up-to-date: /home/spider/ros2_ws/install/gwpspider_interfaces/include/gwpspider_interfaces/gwpspider_interfaces/msg
[1.223s] -- Up-to-date: /home/spider/ros2_ws/install/gwpspider_interfaces/include/gwpspider_interfaces/gwpspider_interfaces/msg/rosidl_typesupport_introspection_c__visibility_control.h
[1.223s] -- Up-to-date: /home/spider/ros2_ws/install/gwpspider_interfaces/include/gwpspider_interfaces/gwpspider_interfaces/msg/detail
[1.223s] -- Up-to-date: /home/spider/ros2_ws/install/gwpspider_interfaces/include/gwpspider_interfaces/gwpspider_interfaces/msg/detail/water_pump_command__rosidl_typesupport_introspection_c.h
[1.223s] -- Up-to-date: /home/spider/ros2_ws/install/gwpspider_interfaces/include/gwpspider_interfaces/gwpspider_interfaces/msg/detail/gripper_command__type_support.c
[1.223s] -- Up-to-date: /home/spider/ros2_ws/install/gwpspider_interfaces/include/gwpspider_interfaces/gwpspider_interfaces/msg/detail/water_pump_command__type_support.c
[1.223s] -- Up-to-date: /home/spider/ros2_ws/install/gwpspider_interfaces/include/gwpspider_interfaces/gwpspider_interfaces/msg/detail/grippers_states__type_support.c
[1.223s] -- Up-to-date: /home/spider/ros2_ws/install/gwpspider_interfaces/include/gwpspider_interfaces/gwpspider_interfaces/msg/detail/legs_states__rosidl_typesupport_introspection_c.h
[1.223s] -- Up-to-date: /home/spider/ros2_ws/install/gwpspider_interfaces/include/gwpspider_interfaces/gwpspider_interfaces/msg/detail/gripper_state__type_support.c
[1.223s] -- Up-to-date: /home/spider/ros2_ws/install/gwpspider_interfaces/include/gwpspider_interfaces/gwpspider_interfaces/msg/detail/grippers_states__rosidl_typesupport_introspection_c.h
[1.223s] -- Up-to-date: /home/spider/ros2_ws/install/gwpspider_interfaces/include/gwpspider_interfaces/gwpspider_interfaces/msg/detail/leg_trajectory__type_support.c
[1.223s] -- Up-to-date: /home/spider/ros2_ws/install/gwpspider_interfaces/include/gwpspider_interfaces/gwpspider_interfaces/msg/detail/legs_states__type_support.c
[1.223s] -- Up-to-date: /home/spider/ros2_ws/install/gwpspider_interfaces/include/gwpspider_interfaces/gwpspider_interfaces/msg/detail/dynamixel_motors_data__rosidl_typesupport_introspection_c.h
[1.223s] -- Up-to-date: /home/spider/ros2_ws/install/gwpspider_interfaces/include/gwpspider_interfaces/gwpspider_interfaces/msg/detail/walking_instructions__type_support.c
[1.223s] -- Up-to-date: /home/spider/ros2_ws/install/gwpspider_interfaces/include/gwpspider_interfaces/gwpspider_interfaces/msg/detail/bno_data__rosidl_typesupport_introspection_c.h
[1.223s] -- Up-to-date: /home/spider/ros2_ws/install/gwpspider_interfaces/include/gwpspider_interfaces/gwpspider_interfaces/msg/detail/gripper_state__rosidl_typesupport_introspection_c.h
[1.224s] -- Up-to-date: /home/spider/ros2_ws/install/gwpspider_interfaces/include/gwpspider_interfaces/gwpspider_interfaces/msg/detail/gripper_command__rosidl_typesupport_introspection_c.h
[1.224s] -- Up-to-date: /home/spider/ros2_ws/install/gwpspider_interfaces/include/gwpspider_interfaces/gwpspider_interfaces/msg/detail/bno_data__type_support.c
[1.224s] -- Up-to-date: /home/spider/ros2_ws/install/gwpspider_interfaces/include/gwpspider_interfaces/gwpspider_interfaces/msg/detail/leg_trajectory__rosidl_typesupport_introspection_c.h
[1.224s] -- Up-to-date: /home/spider/ros2_ws/install/gwpspider_interfaces/include/gwpspider_interfaces/gwpspider_interfaces/msg/detail/dynamixel_motors_data__type_support.c
[1.224s] -- Up-to-date: /home/spider/ros2_ws/install/gwpspider_interfaces/include/gwpspider_interfaces/gwpspider_interfaces/msg/detail/walking_instructions__rosidl_typesupport_introspection_c.h
[1.224s] -- Up-to-date: /home/spider/ros2_ws/install/gwpspider_interfaces/include/gwpspider_interfaces/gwpspider_interfaces/srv
[1.224s] -- Up-to-date: /home/spider/ros2_ws/install/gwpspider_interfaces/include/gwpspider_interfaces/gwpspider_interfaces/srv/detail
[1.224s] -- Up-to-date: /home/spider/ros2_ws/install/gwpspider_interfaces/include/gwpspider_interfaces/gwpspider_interfaces/srv/detail/get_leg_trajectory__rosidl_typesupport_introspection_c.h
[1.224s] -- Up-to-date: /home/spider/ros2_ws/install/gwpspider_interfaces/include/gwpspider_interfaces/gwpspider_interfaces/srv/detail/init_bno__type_support.c
[1.224s] -- Up-to-date: /home/spider/ros2_ws/install/gwpspider_interfaces/include/gwpspider_interfaces/gwpspider_interfaces/srv/detail/distribute_forces__type_support.c
[1.224s] -- Up-to-date: /home/spider/ros2_ws/install/gwpspider_interfaces/include/gwpspider_interfaces/gwpspider_interfaces/srv/detail/spider_goal__rosidl_typesupport_introspection_c.h
[1.224s] -- Up-to-date: /home/spider/ros2_ws/install/gwpspider_interfaces/include/gwpspider_interfaces/gwpspider_interfaces/srv/detail/set_bus_watchdog__rosidl_typesupport_introspection_c.h
[1.224s] -- Up-to-date: /home/spider/ros2_ws/install/gwpspider_interfaces/include/gwpspider_interfaces/gwpspider_interfaces/srv/detail/control_water_pump__rosidl_typesupport_introspection_c.h
[1.224s] -- Up-to-date: /home/spider/ros2_ws/install/gwpspider_interfaces/include/gwpspider_interfaces/gwpspider_interfaces/srv/detail/toggle_additional_controller_mode__rosidl_typesupport_introspection_c.h
[1.224s] -- Up-to-date: /home/spider/ros2_ws/install/gwpspider_interfaces/include/gwpspider_interfaces/gwpspider_interfaces/srv/detail/get_modified_walking_instructions__type_support.c
[1.224s] -- Up-to-date: /home/spider/ros2_ws/install/gwpspider_interfaces/include/gwpspider_interfaces/gwpspider_interfaces/srv/detail/toggle_motors_torque__rosidl_typesupport_introspection_c.h
[1.224s] -- Up-to-date: /home/spider/ros2_ws/install/gwpspider_interfaces/include/gwpspider_interfaces/gwpspider_interfaces/srv/detail/init_bno__rosidl_typesupport_introspection_c.h
[1.225s] -- Up-to-date: /home/spider/ros2_ws/install/gwpspider_interfaces/include/gwpspider_interfaces/gwpspider_interfaces/srv/detail/get_spider_pose__rosidl_typesupport_introspection_c.h
[1.225s] -- Up-to-date: /home/spider/ros2_ws/install/gwpspider_interfaces/include/gwpspider_interfaces/gwpspider_interfaces/srv/detail/move_spider__type_support.c
[1.225s] -- Up-to-date: /home/spider/ros2_ws/install/gwpspider_interfaces/include/gwpspider_interfaces/gwpspider_interfaces/srv/detail/move_leg_velocity_mode__type_support.c
[1.225s] -- Up-to-date: /home/spider/ros2_ws/install/gwpspider_interfaces/include/gwpspider_interfaces/gwpspider_interfaces/srv/detail/reboot_motors__rosidl_typesupport_introspection_c.h
[1.225s] -- Up-to-date: /home/spider/ros2_ws/install/gwpspider_interfaces/include/gwpspider_interfaces/gwpspider_interfaces/srv/detail/get_leg_trajectory__type_support.c
[1.225s] -- Up-to-date: /home/spider/ros2_ws/install/gwpspider_interfaces/include/gwpspider_interfaces/gwpspider_interfaces/srv/detail/toggle_additional_controller_mode__type_support.c
[1.225s] -- Up-to-date: /home/spider/ros2_ws/install/gwpspider_interfaces/include/gwpspider_interfaces/gwpspider_interfaces/srv/detail/get_spider_pose__type_support.c
[1.225s] -- Up-to-date: /home/spider/ros2_ws/install/gwpspider_interfaces/include/gwpspider_interfaces/gwpspider_interfaces/srv/detail/control_water_pump__type_support.c
[1.225s] -- Up-to-date: /home/spider/ros2_ws/install/gwpspider_interfaces/include/gwpspider_interfaces/gwpspider_interfaces/srv/detail/move_gripper__type_support.c
[1.225s] -- Up-to-date: /home/spider/ros2_ws/install/gwpspider_interfaces/include/gwpspider_interfaces/gwpspider_interfaces/srv/detail/move_leg__type_support.c
[1.225s] -- Up-to-date: /home/spider/ros2_ws/install/gwpspider_interfaces/include/gwpspider_interfaces/gwpspider_interfaces/srv/detail/apply_force_leg__rosidl_typesupport_introspection_c.h
[1.225s] -- Up-to-date: /home/spider/ros2_ws/install/gwpspider_interfaces/include/gwpspider_interfaces/gwpspider_interfaces/srv/detail/get_walking_instructions__type_support.c
[1.225s] -- Up-to-date: /home/spider/ros2_ws/install/gwpspider_interfaces/include/gwpspider_interfaces/gwpspider_interfaces/srv/detail/move_leg_velocity_mode__rosidl_typesupport_introspection_c.h
[1.225s] -- Up-to-date: /home/spider/ros2_ws/install/gwpspider_interfaces/include/gwpspider_interfaces/gwpspider_interfaces/srv/detail/toggle_motors_torque__type_support.c
[1.225s] -- Up-to-date: /home/spider/ros2_ws/install/gwpspider_interfaces/include/gwpspider_interfaces/gwpspider_interfaces/srv/detail/set_bus_watchdog__type_support.c
[1.225s] -- Up-to-date: /home/spider/ros2_ws/install/gwpspider_interfaces/include/gwpspider_interfaces/gwpspider_interfaces/srv/detail/move_leg__rosidl_typesupport_introspection_c.h
[1.226s] -- Up-to-date: /home/spider/ros2_ws/install/gwpspider_interfaces/include/gwpspider_interfaces/gwpspider_interfaces/srv/detail/apply_force_leg__type_support.c
[1.226s] -- Up-to-date: /home/spider/ros2_ws/install/gwpspider_interfaces/include/gwpspider_interfaces/gwpspider_interfaces/srv/detail/get_walking_instructions__rosidl_typesupport_introspection_c.h
[1.226s] -- Up-to-date: /home/spider/ros2_ws/install/gwpspider_interfaces/include/gwpspider_interfaces/gwpspider_interfaces/srv/detail/toggle_controller__type_support.c
[1.226s] -- Up-to-date: /home/spider/ros2_ws/install/gwpspider_interfaces/include/gwpspider_interfaces/gwpspider_interfaces/srv/detail/toggle_controller__rosidl_typesupport_introspection_c.h
[1.226s] -- Up-to-date: /home/spider/ros2_ws/install/gwpspider_interfaces/include/gwpspider_interfaces/gwpspider_interfaces/srv/detail/reboot_motors__type_support.c
[1.226s] -- Up-to-date: /home/spider/ros2_ws/install/gwpspider_interfaces/include/gwpspider_interfaces/gwpspider_interfaces/srv/detail/distribute_forces__rosidl_typesupport_introspection_c.h
[1.226s] -- Up-to-date: /home/spider/ros2_ws/install/gwpspider_interfaces/include/gwpspider_interfaces/gwpspider_interfaces/srv/detail/spider_goal__type_support.c
[1.226s] -- Up-to-date: /home/spider/ros2_ws/install/gwpspider_interfaces/include/gwpspider_interfaces/gwpspider_interfaces/srv/detail/move_gripper__rosidl_typesupport_introspection_c.h
[1.226s] -- Up-to-date: /home/spider/ros2_ws/install/gwpspider_interfaces/include/gwpspider_interfaces/gwpspider_interfaces/srv/detail/get_modified_walking_instructions__rosidl_typesupport_introspection_c.h
[1.226s] -- Up-to-date: /home/spider/ros2_ws/install/gwpspider_interfaces/include/gwpspider_interfaces/gwpspider_interfaces/srv/detail/move_spider__rosidl_typesupport_introspection_c.h
[1.226s] -- Up-to-date: /home/spider/ros2_ws/install/gwpspider_interfaces/lib/libgwpspider_interfaces__rosidl_typesupport_introspection_c.so
[1.226s] -- Up-to-date: /home/spider/ros2_ws/install/gwpspider_interfaces/lib/libgwpspider_interfaces__rosidl_typesupport_c.so
[1.226s] -- Up-to-date: /home/spider/ros2_ws/install/gwpspider_interfaces/include/gwpspider_interfaces/gwpspider_interfaces
[1.226s] -- Up-to-date: /home/spider/ros2_ws/install/gwpspider_interfaces/include/gwpspider_interfaces/gwpspider_interfaces/msg
[1.226s] -- Up-to-date: /home/spider/ros2_ws/install/gwpspider_interfaces/include/gwpspider_interfaces/gwpspider_interfaces/msg/detail
[1.226s] -- Up-to-date: /home/spider/ros2_ws/install/gwpspider_interfaces/include/gwpspider_interfaces/gwpspider_interfaces/msg/detail/leg_trajectory__type_support.cpp
[1.226s] -- Up-to-date: /home/spider/ros2_ws/install/gwpspider_interfaces/include/gwpspider_interfaces/gwpspider_interfaces/msg/detail/walking_instructions__rosidl_typesupport_introspection_cpp.hpp
[1.227s] -- Up-to-date: /home/spider/ros2_ws/install/gwpspider_interfaces/include/gwpspider_interfaces/gwpspider_interfaces/msg/detail/walking_instructions__type_support.cpp
[1.227s] -- Up-to-date: /home/spider/ros2_ws/install/gwpspider_interfaces/include/gwpspider_interfaces/gwpspider_interfaces/msg/detail/legs_states__rosidl_typesupport_introspection_cpp.hpp
[1.227s] -- Up-to-date: /home/spider/ros2_ws/install/gwpspider_interfaces/include/gwpspider_interfaces/gwpspider_interfaces/msg/detail/legs_states__type_support.cpp
[1.227s] -- Up-to-date: /home/spider/ros2_ws/install/gwpspider_interfaces/include/gwpspider_interfaces/gwpspider_interfaces/msg/detail/leg_trajectory__rosidl_typesupport_introspection_cpp.hpp
[1.227s] -- Up-to-date: /home/spider/ros2_ws/install/gwpspider_interfaces/include/gwpspider_interfaces/gwpspider_interfaces/msg/detail/bno_data__type_support.cpp
[1.227s] -- Up-to-date: /home/spider/ros2_ws/install/gwpspider_interfaces/include/gwpspider_interfaces/gwpspider_interfaces/msg/detail/dynamixel_motors_data__rosidl_typesupport_introspection_cpp.hpp
[1.227s] -- Up-to-date: /home/spider/ros2_ws/install/gwpspider_interfaces/include/gwpspider_interfaces/gwpspider_interfaces/msg/detail/gripper_command__type_support.cpp
[1.227s] -- Up-to-date: /home/spider/ros2_ws/install/gwpspider_interfaces/include/gwpspider_interfaces/gwpspider_interfaces/msg/detail/gripper_command__rosidl_typesupport_introspection_cpp.hpp
[1.227s] -- Up-to-date: /home/spider/ros2_ws/install/gwpspider_interfaces/include/gwpspider_interfaces/gwpspider_interfaces/msg/detail/gripper_state__rosidl_typesupport_introspection_cpp.hpp
[1.227s] -- Up-to-date: /home/spider/ros2_ws/install/gwpspider_interfaces/include/gwpspider_interfaces/gwpspider_interfaces/msg/detail/bno_data__rosidl_typesupport_introspection_cpp.hpp
[1.227s] -- Up-to-date: /home/spider/ros2_ws/install/gwpspider_interfaces/include/gwpspider_interfaces/gwpspider_interfaces/msg/detail/water_pump_command__type_support.cpp
[1.227s] -- Up-to-date: /home/spider/ros2_ws/install/gwpspider_interfaces/include/gwpspider_interfaces/gwpspider_interfaces/msg/detail/grippers_states__rosidl_typesupport_introspection_cpp.hpp
[1.227s] -- Up-to-date: /home/spider/ros2_ws/install/gwpspider_interfaces/include/gwpspider_interfaces/gwpspider_interfaces/msg/detail/grippers_states__type_support.cpp
[1.227s] -- Up-to-date: /home/spider/ros2_ws/install/gwpspider_interfaces/include/gwpspider_interfaces/gwpspider_interfaces/msg/detail/gripper_state__type_support.cpp
[1.227s] -- Up-to-date: /home/spider/ros2_ws/install/gwpspider_interfaces/include/gwpspider_interfaces/gwpspider_interfaces/msg/detail/dynamixel_motors_data__type_support.cpp
[1.227s] -- Up-to-date: /home/spider/ros2_ws/install/gwpspider_interfaces/include/gwpspider_interfaces/gwpspider_interfaces/msg/detail/water_pump_command__rosidl_typesupport_introspection_cpp.hpp
[1.227s] -- Up-to-date: /home/spider/ros2_ws/install/gwpspider_interfaces/include/gwpspider_interfaces/gwpspider_interfaces/srv
[1.228s] -- Up-to-date: /home/spider/ros2_ws/install/gwpspider_interfaces/include/gwpspider_interfaces/gwpspider_interfaces/srv/detail
[1.228s] -- Up-to-date: /home/spider/ros2_ws/install/gwpspider_interfaces/include/gwpspider_interfaces/gwpspider_interfaces/srv/detail/set_bus_watchdog__type_support.cpp
[1.228s] -- Up-to-date: /home/spider/ros2_ws/install/gwpspider_interfaces/include/gwpspider_interfaces/gwpspider_interfaces/srv/detail/move_leg_velocity_mode__type_support.cpp
[1.228s] -- Up-to-date: /home/spider/ros2_ws/install/gwpspider_interfaces/include/gwpspider_interfaces/gwpspider_interfaces/srv/detail/toggle_additional_controller_mode__type_support.cpp
[1.228s] -- Up-to-date: /home/spider/ros2_ws/install/gwpspider_interfaces/include/gwpspider_interfaces/gwpspider_interfaces/srv/detail/init_bno__type_support.cpp
[1.228s] -- Up-to-date: /home/spider/ros2_ws/install/gwpspider_interfaces/include/gwpspider_interfaces/gwpspider_interfaces/srv/detail/move_spider__rosidl_typesupport_introspection_cpp.hpp
[1.228s] -- Up-to-date: /home/spider/ros2_ws/install/gwpspider_interfaces/include/gwpspider_interfaces/gwpspider_interfaces/srv/detail/move_gripper__type_support.cpp
[1.228s] -- Up-to-date: /home/spider/ros2_ws/install/gwpspider_interfaces/include/gwpspider_interfaces/gwpspider_interfaces/srv/detail/init_bno__rosidl_typesupport_introspection_cpp.hpp
[1.228s] -- Up-to-date: /home/spider/ros2_ws/install/gwpspider_interfaces/include/gwpspider_interfaces/gwpspider_interfaces/srv/detail/get_leg_trajectory__rosidl_typesupport_introspection_cpp.hpp
[1.228s] -- Up-to-date: /home/spider/ros2_ws/install/gwpspider_interfaces/include/gwpspider_interfaces/gwpspider_interfaces/srv/detail/control_water_pump__type_support.cpp
[1.228s] -- Up-to-date: /home/spider/ros2_ws/install/gwpspider_interfaces/include/gwpspider_interfaces/gwpspider_interfaces/srv/detail/get_leg_trajectory__type_support.cpp
[1.228s] -- Up-to-date: /home/spider/ros2_ws/install/gwpspider_interfaces/include/gwpspider_interfaces/gwpspider_interfaces/srv/detail/toggle_motors_torque__type_support.cpp
[1.228s] -- Up-to-date: /home/spider/ros2_ws/install/gwpspider_interfaces/include/gwpspider_interfaces/gwpspider_interfaces/srv/detail/reboot_motors__rosidl_typesupport_introspection_cpp.hpp
[1.228s] -- Up-to-date: /home/spider/ros2_ws/install/gwpspider_interfaces/include/gwpspider_interfaces/gwpspider_interfaces/srv/detail/set_bus_watchdog__rosidl_typesupport_introspection_cpp.hpp
[1.228s] -- Up-to-date: /home/spider/ros2_ws/install/gwpspider_interfaces/include/gwpspider_interfaces/gwpspider_interfaces/srv/detail/get_walking_instructions__rosidl_typesupport_introspection_cpp.hpp
[1.228s] -- Up-to-date: /home/spider/ros2_ws/install/gwpspider_interfaces/include/gwpspider_interfaces/gwpspider_interfaces/srv/detail/get_modified_walking_instructions__rosidl_typesupport_introspection_cpp.hpp
[1.228s] -- Up-to-date: /home/spider/ros2_ws/install/gwpspider_interfaces/include/gwpspider_interfaces/gwpspider_interfaces/srv/detail/move_leg_velocity_mode__rosidl_typesupport_introspection_cpp.hpp
[1.229s] -- Up-to-date: /home/spider/ros2_ws/install/gwpspider_interfaces/include/gwpspider_interfaces/gwpspider_interfaces/srv/detail/move_gripper__rosidl_typesupport_introspection_cpp.hpp
[1.229s] -- Up-to-date: /home/spider/ros2_ws/install/gwpspider_interfaces/include/gwpspider_interfaces/gwpspider_interfaces/srv/detail/move_leg__type_support.cpp
[1.229s] -- Up-to-date: /home/spider/ros2_ws/install/gwpspider_interfaces/include/gwpspider_interfaces/gwpspider_interfaces/srv/detail/toggle_motors_torque__rosidl_typesupport_introspection_cpp.hpp
[1.229s] -- Up-to-date: /home/spider/ros2_ws/install/gwpspider_interfaces/include/gwpspider_interfaces/gwpspider_interfaces/srv/detail/spider_goal__rosidl_typesupport_introspection_cpp.hpp
[1.229s] -- Up-to-date: /home/spider/ros2_ws/install/gwpspider_interfaces/include/gwpspider_interfaces/gwpspider_interfaces/srv/detail/move_leg__rosidl_typesupport_introspection_cpp.hpp
[1.229s] -- Up-to-date: /home/spider/ros2_ws/install/gwpspider_interfaces/include/gwpspider_interfaces/gwpspider_interfaces/srv/detail/distribute_forces__type_support.cpp
[1.229s] -- Up-to-date: /home/spider/ros2_ws/install/gwpspider_interfaces/include/gwpspider_interfaces/gwpspider_interfaces/srv/detail/apply_force_leg__rosidl_typesupport_introspection_cpp.hpp
[1.229s] -- Up-to-date: /home/spider/ros2_ws/install/gwpspider_interfaces/include/gwpspider_interfaces/gwpspider_interfaces/srv/detail/get_spider_pose__type_support.cpp
[1.229s] -- Up-to-date: /home/spider/ros2_ws/install/gwpspider_interfaces/include/gwpspider_interfaces/gwpspider_interfaces/srv/detail/apply_force_leg__type_support.cpp
[1.229s] -- Up-to-date: /home/spider/ros2_ws/install/gwpspider_interfaces/include/gwpspider_interfaces/gwpspider_interfaces/srv/detail/spider_goal__type_support.cpp
[1.229s] -- Up-to-date: /home/spider/ros2_ws/install/gwpspider_interfaces/include/gwpspider_interfaces/gwpspider_interfaces/srv/detail/get_spider_pose__rosidl_typesupport_introspection_cpp.hpp
[1.229s] -- Up-to-date: /home/spider/ros2_ws/install/gwpspider_interfaces/include/gwpspider_interfaces/gwpspider_interfaces/srv/detail/distribute_forces__rosidl_typesupport_introspection_cpp.hpp
[1.229s] -- Up-to-date: /home/spider/ros2_ws/install/gwpspider_interfaces/include/gwpspider_interfaces/gwpspider_interfaces/srv/detail/toggle_controller__rosidl_typesupport_introspection_cpp.hpp
[1.229s] -- Up-to-date: /home/spider/ros2_ws/install/gwpspider_interfaces/include/gwpspider_interfaces/gwpspider_interfaces/srv/detail/toggle_additional_controller_mode__rosidl_typesupport_introspection_cpp.hpp
[1.229s] -- Up-to-date: /home/spider/ros2_ws/install/gwpspider_interfaces/include/gwpspider_interfaces/gwpspider_interfaces/srv/detail/get_walking_instructions__type_support.cpp
[1.229s] -- Up-to-date: /home/spider/ros2_ws/install/gwpspider_interfaces/include/gwpspider_interfaces/gwpspider_interfaces/srv/detail/reboot_motors__type_support.cpp
[1.229s] -- Up-to-date: /home/spider/ros2_ws/install/gwpspider_interfaces/include/gwpspider_interfaces/gwpspider_interfaces/srv/detail/move_spider__type_support.cpp
[1.230s] -- Up-to-date: /home/spider/ros2_ws/install/gwpspider_interfaces/include/gwpspider_interfaces/gwpspider_interfaces/srv/detail/get_modified_walking_instructions__type_support.cpp
[1.230s] -- Up-to-date: /home/spider/ros2_ws/install/gwpspider_interfaces/include/gwpspider_interfaces/gwpspider_interfaces/srv/detail/control_water_pump__rosidl_typesupport_introspection_cpp.hpp
[1.230s] -- Up-to-date: /home/spider/ros2_ws/install/gwpspider_interfaces/include/gwpspider_interfaces/gwpspider_interfaces/srv/detail/toggle_controller__type_support.cpp
[1.230s] -- Up-to-date: /home/spider/ros2_ws/install/gwpspider_interfaces/lib/libgwpspider_interfaces__rosidl_typesupport_introspection_cpp.so
[1.230s] -- Up-to-date: /home/spider/ros2_ws/install/gwpspider_interfaces/lib/libgwpspider_interfaces__rosidl_typesupport_cpp.so
[1.230s] -- Up-to-date: /home/spider/ros2_ws/install/gwpspider_interfaces/share/gwpspider_interfaces/msg/GripperCommand.idl
[1.230s] -- Up-to-date: /home/spider/ros2_ws/install/gwpspider_interfaces/share/gwpspider_interfaces/msg/WaterPumpCommand.idl
[1.230s] -- Up-to-date: /home/spider/ros2_ws/install/gwpspider_interfaces/share/gwpspider_interfaces/msg/BnoData.idl
[1.230s] -- Up-to-date: /home/spider/ros2_ws/install/gwpspider_interfaces/share/gwpspider_interfaces/msg/DynamixelMotorsData.idl
[1.230s] -- Up-to-date: /home/spider/ros2_ws/install/gwpspider_interfaces/share/gwpspider_interfaces/msg/WalkingInstructions.idl
[1.230s] -- Up-to-date: /home/spider/ros2_ws/install/gwpspider_interfaces/share/gwpspider_interfaces/msg/LegTrajectory.idl
[1.230s] -- Up-to-date: /home/spider/ros2_ws/install/gwpspider_interfaces/share/gwpspider_interfaces/msg/LegsStates.idl
[1.230s] -- Up-to-date: /home/spider/ros2_ws/install/gwpspider_interfaces/share/gwpspider_interfaces/msg/GripperState.idl
[1.230s] -- Up-to-date: /home/spider/ros2_ws/install/gwpspider_interfaces/share/gwpspider_interfaces/msg/GrippersStates.idl
[1.230s] -- Up-to-date: /home/spider/ros2_ws/install/gwpspider_interfaces/share/gwpspider_interfaces/srv/MoveGripper.idl
[1.230s] -- Up-to-date: /home/spider/ros2_ws/install/gwpspider_interfaces/share/gwpspider_interfaces/srv/ControlWaterPump.idl
[1.231s] -- Up-to-date: /home/spider/ros2_ws/install/gwpspider_interfaces/share/gwpspider_interfaces/srv/InitBno.idl
[1.231s] -- Up-to-date: /home/spider/ros2_ws/install/gwpspider_interfaces/share/gwpspider_interfaces/srv/ToggleMotorsTorque.idl
[1.231s] -- Up-to-date: /home/spider/ros2_ws/install/gwpspider_interfaces/share/gwpspider_interfaces/srv/SetBusWatchdog.idl
[1.231s] -- Up-to-date: /home/spider/ros2_ws/install/gwpspider_interfaces/share/gwpspider_interfaces/srv/GetWalkingInstructions.idl
[1.231s] -- Up-to-date: /home/spider/ros2_ws/install/gwpspider_interfaces/share/gwpspider_interfaces/srv/GetModifiedWalkingInstructions.idl
[1.231s] -- Up-to-date: /home/spider/ros2_ws/install/gwpspider_interfaces/share/gwpspider_interfaces/srv/GetLegTrajectory.idl
[1.231s] -- Up-to-date: /home/spider/ros2_ws/install/gwpspider_interfaces/share/gwpspider_interfaces/srv/RebootMotors.idl
[1.231s] -- Up-to-date: /home/spider/ros2_ws/install/gwpspider_interfaces/share/gwpspider_interfaces/srv/MoveLeg.idl
[1.231s] -- Up-to-date: /home/spider/ros2_ws/install/gwpspider_interfaces/share/gwpspider_interfaces/srv/MoveSpider.idl
[1.231s] -- Up-to-date: /home/spider/ros2_ws/install/gwpspider_interfaces/share/gwpspider_interfaces/srv/ToggleController.idl
[1.231s] -- Up-to-date: /home/spider/ros2_ws/install/gwpspider_interfaces/share/gwpspider_interfaces/srv/DistributeForces.idl
[1.231s] -- Up-to-date: /home/spider/ros2_ws/install/gwpspider_interfaces/share/gwpspider_interfaces/srv/ApplyForceLeg.idl
[1.231s] -- Up-to-date: /home/spider/ros2_ws/install/gwpspider_interfaces/share/gwpspider_interfaces/srv/GetSpiderPose.idl
[1.231s] -- Up-to-date: /home/spider/ros2_ws/install/gwpspider_interfaces/share/gwpspider_interfaces/srv/MoveLegVelocityMode.idl
[1.231s] -- Up-to-date: /home/spider/ros2_ws/install/gwpspider_interfaces/share/gwpspider_interfaces/srv/ToggleAdditionalControllerMode.idl
[1.231s] -- Up-to-date: /home/spider/ros2_ws/install/gwpspider_interfaces/share/gwpspider_interfaces/srv/SpiderGoal.idl
[1.232s] -- Up-to-date: /home/spider/ros2_ws/install/gwpspider_interfaces/share/gwpspider_interfaces/msg/GripperCommand.msg
[1.232s] -- Up-to-date: /home/spider/ros2_ws/install/gwpspider_interfaces/share/gwpspider_interfaces/msg/WaterPumpCommand.msg
[1.232s] -- Up-to-date: /home/spider/ros2_ws/install/gwpspider_interfaces/share/gwpspider_interfaces/msg/BnoData.msg
[1.232s] -- Up-to-date: /home/spider/ros2_ws/install/gwpspider_interfaces/share/gwpspider_interfaces/msg/DynamixelMotorsData.msg
[1.232s] -- Up-to-date: /home/spider/ros2_ws/install/gwpspider_interfaces/share/gwpspider_interfaces/msg/WalkingInstructions.msg
[1.232s] -- Up-to-date: /home/spider/ros2_ws/install/gwpspider_interfaces/share/gwpspider_interfaces/msg/LegTrajectory.msg
[1.232s] -- Up-to-date: /home/spider/ros2_ws/install/gwpspider_interfaces/share/gwpspider_interfaces/msg/LegsStates.msg
[1.232s] -- Up-to-date: /home/spider/ros2_ws/install/gwpspider_interfaces/share/gwpspider_interfaces/msg/GripperState.msg
[1.232s] -- Up-to-date: /home/spider/ros2_ws/install/gwpspider_interfaces/share/gwpspider_interfaces/msg/GrippersStates.msg
[1.232s] -- Up-to-date: /home/spider/ros2_ws/install/gwpspider_interfaces/share/gwpspider_interfaces/srv/MoveGripper.srv
[1.232s] -- Up-to-date: /home/spider/ros2_ws/install/gwpspider_interfaces/share/gwpspider_interfaces/srv/MoveGripper_Request.msg
[1.232s] -- Up-to-date: /home/spider/ros2_ws/install/gwpspider_interfaces/share/gwpspider_interfaces/srv/MoveGripper_Response.msg
[1.232s] -- Up-to-date: /home/spider/ros2_ws/install/gwpspider_interfaces/share/gwpspider_interfaces/srv/ControlWaterPump.srv
[1.232s] -- Up-to-date: /home/spider/ros2_ws/install/gwpspider_interfaces/share/gwpspider_interfaces/srv/ControlWaterPump_Request.msg
[1.232s] -- Up-to-date: /home/spider/ros2_ws/install/gwpspider_interfaces/share/gwpspider_interfaces/srv/ControlWaterPump_Response.msg
[1.232s] -- Up-to-date: /home/spider/ros2_ws/install/gwpspider_interfaces/share/gwpspider_interfaces/srv/InitBno.srv
[1.233s] -- Up-to-date: /home/spider/ros2_ws/install/gwpspider_interfaces/share/gwpspider_interfaces/srv/InitBno_Request.msg
[1.233s] -- Up-to-date: /home/spider/ros2_ws/install/gwpspider_interfaces/share/gwpspider_interfaces/srv/InitBno_Response.msg
[1.233s] -- Up-to-date: /home/spider/ros2_ws/install/gwpspider_interfaces/share/gwpspider_interfaces/srv/ToggleMotorsTorque.srv
[1.233s] -- Up-to-date: /home/spider/ros2_ws/install/gwpspider_interfaces/share/gwpspider_interfaces/srv/ToggleMotorsTorque_Request.msg
[1.233s] -- Up-to-date: /home/spider/ros2_ws/install/gwpspider_interfaces/share/gwpspider_interfaces/srv/ToggleMotorsTorque_Response.msg
[1.233s] -- Up-to-date: /home/spider/ros2_ws/install/gwpspider_interfaces/share/gwpspider_interfaces/srv/SetBusWatchdog.srv
[1.233s] -- Up-to-date: /home/spider/ros2_ws/install/gwpspider_interfaces/share/gwpspider_interfaces/srv/SetBusWatchdog_Request.msg
[1.233s] -- Up-to-date: /home/spider/ros2_ws/install/gwpspider_interfaces/share/gwpspider_interfaces/srv/SetBusWatchdog_Response.msg
[1.233s] -- Up-to-date: /home/spider/ros2_ws/install/gwpspider_interfaces/share/gwpspider_interfaces/srv/GetWalkingInstructions.srv
[1.233s] -- Up-to-date: /home/spider/ros2_ws/install/gwpspider_interfaces/share/gwpspider_interfaces/srv/GetWalkingInstructions_Request.msg
[1.233s] -- Up-to-date: /home/spider/ros2_ws/install/gwpspider_interfaces/share/gwpspider_interfaces/srv/GetWalkingInstructions_Response.msg
[1.233s] -- Up-to-date: /home/spider/ros2_ws/install/gwpspider_interfaces/share/gwpspider_interfaces/srv/GetModifiedWalkingInstructions.srv
[1.233s] -- Up-to-date: /home/spider/ros2_ws/install/gwpspider_interfaces/share/gwpspider_interfaces/srv/GetModifiedWalkingInstructions_Request.msg
[1.233s] -- Up-to-date: /home/spider/ros2_ws/install/gwpspider_interfaces/share/gwpspider_interfaces/srv/GetModifiedWalkingInstructions_Response.msg
[1.233s] -- Up-to-date: /home/spider/ros2_ws/install/gwpspider_interfaces/share/gwpspider_interfaces/srv/GetLegTrajectory.srv
[1.233s] -- Up-to-date: /home/spider/ros2_ws/install/gwpspider_interfaces/share/gwpspider_interfaces/srv/GetLegTrajectory_Request.msg
[1.233s] -- Up-to-date: /home/spider/ros2_ws/install/gwpspider_interfaces/share/gwpspider_interfaces/srv/GetLegTrajectory_Response.msg
[1.234s] -- Up-to-date: /home/spider/ros2_ws/install/gwpspider_interfaces/share/gwpspider_interfaces/srv/RebootMotors.srv
[1.234s] -- Up-to-date: /home/spider/ros2_ws/install/gwpspider_interfaces/share/gwpspider_interfaces/srv/RebootMotors_Request.msg
[1.234s] -- Up-to-date: /home/spider/ros2_ws/install/gwpspider_interfaces/share/gwpspider_interfaces/srv/RebootMotors_Response.msg
[1.234s] -- Up-to-date: /home/spider/ros2_ws/install/gwpspider_interfaces/share/gwpspider_interfaces/srv/MoveLeg.srv
[1.234s] -- Up-to-date: /home/spider/ros2_ws/install/gwpspider_interfaces/share/gwpspider_interfaces/srv/MoveLeg_Request.msg
[1.234s] -- Up-to-date: /home/spider/ros2_ws/install/gwpspider_interfaces/share/gwpspider_interfaces/srv/MoveLeg_Response.msg
[1.234s] -- Up-to-date: /home/spider/ros2_ws/install/gwpspider_interfaces/share/gwpspider_interfaces/srv/MoveSpider.srv
[1.234s] -- Up-to-date: /home/spider/ros2_ws/install/gwpspider_interfaces/share/gwpspider_interfaces/srv/MoveSpider_Request.msg
[1.234s] -- Up-to-date: /home/spider/ros2_ws/install/gwpspider_interfaces/share/gwpspider_interfaces/srv/MoveSpider_Response.msg
[1.234s] -- Up-to-date: /home/spider/ros2_ws/install/gwpspider_interfaces/share/gwpspider_interfaces/srv/ToggleController.srv
[1.234s] -- Up-to-date: /home/spider/ros2_ws/install/gwpspider_interfaces/share/gwpspider_interfaces/srv/ToggleController_Request.msg
[1.234s] -- Up-to-date: /home/spider/ros2_ws/install/gwpspider_interfaces/share/gwpspider_interfaces/srv/ToggleController_Response.msg
[1.234s] -- Up-to-date: /home/spider/ros2_ws/install/gwpspider_interfaces/share/gwpspider_interfaces/srv/DistributeForces.srv
[1.234s] -- Up-to-date: /home/spider/ros2_ws/install/gwpspider_interfaces/share/gwpspider_interfaces/srv/DistributeForces_Request.msg
[1.235s] -- Up-to-date: /home/spider/ros2_ws/install/gwpspider_interfaces/share/gwpspider_interfaces/srv/DistributeForces_Response.msg
[1.235s] -- Up-to-date: /home/spider/ros2_ws/install/gwpspider_interfaces/share/gwpspider_interfaces/srv/ApplyForceLeg.srv
[1.235s] -- Up-to-date: /home/spider/ros2_ws/install/gwpspider_interfaces/share/gwpspider_interfaces/srv/ApplyForceLeg_Request.msg
[1.235s] -- Up-to-date: /home/spider/ros2_ws/install/gwpspider_interfaces/share/gwpspider_interfaces/srv/ApplyForceLeg_Response.msg
[1.235s] -- Up-to-date: /home/spider/ros2_ws/install/gwpspider_interfaces/share/gwpspider_interfaces/srv/GetSpiderPose.srv
[1.235s] -- Up-to-date: /home/spider/ros2_ws/install/gwpspider_interfaces/share/gwpspider_interfaces/srv/GetSpiderPose_Request.msg
[1.235s] -- Up-to-date: /home/spider/ros2_ws/install/gwpspider_interfaces/share/gwpspider_interfaces/srv/GetSpiderPose_Response.msg
[1.235s] -- Up-to-date: /home/spider/ros2_ws/install/gwpspider_interfaces/share/gwpspider_interfaces/srv/MoveLegVelocityMode.srv
[1.235s] -- Up-to-date: /home/spider/ros2_ws/install/gwpspider_interfaces/share/gwpspider_interfaces/srv/MoveLegVelocityMode_Request.msg
[1.235s] -- Up-to-date: /home/spider/ros2_ws/install/gwpspider_interfaces/share/gwpspider_interfaces/srv/MoveLegVelocityMode_Response.msg
[1.235s] -- Up-to-date: /home/spider/ros2_ws/install/gwpspider_interfaces/share/gwpspider_interfaces/srv/ToggleAdditionalControllerMode.srv
[1.235s] -- Up-to-date: /home/spider/ros2_ws/install/gwpspider_interfaces/share/gwpspider_interfaces/srv/ToggleAdditionalControllerMode_Request.msg
[1.235s] -- Up-to-date: /home/spider/ros2_ws/install/gwpspider_interfaces/share/gwpspider_interfaces/srv/ToggleAdditionalControllerMode_Response.msg
[1.235s] -- Up-to-date: /home/spider/ros2_ws/install/gwpspider_interfaces/share/gwpspider_interfaces/srv/SpiderGoal.srv
[1.235s] -- Up-to-date: /home/spider/ros2_ws/install/gwpspider_interfaces/share/gwpspider_interfaces/srv/SpiderGoal_Request.msg
[1.235s] -- Up-to-date: /home/spider/ros2_ws/install/gwpspider_interfaces/share/gwpspider_interfaces/srv/SpiderGoal_Response.msg
[1.235s] -- Up-to-date: /home/spider/ros2_ws/install/gwpspider_interfaces/share/gwpspider_interfaces/environment/pythonpath.sh
[1.236s] -- Up-to-date: /home/spider/ros2_ws/install/gwpspider_interfaces/share/gwpspider_interfaces/environment/pythonpath.dsv
[1.236s] -- Up-to-date: /home/spider/ros2_ws/install/gwpspider_interfaces/local/lib/python3.10/dist-packages/gwpspider_interfaces-0.0.0-py3.10.egg-info
[1.236s] -- Installing: /home/spider/ros2_ws/install/gwpspider_interfaces/local/lib/python3.10/dist-packages/gwpspider_interfaces-0.0.0-py3.10.egg-info/PKG-INFO
[1.236s] -- Installing: /home/spider/ros2_ws/install/gwpspider_interfaces/local/lib/python3.10/dist-packages/gwpspider_interfaces-0.0.0-py3.10.egg-info/top_level.txt
[1.236s] -- Installing: /home/spider/ros2_ws/install/gwpspider_interfaces/local/lib/python3.10/dist-packages/gwpspider_interfaces-0.0.0-py3.10.egg-info/dependency_links.txt
[1.236s] -- Installing: /home/spider/ros2_ws/install/gwpspider_interfaces/local/lib/python3.10/dist-packages/gwpspider_interfaces-0.0.0-py3.10.egg-info/SOURCES.txt
[1.236s] -- Up-to-date: /home/spider/ros2_ws/install/gwpspider_interfaces/local/lib/python3.10/dist-packages/gwpspider_interfaces
[1.236s] -- Up-to-date: /home/spider/ros2_ws/install/gwpspider_interfaces/local/lib/python3.10/dist-packages/gwpspider_interfaces/__init__.py
[1.236s] -- Up-to-date: /home/spider/ros2_ws/install/gwpspider_interfaces/local/lib/python3.10/dist-packages/gwpspider_interfaces/gwp_interfaces_data.py
[1.246s] Listing '/home/spider/ros2_ws/install/gwpspider_interfaces/local/lib/python3.10/dist-packages/gwpspider_interfaces'...
[1.252s] -- Up-to-date: /home/spider/ros2_ws/install/gwpspider_interfaces/share/ament_index/resource_index/package_run_dependencies/gwpspider_interfaces
[1.252s] -- Up-to-date: /home/spider/ros2_ws/install/gwpspider_interfaces/share/ament_index/resource_index/parent_prefix_path/gwpspider_interfaces
[1.252s] -- Up-to-date: /home/spider/ros2_ws/install/gwpspider_interfaces/share/gwpspider_interfaces/environment/ament_prefix_path.sh
[1.252s] -- Up-to-date: /home/spider/ros2_ws/install/gwpspider_interfaces/share/gwpspider_interfaces/environment/ament_prefix_path.dsv
[1.252s] -- Up-to-date: /home/spider/ros2_ws/install/gwpspider_interfaces/share/gwpspider_interfaces/environment/path.sh
[1.253s] -- Up-to-date: /home/spider/ros2_ws/install/gwpspider_interfaces/share/gwpspider_interfaces/environment/path.dsv
[1.253s] -- Up-to-date: /home/spider/ros2_ws/install/gwpspider_interfaces/share/gwpspider_interfaces/local_setup.bash
[1.253s] -- Up-to-date: /home/spider/ros2_ws/install/gwpspider_interfaces/share/gwpspider_interfaces/local_setup.sh
[1.253s] -- Up-to-date: /home/spider/ros2_ws/install/gwpspider_interfaces/share/gwpspider_interfaces/local_setup.zsh
[1.253s] -- Up-to-date: /home/spider/ros2_ws/install/gwpspider_interfaces/share/gwpspider_interfaces/local_setup.dsv
[1.253s] -- Up-to-date: /home/spider/ros2_ws/install/gwpspider_interfaces/share/gwpspider_interfaces/package.dsv
[1.254s] -- Up-to-date: /home/spider/ros2_ws/install/gwpspider_interfaces/share/ament_index/resource_index/packages/gwpspider_interfaces
[1.254s] -- Up-to-date: /home/spider/ros2_ws/install/gwpspider_interfaces/share/gwpspider_interfaces/cmake/export_gwpspider_interfaces__rosidl_generator_cExport.cmake
[1.254s] -- Up-to-date: /home/spider/ros2_ws/install/gwpspider_interfaces/share/gwpspider_interfaces/cmake/export_gwpspider_interfaces__rosidl_generator_cExport-noconfig.cmake
[1.254s] -- Up-to-date: /home/spider/ros2_ws/install/gwpspider_interfaces/share/gwpspider_interfaces/cmake/export_gwpspider_interfaces__rosidl_typesupport_fastrtps_cExport.cmake
[1.254s] -- Up-to-date: /home/spider/ros2_ws/install/gwpspider_interfaces/share/gwpspider_interfaces/cmake/export_gwpspider_interfaces__rosidl_typesupport_fastrtps_cExport-noconfig.cmake
[1.254s] -- Up-to-date: /home/spider/ros2_ws/install/gwpspider_interfaces/share/gwpspider_interfaces/cmake/export_gwpspider_interfaces__rosidl_generator_cppExport.cmake
[1.255s] -- Up-to-date: /home/spider/ros2_ws/install/gwpspider_interfaces/share/gwpspider_interfaces/cmake/export_gwpspider_interfaces__rosidl_typesupport_fastrtps_cppExport.cmake
[1.255s] -- Up-to-date: /home/spider/ros2_ws/install/gwpspider_interfaces/share/gwpspider_interfaces/cmake/export_gwpspider_interfaces__rosidl_typesupport_fastrtps_cppExport-noconfig.cmake
[1.255s] -- Up-to-date: /home/spider/ros2_ws/install/gwpspider_interfaces/share/gwpspider_interfaces/cmake/gwpspider_interfaces__rosidl_typesupport_introspection_cExport.cmake
[1.255s] -- Up-to-date: /home/spider/ros2_ws/install/gwpspider_interfaces/share/gwpspider_interfaces/cmake/gwpspider_interfaces__rosidl_typesupport_introspection_cExport-noconfig.cmake
[1.255s] -- Up-to-date: /home/spider/ros2_ws/install/gwpspider_interfaces/share/gwpspider_interfaces/cmake/gwpspider_interfaces__rosidl_typesupport_cExport.cmake
[1.255s] -- Up-to-date: /home/spider/ros2_ws/install/gwpspider_interfaces/share/gwpspider_interfaces/cmake/gwpspider_interfaces__rosidl_typesupport_cExport-noconfig.cmake
[1.255s] -- Up-to-date: /home/spider/ros2_ws/install/gwpspider_interfaces/share/gwpspider_interfaces/cmake/gwpspider_interfaces__rosidl_typesupport_introspection_cppExport.cmake
[1.256s] -- Up-to-date: /home/spider/ros2_ws/install/gwpspider_interfaces/share/gwpspider_interfaces/cmake/gwpspider_interfaces__rosidl_typesupport_introspection_cppExport-noconfig.cmake
[1.256s] -- Up-to-date: /home/spider/ros2_ws/install/gwpspider_interfaces/share/gwpspider_interfaces/cmake/gwpspider_interfaces__rosidl_typesupport_cppExport.cmake
[1.256s] -- Up-to-date: /home/spider/ros2_ws/install/gwpspider_interfaces/share/gwpspider_interfaces/cmake/gwpspider_interfaces__rosidl_typesupport_cppExport-noconfig.cmake
[1.256s] -- Up-to-date: /home/spider/ros2_ws/install/gwpspider_interfaces/share/gwpspider_interfaces/cmake/rosidl_cmake-extras.cmake
[1.256s] -- Up-to-date: /home/spider/ros2_ws/install/gwpspider_interfaces/share/gwpspider_interfaces/cmake/ament_cmake_export_dependencies-extras.cmake
[1.256s] -- Up-to-date: /home/spider/ros2_ws/install/gwpspider_interfaces/share/gwpspider_interfaces/cmake/ament_cmake_export_include_directories-extras.cmake
[1.257s] -- Up-to-date: /home/spider/ros2_ws/install/gwpspider_interfaces/share/gwpspider_interfaces/cmake/ament_cmake_export_libraries-extras.cmake
[1.257s] -- Up-to-date: /home/spider/ros2_ws/install/gwpspider_interfaces/share/gwpspider_interfaces/cmake/ament_cmake_export_targets-extras.cmake
[1.257s] -- Up-to-date: /home/spider/ros2_ws/install/gwpspider_interfaces/share/gwpspider_interfaces/cmake/rosidl_cmake_export_typesupport_targets-extras.cmake
[1.257s] -- Up-to-date: /home/spider/ros2_ws/install/gwpspider_interfaces/share/gwpspider_interfaces/cmake/rosidl_cmake_export_typesupport_libraries-extras.cmake
[1.257s] -- Up-to-date: /home/spider/ros2_ws/install/gwpspider_interfaces/share/gwpspider_interfaces/cmake/gwpspider_interfacesConfig.cmake
[1.257s] -- Up-to-date: /home/spider/ros2_ws/install/gwpspider_interfaces/share/gwpspider_interfaces/cmake/gwpspider_interfacesConfig-version.cmake
[1.257s] -- Up-to-date: /home/spider/ros2_ws/install/gwpspider_interfaces/share/gwpspider_interfaces/package.xml
[1.263s] Invoked command in '/home/spider/ros2_ws/build/gwpspider_interfaces' returned '0': CMAKE_PREFIX_PATH=${CMAKE_PREFIX_PATH}:/home/spider/ros2_ws/install/py_srvcli:/home/spider/ros2_ws/install/py_node_test:/home/spider/ros2_ws/install/flask_server:/opt/ros/humble /usr/bin/cmake --install /home/spider/ros2_ws/build/gwpspider_interfaces
