[2.939s] Invoking command in '/home/spiderpi/ros2_ws/src/flask_server': LD_LIBRARY_PATH=/home/spiderpi/ros2_ws/install/my_service_interfaces/lib:/home/spiderpi/ros2_ws/install/gwpspider_interfaces/lib:/opt/ros/humble/opt/rviz_ogre_vendor/lib:/opt/ros/humble/lib/aarch64-linux-gnu:/opt/ros/humble/lib PYTHONPATH=/home/spiderpi/ros2_ws/build/flask_server/prefix_override:/home/spiderpi/ros2_ws/install/flask_server/lib/python3.10/site-packages:${PYTHONPATH} /usr/bin/python3 setup.py egg_info --egg-base ../../build/flask_server build --build-base /home/spiderpi/ros2_ws/build/flask_server/build install --record /home/spiderpi/ros2_ws/build/flask_server/install.log --single-version-externally-managed
[4.049s] running egg_info
[4.052s] writing ../../build/flask_server/flask_server.egg-info/PKG-INFO
[4.054s] writing dependency_links to ../../build/flask_server/flask_server.egg-info/dependency_links.txt
[4.055s] writing entry points to ../../build/flask_server/flask_server.egg-info/entry_points.txt
[4.055s] writing requirements to ../../build/flask_server/flask_server.egg-info/requires.txt
[4.056s] writing top-level names to ../../build/flask_server/flask_server.egg-info/top_level.txt
[4.065s] reading manifest file '../../build/flask_server/flask_server.egg-info/SOURCES.txt'
[4.068s] writing manifest file '../../build/flask_server/flask_server.egg-info/SOURCES.txt'
[4.069s] running build
[4.070s] running build_py
[4.070s] running install
[4.071s] /usr/lib/python3/dist-packages/setuptools/command/install.py:34: SetuptoolsDeprecationWarning: setup.py install is deprecated. Use build and pip and other standards-based tools.
[4.072s]   warnings.warn(
[4.072s] running install_lib
[4.078s] running install_data
[4.081s] running install_egg_info
[4.088s] removing '/home/spiderpi/ros2_ws/install/flask_server/lib/python3.10/site-packages/flask_server-0.0.0-py3.10.egg-info' (and everything under it)
[4.090s] Copying ../../build/flask_server/flask_server.egg-info to /home/spiderpi/ros2_ws/install/flask_server/lib/python3.10/site-packages/flask_server-0.0.0-py3.10.egg-info
[4.096s] running install_scripts
[4.180s] writing list of installed files to '/home/spiderpi/ros2_ws/build/flask_server/install.log'
[4.308s] Invoked command in '/home/spiderpi/ros2_ws/src/flask_server' returned '0': LD_LIBRARY_PATH=/home/spiderpi/ros2_ws/install/my_service_interfaces/lib:/home/spiderpi/ros2_ws/install/gwpspider_interfaces/lib:/opt/ros/humble/opt/rviz_ogre_vendor/lib:/opt/ros/humble/lib/aarch64-linux-gnu:/opt/ros/humble/lib PYTHONPATH=/home/spiderpi/ros2_ws/build/flask_server/prefix_override:/home/spiderpi/ros2_ws/install/flask_server/lib/python3.10/site-packages:${PYTHONPATH} /usr/bin/python3 setup.py egg_info --egg-base ../../build/flask_server build --build-base /home/spiderpi/ros2_ws/build/flask_server/build install --record /home/spiderpi/ros2_ws/build/flask_server/install.log --single-version-externally-managed
