running egg_info
writing ../../build/py_srvcli/py_srvcli.egg-info/PKG-INFO
writing dependency_links to ../../build/py_srvcli/py_srvcli.egg-info/dependency_links.txt
writing entry points to ../../build/py_srvcli/py_srvcli.egg-info/entry_points.txt
writing requirements to ../../build/py_srvcli/py_srvcli.egg-info/requires.txt
writing top-level names to ../../build/py_srvcli/py_srvcli.egg-info/top_level.txt
reading manifest file '../../build/py_srvcli/py_srvcli.egg-info/SOURCES.txt'
writing manifest file '../../build/py_srvcli/py_srvcli.egg-info/SOURCES.txt'
running build
running build_py
copying py_srvcli/listener.py -> /home/spiderpi/ros2_ws/build/py_srvcli/build/lib/py_srvcli
copying py_srvcli/publicher.py -> /home/spiderpi/ros2_ws/build/py_srvcli/build/lib/py_srvcli
copying py_srvcli/__init__.py -> /home/spiderpi/ros2_ws/build/py_srvcli/build/lib/py_srvcli
copying py_srvcli/talker2.py -> /home/spiderpi/ros2_ws/build/py_srvcli/build/lib/py_srvcli
copying py_srvcli/client.py -> /home/spiderpi/ros2_ws/build/py_srvcli/build/lib/py_srvcli
copying py_srvcli/server.py -> /home/spiderpi/ros2_ws/build/py_srvcli/build/lib/py_srvcli
running install
/usr/lib/python3/dist-packages/setuptools/command/install.py:34: SetuptoolsDeprecationWarning: setup.py install is deprecated. Use build and pip and other standards-based tools.
  warnings.warn(
running install_lib
copying /home/spiderpi/ros2_ws/build/py_srvcli/build/lib/py_srvcli/listener.py -> /home/spiderpi/ros2_ws/install/py_srvcli/lib/python3.10/site-packages/py_srvcli
copying /home/spiderpi/ros2_ws/build/py_srvcli/build/lib/py_srvcli/publicher.py -> /home/spiderpi/ros2_ws/install/py_srvcli/lib/python3.10/site-packages/py_srvcli
copying /home/spiderpi/ros2_ws/build/py_srvcli/build/lib/py_srvcli/__init__.py -> /home/spiderpi/ros2_ws/install/py_srvcli/lib/python3.10/site-packages/py_srvcli
copying /home/spiderpi/ros2_ws/build/py_srvcli/build/lib/py_srvcli/talker2.py -> /home/spiderpi/ros2_ws/install/py_srvcli/lib/python3.10/site-packages/py_srvcli
copying /home/spiderpi/ros2_ws/build/py_srvcli/build/lib/py_srvcli/client.py -> /home/spiderpi/ros2_ws/install/py_srvcli/lib/python3.10/site-packages/py_srvcli
copying /home/spiderpi/ros2_ws/build/py_srvcli/build/lib/py_srvcli/server.py -> /home/spiderpi/ros2_ws/install/py_srvcli/lib/python3.10/site-packages/py_srvcli
byte-compiling /home/spiderpi/ros2_ws/install/py_srvcli/lib/python3.10/site-packages/py_srvcli/listener.py to listener.cpython-310.pyc
byte-compiling /home/spiderpi/ros2_ws/install/py_srvcli/lib/python3.10/site-packages/py_srvcli/publicher.py to publicher.cpython-310.pyc
byte-compiling /home/spiderpi/ros2_ws/install/py_srvcli/lib/python3.10/site-packages/py_srvcli/__init__.py to __init__.cpython-310.pyc
byte-compiling /home/spiderpi/ros2_ws/install/py_srvcli/lib/python3.10/site-packages/py_srvcli/talker2.py to talker2.cpython-310.pyc
byte-compiling /home/spiderpi/ros2_ws/install/py_srvcli/lib/python3.10/site-packages/py_srvcli/client.py to client.cpython-310.pyc
byte-compiling /home/spiderpi/ros2_ws/install/py_srvcli/lib/python3.10/site-packages/py_srvcli/server.py to server.cpython-310.pyc
running install_data
copying resource/py_srvcli -> /home/spiderpi/ros2_ws/install/py_srvcli/share/ament_index/resource_index/packages
copying package.xml -> /home/spiderpi/ros2_ws/install/py_srvcli/share/py_srvcli
running install_egg_info
removing '/home/spiderpi/ros2_ws/install/py_srvcli/lib/python3.10/site-packages/py_srvcli-0.0.0-py3.10.egg-info' (and everything under it)
Copying ../../build/py_srvcli/py_srvcli.egg-info to /home/spiderpi/ros2_ws/install/py_srvcli/lib/python3.10/site-packages/py_srvcli-0.0.0-py3.10.egg-info
running install_scripts
Installing client script to /home/spiderpi/ros2_ws/install/py_srvcli/lib/py_srvcli
Installing service script to /home/spiderpi/ros2_ws/install/py_srvcli/lib/py_srvcli
Installing talker script to /home/spiderpi/ros2_ws/install/py_srvcli/lib/py_srvcli
Installing talker2 script to /home/spiderpi/ros2_ws/install/py_srvcli/lib/py_srvcli
writing list of installed files to '/home/spiderpi/ros2_ws/build/py_srvcli/install.log'
