[0.608s] Invoking command in '/home/spider/ros2_ws/src/py_srvcli': CMAKE_PREFIX_PATH=/home/spider/ros2_ws/install/my_service_interfaces:/home/spider/ros2_ws/install/gwpspider_interfaces LD_LIBRARY_PATH=/home/spider/ros2_ws/install/my_service_interfaces/lib:/home/spider/ros2_ws/install/gwpspider_interfaces/lib:/opt/ros/humble/opt/rviz_ogre_vendor/lib:/opt/ros/humble/lib/x86_64-linux-gnu:/opt/ros/humble/lib PYTHONPATH=/home/spider/ros2_ws/build/py_srvcli/prefix_override:/home/spider/ros2_ws/install/py_srvcli/lib/python3.10/site-packages:${PYTHONPATH} /usr/bin/python3 setup.py egg_info --egg-base ../../build/py_srvcli build --build-base /home/spider/ros2_ws/build/py_srvcli/build install --record /home/spider/ros2_ws/build/py_srvcli/install.log --single-version-externally-managed
[0.830s] running egg_info
[0.831s] writing ../../build/py_srvcli/py_srvcli.egg-info/PKG-INFO
[0.840s] writing dependency_links to ../../build/py_srvcli/py_srvcli.egg-info/dependency_links.txt
[0.840s] writing entry points to ../../build/py_srvcli/py_srvcli.egg-info/entry_points.txt
[0.841s] writing requirements to ../../build/py_srvcli/py_srvcli.egg-info/requires.txt
[0.841s] writing top-level names to ../../build/py_srvcli/py_srvcli.egg-info/top_level.txt
[0.843s] reading manifest file '../../build/py_srvcli/py_srvcli.egg-info/SOURCES.txt'
[0.845s] writing manifest file '../../build/py_srvcli/py_srvcli.egg-info/SOURCES.txt'
[0.845s] running build
[0.845s] running build_py
[0.845s] copying py_srvcli/client.py -> /home/spider/ros2_ws/build/py_srvcli/build/lib/py_srvcli
[0.846s] running install
[0.846s] /usr/lib/python3/dist-packages/setuptools/command/install.py:34: SetuptoolsDeprecationWarning: setup.py install is deprecated. Use build and pip and other standards-based tools.
[0.846s]   warnings.warn(
[0.846s] running install_lib
[0.847s] copying /home/spider/ros2_ws/build/py_srvcli/build/lib/py_srvcli/client.py -> /home/spider/ros2_ws/install/py_srvcli/lib/python3.10/site-packages/py_srvcli
[0.848s] byte-compiling /home/spider/ros2_ws/install/py_srvcli/lib/python3.10/site-packages/py_srvcli/client.py to client.cpython-310.pyc
[0.848s] running install_data
[0.849s] running install_egg_info
[0.850s] removing '/home/spider/ros2_ws/install/py_srvcli/lib/python3.10/site-packages/py_srvcli-0.0.0-py3.10.egg-info' (and everything under it)
[0.851s] Copying ../../build/py_srvcli/py_srvcli.egg-info to /home/spider/ros2_ws/install/py_srvcli/lib/python3.10/site-packages/py_srvcli-0.0.0-py3.10.egg-info
[0.852s] running install_scripts
[0.871s] Installing client script to /home/spider/ros2_ws/install/py_srvcli/lib/py_srvcli
[0.872s] Installing service script to /home/spider/ros2_ws/install/py_srvcli/lib/py_srvcli
[0.872s] Installing talker script to /home/spider/ros2_ws/install/py_srvcli/lib/py_srvcli
[0.872s] writing list of installed files to '/home/spider/ros2_ws/build/py_srvcli/install.log'
[0.896s] Invoked command in '/home/spider/ros2_ws/src/py_srvcli' returned '0': CMAKE_PREFIX_PATH=/home/spider/ros2_ws/install/my_service_interfaces:/home/spider/ros2_ws/install/gwpspider_interfaces LD_LIBRARY_PATH=/home/spider/ros2_ws/install/my_service_interfaces/lib:/home/spider/ros2_ws/install/gwpspider_interfaces/lib:/opt/ros/humble/opt/rviz_ogre_vendor/lib:/opt/ros/humble/lib/x86_64-linux-gnu:/opt/ros/humble/lib PYTHONPATH=/home/spider/ros2_ws/build/py_srvcli/prefix_override:/home/spider/ros2_ws/install/py_srvcli/lib/python3.10/site-packages:${PYTHONPATH} /usr/bin/python3 setup.py egg_info --egg-base ../../build/py_srvcli build --build-base /home/spider/ros2_ws/build/py_srvcli/build install --record /home/spider/ros2_ws/build/py_srvcli/install.log --single-version-externally-managed
