[2.768s] Invoking command in '/home/spiderpi/ros2_ws/src/flask_server': AMENT_PREFIX_PATH=/home/spiderpi/ros2_ws/install/my_service_interfaces:/home/spiderpi/ros2_ws/install/gwpspider_interfaces:${AMENT_PREFIX_PATH} CMAKE_PREFIX_PATH=/home/spiderpi/ros2_ws/install/my_service_interfaces:/home/spiderpi/ros2_ws/install/gwpspider_interfaces LD_LIBRARY_PATH=/home/spiderpi/ros2_ws/install/my_service_interfaces/lib:/home/spiderpi/ros2_ws/install/gwpspider_interfaces/lib:${LD_LIBRARY_PATH} PYTHONPATH=/home/spiderpi/ros2_ws/build/flask_server/prefix_override:/home/spiderpi/ros2_ws/install/flask_server/lib/python3.10/site-packages:/home/spiderpi/ros2_ws/install/my_service_interfaces/local/lib/python3.10/dist-packages:/home/spiderpi/ros2_ws/install/gwpspider_interfaces/local/lib/python3.10/dist-packages:${PYTHONPATH} /usr/bin/python3 setup.py egg_info --egg-base ../../build/flask_server build --build-base /home/spiderpi/ros2_ws/build/flask_server/build install --record /home/spiderpi/ros2_ws/build/flask_server/install.log --single-version-externally-managed
[3.830s] running egg_info
[3.832s] creating ../../build/flask_server/flask_server.egg-info
[3.833s] writing ../../build/flask_server/flask_server.egg-info/PKG-INFO
[3.834s] writing dependency_links to ../../build/flask_server/flask_server.egg-info/dependency_links.txt
[3.835s] writing entry points to ../../build/flask_server/flask_server.egg-info/entry_points.txt
[3.835s] writing requirements to ../../build/flask_server/flask_server.egg-info/requires.txt
[3.836s] writing top-level names to ../../build/flask_server/flask_server.egg-info/top_level.txt
[3.837s] writing manifest file '../../build/flask_server/flask_server.egg-info/SOURCES.txt'
[3.845s] reading manifest file '../../build/flask_server/flask_server.egg-info/SOURCES.txt'
[3.848s] writing manifest file '../../build/flask_server/flask_server.egg-info/SOURCES.txt'
[3.849s] running build
[3.849s] running build_py
[3.850s] creating /home/spiderpi/ros2_ws/build/flask_server/build
[3.850s] creating /home/spiderpi/ros2_ws/build/flask_server/build/lib
[3.851s] creating /home/spiderpi/ros2_ws/build/flask_server/build/lib/flask_server
[3.851s] copying flask_server/__init__.py -> /home/spiderpi/ros2_ws/build/flask_server/build/lib/flask_server
[3.852s] running install
[3.853s] /usr/lib/python3/dist-packages/setuptools/command/install.py:34: SetuptoolsDeprecationWarning: setup.py install is deprecated. Use build and pip and other standards-based tools.
[3.853s]   warnings.warn(
[3.854s] running install_lib
[3.857s] creating /home/spiderpi/ros2_ws/install/flask_server/lib/python3.10/site-packages/flask_server
[3.858s] copying /home/spiderpi/ros2_ws/build/flask_server/build/lib/flask_server/__init__.py -> /home/spiderpi/ros2_ws/install/flask_server/lib/python3.10/site-packages/flask_server
[3.861s] byte-compiling /home/spiderpi/ros2_ws/install/flask_server/lib/python3.10/site-packages/flask_server/__init__.py to __init__.cpython-310.pyc
[3.861s] running install_data
[3.864s] creating /home/spiderpi/ros2_ws/install/flask_server/share/ament_index
[3.865s] creating /home/spiderpi/ros2_ws/install/flask_server/share/ament_index/resource_index
[3.865s] creating /home/spiderpi/ros2_ws/install/flask_server/share/ament_index/resource_index/packages
[3.866s] copying resource/flask_server -> /home/spiderpi/ros2_ws/install/flask_server/share/ament_index/resource_index/packages
[3.874s] copying package.xml -> /home/spiderpi/ros2_ws/install/flask_server/share/flask_server
[3.874s] running install_egg_info
[3.875s] Copying ../../build/flask_server/flask_server.egg-info to /home/spiderpi/ros2_ws/install/flask_server/lib/python3.10/site-packages/flask_server-0.0.0-py3.10.egg-info
[3.881s] running install_scripts
[3.965s] writing list of installed files to '/home/spiderpi/ros2_ws/build/flask_server/install.log'
[4.102s] Invoked command in '/home/spiderpi/ros2_ws/src/flask_server' returned '0': AMENT_PREFIX_PATH=/home/spiderpi/ros2_ws/install/my_service_interfaces:/home/spiderpi/ros2_ws/install/gwpspider_interfaces:${AMENT_PREFIX_PATH} CMAKE_PREFIX_PATH=/home/spiderpi/ros2_ws/install/my_service_interfaces:/home/spiderpi/ros2_ws/install/gwpspider_interfaces LD_LIBRARY_PATH=/home/spiderpi/ros2_ws/install/my_service_interfaces/lib:/home/spiderpi/ros2_ws/install/gwpspider_interfaces/lib:${LD_LIBRARY_PATH} PYTHONPATH=/home/spiderpi/ros2_ws/build/flask_server/prefix_override:/home/spiderpi/ros2_ws/install/flask_server/lib/python3.10/site-packages:/home/spiderpi/ros2_ws/install/my_service_interfaces/local/lib/python3.10/dist-packages:/home/spiderpi/ros2_ws/install/gwpspider_interfaces/local/lib/python3.10/dist-packages:${PYTHONPATH} /usr/bin/python3 setup.py egg_info --egg-base ../../build/flask_server build --build-base /home/spiderpi/ros2_ws/build/flask_server/build install --record /home/spiderpi/ros2_ws/build/flask_server/install.log --single-version-externally-managed
