[2.521s] DEBUG:colcon:Command line arguments: ['/usr/bin/colcon', 'build', '--packages-select', 'flask_server']
[2.522s] DEBUG:colcon:Parsed command line arguments: Namespace(log_base=None, log_level=None, verb_name='build', build_base='build', install_base='install', merge_install=False, symlink_install=False, test_result_base=None, continue_on_error=False, executor='parallel', parallel_workers=4, event_handlers=None, ignore_user_meta=False, metas=['./colcon.meta'], base_paths=['.'], packages_ignore=None, packages_ignore_regex=None, paths=None, packages_up_to=None, packages_up_to_regex=None, packages_above=None, packages_above_and_dependencies=None, packages_above_depth=None, packages_select_by_dep=None, packages_skip_by_dep=None, packages_skip_up_to=None, packages_select_build_failed=False, packages_skip_build_finished=False, packages_select_test_failures=False, packages_skip_test_passed=False, packages_select=['flask_server'], packages_skip=None, packages_select_regex=None, packages_skip_regex=None, packages_start=None, packages_end=None, allow_overriding=[], cmake_args=None, cmake_target=None, cmake_target_skip_unavailable=False, cmake_clean_cache=False, cmake_clean_first=False, cmake_force_configure=False, ament_cmake_args=None, catkin_cmake_args=None, catkin_skip_building_tests=False, verb_parser=<colcon_defaults.argument_parser.defaults.DefaultArgumentsDecorator object at 0xffff860869e0>, verb_extension=<colcon_core.verb.build.BuildVerb object at 0xffff86923ee0>, main=<bound method BuildVerb.main of <colcon_core.verb.build.BuildVerb object at 0xffff86923ee0>>)
[2.788s] Level 1:colcon.colcon_core.package_discovery:discover_packages(colcon_meta) check parameters
[2.788s] Level 1:colcon.colcon_core.package_discovery:discover_packages(recursive) check parameters
[2.789s] Level 1:colcon.colcon_core.package_discovery:discover_packages(ignore) check parameters
[2.789s] Level 1:colcon.colcon_core.package_discovery:discover_packages(path) check parameters
[2.789s] Level 1:colcon.colcon_core.package_discovery:discover_packages(colcon_meta) discover
[2.789s] Level 1:colcon.colcon_core.package_discovery:discover_packages(recursive) discover
[2.790s] INFO:colcon.colcon_core.package_discovery:Crawling recursively for packages in '/home/spiderpi/ros2_ws'
[2.790s] Level 1:colcon.colcon_core.package_identification:_identify(.) by extensions ['ignore', 'ignore_ament_install']
[2.791s] Level 1:colcon.colcon_core.package_identification:_identify(.) by extension 'ignore'
[2.791s] Level 1:colcon.colcon_core.package_identification:_identify(.) by extension 'ignore_ament_install'
[2.792s] Level 1:colcon.colcon_core.package_identification:_identify(.) by extensions ['colcon_pkg']
[2.792s] Level 1:colcon.colcon_core.package_identification:_identify(.) by extension 'colcon_pkg'
[2.792s] Level 1:colcon.colcon_core.package_identification:_identify(.) by extensions ['colcon_meta']
[2.792s] Level 1:colcon.colcon_core.package_identification:_identify(.) by extension 'colcon_meta'
[2.793s] Level 1:colcon.colcon_core.package_identification:_identify(.) by extensions ['ros']
[2.793s] Level 1:colcon.colcon_core.package_identification:_identify(.) by extension 'ros'
[2.852s] Level 1:colcon.colcon_core.package_identification:_identify(.) by extensions ['cmake', 'python']
[2.852s] Level 1:colcon.colcon_core.package_identification:_identify(.) by extension 'cmake'
[2.852s] Level 1:colcon.colcon_core.package_identification:_identify(.) by extension 'python'
[2.852s] Level 1:colcon.colcon_core.package_identification:_identify(.) by extensions ['python_setup_py']
[2.852s] Level 1:colcon.colcon_core.package_identification:_identify(.) by extension 'python_setup_py'
[2.853s] Level 1:colcon.colcon_core.package_identification:_identify(build) by extensions ['ignore', 'ignore_ament_install']
[2.854s] Level 1:colcon.colcon_core.package_identification:_identify(build) by extension 'ignore'
[2.854s] Level 1:colcon.colcon_core.package_identification:_identify(build) ignored
[2.854s] Level 1:colcon.colcon_core.package_identification:_identify(install) by extensions ['ignore', 'ignore_ament_install']
[2.855s] Level 1:colcon.colcon_core.package_identification:_identify(install) by extension 'ignore'
[2.855s] Level 1:colcon.colcon_core.package_identification:_identify(install) ignored
[2.860s] Level 1:colcon.colcon_core.package_identification:_identify(log) by extensions ['ignore', 'ignore_ament_install']
[2.860s] Level 1:colcon.colcon_core.package_identification:_identify(log) by extension 'ignore'
[2.861s] Level 1:colcon.colcon_core.package_identification:_identify(log) ignored
[2.861s] Level 1:colcon.colcon_core.package_identification:_identify(src) by extensions ['ignore', 'ignore_ament_install']
[2.862s] Level 1:colcon.colcon_core.package_identification:_identify(src) by extension 'ignore'
[2.862s] Level 1:colcon.colcon_core.package_identification:_identify(src) by extension 'ignore_ament_install'
[2.862s] Level 1:colcon.colcon_core.package_identification:_identify(src) by extensions ['colcon_pkg']
[2.862s] Level 1:colcon.colcon_core.package_identification:_identify(src) by extension 'colcon_pkg'
[2.862s] Level 1:colcon.colcon_core.package_identification:_identify(src) by extensions ['colcon_meta']
[2.863s] Level 1:colcon.colcon_core.package_identification:_identify(src) by extension 'colcon_meta'
[2.863s] Level 1:colcon.colcon_core.package_identification:_identify(src) by extensions ['ros']
[2.863s] Level 1:colcon.colcon_core.package_identification:_identify(src) by extension 'ros'
[2.863s] Level 1:colcon.colcon_core.package_identification:_identify(src) by extensions ['cmake', 'python']
[2.864s] Level 1:colcon.colcon_core.package_identification:_identify(src) by extension 'cmake'
[2.864s] Level 1:colcon.colcon_core.package_identification:_identify(src) by extension 'python'
[2.864s] Level 1:colcon.colcon_core.package_identification:_identify(src) by extensions ['python_setup_py']
[2.864s] Level 1:colcon.colcon_core.package_identification:_identify(src) by extension 'python_setup_py'
[2.865s] Level 1:colcon.colcon_core.package_identification:_identify(src/flask_server) by extensions ['ignore', 'ignore_ament_install']
[2.865s] Level 1:colcon.colcon_core.package_identification:_identify(src/flask_server) by extension 'ignore'
[2.865s] Level 1:colcon.colcon_core.package_identification:_identify(src/flask_server) by extension 'ignore_ament_install'
[2.865s] Level 1:colcon.colcon_core.package_identification:_identify(src/flask_server) by extensions ['colcon_pkg']
[2.866s] Level 1:colcon.colcon_core.package_identification:_identify(src/flask_server) by extension 'colcon_pkg'
[2.866s] Level 1:colcon.colcon_core.package_identification:_identify(src/flask_server) by extensions ['colcon_meta']
[2.866s] Level 1:colcon.colcon_core.package_identification:_identify(src/flask_server) by extension 'colcon_meta'
[2.866s] Level 1:colcon.colcon_core.package_identification:_identify(src/flask_server) by extensions ['ros']
[2.866s] Level 1:colcon.colcon_core.package_identification:_identify(src/flask_server) by extension 'ros'
[2.882s] DEBUG:colcon.colcon_core.package_identification:Package 'src/flask_server' with type 'ros.ament_python' and name 'flask_server'
[2.883s] Level 1:colcon.colcon_core.package_identification:_identify(src/gwpspider_interfaces) by extensions ['ignore', 'ignore_ament_install']
[2.884s] Level 1:colcon.colcon_core.package_identification:_identify(src/gwpspider_interfaces) by extension 'ignore'
[2.885s] Level 1:colcon.colcon_core.package_identification:_identify(src/gwpspider_interfaces) by extension 'ignore_ament_install'
[2.885s] Level 1:colcon.colcon_core.package_identification:_identify(src/gwpspider_interfaces) by extensions ['colcon_pkg']
[2.886s] Level 1:colcon.colcon_core.package_identification:_identify(src/gwpspider_interfaces) by extension 'colcon_pkg'
[2.886s] Level 1:colcon.colcon_core.package_identification:_identify(src/gwpspider_interfaces) by extensions ['colcon_meta']
[2.886s] Level 1:colcon.colcon_core.package_identification:_identify(src/gwpspider_interfaces) by extension 'colcon_meta'
[2.886s] Level 1:colcon.colcon_core.package_identification:_identify(src/gwpspider_interfaces) by extensions ['ros']
[2.887s] Level 1:colcon.colcon_core.package_identification:_identify(src/gwpspider_interfaces) by extension 'ros'
[2.892s] DEBUG:colcon.colcon_core.package_identification:Package 'src/gwpspider_interfaces' with type 'ros.ament_cmake' and name 'gwpspider_interfaces'
[2.893s] Level 1:colcon.colcon_core.package_identification:_identify(src/my_service_interfaces) by extensions ['ignore', 'ignore_ament_install']
[2.894s] Level 1:colcon.colcon_core.package_identification:_identify(src/my_service_interfaces) by extension 'ignore'
[2.894s] Level 1:colcon.colcon_core.package_identification:_identify(src/my_service_interfaces) by extension 'ignore_ament_install'
[2.894s] Level 1:colcon.colcon_core.package_identification:_identify(src/my_service_interfaces) by extensions ['colcon_pkg']
[2.894s] Level 1:colcon.colcon_core.package_identification:_identify(src/my_service_interfaces) by extension 'colcon_pkg'
[2.895s] Level 1:colcon.colcon_core.package_identification:_identify(src/my_service_interfaces) by extensions ['colcon_meta']
[2.895s] Level 1:colcon.colcon_core.package_identification:_identify(src/my_service_interfaces) by extension 'colcon_meta'
[2.895s] Level 1:colcon.colcon_core.package_identification:_identify(src/my_service_interfaces) by extensions ['ros']
[2.895s] Level 1:colcon.colcon_core.package_identification:_identify(src/my_service_interfaces) by extension 'ros'
[2.899s] DEBUG:colcon.colcon_core.package_identification:Package 'src/my_service_interfaces' with type 'ros.ament_cmake' and name 'my_service_interfaces'
[2.899s] Level 1:colcon.colcon_core.package_identification:_identify(src/py_node_test) by extensions ['ignore', 'ignore_ament_install']
[2.900s] Level 1:colcon.colcon_core.package_identification:_identify(src/py_node_test) by extension 'ignore'
[2.900s] Level 1:colcon.colcon_core.package_identification:_identify(src/py_node_test) by extension 'ignore_ament_install'
[2.901s] Level 1:colcon.colcon_core.package_identification:_identify(src/py_node_test) by extensions ['colcon_pkg']
[2.901s] Level 1:colcon.colcon_core.package_identification:_identify(src/py_node_test) by extension 'colcon_pkg'
[2.901s] Level 1:colcon.colcon_core.package_identification:_identify(src/py_node_test) by extensions ['colcon_meta']
[2.901s] Level 1:colcon.colcon_core.package_identification:_identify(src/py_node_test) by extension 'colcon_meta'
[2.901s] Level 1:colcon.colcon_core.package_identification:_identify(src/py_node_test) by extensions ['ros']
[2.902s] Level 1:colcon.colcon_core.package_identification:_identify(src/py_node_test) by extension 'ros'
[2.905s] DEBUG:colcon.colcon_core.package_identification:Package 'src/py_node_test' with type 'ros.ament_python' and name 'py_node_test'
[2.906s] Level 1:colcon.colcon_core.package_identification:_identify(src/py_srvcli) by extensions ['ignore', 'ignore_ament_install']
[2.906s] Level 1:colcon.colcon_core.package_identification:_identify(src/py_srvcli) by extension 'ignore'
[2.907s] Level 1:colcon.colcon_core.package_identification:_identify(src/py_srvcli) by extension 'ignore_ament_install'
[2.907s] Level 1:colcon.colcon_core.package_identification:_identify(src/py_srvcli) by extensions ['colcon_pkg']
[2.907s] Level 1:colcon.colcon_core.package_identification:_identify(src/py_srvcli) by extension 'colcon_pkg'
[2.907s] Level 1:colcon.colcon_core.package_identification:_identify(src/py_srvcli) by extensions ['colcon_meta']
[2.908s] Level 1:colcon.colcon_core.package_identification:_identify(src/py_srvcli) by extension 'colcon_meta'
[2.908s] Level 1:colcon.colcon_core.package_identification:_identify(src/py_srvcli) by extensions ['ros']
[2.908s] Level 1:colcon.colcon_core.package_identification:_identify(src/py_srvcli) by extension 'ros'
[2.911s] DEBUG:colcon.colcon_core.package_identification:Package 'src/py_srvcli' with type 'ros.ament_python' and name 'py_srvcli'
[2.912s] Level 1:colcon.colcon_core.package_discovery:discover_packages(recursive) using defaults
[2.912s] Level 1:colcon.colcon_core.package_discovery:discover_packages(ignore) discover
[2.912s] Level 1:colcon.colcon_core.package_discovery:discover_packages(ignore) using defaults
[2.912s] Level 1:colcon.colcon_core.package_discovery:discover_packages(path) discover
[2.912s] Level 1:colcon.colcon_core.package_discovery:discover_packages(path) using defaults
[3.063s] INFO:colcon.colcon_core.package_selection:Skipping not selected package 'gwpspider_interfaces' in 'src/gwpspider_interfaces'
[3.063s] INFO:colcon.colcon_core.package_selection:Skipping not selected package 'my_service_interfaces' in 'src/my_service_interfaces'
[3.063s] INFO:colcon.colcon_core.package_selection:Skipping not selected package 'py_node_test' in 'src/py_node_test'
[3.063s] INFO:colcon.colcon_core.package_selection:Skipping not selected package 'py_srvcli' in 'src/py_srvcli'
[3.069s] Level 1:colcon.colcon_core.package_discovery:discover_packages(prefix_path) check parameters
[3.070s] Level 1:colcon.colcon_core.package_discovery:discover_packages(prefix_path) discover
[3.092s] DEBUG:colcon.colcon_installed_package_information.package_discovery:Found 5 installed packages in /home/spiderpi/ros2_ws/install
[3.103s] DEBUG:colcon.colcon_installed_package_information.package_discovery:Found 270 installed packages in /opt/ros/humble
[3.110s] Level 1:colcon.colcon_core.package_discovery:discover_packages(prefix_path) using defaults
[3.389s] Level 5:colcon.colcon_core.verb:set package 'flask_server' build argument 'cmake_args' from command line to 'None'
[3.390s] Level 5:colcon.colcon_core.verb:set package 'flask_server' build argument 'cmake_target' from command line to 'None'
[3.390s] Level 5:colcon.colcon_core.verb:set package 'flask_server' build argument 'cmake_target_skip_unavailable' from command line to 'False'
[3.390s] Level 5:colcon.colcon_core.verb:set package 'flask_server' build argument 'cmake_clean_cache' from command line to 'False'
[3.390s] Level 5:colcon.colcon_core.verb:set package 'flask_server' build argument 'cmake_clean_first' from command line to 'False'
[3.390s] Level 5:colcon.colcon_core.verb:set package 'flask_server' build argument 'cmake_force_configure' from command line to 'False'
[3.390s] Level 5:colcon.colcon_core.verb:set package 'flask_server' build argument 'ament_cmake_args' from command line to 'None'
[3.390s] Level 5:colcon.colcon_core.verb:set package 'flask_server' build argument 'catkin_cmake_args' from command line to 'None'
[3.391s] Level 5:colcon.colcon_core.verb:set package 'flask_server' build argument 'catkin_skip_building_tests' from command line to 'False'
[3.391s] DEBUG:colcon.colcon_core.verb:Building package 'flask_server' with the following arguments: {'ament_cmake_args': None, 'build_base': '/home/spiderpi/ros2_ws/build/flask_server', 'catkin_cmake_args': None, 'catkin_skip_building_tests': False, 'cmake_args': None, 'cmake_clean_cache': False, 'cmake_clean_first': False, 'cmake_force_configure': False, 'cmake_target': None, 'cmake_target_skip_unavailable': False, 'install_base': '/home/spiderpi/ros2_ws/install/flask_server', 'merge_install': False, 'path': '/home/spiderpi/ros2_ws/src/flask_server', 'symlink_install': False, 'test_result_base': None}
[3.394s] INFO:colcon.colcon_core.executor:Executing jobs using 'parallel' executor
[3.406s] DEBUG:colcon.colcon_parallel_executor.executor.parallel:run_until_complete
[3.407s] INFO:colcon.colcon_ros.task.ament_python.build:Building ROS package in '/home/spiderpi/ros2_ws/src/flask_server' with build type 'ament_python'
[3.408s] Level 1:colcon.colcon_core.shell:create_environment_hook('flask_server', 'ament_prefix_path')
[3.445s] INFO:colcon.colcon_core.plugin_system:Skipping extension 'colcon_core.shell.bat': Not used on non-Windows systems
[3.447s] INFO:colcon.colcon_core.shell:Creating environment hook '/home/spiderpi/ros2_ws/install/flask_server/share/flask_server/hook/ament_prefix_path.ps1'
[3.451s] INFO:colcon.colcon_core.shell:Creating environment descriptor '/home/spiderpi/ros2_ws/install/flask_server/share/flask_server/hook/ament_prefix_path.dsv'
[3.456s] INFO:colcon.colcon_core.shell:Creating environment hook '/home/spiderpi/ros2_ws/install/flask_server/share/flask_server/hook/ament_prefix_path.sh'
[3.466s] INFO:colcon.colcon_core.shell:Skip shell extension 'powershell' for command environment: Not usable outside of PowerShell
[3.466s] DEBUG:colcon.colcon_core.shell:Skip shell extension 'dsv' for command environment
[4.764s] INFO:colcon.colcon_core.task.python.build:Building Python package in '/home/spiderpi/ros2_ws/src/flask_server'
[4.769s] INFO:colcon.colcon_core.shell:Skip shell extension 'powershell' for command environment: Not usable outside of PowerShell
[4.770s] DEBUG:colcon.colcon_core.shell:Skip shell extension 'dsv' for command environment
[6.479s] DEBUG:colcon.colcon_core.event_handler.log_command:Invoking command in '/home/spiderpi/ros2_ws/src/flask_server': PYTHONPATH=/home/spiderpi/ros2_ws/build/flask_server/prefix_override:/home/spiderpi/ros2_ws/install/flask_server/lib/python3.10/site-packages:${PYTHONPATH} /usr/bin/python3 setup.py egg_info --egg-base ../../build/flask_server build --build-base /home/spiderpi/ros2_ws/build/flask_server/build install --record /home/spiderpi/ros2_ws/build/flask_server/install.log --single-version-externally-managed
[7.903s] DEBUG:colcon.colcon_core.event_handler.log_command:Invoked command in '/home/spiderpi/ros2_ws/src/flask_server' returned '0': PYTHONPATH=/home/spiderpi/ros2_ws/build/flask_server/prefix_override:/home/spiderpi/ros2_ws/install/flask_server/lib/python3.10/site-packages:${PYTHONPATH} /usr/bin/python3 setup.py egg_info --egg-base ../../build/flask_server build --build-base /home/spiderpi/ros2_ws/build/flask_server/build install --record /home/spiderpi/ros2_ws/build/flask_server/install.log --single-version-externally-managed
[7.945s] Level 1:colcon.colcon_core.environment:checking '/home/spiderpi/ros2_ws/install/flask_server' for CMake module files
[7.948s] Level 1:colcon.colcon_core.environment:checking '/home/spiderpi/ros2_ws/install/flask_server' for CMake config files
[7.953s] Level 1:colcon.colcon_core.environment:checking '/home/spiderpi/ros2_ws/install/flask_server/lib'
[7.954s] Level 1:colcon.colcon_core.environment:checking '/home/spiderpi/ros2_ws/install/flask_server/bin'
[7.954s] Level 1:colcon.colcon_core.environment:checking '/home/spiderpi/ros2_ws/install/flask_server/lib/pkgconfig/flask_server.pc'
[7.955s] Level 1:colcon.colcon_core.environment:checking '/home/spiderpi/ros2_ws/install/flask_server/lib/python3.10/site-packages'
[7.956s] Level 1:colcon.colcon_core.shell:create_environment_hook('flask_server', 'pythonpath')
[7.961s] INFO:colcon.colcon_core.shell:Creating environment hook '/home/spiderpi/ros2_ws/install/flask_server/share/flask_server/hook/pythonpath.ps1'
[7.963s] INFO:colcon.colcon_core.shell:Creating environment descriptor '/home/spiderpi/ros2_ws/install/flask_server/share/flask_server/hook/pythonpath.dsv'
[7.965s] INFO:colcon.colcon_core.shell:Creating environment hook '/home/spiderpi/ros2_ws/install/flask_server/share/flask_server/hook/pythonpath.sh'
[7.968s] Level 1:colcon.colcon_core.environment:checking '/home/spiderpi/ros2_ws/install/flask_server/bin'
[7.968s] Level 1:colcon.colcon_core.environment:create_environment_scripts_only(flask_server)
[7.973s] INFO:colcon.colcon_core.shell:Creating package script '/home/spiderpi/ros2_ws/install/flask_server/share/flask_server/package.ps1'
[7.978s] INFO:colcon.colcon_core.shell:Creating package descriptor '/home/spiderpi/ros2_ws/install/flask_server/share/flask_server/package.dsv'
[7.983s] INFO:colcon.colcon_core.shell:Creating package script '/home/spiderpi/ros2_ws/install/flask_server/share/flask_server/package.sh'
[7.988s] INFO:colcon.colcon_core.shell:Creating package script '/home/spiderpi/ros2_ws/install/flask_server/share/flask_server/package.bash'
[7.994s] INFO:colcon.colcon_core.shell:Creating package script '/home/spiderpi/ros2_ws/install/flask_server/share/flask_server/package.zsh'
[7.999s] Level 1:colcon.colcon_core.environment:create_file_with_runtime_dependencies(/home/spiderpi/ros2_ws/install/flask_server/share/colcon-core/packages/flask_server)
[8.001s] DEBUG:colcon.colcon_parallel_executor.executor.parallel:closing loop
[8.002s] DEBUG:colcon.colcon_parallel_executor.executor.parallel:loop closed
[8.003s] DEBUG:colcon.colcon_parallel_executor.executor.parallel:run_until_complete finished with '0'
[8.003s] DEBUG:colcon.colcon_core.event_reactor:joining thread
[8.040s] INFO:colcon.colcon_core.plugin_system:Skipping extension 'colcon_notification.desktop_notification.terminal_notifier': Not used on non-Darwin systems
[8.041s] INFO:colcon.colcon_core.plugin_system:Skipping extension 'colcon_notification.desktop_notification.win32': Not used on non-Windows systems
[8.041s] INFO:colcon.colcon_notification.desktop_notification:Sending desktop notification using 'notify2'
[8.172s] DEBUG:colcon.colcon_core.event_reactor:joined thread
[8.180s] INFO:colcon.colcon_core.shell:Creating prefix script '/home/spiderpi/ros2_ws/install/local_setup.ps1'
[8.189s] INFO:colcon.colcon_core.shell:Creating prefix util module '/home/spiderpi/ros2_ws/install/_local_setup_util_ps1.py'
[8.199s] INFO:colcon.colcon_core.shell:Creating prefix chain script '/home/spiderpi/ros2_ws/install/setup.ps1'
[8.213s] INFO:colcon.colcon_core.shell:Creating prefix script '/home/spiderpi/ros2_ws/install/local_setup.sh'
[8.221s] INFO:colcon.colcon_core.shell:Creating prefix util module '/home/spiderpi/ros2_ws/install/_local_setup_util_sh.py'
[8.224s] INFO:colcon.colcon_core.shell:Creating prefix chain script '/home/spiderpi/ros2_ws/install/setup.sh'
[8.238s] INFO:colcon.colcon_core.shell:Creating prefix script '/home/spiderpi/ros2_ws/install/local_setup.bash'
[8.242s] INFO:colcon.colcon_core.shell:Creating prefix chain script '/home/spiderpi/ros2_ws/install/setup.bash'
[8.250s] INFO:colcon.colcon_core.shell:Creating prefix script '/home/spiderpi/ros2_ws/install/local_setup.zsh'
[8.254s] INFO:colcon.colcon_core.shell:Creating prefix chain script '/home/spiderpi/ros2_ws/install/setup.zsh'
